

================================================================
== Synthesis Summary Report of 'CNN_stream'
================================================================
+ General Information: 
    * Date:           Fri Aug  1 07:20:38 2025
    * Version:        2024.2 (Build 5238294 on Nov  8 2024)
    * Project:        hls_component
    * Solution:       hls (Vivado IP Flow Target)
    * Product family: zynquplus
    * Target device:  xczu19eg-ffvc1760-2-i
    

+ Performance & Resource Estimates: 
    
    PS: '+' for module; 'o' for loop; '*' for dataflow
    +---------------------------------------+--------+-------+---------+---------+----------+---------+------+----------+-----------+---------+------------+------------+-----+
    |                Modules                |  Issue |       | Latency | Latency | Iteration|         | Trip |          |           |         |            |            |     |
    |                & Loops                |  Type  | Slack | (cycles)|   (ns)  |  Latency | Interval| Count| Pipelined|   BRAM    |   DSP   |     FF     |     LUT    | URAM|
    +---------------------------------------+--------+-------+---------+---------+----------+---------+------+----------+-----------+---------+------------+------------+-----+
    |+ CNN_stream*                          |  Timing|  -0.63|       97|  346.387|         -|        3|     -|  dataflow|  614 (31%)|  24 (1%)|  48355 (4%)|  44386 (8%)|    -|
    | + feature_separate_layer_stream_9u_s  |       -|   1.23|        0|    0.000|         -|        1|     -|       yes|          -|        -|     3 (~0%)|   191 (~0%)|    -|
    | + embedding_layer_stream_9u_s         |       -|   0.07|        1|    3.571|         -|        1|     -|        no|   100 (5%)|        -|     4 (~0%)|   360 (~0%)|    -|
    | + feature_concate_layer_stream_9u_s   |       -|   0.00|        0|    0.000|         -|        0|     -|        no|          -|        -|     3 (~0%)|   263 (~0%)|    -|
    | + fully_connect_layer_stream3_9u_s    |       -|   0.13|        8|   28.568|         -|        8|     -|        no|          -|        -|  4135 (~0%)|  4419 (~0%)|    -|
    |  o VITIS_LOOP_94_1                    |       -|   2.61|        6|   21.426|         5|        1|     3|       yes|          -|        -|           -|           -|    -|
    | + conv2d_3_stream_layer_9u_s          |       -|   0.71|        5|   17.855|         -|        5|     -|        no|          -|        -|   143 (~0%)|  1093 (~0%)|    -|
    |  o VITIS_LOOP_123_1                   |       -|   2.61|        3|   10.713|         2|        1|     3|       yes|          -|        -|           -|           -|    -|
    | + conv2d_4_stream_layer_9u_s          |       -|   0.71|        5|   17.855|         -|        5|     -|        no|          -|        -|   179 (~0%)|  1327 (~0%)|    -|
    |  o VITIS_LOOP_181_1                   |       -|   2.61|        3|   10.713|         2|        1|     3|       yes|          -|        -|           -|           -|    -|
    | + conv2d_5_stream_layer_9u_s          |       -|   0.71|        5|   17.855|         -|        5|     -|        no|          -|        -|   215 (~0%)|  1561 (~0%)|    -|
    |  o VITIS_LOOP_239_1                   |       -|   2.61|        3|   10.713|         2|        1|     3|       yes|          -|        -|           -|           -|    -|
    | + conv2d_3_stream_layer_post_9u_s     |       -|   0.58|        1|    3.571|         -|        1|     -|       yes|          -|        -|   492 (~0%)|  1634 (~0%)|    -|
    | + conv2d_4_stream_layer_post_9u_s     |       -|   0.29|        1|    3.571|         -|        1|     -|       yes|          -|        -|  1203 (~0%)|  2149 (~0%)|    -|
    | + conv2d_5_stream_layer_post_9u_s     |       -|   0.58|        1|    3.571|         -|        1|     -|       yes|          -|        -|  1023 (~0%)|  2393 (~0%)|    -|
    | + reshape_concate_layer_stream        |       -|   0.00|        0|    0.000|         -|        0|     -|        no|          -|        -|     3 (~0%)|   353 (~0%)|    -|
    | + fully_connect2_layer_stream         |       -|   0.29|        2|    7.142|         -|        2|     -|        no|          -|        -|   690 (~0%)|  1163 (~0%)|    -|
    | + l_softmax_layer_stream              |  Timing|  -0.63|       81|  289.251|         -|        3|     -|       yes|          -|  24 (1%)|  2522 (~0%)|  3046 (~0%)|    -|
    +---------------------------------------+--------+-------+---------+---------+----------+---------+------+----------+-----------+---------+------------+------------+-----+


================================================================
== HW Interfaces
================================================================
* AXIS
+-----------+-----------+---------------+-------+--------+--------+
| Interface | Direction | Register Mode | TDATA | TREADY | TVALID |
+-----------+-----------+---------------+-------+--------+--------+
| din       | in        | both          | 144   | 1      | 1      |
| dout_0    | out       | both          | 8     | 1      | 1      |
| dout_1    | out       | both          | 8     | 1      | 1      |
+-----------+-----------+---------------+-------+--------+--------+

* TOP LEVEL CONTROL
+-----------+------------+-----------------------------------+
| Interface | Type       | Ports                             |
+-----------+------------+-----------------------------------+
| ap_clk    | clock      | ap_clk                            |
| ap_rst_n  | reset      | ap_rst_n                          |
| ap_ctrl   | ap_ctrl_hs | ap_done ap_idle ap_ready ap_start |
+-----------+------------+-----------------------------------+


================================================================
== SW I/O Information
================================================================
* Top Function Arguments
+----------+-----------+------------------------+
| Argument | Direction | Datatype               |
+----------+-----------+------------------------+
| din      | in        | ap_uint<8>*            |
| dout     | out       | stream<ap_uint<8>, 0>& |
+----------+-----------+------------------------+

* SW-to-HW Mapping
+----------+--------------+-----------+
| Argument | HW Interface | HW Type   |
+----------+--------------+-----------+
| din      | din          | interface |
| dout     | dout_0       | interface |
| dout     | dout_1       | interface |
+----------+--------------+-----------+


================================================================
== Bind Op Report
================================================================
+-----------------------------------------+-----+--------+----------------+-----------+------------------------+---------+
| Name                                    | DSP | Pragma | Variable       | Op        | Impl                   | Latency |
+-----------------------------------------+-----+--------+----------------+-----------+------------------------+---------+
| + CNN_stream                            | 24  |        |                |           |                        |         |
|  + fully_connect_layer_stream3_9u_s     | 0   |        |                |           |                        |         |
|    sub_ln107_fu_1165_p2                 |     |        | sub_ln107      | sub       | fabric                 | 0       |
|    add_ln107_16_fu_1213_p2              |     |        | add_ln107_16   | add       | fabric                 | 0       |
|    sub_ln107_2_fu_1255_p2               |     |        | sub_ln107_2    | sub       | fabric                 | 0       |
|    add_ln107_33_fu_1297_p2              |     |        | add_ln107_33   | add       | fabric                 | 0       |
|    sub_ln107_3_fu_1339_p2               |     |        | sub_ln107_3    | sub       | fabric                 | 0       |
|    add_ln107_50_fu_1363_p2              |     |        | add_ln107_50   | add       | fabric                 | 0       |
|    sub_ln107_4_fu_1447_p2               |     |        | sub_ln107_4    | sub       | fabric                 | 0       |
|    sub_ln107_7_fu_1573_p2               |     |        | sub_ln107_7    | sub       | fabric                 | 0       |
|    sub_ln107_8_fu_1639_p2               |     |        | sub_ln107_8    | sub       | fabric                 | 0       |
|    add_ln107_53_fu_1663_p2              |     |        | add_ln107_53   | add       | fabric                 | 0       |
|    sub_ln107_9_fu_1833_p2               |     |        | sub_ln107_9    | sub       | fabric                 | 0       |
|    add_ln107_55_fu_1881_p2              |     |        | add_ln107_55   | add       | fabric                 | 0       |
|    sub_ln107_11_fu_1923_p2              |     |        | sub_ln107_11   | sub       | fabric                 | 0       |
|    add_ln107_56_fu_1965_p2              |     |        | add_ln107_56   | add       | fabric                 | 0       |
|    sub_ln107_12_fu_2007_p2              |     |        | sub_ln107_12   | sub       | fabric                 | 0       |
|    add_ln107_57_fu_2031_p2              |     |        | add_ln107_57   | add       | fabric                 | 0       |
|    sub_ln107_13_fu_2115_p2              |     |        | sub_ln107_13   | sub       | fabric                 | 0       |
|    sub_ln107_16_fu_2241_p2              |     |        | sub_ln107_16   | sub       | fabric                 | 0       |
|    sub_ln107_17_fu_2307_p2              |     |        | sub_ln107_17   | sub       | fabric                 | 0       |
|    add_ln107_60_fu_2331_p2              |     |        | add_ln107_60   | add       | fabric                 | 0       |
|    sub_ln107_18_fu_2501_p2              |     |        | sub_ln107_18   | sub       | fabric                 | 0       |
|    add_ln107_62_fu_2549_p2              |     |        | add_ln107_62   | add       | fabric                 | 0       |
|    sub_ln107_20_fu_2591_p2              |     |        | sub_ln107_20   | sub       | fabric                 | 0       |
|    add_ln107_63_fu_2633_p2              |     |        | add_ln107_63   | add       | fabric                 | 0       |
|    sub_ln107_21_fu_2675_p2              |     |        | sub_ln107_21   | sub       | fabric                 | 0       |
|    add_ln107_64_fu_2699_p2              |     |        | add_ln107_64   | add       | fabric                 | 0       |
|    sub_ln107_22_fu_2783_p2              |     |        | sub_ln107_22   | sub       | fabric                 | 0       |
|    sub_ln107_25_fu_2909_p2              |     |        | sub_ln107_25   | sub       | fabric                 | 0       |
|    sub_ln107_26_fu_2975_p2              |     |        | sub_ln107_26   | sub       | fabric                 | 0       |
|    add_ln107_67_fu_2999_p2              |     |        | add_ln107_67   | add       | fabric                 | 0       |
|    s_fu_1058_p2                         |     |        | s              | add       | fabric                 | 0       |
|    icmp_ln94_fu_1068_p2                 |     |        | icmp_ln94      | setlt     | auto                   | 0       |
|  + conv2d_3_stream_layer_9u_s           | 0   |        |                |           |                        |         |
|    s_fu_788_p2                          |     |        | s              | add       | fabric                 | 0       |
|    icmp_ln123_fu_798_p2                 |     |        | icmp_ln123     | setlt     | auto                   | 0       |
|  + conv2d_4_stream_layer_9u_s           | 0   |        |                |           |                        |         |
|    s_fu_968_p2                          |     |        | s              | add       | fabric                 | 0       |
|    icmp_ln181_fu_978_p2                 |     |        | icmp_ln181     | setlt     | auto                   | 0       |
|  + conv2d_5_stream_layer_9u_s           | 0   |        |                |           |                        |         |
|    s_fu_1148_p2                         |     |        | s              | add       | fabric                 | 0       |
|    icmp_ln239_fu_1158_p2                |     |        | icmp_ln239     | setlt     | auto                   | 0       |
|  + conv2d_4_stream_layer_post_9u_s      | 0   |        |                |           |                        |         |
|    add_ln231_1_fu_702_p2                |     |        | add_ln231_1    | add       | fabric                 | 0       |
|    add_ln231_4_fu_708_p2                |     |        | add_ln231_4    | add       | fabric                 | 0       |
|    add_ln231_7_fu_714_p2                |     |        | add_ln231_7    | add       | fabric                 | 0       |
|    add_ln231_10_fu_720_p2               |     |        | add_ln231_10   | add       | fabric                 | 0       |
|    add_ln231_13_fu_726_p2               |     |        | add_ln231_13   | add       | fabric                 | 0       |
|    add_ln231_16_fu_732_p2               |     |        | add_ln231_16   | add       | fabric                 | 0       |
|    add_ln231_19_fu_738_p2               |     |        | add_ln231_19   | add       | fabric                 | 0       |
|    add_ln231_22_fu_744_p2               |     |        | add_ln231_22   | add       | fabric                 | 0       |
|    add_ln231_25_fu_750_p2               |     |        | add_ln231_25   | add       | fabric                 | 0       |
|    add_ln231_28_fu_756_p2               |     |        | add_ln231_28   | add       | fabric                 | 0       |
|    add_ln231_31_fu_762_p2               |     |        | add_ln231_31   | add       | fabric                 | 0       |
|    add_ln231_34_fu_768_p2               |     |        | add_ln231_34   | add       | fabric                 | 0       |
|  + fully_connect2_layer_stream          | 0   |        |                |           |                        |         |
|    add_ln324_16_fu_319_p2               |     |        | add_ln324_16   | add       | fabric                 | 0       |
|    sub_ln324_1_fu_361_p2                |     |        | sub_ln324_1    | sub       | fabric                 | 0       |
|    sub_ln324_2_fu_385_p2                |     |        | sub_ln324_2    | sub       | fabric                 | 0       |
|    add_ln324_17_fu_419_p2               |     |        | add_ln324_17   | add       | fabric                 | 0       |
|    sub_ln324_5_fu_529_p2                |     |        | sub_ln324_5    | sub       | fabric                 | 0       |
|    sub_ln324_6_fu_571_p2                |     |        | sub_ln324_6    | sub       | fabric                 | 0       |
|    sub_ln324_7_fu_613_p2                |     |        | sub_ln324_7    | sub       | fabric                 | 0       |
|    sub_ln324_8_fu_637_p2                |     |        | sub_ln324_8    | sub       | fabric                 | 0       |
|    add_ln324_20_fu_671_p2               |     |        | add_ln324_20   | add       | fabric                 | 0       |
|    add_ln324_21_fu_713_p2               |     |        | add_ln324_21   | add       | fabric                 | 0       |
|  + l_softmax_layer_stream               | 24  |        |                |           |                        |         |
|    sitofp_32ns_32_7_no_dsp_1_U765       |     |        | vf             | sitofp    | auto                   | 6       |
|    fexp_32ns_32ns_32_21_full_dsp_1_U767 | 7   |        | tmp            | fexp      | fulldsp                | 20      |
|    fadd_32ns_32ns_32_10_full_dsp_1_U763 | 2   |        | fsum           | fadd      | fulldsp                | 9       |
|    sitofp_32ns_32_7_no_dsp_1_U765       |     |        | vf_1           | sitofp    | auto                   | 6       |
|    fexp_32ns_32ns_32_21_full_dsp_1_U767 | 7   |        | tmp_s          | fexp      | fulldsp                | 20      |
|    fadd_32ns_32ns_32_10_full_dsp_1_U763 | 2   |        | fsum_1         | fadd      | fulldsp                | 9       |
|    flog_32ns_32ns_32_19_full_dsp_1_U766 | 13  |        | fsum_2         | flog      | fulldsp                | 18      |
|    fsub_32ns_32ns_32_10_full_dsp_1_U764 | 2   |        | val            | fsub      | fulldsp                | 9       |
|    icmp_ln299_fu_180_p2                 |     |        | icmp_ln299     | seteq     | auto                   | 0       |
|    sub_ln299_fu_186_p2                  |     |        | sub_ln299      | sub       | fabric                 | 0       |
|    icmp_ln299_1_fu_200_p2               |     |        | icmp_ln299_1   | seteq     | auto                   | 0       |
|    icmp_ln299_2_fu_206_p2               |     |        | icmp_ln299_2   | setgt     | auto                   | 0       |
|    icmp_ln299_3_fu_212_p2               |     |        | icmp_ln299_3   | setlt     | auto                   | 0       |
|    lshr_ln299_fu_222_p2                 |     |        | lshr_ln299     | lshr      | auto_pipe              | 0       |
|    select_ln299_fu_232_p3               |     |        | select_ln299   | select    | auto_sel               | 0       |
|    sub_ln299_1_fu_240_p2                |     |        | sub_ln299_1    | sub       | fabric                 | 0       |
|    icmp_ln299_4_fu_256_p2               |     |        | icmp_ln299_4   | seteq     | auto                   | 0       |
|    shl_ln299_fu_266_p2                  |     |        | shl_ln299      | shl       | auto_pipe              | 0       |
|    tmp_7_fu_312_p8                      |     |        | select_ln299_1 | select    | auto_sel               | 0       |
|    xor_ln299_fu_278_p2                  |     |        | xor_ln299      | xor       | auto                   | 0       |
|    and_ln299_fu_283_p2                  |     |        | and_ln299      | and       | auto                   | 0       |
|    or_ln299_fu_288_p2                   |     |        | or_ln299       | or        | auto                   | 0       |
|    xor_ln299_1_fu_292_p2                |     |        | xor_ln299_1    | xor       | auto                   | 0       |
|    and_ln299_1_fu_298_p2                |     |        | and_ln299_1    | and       | auto                   | 0       |
|    sparsemux_9_3_8_1_1_U768             |     |        | tmp_7          | sparsemux | onehotencoding_realdef | 0       |
|    sub_ln299_2_fu_334_p2                |     |        | sub_ln299_2    | sub       | fabric                 | 0       |
|    select_ln299_2_fu_340_p3             |     |        | select_ln299_2 | select    | auto_sel               | 0       |
|    fsub_32ns_32ns_32_10_full_dsp_1_U764 | 2   |        | val_1          | fsub      | fulldsp                | 9       |
|    icmp_ln299_5_fu_391_p2               |     |        | icmp_ln299_5   | seteq     | auto                   | 0       |
|    sub_ln299_3_fu_397_p2                |     |        | sub_ln299_3    | sub       | fabric                 | 0       |
|    icmp_ln299_6_fu_411_p2               |     |        | icmp_ln299_6   | seteq     | auto                   | 0       |
|    icmp_ln299_7_fu_417_p2               |     |        | icmp_ln299_7   | setgt     | auto                   | 0       |
|    icmp_ln299_8_fu_423_p2               |     |        | icmp_ln299_8   | setlt     | auto                   | 0       |
|    lshr_ln299_1_fu_433_p2               |     |        | lshr_ln299_1   | lshr      | auto_pipe              | 0       |
|    select_ln299_3_fu_443_p3             |     |        | select_ln299_3 | select    | auto_sel               | 0       |
|    sub_ln299_4_fu_451_p2                |     |        | sub_ln299_4    | sub       | fabric                 | 0       |
|    icmp_ln299_9_fu_467_p2               |     |        | icmp_ln299_9   | seteq     | auto                   | 0       |
|    shl_ln299_1_fu_477_p2                |     |        | shl_ln299_1    | shl       | auto_pipe              | 0       |
|    tmp_8_fu_523_p8                      |     |        | select_ln299_4 | select    | auto_sel               | 0       |
|    xor_ln299_2_fu_489_p2                |     |        | xor_ln299_2    | xor       | auto                   | 0       |
|    and_ln299_2_fu_494_p2                |     |        | and_ln299_2    | and       | auto                   | 0       |
|    or_ln299_1_fu_499_p2                 |     |        | or_ln299_1     | or        | auto                   | 0       |
|    xor_ln299_3_fu_503_p2                |     |        | xor_ln299_3    | xor       | auto                   | 0       |
|    and_ln299_3_fu_509_p2                |     |        | and_ln299_3    | and       | auto                   | 0       |
|    sparsemux_9_3_8_1_1_U769             |     |        | tmp_8          | sparsemux | onehotencoding_realdef | 0       |
|    sub_ln299_5_fu_545_p2                |     |        | sub_ln299_5    | sub       | fabric                 | 0       |
|    dout_1_TDATA_int_regslice            |     |        | select_ln299_5 | select    | auto_sel               | 0       |
+-----------------------------------------+-----+--------+----------------+-----------+------------------------+---------+


================================================================
== Storage Report
================================================================
+-----------------------------------------+--------------+--------+------+------+--------+------------------------------------+--------+---------+------------------+
| Name                                    | Usage        | Type   | BRAM | URAM | Pragma | Variable                           | Impl   | Latency | Bitwidth, Depth, |
|                                         |              |        |      |      |        |                                    |        |         | Banks            |
+-----------------------------------------+--------------+--------+------+------+--------+------------------------------------+--------+---------+------------------+
| + CNN_stream                            |              |        | 614  | 0    |        |                                    |        |         |                  |
|   len_x_U                               | fifo channel | stream |      |      |        | len_x                              | srl    | 0       | 8, 4, 1          |
|   len_x_1_U                             | fifo channel | stream |      |      |        | len_x_1                            | srl    | 0       | 8, 4, 1          |
|   len_x_2_U                             | fifo channel | stream |      |      |        | len_x_2                            | srl    | 0       | 8, 4, 1          |
|   len_x_3_U                             | fifo channel | stream |      |      |        | len_x_3                            | srl    | 0       | 8, 4, 1          |
|   len_x_4_U                             | fifo channel | stream |      |      |        | len_x_4                            | srl    | 0       | 8, 4, 1          |
|   len_x_5_U                             | fifo channel | stream |      |      |        | len_x_5                            | srl    | 0       | 8, 4, 1          |
|   len_x_6_U                             | fifo channel | stream |      |      |        | len_x_6                            | srl    | 0       | 8, 4, 1          |
|   len_x_7_U                             | fifo channel | stream |      |      |        | len_x_7                            | srl    | 0       | 8, 4, 1          |
|   len_x_8_U                             | fifo channel | stream |      |      |        | len_x_8                            | srl    | 0       | 8, 4, 1          |
|   ipd_x_U                               | fifo channel | stream |      |      |        | ipd_x                              | srl    | 0       | 8, 4, 1          |
|   ipd_x_1_U                             | fifo channel | stream |      |      |        | ipd_x_1                            | srl    | 0       | 8, 4, 1          |
|   ipd_x_2_U                             | fifo channel | stream |      |      |        | ipd_x_2                            | srl    | 0       | 8, 4, 1          |
|   ipd_x_3_U                             | fifo channel | stream |      |      |        | ipd_x_3                            | srl    | 0       | 8, 4, 1          |
|   ipd_x_4_U                             | fifo channel | stream |      |      |        | ipd_x_4                            | srl    | 0       | 8, 4, 1          |
|   ipd_x_5_U                             | fifo channel | stream |      |      |        | ipd_x_5                            | srl    | 0       | 8, 4, 1          |
|   ipd_x_6_U                             | fifo channel | stream |      |      |        | ipd_x_6                            | srl    | 0       | 8, 4, 1          |
|   ipd_x_7_U                             | fifo channel | stream |      |      |        | ipd_x_7                            | srl    | 0       | 8, 4, 1          |
|   ipd_x_8_U                             | fifo channel | stream |      |      |        | ipd_x_8                            | srl    | 0       | 8, 4, 1          |
|   len_x_embedding_0_U                   | fifo channel | stream | 18   |      |        | len_x_embedding_0                  | memory | 0       | 320, 4, 1        |
|   len_x_embedding_1_U                   | fifo channel | stream | 18   |      |        | len_x_embedding_1                  | memory | 0       | 320, 4, 1        |
|   len_x_embedding_2_U                   | fifo channel | stream | 18   |      |        | len_x_embedding_2                  | memory | 0       | 320, 4, 1        |
|   len_x_embedding_3_U                   | fifo channel | stream | 18   |      |        | len_x_embedding_3                  | memory | 0       | 320, 4, 1        |
|   len_x_embedding_4_U                   | fifo channel | stream | 18   |      |        | len_x_embedding_4                  | memory | 0       | 320, 4, 1        |
|   len_x_embedding_5_U                   | fifo channel | stream | 18   |      |        | len_x_embedding_5                  | memory | 0       | 320, 4, 1        |
|   len_x_embedding_6_U                   | fifo channel | stream | 18   |      |        | len_x_embedding_6                  | memory | 0       | 320, 4, 1        |
|   len_x_embedding_7_U                   | fifo channel | stream | 18   |      |        | len_x_embedding_7                  | memory | 0       | 320, 4, 1        |
|   len_x_embedding_8_U                   | fifo channel | stream | 18   |      |        | len_x_embedding_8                  | memory | 0       | 320, 4, 1        |
|   ipd_x_embedding_0_U                   | fifo channel | stream |      |      |        | ipd_x_embedding_0                  | srl    | 0       | 256, 4, 1        |
|   ipd_x_embedding_1_U                   | fifo channel | stream |      |      |        | ipd_x_embedding_1                  | srl    | 0       | 256, 4, 1        |
|   ipd_x_embedding_2_U                   | fifo channel | stream |      |      |        | ipd_x_embedding_2                  | srl    | 0       | 256, 4, 1        |
|   ipd_x_embedding_3_U                   | fifo channel | stream |      |      |        | ipd_x_embedding_3                  | srl    | 0       | 256, 4, 1        |
|   ipd_x_embedding_4_U                   | fifo channel | stream |      |      |        | ipd_x_embedding_4                  | srl    | 0       | 256, 4, 1        |
|   ipd_x_embedding_5_U                   | fifo channel | stream |      |      |        | ipd_x_embedding_5                  | srl    | 0       | 256, 4, 1        |
|   ipd_x_embedding_6_U                   | fifo channel | stream |      |      |        | ipd_x_embedding_6                  | srl    | 0       | 256, 4, 1        |
|   ipd_x_embedding_7_U                   | fifo channel | stream |      |      |        | ipd_x_embedding_7                  | srl    | 0       | 256, 4, 1        |
|   ipd_x_embedding_8_U                   | fifo channel | stream |      |      |        | ipd_x_embedding_8                  | srl    | 0       | 256, 4, 1        |
|   feature_embedding_0_U                 | fifo channel | stream | 32   |      |        | feature_embedding_0                | memory | 0       | 576, 4, 1        |
|   feature_embedding_1_U                 | fifo channel | stream | 32   |      |        | feature_embedding_1                | memory | 0       | 576, 4, 1        |
|   feature_embedding_2_U                 | fifo channel | stream | 32   |      |        | feature_embedding_2                | memory | 0       | 576, 4, 1        |
|   feature_embedding_3_U                 | fifo channel | stream | 32   |      |        | feature_embedding_3                | memory | 0       | 576, 4, 1        |
|   feature_embedding_4_U                 | fifo channel | stream | 32   |      |        | feature_embedding_4                | memory | 0       | 576, 4, 1        |
|   feature_embedding_5_U                 | fifo channel | stream | 32   |      |        | feature_embedding_5                | memory | 0       | 576, 4, 1        |
|   feature_embedding_6_U                 | fifo channel | stream | 32   |      |        | feature_embedding_6                | memory | 0       | 576, 4, 1        |
|   feature_embedding_7_U                 | fifo channel | stream | 32   |      |        | feature_embedding_7                | memory | 0       | 576, 4, 1        |
|   feature_embedding_8_U                 | fifo channel | stream | 32   |      |        | feature_embedding_8                | memory | 0       | 576, 4, 1        |
|   proj_embedding3_0_0_U                 | fifo channel | stream |      |      |        | proj_embedding3_0_0                | srl    | 0       | 256, 4, 1        |
|   proj_embedding3_0_1_U                 | fifo channel | stream |      |      |        | proj_embedding3_0_1                | srl    | 0       | 256, 4, 1        |
|   proj_embedding3_0_2_U                 | fifo channel | stream |      |      |        | proj_embedding3_0_2                | srl    | 0       | 256, 4, 1        |
|   proj_embedding3_1_0_U                 | fifo channel | stream |      |      |        | proj_embedding3_1_0                | srl    | 0       | 256, 4, 1        |
|   proj_embedding3_1_1_U                 | fifo channel | stream |      |      |        | proj_embedding3_1_1                | srl    | 0       | 256, 4, 1        |
|   proj_embedding3_1_2_U                 | fifo channel | stream |      |      |        | proj_embedding3_1_2                | srl    | 0       | 256, 4, 1        |
|   proj_embedding3_2_0_U                 | fifo channel | stream |      |      |        | proj_embedding3_2_0                | srl    | 0       | 256, 4, 1        |
|   proj_embedding3_2_1_U                 | fifo channel | stream |      |      |        | proj_embedding3_2_1                | srl    | 0       | 256, 4, 1        |
|   proj_embedding3_2_2_U                 | fifo channel | stream |      |      |        | proj_embedding3_2_2                | srl    | 0       | 256, 4, 1        |
|   proj_embedding3_3_0_U                 | fifo channel | stream |      |      |        | proj_embedding3_3_0                | srl    | 0       | 256, 4, 1        |
|   proj_embedding3_3_1_U                 | fifo channel | stream |      |      |        | proj_embedding3_3_1                | srl    | 0       | 256, 4, 1        |
|   proj_embedding3_3_2_U                 | fifo channel | stream |      |      |        | proj_embedding3_3_2                | srl    | 0       | 256, 4, 1        |
|   proj_embedding3_4_0_U                 | fifo channel | stream |      |      |        | proj_embedding3_4_0                | srl    | 0       | 256, 4, 1        |
|   proj_embedding3_4_1_U                 | fifo channel | stream |      |      |        | proj_embedding3_4_1                | srl    | 0       | 256, 4, 1        |
|   proj_embedding3_4_2_U                 | fifo channel | stream |      |      |        | proj_embedding3_4_2                | srl    | 0       | 256, 4, 1        |
|   proj_embedding3_5_0_U                 | fifo channel | stream |      |      |        | proj_embedding3_5_0                | srl    | 0       | 256, 4, 1        |
|   proj_embedding3_5_1_U                 | fifo channel | stream |      |      |        | proj_embedding3_5_1                | srl    | 0       | 256, 4, 1        |
|   proj_embedding3_5_2_U                 | fifo channel | stream |      |      |        | proj_embedding3_5_2                | srl    | 0       | 256, 4, 1        |
|   proj_embedding3_6_0_U                 | fifo channel | stream |      |      |        | proj_embedding3_6_0                | srl    | 0       | 256, 4, 1        |
|   proj_embedding3_6_1_U                 | fifo channel | stream |      |      |        | proj_embedding3_6_1                | srl    | 0       | 256, 4, 1        |
|   proj_embedding3_6_2_U                 | fifo channel | stream |      |      |        | proj_embedding3_6_2                | srl    | 0       | 256, 4, 1        |
|   proj_embedding3_7_0_U                 | fifo channel | stream |      |      |        | proj_embedding3_7_0                | srl    | 0       | 256, 4, 1        |
|   proj_embedding3_7_1_U                 | fifo channel | stream |      |      |        | proj_embedding3_7_1                | srl    | 0       | 256, 4, 1        |
|   proj_embedding3_7_2_U                 | fifo channel | stream |      |      |        | proj_embedding3_7_2                | srl    | 0       | 256, 4, 1        |
|   proj_embedding4_0_0_U                 | fifo channel | stream |      |      |        | proj_embedding4_0_0                | srl    | 0       | 256, 4, 1        |
|   proj_embedding4_0_1_U                 | fifo channel | stream |      |      |        | proj_embedding4_0_1                | srl    | 0       | 256, 4, 1        |
|   proj_embedding4_0_2_U                 | fifo channel | stream |      |      |        | proj_embedding4_0_2                | srl    | 0       | 256, 4, 1        |
|   proj_embedding4_1_0_U                 | fifo channel | stream |      |      |        | proj_embedding4_1_0                | srl    | 0       | 256, 4, 1        |
|   proj_embedding4_1_1_U                 | fifo channel | stream |      |      |        | proj_embedding4_1_1                | srl    | 0       | 256, 4, 1        |
|   proj_embedding4_1_2_U                 | fifo channel | stream |      |      |        | proj_embedding4_1_2                | srl    | 0       | 256, 4, 1        |
|   proj_embedding4_2_0_U                 | fifo channel | stream |      |      |        | proj_embedding4_2_0                | srl    | 0       | 256, 4, 1        |
|   proj_embedding4_2_1_U                 | fifo channel | stream |      |      |        | proj_embedding4_2_1                | srl    | 0       | 256, 4, 1        |
|   proj_embedding4_2_2_U                 | fifo channel | stream |      |      |        | proj_embedding4_2_2                | srl    | 0       | 256, 4, 1        |
|   proj_embedding4_3_0_U                 | fifo channel | stream |      |      |        | proj_embedding4_3_0                | srl    | 0       | 256, 4, 1        |
|   proj_embedding4_3_1_U                 | fifo channel | stream |      |      |        | proj_embedding4_3_1                | srl    | 0       | 256, 4, 1        |
|   proj_embedding4_3_2_U                 | fifo channel | stream |      |      |        | proj_embedding4_3_2                | srl    | 0       | 256, 4, 1        |
|   proj_embedding4_4_0_U                 | fifo channel | stream |      |      |        | proj_embedding4_4_0                | srl    | 0       | 256, 4, 1        |
|   proj_embedding4_4_1_U                 | fifo channel | stream |      |      |        | proj_embedding4_4_1                | srl    | 0       | 256, 4, 1        |
|   proj_embedding4_4_2_U                 | fifo channel | stream |      |      |        | proj_embedding4_4_2                | srl    | 0       | 256, 4, 1        |
|   proj_embedding4_5_0_U                 | fifo channel | stream |      |      |        | proj_embedding4_5_0                | srl    | 0       | 256, 4, 1        |
|   proj_embedding4_5_1_U                 | fifo channel | stream |      |      |        | proj_embedding4_5_1                | srl    | 0       | 256, 4, 1        |
|   proj_embedding4_5_2_U                 | fifo channel | stream |      |      |        | proj_embedding4_5_2                | srl    | 0       | 256, 4, 1        |
|   proj_embedding4_6_0_U                 | fifo channel | stream |      |      |        | proj_embedding4_6_0                | srl    | 0       | 256, 4, 1        |
|   proj_embedding4_6_1_U                 | fifo channel | stream |      |      |        | proj_embedding4_6_1                | srl    | 0       | 256, 4, 1        |
|   proj_embedding4_6_2_U                 | fifo channel | stream |      |      |        | proj_embedding4_6_2                | srl    | 0       | 256, 4, 1        |
|   proj_embedding4_7_0_U                 | fifo channel | stream |      |      |        | proj_embedding4_7_0                | srl    | 0       | 256, 4, 1        |
|   proj_embedding4_7_1_U                 | fifo channel | stream |      |      |        | proj_embedding4_7_1                | srl    | 0       | 256, 4, 1        |
|   proj_embedding4_7_2_U                 | fifo channel | stream |      |      |        | proj_embedding4_7_2                | srl    | 0       | 256, 4, 1        |
|   proj_embedding5_0_0_U                 | fifo channel | stream |      |      |        | proj_embedding5_0_0                | srl    | 0       | 256, 4, 1        |
|   proj_embedding5_0_1_U                 | fifo channel | stream |      |      |        | proj_embedding5_0_1                | srl    | 0       | 256, 4, 1        |
|   proj_embedding5_0_2_U                 | fifo channel | stream |      |      |        | proj_embedding5_0_2                | srl    | 0       | 256, 4, 1        |
|   proj_embedding5_1_0_U                 | fifo channel | stream |      |      |        | proj_embedding5_1_0                | srl    | 0       | 256, 4, 1        |
|   proj_embedding5_1_1_U                 | fifo channel | stream |      |      |        | proj_embedding5_1_1                | srl    | 0       | 256, 4, 1        |
|   proj_embedding5_1_2_U                 | fifo channel | stream |      |      |        | proj_embedding5_1_2                | srl    | 0       | 256, 4, 1        |
|   proj_embedding5_2_0_U                 | fifo channel | stream |      |      |        | proj_embedding5_2_0                | srl    | 0       | 256, 4, 1        |
|   proj_embedding5_2_1_U                 | fifo channel | stream |      |      |        | proj_embedding5_2_1                | srl    | 0       | 256, 4, 1        |
|   proj_embedding5_2_2_U                 | fifo channel | stream |      |      |        | proj_embedding5_2_2                | srl    | 0       | 256, 4, 1        |
|   proj_embedding5_3_0_U                 | fifo channel | stream |      |      |        | proj_embedding5_3_0                | srl    | 0       | 256, 4, 1        |
|   proj_embedding5_3_1_U                 | fifo channel | stream |      |      |        | proj_embedding5_3_1                | srl    | 0       | 256, 4, 1        |
|   proj_embedding5_3_2_U                 | fifo channel | stream |      |      |        | proj_embedding5_3_2                | srl    | 0       | 256, 4, 1        |
|   proj_embedding5_4_0_U                 | fifo channel | stream |      |      |        | proj_embedding5_4_0                | srl    | 0       | 256, 4, 1        |
|   proj_embedding5_4_1_U                 | fifo channel | stream |      |      |        | proj_embedding5_4_1                | srl    | 0       | 256, 4, 1        |
|   proj_embedding5_4_2_U                 | fifo channel | stream |      |      |        | proj_embedding5_4_2                | srl    | 0       | 256, 4, 1        |
|   proj_embedding5_5_0_U                 | fifo channel | stream |      |      |        | proj_embedding5_5_0                | srl    | 0       | 256, 4, 1        |
|   proj_embedding5_5_1_U                 | fifo channel | stream |      |      |        | proj_embedding5_5_1                | srl    | 0       | 256, 4, 1        |
|   proj_embedding5_5_2_U                 | fifo channel | stream |      |      |        | proj_embedding5_5_2                | srl    | 0       | 256, 4, 1        |
|   proj_embedding5_6_0_U                 | fifo channel | stream |      |      |        | proj_embedding5_6_0                | srl    | 0       | 256, 4, 1        |
|   proj_embedding5_6_1_U                 | fifo channel | stream |      |      |        | proj_embedding5_6_1                | srl    | 0       | 256, 4, 1        |
|   proj_embedding5_6_2_U                 | fifo channel | stream |      |      |        | proj_embedding5_6_2                | srl    | 0       | 256, 4, 1        |
|   proj_embedding5_7_0_U                 | fifo channel | stream |      |      |        | proj_embedding5_7_0                | srl    | 0       | 256, 4, 1        |
|   proj_embedding5_7_1_U                 | fifo channel | stream |      |      |        | proj_embedding5_7_1                | srl    | 0       | 256, 4, 1        |
|   proj_embedding5_7_2_U                 | fifo channel | stream |      |      |        | proj_embedding5_7_2                | srl    | 0       | 256, 4, 1        |
|   sum_out3_U                            | fifo channel | stream |      |      |        | sum_out3                           | srl    | 0       | 32, 4, 1         |
|   sum_out3_1_U                          | fifo channel | stream |      |      |        | sum_out3_1                         | srl    | 0       | 32, 4, 1         |
|   sum_out3_2_U                          | fifo channel | stream |      |      |        | sum_out3_2                         | srl    | 0       | 32, 4, 1         |
|   sum_out3_3_U                          | fifo channel | stream |      |      |        | sum_out3_3                         | srl    | 0       | 32, 4, 1         |
|   sum_out3_4_U                          | fifo channel | stream |      |      |        | sum_out3_4                         | srl    | 0       | 32, 4, 1         |
|   sum_out3_5_U                          | fifo channel | stream |      |      |        | sum_out3_5                         | srl    | 0       | 32, 4, 1         |
|   sum_out3_6_U                          | fifo channel | stream |      |      |        | sum_out3_6                         | srl    | 0       | 32, 4, 1         |
|   sum_out3_7_U                          | fifo channel | stream |      |      |        | sum_out3_7                         | srl    | 0       | 32, 4, 1         |
|   sum_out3_8_U                          | fifo channel | stream |      |      |        | sum_out3_8                         | srl    | 0       | 32, 4, 1         |
|   sum_out3_9_U                          | fifo channel | stream |      |      |        | sum_out3_9                         | srl    | 0       | 32, 4, 1         |
|   sum_out3_10_U                         | fifo channel | stream |      |      |        | sum_out3_10                        | srl    | 0       | 32, 4, 1         |
|   sum_out3_11_U                         | fifo channel | stream |      |      |        | sum_out3_11                        | srl    | 0       | 32, 4, 1         |
|   sum_out3_12_U                         | fifo channel | stream |      |      |        | sum_out3_12                        | srl    | 0       | 32, 4, 1         |
|   sum_out3_13_U                         | fifo channel | stream |      |      |        | sum_out3_13                        | srl    | 0       | 32, 4, 1         |
|   sum_out3_14_U                         | fifo channel | stream |      |      |        | sum_out3_14                        | srl    | 0       | 32, 4, 1         |
|   sum_out3_15_U                         | fifo channel | stream |      |      |        | sum_out3_15                        | srl    | 0       | 32, 4, 1         |
|   sum_out3_16_U                         | fifo channel | stream |      |      |        | sum_out3_16                        | srl    | 0       | 32, 4, 1         |
|   sum_out3_17_U                         | fifo channel | stream |      |      |        | sum_out3_17                        | srl    | 0       | 32, 4, 1         |
|   sum_out3_18_U                         | fifo channel | stream |      |      |        | sum_out3_18                        | srl    | 0       | 32, 4, 1         |
|   sum_out3_19_U                         | fifo channel | stream |      |      |        | sum_out3_19                        | srl    | 0       | 32, 4, 1         |
|   sum_out3_20_U                         | fifo channel | stream |      |      |        | sum_out3_20                        | srl    | 0       | 32, 4, 1         |
|   sum_out3_21_U                         | fifo channel | stream |      |      |        | sum_out3_21                        | srl    | 0       | 32, 4, 1         |
|   sum_out3_22_U                         | fifo channel | stream |      |      |        | sum_out3_22                        | srl    | 0       | 32, 4, 1         |
|   sum_out3_23_U                         | fifo channel | stream |      |      |        | sum_out3_23                        | srl    | 0       | 32, 4, 1         |
|   sum_out3_24_U                         | fifo channel | stream |      |      |        | sum_out3_24                        | srl    | 0       | 32, 4, 1         |
|   sum_out3_25_U                         | fifo channel | stream |      |      |        | sum_out3_25                        | srl    | 0       | 32, 4, 1         |
|   sum_out3_26_U                         | fifo channel | stream |      |      |        | sum_out3_26                        | srl    | 0       | 32, 4, 1         |
|   sum_out3_27_U                         | fifo channel | stream |      |      |        | sum_out3_27                        | srl    | 0       | 32, 4, 1         |
|   sum_out3_28_U                         | fifo channel | stream |      |      |        | sum_out3_28                        | srl    | 0       | 32, 4, 1         |
|   sum_out3_29_U                         | fifo channel | stream |      |      |        | sum_out3_29                        | srl    | 0       | 32, 4, 1         |
|   sum_out3_30_U                         | fifo channel | stream |      |      |        | sum_out3_30                        | srl    | 0       | 32, 4, 1         |
|   sum_out3_31_U                         | fifo channel | stream |      |      |        | sum_out3_31                        | srl    | 0       | 32, 4, 1         |
|   sum_out3_32_U                         | fifo channel | stream |      |      |        | sum_out3_32                        | srl    | 0       | 32, 4, 1         |
|   sum_out3_33_U                         | fifo channel | stream |      |      |        | sum_out3_33                        | srl    | 0       | 32, 4, 1         |
|   sum_out3_34_U                         | fifo channel | stream |      |      |        | sum_out3_34                        | srl    | 0       | 32, 4, 1         |
|   sum_out3_35_U                         | fifo channel | stream |      |      |        | sum_out3_35                        | srl    | 0       | 32, 4, 1         |
|   sum_out3_36_U                         | fifo channel | stream |      |      |        | sum_out3_36                        | srl    | 0       | 32, 4, 1         |
|   sum_out3_37_U                         | fifo channel | stream |      |      |        | sum_out3_37                        | srl    | 0       | 32, 4, 1         |
|   sum_out3_38_U                         | fifo channel | stream |      |      |        | sum_out3_38                        | srl    | 0       | 32, 4, 1         |
|   sum_out3_39_U                         | fifo channel | stream |      |      |        | sum_out3_39                        | srl    | 0       | 32, 4, 1         |
|   sum_out3_40_U                         | fifo channel | stream |      |      |        | sum_out3_40                        | srl    | 0       | 32, 4, 1         |
|   sum_out3_41_U                         | fifo channel | stream |      |      |        | sum_out3_41                        | srl    | 0       | 32, 4, 1         |
|   sum_out3_42_U                         | fifo channel | stream |      |      |        | sum_out3_42                        | srl    | 0       | 32, 4, 1         |
|   sum_out3_43_U                         | fifo channel | stream |      |      |        | sum_out3_43                        | srl    | 0       | 32, 4, 1         |
|   sum_out3_44_U                         | fifo channel | stream |      |      |        | sum_out3_44                        | srl    | 0       | 32, 4, 1         |
|   sum_out3_45_U                         | fifo channel | stream |      |      |        | sum_out3_45                        | srl    | 0       | 32, 4, 1         |
|   sum_out3_46_U                         | fifo channel | stream |      |      |        | sum_out3_46                        | srl    | 0       | 32, 4, 1         |
|   sum_out3_47_U                         | fifo channel | stream |      |      |        | sum_out3_47                        | srl    | 0       | 32, 4, 1         |
|   sum_out3_48_U                         | fifo channel | stream |      |      |        | sum_out3_48                        | srl    | 0       | 32, 4, 1         |
|   sum_out3_49_U                         | fifo channel | stream |      |      |        | sum_out3_49                        | srl    | 0       | 32, 4, 1         |
|   sum_out3_50_U                         | fifo channel | stream |      |      |        | sum_out3_50                        | srl    | 0       | 32, 4, 1         |
|   sum_out3_51_U                         | fifo channel | stream |      |      |        | sum_out3_51                        | srl    | 0       | 32, 4, 1         |
|   sum_out3_52_U                         | fifo channel | stream |      |      |        | sum_out3_52                        | srl    | 0       | 32, 4, 1         |
|   sum_out3_53_U                         | fifo channel | stream |      |      |        | sum_out3_53                        | srl    | 0       | 32, 4, 1         |
|   conv_out3_U                           | fifo channel | stream |      |      |        | conv_out3                          | srl    | 0       | 32, 4, 1         |
|   conv_out3_1_U                         | fifo channel | stream |      |      |        | conv_out3_1                        | srl    | 0       | 32, 4, 1         |
|   conv_out3_2_U                         | fifo channel | stream |      |      |        | conv_out3_2                        | srl    | 0       | 32, 4, 1         |
|   conv_out3_3_U                         | fifo channel | stream |      |      |        | conv_out3_3                        | srl    | 0       | 32, 4, 1         |
|   conv_out3_4_U                         | fifo channel | stream |      |      |        | conv_out3_4                        | srl    | 0       | 32, 4, 1         |
|   conv_out3_5_U                         | fifo channel | stream |      |      |        | conv_out3_5                        | srl    | 0       | 32, 4, 1         |
|   conv_out3_6_U                         | fifo channel | stream |      |      |        | conv_out3_6                        | srl    | 0       | 32, 4, 1         |
|   conv_out3_7_U                         | fifo channel | stream |      |      |        | conv_out3_7                        | srl    | 0       | 32, 4, 1         |
|   conv_out3_8_U                         | fifo channel | stream |      |      |        | conv_out3_8                        | srl    | 0       | 32, 4, 1         |
|   conv_out3_9_U                         | fifo channel | stream |      |      |        | conv_out3_9                        | srl    | 0       | 32, 4, 1         |
|   conv_out3_10_U                        | fifo channel | stream |      |      |        | conv_out3_10                       | srl    | 0       | 32, 4, 1         |
|   conv_out3_11_U                        | fifo channel | stream |      |      |        | conv_out3_11                       | srl    | 0       | 32, 4, 1         |
|   conv_out3_12_U                        | fifo channel | stream |      |      |        | conv_out3_12                       | srl    | 0       | 32, 4, 1         |
|   conv_out3_13_U                        | fifo channel | stream |      |      |        | conv_out3_13                       | srl    | 0       | 32, 4, 1         |
|   sum_out4_U                            | fifo channel | stream |      |      |        | sum_out4                           | srl    | 0       | 32, 4, 1         |
|   sum_out4_1_U                          | fifo channel | stream |      |      |        | sum_out4_1                         | srl    | 0       | 32, 4, 1         |
|   sum_out4_2_U                          | fifo channel | stream |      |      |        | sum_out4_2                         | srl    | 0       | 32, 4, 1         |
|   sum_out4_3_U                          | fifo channel | stream |      |      |        | sum_out4_3                         | srl    | 0       | 32, 4, 1         |
|   sum_out4_4_U                          | fifo channel | stream |      |      |        | sum_out4_4                         | srl    | 0       | 32, 4, 1         |
|   sum_out4_5_U                          | fifo channel | stream |      |      |        | sum_out4_5                         | srl    | 0       | 32, 4, 1         |
|   sum_out4_6_U                          | fifo channel | stream |      |      |        | sum_out4_6                         | srl    | 0       | 32, 4, 1         |
|   sum_out4_7_U                          | fifo channel | stream |      |      |        | sum_out4_7                         | srl    | 0       | 32, 4, 1         |
|   sum_out4_8_U                          | fifo channel | stream |      |      |        | sum_out4_8                         | srl    | 0       | 32, 4, 1         |
|   sum_out4_9_U                          | fifo channel | stream |      |      |        | sum_out4_9                         | srl    | 0       | 32, 4, 1         |
|   sum_out4_10_U                         | fifo channel | stream |      |      |        | sum_out4_10                        | srl    | 0       | 32, 4, 1         |
|   sum_out4_11_U                         | fifo channel | stream |      |      |        | sum_out4_11                        | srl    | 0       | 32, 4, 1         |
|   sum_out4_12_U                         | fifo channel | stream |      |      |        | sum_out4_12                        | srl    | 0       | 32, 4, 1         |
|   sum_out4_13_U                         | fifo channel | stream |      |      |        | sum_out4_13                        | srl    | 0       | 32, 4, 1         |
|   sum_out4_14_U                         | fifo channel | stream |      |      |        | sum_out4_14                        | srl    | 0       | 32, 4, 1         |
|   sum_out4_15_U                         | fifo channel | stream |      |      |        | sum_out4_15                        | srl    | 0       | 32, 4, 1         |
|   sum_out4_16_U                         | fifo channel | stream |      |      |        | sum_out4_16                        | srl    | 0       | 32, 4, 1         |
|   sum_out4_17_U                         | fifo channel | stream |      |      |        | sum_out4_17                        | srl    | 0       | 32, 4, 1         |
|   sum_out4_18_U                         | fifo channel | stream |      |      |        | sum_out4_18                        | srl    | 0       | 32, 4, 1         |
|   sum_out4_19_U                         | fifo channel | stream |      |      |        | sum_out4_19                        | srl    | 0       | 32, 4, 1         |
|   sum_out4_20_U                         | fifo channel | stream |      |      |        | sum_out4_20                        | srl    | 0       | 32, 4, 1         |
|   sum_out4_21_U                         | fifo channel | stream |      |      |        | sum_out4_21                        | srl    | 0       | 32, 4, 1         |
|   sum_out4_22_U                         | fifo channel | stream |      |      |        | sum_out4_22                        | srl    | 0       | 32, 4, 1         |
|   sum_out4_23_U                         | fifo channel | stream |      |      |        | sum_out4_23                        | srl    | 0       | 32, 4, 1         |
|   sum_out4_24_U                         | fifo channel | stream |      |      |        | sum_out4_24                        | srl    | 0       | 32, 4, 1         |
|   sum_out4_25_U                         | fifo channel | stream |      |      |        | sum_out4_25                        | srl    | 0       | 32, 4, 1         |
|   sum_out4_26_U                         | fifo channel | stream |      |      |        | sum_out4_26                        | srl    | 0       | 32, 4, 1         |
|   sum_out4_27_U                         | fifo channel | stream |      |      |        | sum_out4_27                        | srl    | 0       | 32, 4, 1         |
|   sum_out4_28_U                         | fifo channel | stream |      |      |        | sum_out4_28                        | srl    | 0       | 32, 4, 1         |
|   sum_out4_29_U                         | fifo channel | stream |      |      |        | sum_out4_29                        | srl    | 0       | 32, 4, 1         |
|   sum_out4_30_U                         | fifo channel | stream |      |      |        | sum_out4_30                        | srl    | 0       | 32, 4, 1         |
|   sum_out4_31_U                         | fifo channel | stream |      |      |        | sum_out4_31                        | srl    | 0       | 32, 4, 1         |
|   sum_out4_32_U                         | fifo channel | stream |      |      |        | sum_out4_32                        | srl    | 0       | 32, 4, 1         |
|   sum_out4_33_U                         | fifo channel | stream |      |      |        | sum_out4_33                        | srl    | 0       | 32, 4, 1         |
|   sum_out4_34_U                         | fifo channel | stream |      |      |        | sum_out4_34                        | srl    | 0       | 32, 4, 1         |
|   sum_out4_35_U                         | fifo channel | stream |      |      |        | sum_out4_35                        | srl    | 0       | 32, 4, 1         |
|   sum_out4_36_U                         | fifo channel | stream |      |      |        | sum_out4_36                        | srl    | 0       | 32, 4, 1         |
|   sum_out4_37_U                         | fifo channel | stream |      |      |        | sum_out4_37                        | srl    | 0       | 32, 4, 1         |
|   sum_out4_38_U                         | fifo channel | stream |      |      |        | sum_out4_38                        | srl    | 0       | 32, 4, 1         |
|   sum_out4_39_U                         | fifo channel | stream |      |      |        | sum_out4_39                        | srl    | 0       | 32, 4, 1         |
|   sum_out4_40_U                         | fifo channel | stream |      |      |        | sum_out4_40                        | srl    | 0       | 32, 4, 1         |
|   sum_out4_41_U                         | fifo channel | stream |      |      |        | sum_out4_41                        | srl    | 0       | 32, 4, 1         |
|   sum_out4_42_U                         | fifo channel | stream |      |      |        | sum_out4_42                        | srl    | 0       | 32, 4, 1         |
|   sum_out4_43_U                         | fifo channel | stream |      |      |        | sum_out4_43                        | srl    | 0       | 32, 4, 1         |
|   sum_out4_44_U                         | fifo channel | stream |      |      |        | sum_out4_44                        | srl    | 0       | 32, 4, 1         |
|   sum_out4_45_U                         | fifo channel | stream |      |      |        | sum_out4_45                        | srl    | 0       | 32, 4, 1         |
|   sum_out4_46_U                         | fifo channel | stream |      |      |        | sum_out4_46                        | srl    | 0       | 32, 4, 1         |
|   sum_out4_47_U                         | fifo channel | stream |      |      |        | sum_out4_47                        | srl    | 0       | 32, 4, 1         |
|   sum_out4_48_U                         | fifo channel | stream |      |      |        | sum_out4_48                        | srl    | 0       | 32, 4, 1         |
|   sum_out4_49_U                         | fifo channel | stream |      |      |        | sum_out4_49                        | srl    | 0       | 32, 4, 1         |
|   sum_out4_50_U                         | fifo channel | stream |      |      |        | sum_out4_50                        | srl    | 0       | 32, 4, 1         |
|   sum_out4_51_U                         | fifo channel | stream |      |      |        | sum_out4_51                        | srl    | 0       | 32, 4, 1         |
|   sum_out4_52_U                         | fifo channel | stream |      |      |        | sum_out4_52                        | srl    | 0       | 32, 4, 1         |
|   sum_out4_53_U                         | fifo channel | stream |      |      |        | sum_out4_53                        | srl    | 0       | 32, 4, 1         |
|   sum_out4_54_U                         | fifo channel | stream |      |      |        | sum_out4_54                        | srl    | 0       | 32, 4, 1         |
|   sum_out4_55_U                         | fifo channel | stream |      |      |        | sum_out4_55                        | srl    | 0       | 32, 4, 1         |
|   sum_out4_56_U                         | fifo channel | stream |      |      |        | sum_out4_56                        | srl    | 0       | 32, 4, 1         |
|   sum_out4_57_U                         | fifo channel | stream |      |      |        | sum_out4_57                        | srl    | 0       | 32, 4, 1         |
|   sum_out4_58_U                         | fifo channel | stream |      |      |        | sum_out4_58                        | srl    | 0       | 32, 4, 1         |
|   sum_out4_59_U                         | fifo channel | stream |      |      |        | sum_out4_59                        | srl    | 0       | 32, 4, 1         |
|   sum_out4_60_U                         | fifo channel | stream |      |      |        | sum_out4_60                        | srl    | 0       | 32, 4, 1         |
|   sum_out4_61_U                         | fifo channel | stream |      |      |        | sum_out4_61                        | srl    | 0       | 32, 4, 1         |
|   sum_out4_62_U                         | fifo channel | stream |      |      |        | sum_out4_62                        | srl    | 0       | 32, 4, 1         |
|   sum_out4_63_U                         | fifo channel | stream |      |      |        | sum_out4_63                        | srl    | 0       | 32, 4, 1         |
|   sum_out4_64_U                         | fifo channel | stream |      |      |        | sum_out4_64                        | srl    | 0       | 32, 4, 1         |
|   sum_out4_65_U                         | fifo channel | stream |      |      |        | sum_out4_65                        | srl    | 0       | 32, 4, 1         |
|   sum_out4_66_U                         | fifo channel | stream |      |      |        | sum_out4_66                        | srl    | 0       | 32, 4, 1         |
|   sum_out4_67_U                         | fifo channel | stream |      |      |        | sum_out4_67                        | srl    | 0       | 32, 4, 1         |
|   sum_out4_68_U                         | fifo channel | stream |      |      |        | sum_out4_68                        | srl    | 0       | 32, 4, 1         |
|   sum_out4_69_U                         | fifo channel | stream |      |      |        | sum_out4_69                        | srl    | 0       | 32, 4, 1         |
|   sum_out4_70_U                         | fifo channel | stream |      |      |        | sum_out4_70                        | srl    | 0       | 32, 4, 1         |
|   sum_out4_71_U                         | fifo channel | stream |      |      |        | sum_out4_71                        | srl    | 0       | 32, 4, 1         |
|   conv_out4_U                           | fifo channel | stream |      |      |        | conv_out4                          | srl    | 0       | 32, 4, 1         |
|   conv_out4_1_U                         | fifo channel | stream |      |      |        | conv_out4_1                        | srl    | 0       | 32, 4, 1         |
|   conv_out4_2_U                         | fifo channel | stream |      |      |        | conv_out4_2                        | srl    | 0       | 32, 4, 1         |
|   conv_out4_3_U                         | fifo channel | stream |      |      |        | conv_out4_3                        | srl    | 0       | 32, 4, 1         |
|   conv_out4_4_U                         | fifo channel | stream |      |      |        | conv_out4_4                        | srl    | 0       | 32, 4, 1         |
|   conv_out4_5_U                         | fifo channel | stream |      |      |        | conv_out4_5                        | srl    | 0       | 32, 4, 1         |
|   conv_out4_6_U                         | fifo channel | stream |      |      |        | conv_out4_6                        | srl    | 0       | 32, 4, 1         |
|   conv_out4_7_U                         | fifo channel | stream |      |      |        | conv_out4_7                        | srl    | 0       | 32, 4, 1         |
|   conv_out4_8_U                         | fifo channel | stream |      |      |        | conv_out4_8                        | srl    | 0       | 32, 4, 1         |
|   conv_out4_9_U                         | fifo channel | stream |      |      |        | conv_out4_9                        | srl    | 0       | 32, 4, 1         |
|   conv_out4_10_U                        | fifo channel | stream |      |      |        | conv_out4_10                       | srl    | 0       | 32, 4, 1         |
|   conv_out4_11_U                        | fifo channel | stream |      |      |        | conv_out4_11                       | srl    | 0       | 32, 4, 1         |
|   sum_out5_U                            | fifo channel | stream |      |      |        | sum_out5                           | srl    | 0       | 32, 4, 1         |
|   sum_out5_1_U                          | fifo channel | stream |      |      |        | sum_out5_1                         | srl    | 0       | 32, 4, 1         |
|   sum_out5_2_U                          | fifo channel | stream |      |      |        | sum_out5_2                         | srl    | 0       | 32, 4, 1         |
|   sum_out5_3_U                          | fifo channel | stream |      |      |        | sum_out5_3                         | srl    | 0       | 32, 4, 1         |
|   sum_out5_4_U                          | fifo channel | stream |      |      |        | sum_out5_4                         | srl    | 0       | 32, 4, 1         |
|   sum_out5_5_U                          | fifo channel | stream |      |      |        | sum_out5_5                         | srl    | 0       | 32, 4, 1         |
|   sum_out5_6_U                          | fifo channel | stream |      |      |        | sum_out5_6                         | srl    | 0       | 32, 4, 1         |
|   sum_out5_7_U                          | fifo channel | stream |      |      |        | sum_out5_7                         | srl    | 0       | 32, 4, 1         |
|   sum_out5_8_U                          | fifo channel | stream |      |      |        | sum_out5_8                         | srl    | 0       | 32, 4, 1         |
|   sum_out5_9_U                          | fifo channel | stream |      |      |        | sum_out5_9                         | srl    | 0       | 32, 4, 1         |
|   sum_out5_10_U                         | fifo channel | stream |      |      |        | sum_out5_10                        | srl    | 0       | 32, 4, 1         |
|   sum_out5_11_U                         | fifo channel | stream |      |      |        | sum_out5_11                        | srl    | 0       | 32, 4, 1         |
|   sum_out5_12_U                         | fifo channel | stream |      |      |        | sum_out5_12                        | srl    | 0       | 32, 4, 1         |
|   sum_out5_13_U                         | fifo channel | stream |      |      |        | sum_out5_13                        | srl    | 0       | 32, 4, 1         |
|   sum_out5_14_U                         | fifo channel | stream |      |      |        | sum_out5_14                        | srl    | 0       | 32, 4, 1         |
|   sum_out5_15_U                         | fifo channel | stream |      |      |        | sum_out5_15                        | srl    | 0       | 32, 4, 1         |
|   sum_out5_16_U                         | fifo channel | stream |      |      |        | sum_out5_16                        | srl    | 0       | 32, 4, 1         |
|   sum_out5_17_U                         | fifo channel | stream |      |      |        | sum_out5_17                        | srl    | 0       | 32, 4, 1         |
|   sum_out5_18_U                         | fifo channel | stream |      |      |        | sum_out5_18                        | srl    | 0       | 32, 4, 1         |
|   sum_out5_19_U                         | fifo channel | stream |      |      |        | sum_out5_19                        | srl    | 0       | 32, 4, 1         |
|   sum_out5_20_U                         | fifo channel | stream |      |      |        | sum_out5_20                        | srl    | 0       | 32, 4, 1         |
|   sum_out5_21_U                         | fifo channel | stream |      |      |        | sum_out5_21                        | srl    | 0       | 32, 4, 1         |
|   sum_out5_22_U                         | fifo channel | stream |      |      |        | sum_out5_22                        | srl    | 0       | 32, 4, 1         |
|   sum_out5_23_U                         | fifo channel | stream |      |      |        | sum_out5_23                        | srl    | 0       | 32, 4, 1         |
|   sum_out5_24_U                         | fifo channel | stream |      |      |        | sum_out5_24                        | srl    | 0       | 32, 4, 1         |
|   sum_out5_25_U                         | fifo channel | stream |      |      |        | sum_out5_25                        | srl    | 0       | 32, 4, 1         |
|   sum_out5_26_U                         | fifo channel | stream |      |      |        | sum_out5_26                        | srl    | 0       | 32, 4, 1         |
|   sum_out5_27_U                         | fifo channel | stream |      |      |        | sum_out5_27                        | srl    | 0       | 32, 4, 1         |
|   sum_out5_28_U                         | fifo channel | stream |      |      |        | sum_out5_28                        | srl    | 0       | 32, 4, 1         |
|   sum_out5_29_U                         | fifo channel | stream |      |      |        | sum_out5_29                        | srl    | 0       | 32, 4, 1         |
|   sum_out5_30_U                         | fifo channel | stream |      |      |        | sum_out5_30                        | srl    | 0       | 32, 4, 1         |
|   sum_out5_31_U                         | fifo channel | stream |      |      |        | sum_out5_31                        | srl    | 0       | 32, 4, 1         |
|   sum_out5_32_U                         | fifo channel | stream |      |      |        | sum_out5_32                        | srl    | 0       | 32, 4, 1         |
|   sum_out5_33_U                         | fifo channel | stream |      |      |        | sum_out5_33                        | srl    | 0       | 32, 4, 1         |
|   sum_out5_34_U                         | fifo channel | stream |      |      |        | sum_out5_34                        | srl    | 0       | 32, 4, 1         |
|   sum_out5_35_U                         | fifo channel | stream |      |      |        | sum_out5_35                        | srl    | 0       | 32, 4, 1         |
|   sum_out5_36_U                         | fifo channel | stream |      |      |        | sum_out5_36                        | srl    | 0       | 32, 4, 1         |
|   sum_out5_37_U                         | fifo channel | stream |      |      |        | sum_out5_37                        | srl    | 0       | 32, 4, 1         |
|   sum_out5_38_U                         | fifo channel | stream |      |      |        | sum_out5_38                        | srl    | 0       | 32, 4, 1         |
|   sum_out5_39_U                         | fifo channel | stream |      |      |        | sum_out5_39                        | srl    | 0       | 32, 4, 1         |
|   sum_out5_40_U                         | fifo channel | stream |      |      |        | sum_out5_40                        | srl    | 0       | 32, 4, 1         |
|   sum_out5_41_U                         | fifo channel | stream |      |      |        | sum_out5_41                        | srl    | 0       | 32, 4, 1         |
|   sum_out5_42_U                         | fifo channel | stream |      |      |        | sum_out5_42                        | srl    | 0       | 32, 4, 1         |
|   sum_out5_43_U                         | fifo channel | stream |      |      |        | sum_out5_43                        | srl    | 0       | 32, 4, 1         |
|   sum_out5_44_U                         | fifo channel | stream |      |      |        | sum_out5_44                        | srl    | 0       | 32, 4, 1         |
|   sum_out5_45_U                         | fifo channel | stream |      |      |        | sum_out5_45                        | srl    | 0       | 32, 4, 1         |
|   sum_out5_46_U                         | fifo channel | stream |      |      |        | sum_out5_46                        | srl    | 0       | 32, 4, 1         |
|   sum_out5_47_U                         | fifo channel | stream |      |      |        | sum_out5_47                        | srl    | 0       | 32, 4, 1         |
|   sum_out5_48_U                         | fifo channel | stream |      |      |        | sum_out5_48                        | srl    | 0       | 32, 4, 1         |
|   sum_out5_49_U                         | fifo channel | stream |      |      |        | sum_out5_49                        | srl    | 0       | 32, 4, 1         |
|   sum_out5_50_U                         | fifo channel | stream |      |      |        | sum_out5_50                        | srl    | 0       | 32, 4, 1         |
|   sum_out5_51_U                         | fifo channel | stream |      |      |        | sum_out5_51                        | srl    | 0       | 32, 4, 1         |
|   sum_out5_52_U                         | fifo channel | stream |      |      |        | sum_out5_52                        | srl    | 0       | 32, 4, 1         |
|   sum_out5_53_U                         | fifo channel | stream |      |      |        | sum_out5_53                        | srl    | 0       | 32, 4, 1         |
|   sum_out5_54_U                         | fifo channel | stream |      |      |        | sum_out5_54                        | srl    | 0       | 32, 4, 1         |
|   sum_out5_55_U                         | fifo channel | stream |      |      |        | sum_out5_55                        | srl    | 0       | 32, 4, 1         |
|   sum_out5_56_U                         | fifo channel | stream |      |      |        | sum_out5_56                        | srl    | 0       | 32, 4, 1         |
|   sum_out5_57_U                         | fifo channel | stream |      |      |        | sum_out5_57                        | srl    | 0       | 32, 4, 1         |
|   sum_out5_58_U                         | fifo channel | stream |      |      |        | sum_out5_58                        | srl    | 0       | 32, 4, 1         |
|   sum_out5_59_U                         | fifo channel | stream |      |      |        | sum_out5_59                        | srl    | 0       | 32, 4, 1         |
|   sum_out5_60_U                         | fifo channel | stream |      |      |        | sum_out5_60                        | srl    | 0       | 32, 4, 1         |
|   sum_out5_61_U                         | fifo channel | stream |      |      |        | sum_out5_61                        | srl    | 0       | 32, 4, 1         |
|   sum_out5_62_U                         | fifo channel | stream |      |      |        | sum_out5_62                        | srl    | 0       | 32, 4, 1         |
|   sum_out5_63_U                         | fifo channel | stream |      |      |        | sum_out5_63                        | srl    | 0       | 32, 4, 1         |
|   sum_out5_64_U                         | fifo channel | stream |      |      |        | sum_out5_64                        | srl    | 0       | 32, 4, 1         |
|   sum_out5_65_U                         | fifo channel | stream |      |      |        | sum_out5_65                        | srl    | 0       | 32, 4, 1         |
|   sum_out5_66_U                         | fifo channel | stream |      |      |        | sum_out5_66                        | srl    | 0       | 32, 4, 1         |
|   sum_out5_67_U                         | fifo channel | stream |      |      |        | sum_out5_67                        | srl    | 0       | 32, 4, 1         |
|   sum_out5_68_U                         | fifo channel | stream |      |      |        | sum_out5_68                        | srl    | 0       | 32, 4, 1         |
|   sum_out5_69_U                         | fifo channel | stream |      |      |        | sum_out5_69                        | srl    | 0       | 32, 4, 1         |
|   sum_out5_70_U                         | fifo channel | stream |      |      |        | sum_out5_70                        | srl    | 0       | 32, 4, 1         |
|   sum_out5_71_U                         | fifo channel | stream |      |      |        | sum_out5_71                        | srl    | 0       | 32, 4, 1         |
|   sum_out5_72_U                         | fifo channel | stream |      |      |        | sum_out5_72                        | srl    | 0       | 32, 4, 1         |
|   sum_out5_73_U                         | fifo channel | stream |      |      |        | sum_out5_73                        | srl    | 0       | 32, 4, 1         |
|   sum_out5_74_U                         | fifo channel | stream |      |      |        | sum_out5_74                        | srl    | 0       | 32, 4, 1         |
|   sum_out5_75_U                         | fifo channel | stream |      |      |        | sum_out5_75                        | srl    | 0       | 32, 4, 1         |
|   sum_out5_76_U                         | fifo channel | stream |      |      |        | sum_out5_76                        | srl    | 0       | 32, 4, 1         |
|   sum_out5_77_U                         | fifo channel | stream |      |      |        | sum_out5_77                        | srl    | 0       | 32, 4, 1         |
|   sum_out5_78_U                         | fifo channel | stream |      |      |        | sum_out5_78                        | srl    | 0       | 32, 4, 1         |
|   sum_out5_79_U                         | fifo channel | stream |      |      |        | sum_out5_79                        | srl    | 0       | 32, 4, 1         |
|   sum_out5_80_U                         | fifo channel | stream |      |      |        | sum_out5_80                        | srl    | 0       | 32, 4, 1         |
|   sum_out5_81_U                         | fifo channel | stream |      |      |        | sum_out5_81                        | srl    | 0       | 32, 4, 1         |
|   sum_out5_82_U                         | fifo channel | stream |      |      |        | sum_out5_82                        | srl    | 0       | 32, 4, 1         |
|   sum_out5_83_U                         | fifo channel | stream |      |      |        | sum_out5_83                        | srl    | 0       | 32, 4, 1         |
|   sum_out5_84_U                         | fifo channel | stream |      |      |        | sum_out5_84                        | srl    | 0       | 32, 4, 1         |
|   sum_out5_85_U                         | fifo channel | stream |      |      |        | sum_out5_85                        | srl    | 0       | 32, 4, 1         |
|   sum_out5_86_U                         | fifo channel | stream |      |      |        | sum_out5_86                        | srl    | 0       | 32, 4, 1         |
|   sum_out5_87_U                         | fifo channel | stream |      |      |        | sum_out5_87                        | srl    | 0       | 32, 4, 1         |
|   sum_out5_88_U                         | fifo channel | stream |      |      |        | sum_out5_88                        | srl    | 0       | 32, 4, 1         |
|   sum_out5_89_U                         | fifo channel | stream |      |      |        | sum_out5_89                        | srl    | 0       | 32, 4, 1         |
|   conv_out5_U                           | fifo channel | stream |      |      |        | conv_out5                          | srl    | 0       | 32, 4, 1         |
|   conv_out5_1_U                         | fifo channel | stream |      |      |        | conv_out5_1                        | srl    | 0       | 32, 4, 1         |
|   conv_out5_2_U                         | fifo channel | stream |      |      |        | conv_out5_2                        | srl    | 0       | 32, 4, 1         |
|   conv_out5_3_U                         | fifo channel | stream |      |      |        | conv_out5_3                        | srl    | 0       | 32, 4, 1         |
|   conv_out5_4_U                         | fifo channel | stream |      |      |        | conv_out5_4                        | srl    | 0       | 32, 4, 1         |
|   conv_out5_5_U                         | fifo channel | stream |      |      |        | conv_out5_5                        | srl    | 0       | 32, 4, 1         |
|   conv_out5_6_U                         | fifo channel | stream |      |      |        | conv_out5_6                        | srl    | 0       | 32, 4, 1         |
|   conv_out5_7_U                         | fifo channel | stream |      |      |        | conv_out5_7                        | srl    | 0       | 32, 4, 1         |
|   conv_out5_8_U                         | fifo channel | stream |      |      |        | conv_out5_8                        | srl    | 0       | 32, 4, 1         |
|   conv_out5_9_U                         | fifo channel | stream |      |      |        | conv_out5_9                        | srl    | 0       | 32, 4, 1         |
|   feature2_embedding_U                  | fifo channel | stream | 64   |      |        | feature2_embedding                 | memory | 0       | 1152, 4, 1       |
|   fc2_embedding_U                       | fifo channel | stream |      |      |        | fc2_embedding                      | srl    | 0       | 32, 4, 1         |
|   fc2_embedding_1_U                     | fifo channel | stream |      |      |        | fc2_embedding_1                    | srl    | 0       | 32, 4, 1         |
|  + embedding_layer_stream_9u_s          |              |        | 100  | 0    |        |                                    |        |         |                  |
|    p_ZL26len_embedding_table_stream_0_U | rom_np       |        | 5    |      |        | p_ZL26len_embedding_table_stream_0 | auto   | 1       | 4, 1501, 1       |
|    p_ZL26len_embedding_table_stream_1_U | rom_np       |        | 5    |      |        | p_ZL26len_embedding_table_stream_1 | auto   | 1       | 4, 1501, 1       |
|    p_ZL26len_embedding_table_stream_2_U | rom_np       |        | 5    |      |        | p_ZL26len_embedding_table_stream_2 | auto   | 1       | 3, 1501, 1       |
|    p_ZL26len_embedding_table_stream_3_U | rom_np       |        | 5    |      |        | p_ZL26len_embedding_table_stream_3 | auto   | 1       | 3, 1501, 1       |
|    p_ZL26len_embedding_table_stream_4_U | rom_np       |        | 5    |      |        | p_ZL26len_embedding_table_stream_4 | auto   | 1       | 2, 1501, 1       |
|    p_ZL26len_embedding_table_stream_5_U | rom_np       |        | 5    |      |        | p_ZL26len_embedding_table_stream_5 | auto   | 1       | 2, 1501, 1       |
|    p_ZL26len_embedding_table_stream_6_U | rom_np       |        | 5    |      |        | p_ZL26len_embedding_table_stream_6 | auto   | 1       | 5, 1501, 1       |
|    p_ZL26len_embedding_table_stream_7_U | rom_np       |        | 5    |      |        | p_ZL26len_embedding_table_stream_7 | auto   | 1       | 5, 1501, 1       |
|    p_ZL26len_embedding_table_stream_8_U | rom_np       |        | 5    |      |        | p_ZL26len_embedding_table_stream_8 | auto   | 1       | 5, 1501, 1       |
|    p_ZL26len_embedding_table_stream_9_U | rom_np       |        | 5    |      |        | p_ZL26len_embedding_table_stream_9 | auto   | 1       | 5, 1501, 1       |
|    p_ZL26ipd_embedding_table_stream_0_U | rom_np       |        | 5    |      |        | p_ZL26ipd_embedding_table_stream_0 | auto   | 1       | 4, 2561, 1       |
|    p_ZL26ipd_embedding_table_stream_1_U | rom_np       |        | 5    |      |        | p_ZL26ipd_embedding_table_stream_1 | auto   | 1       | 4, 2561, 1       |
|    p_ZL26ipd_embedding_table_stream_2_U | rom_np       |        | 5    |      |        | p_ZL26ipd_embedding_table_stream_2 | auto   | 1       | 3, 2561, 1       |
|    p_ZL26ipd_embedding_table_stream_3_U | rom_np       |        | 5    |      |        | p_ZL26ipd_embedding_table_stream_3 | auto   | 1       | 3, 2561, 1       |
|    p_ZL26ipd_embedding_table_stream_4_U | rom_np       |        | 5    |      |        | p_ZL26ipd_embedding_table_stream_4 | auto   | 1       | 2, 2561, 1       |
|    p_ZL26ipd_embedding_table_stream_5_U | rom_np       |        | 5    |      |        | p_ZL26ipd_embedding_table_stream_5 | auto   | 1       | 2, 2561, 1       |
|    p_ZL26ipd_embedding_table_stream_6_U | rom_np       |        | 10   |      |        | p_ZL26ipd_embedding_table_stream_6 | auto   | 1       | 5, 2561, 1       |
|    p_ZL26ipd_embedding_table_stream_7_U | rom_np       |        | 10   |      |        | p_ZL26ipd_embedding_table_stream_7 | auto   | 1       | 5, 2561, 1       |
+-----------------------------------------+--------------+--------+------+------+--------+------------------------------------+--------+---------+------------------+


================================================================
== Pragma Report
================================================================
* Valid Pragma Syntax
+-----------------+------------------------------------------------+-----------------------------------------------------------+
| Type            | Options                                        | Location                                                  |
+-----------------+------------------------------------------------+-----------------------------------------------------------+
| pipeline        | II = 1                                         | ./ComponentStream.h:16 in feature_separate_layer_stream   |
| unroll          |                                                | ./ComponentStream.h:19 in feature_separate_layer_stream   |
| unroll          |                                                | ./ComponentStream.h:34 in embedding_layer_stream          |
| unroll          |                                                | ./ComponentStream.h:51 in feature_concate_layer_stream    |
| unroll          |                                                | ./ComponentStream.h:56 in feature_concate_layer_stream    |
| pipeline        | II=1                                           | ./ComponentStream.h:67 in fully_connect_layer_stream      |
| unroll          | factor=3                                       | ./ComponentStream.h:68 in fully_connect_layer_stream      |
| unroll          |                                                | ./ComponentStream.h:71 in fully_connect_layer_stream      |
| unroll          |                                                | ./ComponentStream.h:74 in fully_connect_layer_stream      |
| unroll          |                                                | ./ComponentStream.h:78 in fully_connect_layer_stream      |
| pipeline        | II=1                                           | ./ComponentStream.h:95 in fully_connect_layer_stream3     |
| unroll          | factor=3                                       | ./ComponentStream.h:96 in fully_connect_layer_stream3     |
| unroll          |                                                | ./ComponentStream.h:99 in fully_connect_layer_stream3     |
| unroll          |                                                | ./ComponentStream.h:102 in fully_connect_layer_stream3    |
| unroll          |                                                | ./ComponentStream.h:106 in fully_connect_layer_stream3    |
| pipeline        | II=1                                           | ./ComponentStream.h:124 in conv2d_3_stream_layer          |
| unroll          | factor=3                                       | ./ComponentStream.h:125 in conv2d_3_stream_layer          |
| unroll          |                                                | ./ComponentStream.h:128 in conv2d_3_stream_layer          |
| unroll          |                                                | ./ComponentStream.h:133 in conv2d_3_stream_layer          |
| unroll          |                                                | ./ComponentStream.h:142 in conv2d_3_stream_layer          |
| unroll          |                                                | ./ComponentStream.h:148 in conv2d_3_stream_layer          |
| pipeline        | II=1                                           | ./ComponentStream.h:160 in conv2d_3_stream_layer_post     |
| unroll          |                                                | ./ComponentStream.h:164 in conv2d_3_stream_layer_post     |
| unroll          |                                                | ./ComponentStream.h:171 in conv2d_3_stream_layer_post     |
| pipeline        | II=1                                           | ./ComponentStream.h:182 in conv2d_4_stream_layer          |
| unroll          | factor=3                                       | ./ComponentStream.h:183 in conv2d_4_stream_layer          |
| unroll          |                                                | ./ComponentStream.h:186 in conv2d_4_stream_layer          |
| unroll          |                                                | ./ComponentStream.h:191 in conv2d_4_stream_layer          |
| unroll          |                                                | ./ComponentStream.h:200 in conv2d_4_stream_layer          |
| unroll          |                                                | ./ComponentStream.h:206 in conv2d_4_stream_layer          |
| pipeline        | II=1                                           | ./ComponentStream.h:218 in conv2d_4_stream_layer_post     |
| unroll          |                                                | ./ComponentStream.h:222 in conv2d_4_stream_layer_post     |
| unroll          |                                                | ./ComponentStream.h:229 in conv2d_4_stream_layer_post     |
| pipeline        | II=1                                           | ./ComponentStream.h:240 in conv2d_5_stream_layer          |
| unroll          | factor=3                                       | ./ComponentStream.h:241 in conv2d_5_stream_layer          |
| unroll          |                                                | ./ComponentStream.h:244 in conv2d_5_stream_layer          |
| unroll          |                                                | ./ComponentStream.h:249 in conv2d_5_stream_layer          |
| unroll          |                                                | ./ComponentStream.h:258 in conv2d_5_stream_layer          |
| unroll          |                                                | ./ComponentStream.h:264 in conv2d_5_stream_layer          |
| pipeline        | II=1                                           | ./ComponentStream.h:276 in conv2d_5_stream_layer_post     |
| unroll          |                                                | ./ComponentStream.h:280 in conv2d_5_stream_layer_post     |
| unroll          |                                                | ./ComponentStream.h:286 in conv2d_5_stream_layer_post     |
| unroll          |                                                | ./ComponentStream.h:298 in reshape_concate_layer_stream   |
| unroll          |                                                | ./ComponentStream.h:303 in reshape_concate_layer_stream   |
| unroll          |                                                | ./ComponentStream.h:308 in reshape_concate_layer_stream   |
| unroll          |                                                | ./ComponentStream.h:319 in fully_connect2_layer_stream    |
| unroll          |                                                | ./ComponentStream.h:323 in fully_connect2_layer_stream    |
| pipeline        | II= 3                                          | ./ComponentStream.h:332 in l_softmax_layer_stream         |
| unroll          |                                                | ./ComponentStream.h:336 in l_softmax_layer_stream         |
| unroll          |                                                | ./ComponentStream.h:342 in l_softmax_layer_stream         |
| pipeline        | II=3                                           | ./ComponentStream.h:353 in data_dispatch_stream           |
| unroll          | factor=3                                       | ./ComponentStream.h:354 in data_dispatch_stream           |
| unroll          |                                                | ./ComponentStream.h:356 in data_dispatch_stream           |
| pipeline        | II=1                                           | ./ComponentStream.h:375 in rnn_fully_connect_layer_stream |
| unroll          |                                                | ./ComponentStream.h:376 in rnn_fully_connect_layer_stream |
| unroll          |                                                | ./ComponentStream.h:380 in rnn_fully_connect_layer_stream |
| unroll          |                                                | ./ComponentStream.h:384 in rnn_fully_connect_layer_stream |
| unroll          |                                                | Components.cpp:134 in conv2d                              |
| unroll          |                                                | Components.cpp:162 in conv2d_layer                        |
| unroll          |                                                | Components.cpp:164 in conv2d_layer                        |
| dataflow        |                                                | Components.cpp:236 in cnn                                 |
| array_reshape   | variable=feature_in dim=3 type=block factor=18 | Components.cpp:254 in cnn, feature_in                     |
| dataflow        |                                                | ComponentsStream.cpp:6 in cnn_stream                      |
| interface       | port=din mode=axis                             | ComponentsStream.cpp:7 in cnn_stream, din                 |
| interface       | port=dout mode=axis                            | ComponentsStream.cpp:8 in cnn_stream, dout                |
| array_reshape   | variable=din dim=0 type=complete               | ComponentsStream.cpp:9 in cnn_stream, din                 |
| array_reshape   | variable=dout dim=0 type=complete              | ComponentsStream.cpp:10 in cnn_stream, dout               |
| dataflow        |                                                | ComponentsStream.cpp:58 in rnn_stream                     |
| interface       | port=din mode=axis                             | ComponentsStream.cpp:59 in rnn_stream, din                |
| array_partition | variable=din dim=0                             | ComponentsStream.cpp:60 in rnn_stream, din                |
+-----------------+------------------------------------------------+-----------------------------------------------------------+


