

================================================================
== Vitis HLS Report for 'conv2d_5_stream_layer_post_9u_s'
================================================================
* Date:           Fri Aug  1 07:20:17 2025

* Version:        2024.2 (Build 5238294 on Nov  8 2024)
* Project:        hls_component
* Solution:       hls (Vivado IP Flow Target)
* Product family: zynquplus
* Target device:  xczu19eg-ffvc1760-2-i


================================================================
== Performance Estimates
================================================================
+ Timing: 
    * Summary: 
    +--------+---------+----------+------------+
    |  Clock |  Target | Estimated| Uncertainty|
    +--------+---------+----------+------------+
    |ap_clk  |  3.57 ns|  2.034 ns|     0.96 ns|
    +--------+---------+----------+------------+

+ Latency: 
    * Summary: 
    +---------+---------+----------+----------+-----+-----+---------+
    |  Latency (cycles) |  Latency (absolute) |  Interval | Pipeline|
    |   min   |   max   |    min   |    max   | min | max |   Type  |
    +---------+---------+----------+----------+-----+-----+---------+
    |        1|        1|  3.571 ns|  3.571 ns|    1|    1|      yes|
    +---------+---------+----------+----------+-----+-----+---------+

    + Detail: 
        * Instance: 
        N/A

        * Loop: 
        N/A



================================================================
== Utilization Estimates
================================================================
* Summary: 
+-----------------+---------+------+---------+--------+-----+
|       Name      | BRAM_18K|  DSP |    FF   |   LUT  | URAM|
+-----------------+---------+------+---------+--------+-----+
|DSP              |        -|     -|        -|       -|    -|
|Expression       |        -|     -|        0|    1484|    -|
|FIFO             |        -|     -|        -|       -|    -|
|Instance         |        -|     -|        -|       -|    -|
|Memory           |        -|     -|        -|       -|    -|
|Multiplexer      |        -|     -|        0|     909|    -|
|Register         |        -|     -|     1023|       -|    -|
+-----------------+---------+------+---------+--------+-----+
|Total            |        0|     0|     1023|    2393|    0|
+-----------------+---------+------+---------+--------+-----+
|Available        |     1968|  1968|  1045440|  522720|  128|
+-----------------+---------+------+---------+--------+-----+
|Utilization (%)  |        0|     0|       ~0|      ~0|    0|
+-----------------+---------+------+---------+--------+-----+

+ Detail: 
    * Instance: 
    N/A

    * DSP: 
    N/A

    * Memory: 
    N/A

    * FIFO: 
    N/A

    * Expression: 
    +----------------------------------------+----------+----+---+----+------------+------------+
    |              Variable Name             | Operation| DSP| FF| LUT| Bitwidth P0| Bitwidth P1|
    +----------------------------------------+----------+----+---+----+------------+------------+
    |add_ln288_10_fu_858_p2                  |         +|   0|  0|  32|          32|          32|
    |add_ln288_12_fu_978_p2                  |         +|   0|  0|  32|          32|          32|
    |add_ln288_13_fu_864_p2                  |         +|   0|  0|  32|          32|          32|
    |add_ln288_14_fu_870_p2                  |         +|   0|  0|  32|          32|          32|
    |add_ln288_16_fu_988_p2                  |         +|   0|  0|  32|          32|          32|
    |add_ln288_17_fu_876_p2                  |         +|   0|  0|  32|          32|          32|
    |add_ln288_18_fu_882_p2                  |         +|   0|  0|  32|          32|          32|
    |add_ln288_1_fu_828_p2                   |         +|   0|  0|  32|          32|          32|
    |add_ln288_20_fu_998_p2                  |         +|   0|  0|  32|          32|          32|
    |add_ln288_21_fu_888_p2                  |         +|   0|  0|  32|          32|          32|
    |add_ln288_22_fu_894_p2                  |         +|   0|  0|  32|          32|          32|
    |add_ln288_24_fu_1008_p2                 |         +|   0|  0|  32|          32|          32|
    |add_ln288_25_fu_900_p2                  |         +|   0|  0|  32|          32|          32|
    |add_ln288_26_fu_906_p2                  |         +|   0|  0|  32|          32|          32|
    |add_ln288_28_fu_1018_p2                 |         +|   0|  0|  32|          32|          32|
    |add_ln288_29_fu_912_p2                  |         +|   0|  0|  32|          32|          32|
    |add_ln288_2_fu_834_p2                   |         +|   0|  0|  32|          32|          32|
    |add_ln288_30_fu_918_p2                  |         +|   0|  0|  32|          32|          32|
    |add_ln288_32_fu_1028_p2                 |         +|   0|  0|  32|          32|          32|
    |add_ln288_33_fu_924_p2                  |         +|   0|  0|  32|          32|          32|
    |add_ln288_34_fu_930_p2                  |         +|   0|  0|  32|          32|          32|
    |add_ln288_36_fu_1038_p2                 |         +|   0|  0|  32|          32|          32|
    |add_ln288_37_fu_936_p2                  |         +|   0|  0|  32|          32|          32|
    |add_ln288_38_fu_942_p2                  |         +|   0|  0|  32|          32|          32|
    |add_ln288_4_fu_958_p2                   |         +|   0|  0|  32|          32|          32|
    |add_ln288_5_fu_840_p2                   |         +|   0|  0|  32|          32|          32|
    |add_ln288_6_fu_846_p2                   |         +|   0|  0|  32|          32|          32|
    |add_ln288_8_fu_968_p2                   |         +|   0|  0|  32|          32|          32|
    |add_ln288_9_fu_852_p2                   |         +|   0|  0|  32|          32|          32|
    |add_ln288_fu_948_p2                     |         +|   0|  0|  32|          32|          32|
    |conv_out5_0_0_din                       |         +|   0|  0|  32|          32|          32|
    |conv_out5_0_1_din                       |         +|   0|  0|  32|          32|          32|
    |conv_out5_0_2_din                       |         +|   0|  0|  32|          32|          32|
    |conv_out5_0_3_din                       |         +|   0|  0|  32|          32|          32|
    |conv_out5_0_4_din                       |         +|   0|  0|  32|          32|          32|
    |conv_out5_1_0_din                       |         +|   0|  0|  32|          32|          32|
    |conv_out5_1_1_din                       |         +|   0|  0|  32|          32|          32|
    |conv_out5_1_2_din                       |         +|   0|  0|  32|          32|          32|
    |conv_out5_1_3_din                       |         +|   0|  0|  32|          32|          32|
    |conv_out5_1_4_din                       |         +|   0|  0|  32|          32|          32|
    |ap_block_pp0_stage0_01001_grp1          |        or|   0|  0|   2|           1|           1|
    |ap_block_pp0_stage0_01001_grp11         |        or|   0|  0|   2|           1|           1|
    |ap_block_pp0_stage0_01001_grp16         |        or|   0|  0|   2|           1|           1|
    |ap_block_pp0_stage0_01001_grp21         |        or|   0|  0|   2|           1|           1|
    |ap_block_pp0_stage0_01001_grp26         |        or|   0|  0|   2|           1|           1|
    |ap_block_pp0_stage0_01001_grp31         |        or|   0|  0|   2|           1|           1|
    |ap_block_pp0_stage0_01001_grp35         |        or|   0|  0|   2|           1|           1|
    |ap_block_pp0_stage0_01001_grp39         |        or|   0|  0|   2|           1|           1|
    |ap_block_pp0_stage0_01001_grp42         |        or|   0|  0|   2|           1|           1|
    |ap_block_pp0_stage0_01001_grp6          |        or|   0|  0|   2|           1|           1|
    |ap_block_pp0_stage0_11001_grp10         |        or|   0|  0|   2|           1|           1|
    |ap_block_pp0_stage0_11001_grp13         |        or|   0|  0|   2|           1|           1|
    |ap_block_pp0_stage0_11001_grp14         |        or|   0|  0|   2|           1|           1|
    |ap_block_pp0_stage0_11001_grp15         |        or|   0|  0|   2|           1|           1|
    |ap_block_pp0_stage0_11001_grp18         |        or|   0|  0|   2|           1|           1|
    |ap_block_pp0_stage0_11001_grp19         |        or|   0|  0|   2|           1|           1|
    |ap_block_pp0_stage0_11001_grp2          |        or|   0|  0|   2|           1|           1|
    |ap_block_pp0_stage0_11001_grp20         |        or|   0|  0|   2|           1|           1|
    |ap_block_pp0_stage0_11001_grp24         |        or|   0|  0|   2|           1|           1|
    |ap_block_pp0_stage0_11001_grp25         |        or|   0|  0|   2|           1|           1|
    |ap_block_pp0_stage0_11001_grp29         |        or|   0|  0|   2|           1|           1|
    |ap_block_pp0_stage0_11001_grp3          |        or|   0|  0|   2|           1|           1|
    |ap_block_pp0_stage0_11001_grp30         |        or|   0|  0|   2|           1|           1|
    |ap_block_pp0_stage0_11001_grp34         |        or|   0|  0|   2|           1|           1|
    |ap_block_pp0_stage0_11001_grp38         |        or|   0|  0|   2|           1|           1|
    |ap_block_pp0_stage0_11001_grp4          |        or|   0|  0|   2|           1|           1|
    |ap_block_pp0_stage0_11001_grp45         |        or|   0|  0|   2|           1|           1|
    |ap_block_pp0_stage0_11001_grp48         |        or|   0|  0|   2|           1|           1|
    |ap_block_pp0_stage0_11001_grp5          |        or|   0|  0|   2|           1|           1|
    |ap_block_pp0_stage0_11001_grp51         |        or|   0|  0|   2|           1|           1|
    |ap_block_pp0_stage0_11001_grp52         |        or|   0|  0|   2|           1|           1|
    |ap_block_pp0_stage0_11001_grp54         |        or|   0|  0|   2|           1|           1|
    |ap_block_pp0_stage0_11001_grp55         |        or|   0|  0|   2|           1|           1|
    |ap_block_pp0_stage0_11001_grp57         |        or|   0|  0|   2|           1|           1|
    |ap_block_pp0_stage0_11001_grp58         |        or|   0|  0|   2|           1|           1|
    |ap_block_pp0_stage0_11001_grp59         |        or|   0|  0|   2|           1|           1|
    |ap_block_pp0_stage0_11001_grp60         |        or|   0|  0|   2|           1|           1|
    |ap_block_pp0_stage0_11001_grp61         |        or|   0|  0|   2|           1|           1|
    |ap_block_pp0_stage0_11001_grp62         |        or|   0|  0|   2|           1|           1|
    |ap_block_pp0_stage0_11001_grp63         |        or|   0|  0|   2|           1|           1|
    |ap_block_pp0_stage0_11001_grp64         |        or|   0|  0|   2|           1|           1|
    |ap_block_pp0_stage0_11001_grp65         |        or|   0|  0|   2|           1|           1|
    |ap_block_pp0_stage0_11001_grp66         |        or|   0|  0|   2|           1|           1|
    |ap_block_pp0_stage0_11001_grp67         |        or|   0|  0|   2|           1|           1|
    |ap_block_pp0_stage0_11001_grp68         |        or|   0|  0|   2|           1|           1|
    |ap_block_pp0_stage0_11001_grp69         |        or|   0|  0|   2|           1|           1|
    |ap_block_pp0_stage0_11001_grp7          |        or|   0|  0|   2|           1|           1|
    |ap_block_pp0_stage0_11001_grp70         |        or|   0|  0|   2|           1|           1|
    |ap_block_pp0_stage0_11001_grp8          |        or|   0|  0|   2|           1|           1|
    |ap_block_pp0_stage0_11001_grp9          |        or|   0|  0|   2|           1|           1|
    |ap_block_pp0_stage0_subdone             |        or|   0|  0|   2|           1|           1|
    |ap_block_state1_pp0_stage0_iter0_grp1   |        or|   0|  0|   2|           1|           1|
    |ap_block_state1_pp0_stage0_iter0_grp10  |        or|   0|  0|   2|           1|           1|
    |ap_block_state1_pp0_stage0_iter0_grp11  |        or|   0|  0|   2|           1|           1|
    |ap_block_state1_pp0_stage0_iter0_grp13  |        or|   0|  0|   2|           1|           1|
    |ap_block_state1_pp0_stage0_iter0_grp14  |        or|   0|  0|   2|           1|           1|
    |ap_block_state1_pp0_stage0_iter0_grp15  |        or|   0|  0|   2|           1|           1|
    |ap_block_state1_pp0_stage0_iter0_grp16  |        or|   0|  0|   2|           1|           1|
    |ap_block_state1_pp0_stage0_iter0_grp18  |        or|   0|  0|   2|           1|           1|
    |ap_block_state1_pp0_stage0_iter0_grp19  |        or|   0|  0|   2|           1|           1|
    |ap_block_state1_pp0_stage0_iter0_grp2   |        or|   0|  0|   2|           1|           1|
    |ap_block_state1_pp0_stage0_iter0_grp20  |        or|   0|  0|   2|           1|           1|
    |ap_block_state1_pp0_stage0_iter0_grp21  |        or|   0|  0|   2|           1|           1|
    |ap_block_state1_pp0_stage0_iter0_grp24  |        or|   0|  0|   2|           1|           1|
    |ap_block_state1_pp0_stage0_iter0_grp25  |        or|   0|  0|   2|           1|           1|
    |ap_block_state1_pp0_stage0_iter0_grp26  |        or|   0|  0|   2|           1|           1|
    |ap_block_state1_pp0_stage0_iter0_grp29  |        or|   0|  0|   2|           1|           1|
    |ap_block_state1_pp0_stage0_iter0_grp3   |        or|   0|  0|   2|           1|           1|
    |ap_block_state1_pp0_stage0_iter0_grp30  |        or|   0|  0|   2|           1|           1|
    |ap_block_state1_pp0_stage0_iter0_grp31  |        or|   0|  0|   2|           1|           1|
    |ap_block_state1_pp0_stage0_iter0_grp34  |        or|   0|  0|   2|           1|           1|
    |ap_block_state1_pp0_stage0_iter0_grp35  |        or|   0|  0|   2|           1|           1|
    |ap_block_state1_pp0_stage0_iter0_grp38  |        or|   0|  0|   2|           1|           1|
    |ap_block_state1_pp0_stage0_iter0_grp39  |        or|   0|  0|   2|           1|           1|
    |ap_block_state1_pp0_stage0_iter0_grp4   |        or|   0|  0|   2|           1|           1|
    |ap_block_state1_pp0_stage0_iter0_grp42  |        or|   0|  0|   2|           1|           1|
    |ap_block_state1_pp0_stage0_iter0_grp45  |        or|   0|  0|   2|           1|           1|
    |ap_block_state1_pp0_stage0_iter0_grp48  |        or|   0|  0|   2|           1|           1|
    |ap_block_state1_pp0_stage0_iter0_grp5   |        or|   0|  0|   2|           1|           1|
    |ap_block_state1_pp0_stage0_iter0_grp51  |        or|   0|  0|   2|           1|           1|
    |ap_block_state1_pp0_stage0_iter0_grp52  |        or|   0|  0|   2|           1|           1|
    |ap_block_state1_pp0_stage0_iter0_grp54  |        or|   0|  0|   2|           1|           1|
    |ap_block_state1_pp0_stage0_iter0_grp55  |        or|   0|  0|   2|           1|           1|
    |ap_block_state1_pp0_stage0_iter0_grp57  |        or|   0|  0|   2|           1|           1|
    |ap_block_state1_pp0_stage0_iter0_grp58  |        or|   0|  0|   2|           1|           1|
    |ap_block_state1_pp0_stage0_iter0_grp59  |        or|   0|  0|   2|           1|           1|
    |ap_block_state1_pp0_stage0_iter0_grp6   |        or|   0|  0|   2|           1|           1|
    |ap_block_state1_pp0_stage0_iter0_grp60  |        or|   0|  0|   2|           1|           1|
    |ap_block_state1_pp0_stage0_iter0_grp61  |        or|   0|  0|   2|           1|           1|
    |ap_block_state1_pp0_stage0_iter0_grp62  |        or|   0|  0|   2|           1|           1|
    |ap_block_state1_pp0_stage0_iter0_grp63  |        or|   0|  0|   2|           1|           1|
    |ap_block_state1_pp0_stage0_iter0_grp64  |        or|   0|  0|   2|           1|           1|
    |ap_block_state1_pp0_stage0_iter0_grp65  |        or|   0|  0|   2|           1|           1|
    |ap_block_state1_pp0_stage0_iter0_grp66  |        or|   0|  0|   2|           1|           1|
    |ap_block_state1_pp0_stage0_iter0_grp67  |        or|   0|  0|   2|           1|           1|
    |ap_block_state1_pp0_stage0_iter0_grp68  |        or|   0|  0|   2|           1|           1|
    |ap_block_state1_pp0_stage0_iter0_grp69  |        or|   0|  0|   2|           1|           1|
    |ap_block_state1_pp0_stage0_iter0_grp7   |        or|   0|  0|   2|           1|           1|
    |ap_block_state1_pp0_stage0_iter0_grp70  |        or|   0|  0|   2|           1|           1|
    |ap_block_state1_pp0_stage0_iter0_grp8   |        or|   0|  0|   2|           1|           1|
    |ap_block_state1_pp0_stage0_iter0_grp9   |        or|   0|  0|   2|           1|           1|
    |ap_enable_pp0                           |       xor|   0|  0|   2|           1|           2|
    +----------------------------------------+----------+----+---+----+------------+------------+
    |Total                                   |          |   0|  0|1484|        1382|        1383|
    +----------------------------------------+----------+----+---+----+------------+------------+

    * Multiplexer: 
    +---------------------+----+-----------+-----+-----------+
    |         Name        | LUT| Input Size| Bits| Total Bits|
    +---------------------+----+-----------+-----+-----------+
    |ap_done              |   9|          2|    1|          2|
    |conv_out5_0_0_blk_n  |   9|          2|    1|          2|
    |conv_out5_0_1_blk_n  |   9|          2|    1|          2|
    |conv_out5_0_2_blk_n  |   9|          2|    1|          2|
    |conv_out5_0_3_blk_n  |   9|          2|    1|          2|
    |conv_out5_0_4_blk_n  |   9|          2|    1|          2|
    |conv_out5_1_0_blk_n  |   9|          2|    1|          2|
    |conv_out5_1_1_blk_n  |   9|          2|    1|          2|
    |conv_out5_1_2_blk_n  |   9|          2|    1|          2|
    |conv_out5_1_3_blk_n  |   9|          2|    1|          2|
    |conv_out5_1_4_blk_n  |   9|          2|    1|          2|
    |sum_out5_0_0_blk_n   |   9|          2|    1|          2|
    |sum_out5_0_1_blk_n   |   9|          2|    1|          2|
    |sum_out5_0_2_blk_n   |   9|          2|    1|          2|
    |sum_out5_0_3_blk_n   |   9|          2|    1|          2|
    |sum_out5_0_4_blk_n   |   9|          2|    1|          2|
    |sum_out5_0_5_blk_n   |   9|          2|    1|          2|
    |sum_out5_0_6_blk_n   |   9|          2|    1|          2|
    |sum_out5_0_7_blk_n   |   9|          2|    1|          2|
    |sum_out5_0_8_blk_n   |   9|          2|    1|          2|
    |sum_out5_0_9_blk_n   |   9|          2|    1|          2|
    |sum_out5_1_0_blk_n   |   9|          2|    1|          2|
    |sum_out5_1_1_blk_n   |   9|          2|    1|          2|
    |sum_out5_1_2_blk_n   |   9|          2|    1|          2|
    |sum_out5_1_3_blk_n   |   9|          2|    1|          2|
    |sum_out5_1_4_blk_n   |   9|          2|    1|          2|
    |sum_out5_1_5_blk_n   |   9|          2|    1|          2|
    |sum_out5_1_6_blk_n   |   9|          2|    1|          2|
    |sum_out5_1_7_blk_n   |   9|          2|    1|          2|
    |sum_out5_1_8_blk_n   |   9|          2|    1|          2|
    |sum_out5_1_9_blk_n   |   9|          2|    1|          2|
    |sum_out5_2_0_blk_n   |   9|          2|    1|          2|
    |sum_out5_2_1_blk_n   |   9|          2|    1|          2|
    |sum_out5_2_2_blk_n   |   9|          2|    1|          2|
    |sum_out5_2_3_blk_n   |   9|          2|    1|          2|
    |sum_out5_2_4_blk_n   |   9|          2|    1|          2|
    |sum_out5_2_5_blk_n   |   9|          2|    1|          2|
    |sum_out5_2_6_blk_n   |   9|          2|    1|          2|
    |sum_out5_2_7_blk_n   |   9|          2|    1|          2|
    |sum_out5_2_8_blk_n   |   9|          2|    1|          2|
    |sum_out5_2_9_blk_n   |   9|          2|    1|          2|
    |sum_out5_3_0_blk_n   |   9|          2|    1|          2|
    |sum_out5_3_1_blk_n   |   9|          2|    1|          2|
    |sum_out5_3_2_blk_n   |   9|          2|    1|          2|
    |sum_out5_3_3_blk_n   |   9|          2|    1|          2|
    |sum_out5_3_4_blk_n   |   9|          2|    1|          2|
    |sum_out5_3_5_blk_n   |   9|          2|    1|          2|
    |sum_out5_3_6_blk_n   |   9|          2|    1|          2|
    |sum_out5_3_7_blk_n   |   9|          2|    1|          2|
    |sum_out5_3_8_blk_n   |   9|          2|    1|          2|
    |sum_out5_3_9_blk_n   |   9|          2|    1|          2|
    |sum_out5_4_0_blk_n   |   9|          2|    1|          2|
    |sum_out5_4_1_blk_n   |   9|          2|    1|          2|
    |sum_out5_4_2_blk_n   |   9|          2|    1|          2|
    |sum_out5_4_3_blk_n   |   9|          2|    1|          2|
    |sum_out5_4_4_blk_n   |   9|          2|    1|          2|
    |sum_out5_4_5_blk_n   |   9|          2|    1|          2|
    |sum_out5_4_6_blk_n   |   9|          2|    1|          2|
    |sum_out5_4_7_blk_n   |   9|          2|    1|          2|
    |sum_out5_4_8_blk_n   |   9|          2|    1|          2|
    |sum_out5_4_9_blk_n   |   9|          2|    1|          2|
    |sum_out5_5_0_blk_n   |   9|          2|    1|          2|
    |sum_out5_5_1_blk_n   |   9|          2|    1|          2|
    |sum_out5_5_2_blk_n   |   9|          2|    1|          2|
    |sum_out5_5_3_blk_n   |   9|          2|    1|          2|
    |sum_out5_5_4_blk_n   |   9|          2|    1|          2|
    |sum_out5_5_5_blk_n   |   9|          2|    1|          2|
    |sum_out5_5_6_blk_n   |   9|          2|    1|          2|
    |sum_out5_5_7_blk_n   |   9|          2|    1|          2|
    |sum_out5_5_8_blk_n   |   9|          2|    1|          2|
    |sum_out5_5_9_blk_n   |   9|          2|    1|          2|
    |sum_out5_6_0_blk_n   |   9|          2|    1|          2|
    |sum_out5_6_1_blk_n   |   9|          2|    1|          2|
    |sum_out5_6_2_blk_n   |   9|          2|    1|          2|
    |sum_out5_6_3_blk_n   |   9|          2|    1|          2|
    |sum_out5_6_4_blk_n   |   9|          2|    1|          2|
    |sum_out5_6_5_blk_n   |   9|          2|    1|          2|
    |sum_out5_6_6_blk_n   |   9|          2|    1|          2|
    |sum_out5_6_7_blk_n   |   9|          2|    1|          2|
    |sum_out5_6_8_blk_n   |   9|          2|    1|          2|
    |sum_out5_6_9_blk_n   |   9|          2|    1|          2|
    |sum_out5_7_0_blk_n   |   9|          2|    1|          2|
    |sum_out5_7_1_blk_n   |   9|          2|    1|          2|
    |sum_out5_7_2_blk_n   |   9|          2|    1|          2|
    |sum_out5_7_3_blk_n   |   9|          2|    1|          2|
    |sum_out5_7_4_blk_n   |   9|          2|    1|          2|
    |sum_out5_7_5_blk_n   |   9|          2|    1|          2|
    |sum_out5_7_6_blk_n   |   9|          2|    1|          2|
    |sum_out5_7_7_blk_n   |   9|          2|    1|          2|
    |sum_out5_7_8_blk_n   |   9|          2|    1|          2|
    |sum_out5_7_9_blk_n   |   9|          2|    1|          2|
    |sum_out5_8_0_blk_n   |   9|          2|    1|          2|
    |sum_out5_8_1_blk_n   |   9|          2|    1|          2|
    |sum_out5_8_2_blk_n   |   9|          2|    1|          2|
    |sum_out5_8_3_blk_n   |   9|          2|    1|          2|
    |sum_out5_8_4_blk_n   |   9|          2|    1|          2|
    |sum_out5_8_5_blk_n   |   9|          2|    1|          2|
    |sum_out5_8_6_blk_n   |   9|          2|    1|          2|
    |sum_out5_8_7_blk_n   |   9|          2|    1|          2|
    |sum_out5_8_8_blk_n   |   9|          2|    1|          2|
    |sum_out5_8_9_blk_n   |   9|          2|    1|          2|
    +---------------------+----+-----------+-----+-----------+
    |Total                | 909|        202|  101|        202|
    +---------------------+----+-----------+-----+-----------+

    * Register: 
    +--------------------------------------------------+----+----+-----+-----------+
    |                       Name                       | FF | LUT| Bits| Const Bits|
    +--------------------------------------------------+----+----+-----+-----------+
    |add_ln288_10_reg_1158                             |  32|   0|   32|          0|
    |add_ln288_14_reg_1163                             |  32|   0|   32|          0|
    |add_ln288_18_reg_1168                             |  32|   0|   32|          0|
    |add_ln288_22_reg_1173                             |  32|   0|   32|          0|
    |add_ln288_26_reg_1178                             |  32|   0|   32|          0|
    |add_ln288_2_reg_1148                              |  32|   0|   32|          0|
    |add_ln288_30_reg_1183                             |  32|   0|   32|          0|
    |add_ln288_34_reg_1188                             |  32|   0|   32|          0|
    |add_ln288_38_reg_1193                             |  32|   0|   32|          0|
    |add_ln288_6_reg_1153                              |  32|   0|   32|          0|
    |ap_CS_fsm                                         |   1|   0|    1|          0|
    |ap_block_pp0_stage0_subdone_grp10_done_reg_iter0  |   1|   0|    1|          0|
    |ap_block_pp0_stage0_subdone_grp11_done_reg        |   1|   0|    1|          0|
    |ap_block_pp0_stage0_subdone_grp11_done_reg_iter0  |   1|   0|    1|          0|
    |ap_block_pp0_stage0_subdone_grp13_done_reg_iter0  |   1|   0|    1|          0|
    |ap_block_pp0_stage0_subdone_grp14_done_reg_iter0  |   1|   0|    1|          0|
    |ap_block_pp0_stage0_subdone_grp15_done_reg_iter0  |   1|   0|    1|          0|
    |ap_block_pp0_stage0_subdone_grp16_done_reg        |   1|   0|    1|          0|
    |ap_block_pp0_stage0_subdone_grp16_done_reg_iter0  |   1|   0|    1|          0|
    |ap_block_pp0_stage0_subdone_grp18_done_reg_iter0  |   1|   0|    1|          0|
    |ap_block_pp0_stage0_subdone_grp19_done_reg_iter0  |   1|   0|    1|          0|
    |ap_block_pp0_stage0_subdone_grp1_done_reg         |   1|   0|    1|          0|
    |ap_block_pp0_stage0_subdone_grp1_done_reg_iter0   |   1|   0|    1|          0|
    |ap_block_pp0_stage0_subdone_grp20_done_reg_iter0  |   1|   0|    1|          0|
    |ap_block_pp0_stage0_subdone_grp21_done_reg        |   1|   0|    1|          0|
    |ap_block_pp0_stage0_subdone_grp21_done_reg_iter0  |   1|   0|    1|          0|
    |ap_block_pp0_stage0_subdone_grp24_done_reg_iter0  |   1|   0|    1|          0|
    |ap_block_pp0_stage0_subdone_grp25_done_reg_iter0  |   1|   0|    1|          0|
    |ap_block_pp0_stage0_subdone_grp26_done_reg        |   1|   0|    1|          0|
    |ap_block_pp0_stage0_subdone_grp26_done_reg_iter0  |   1|   0|    1|          0|
    |ap_block_pp0_stage0_subdone_grp29_done_reg_iter0  |   1|   0|    1|          0|
    |ap_block_pp0_stage0_subdone_grp2_done_reg_iter0   |   1|   0|    1|          0|
    |ap_block_pp0_stage0_subdone_grp30_done_reg_iter0  |   1|   0|    1|          0|
    |ap_block_pp0_stage0_subdone_grp31_done_reg        |   1|   0|    1|          0|
    |ap_block_pp0_stage0_subdone_grp31_done_reg_iter0  |   1|   0|    1|          0|
    |ap_block_pp0_stage0_subdone_grp34_done_reg_iter0  |   1|   0|    1|          0|
    |ap_block_pp0_stage0_subdone_grp35_done_reg        |   1|   0|    1|          0|
    |ap_block_pp0_stage0_subdone_grp35_done_reg_iter0  |   1|   0|    1|          0|
    |ap_block_pp0_stage0_subdone_grp38_done_reg_iter0  |   1|   0|    1|          0|
    |ap_block_pp0_stage0_subdone_grp39_done_reg        |   1|   0|    1|          0|
    |ap_block_pp0_stage0_subdone_grp39_done_reg_iter0  |   1|   0|    1|          0|
    |ap_block_pp0_stage0_subdone_grp3_done_reg_iter0   |   1|   0|    1|          0|
    |ap_block_pp0_stage0_subdone_grp42_done_reg        |   1|   0|    1|          0|
    |ap_block_pp0_stage0_subdone_grp42_done_reg_iter0  |   1|   0|    1|          0|
    |ap_block_pp0_stage0_subdone_grp45_done_reg_iter0  |   1|   0|    1|          0|
    |ap_block_pp0_stage0_subdone_grp48_done_reg_iter0  |   1|   0|    1|          0|
    |ap_block_pp0_stage0_subdone_grp4_done_reg_iter0   |   1|   0|    1|          0|
    |ap_block_pp0_stage0_subdone_grp51_done_reg_iter0  |   1|   0|    1|          0|
    |ap_block_pp0_stage0_subdone_grp52_done_reg_iter0  |   1|   0|    1|          0|
    |ap_block_pp0_stage0_subdone_grp54_done_reg_iter0  |   1|   0|    1|          0|
    |ap_block_pp0_stage0_subdone_grp55_done_reg_iter0  |   1|   0|    1|          0|
    |ap_block_pp0_stage0_subdone_grp57_done_reg_iter0  |   1|   0|    1|          0|
    |ap_block_pp0_stage0_subdone_grp58_done_reg_iter0  |   1|   0|    1|          0|
    |ap_block_pp0_stage0_subdone_grp59_done_reg_iter0  |   1|   0|    1|          0|
    |ap_block_pp0_stage0_subdone_grp5_done_reg_iter0   |   1|   0|    1|          0|
    |ap_block_pp0_stage0_subdone_grp60_done_reg_iter0  |   1|   0|    1|          0|
    |ap_block_pp0_stage0_subdone_grp61_done_reg_iter0  |   1|   0|    1|          0|
    |ap_block_pp0_stage0_subdone_grp62_done_reg_iter0  |   1|   0|    1|          0|
    |ap_block_pp0_stage0_subdone_grp63_done_reg_iter0  |   1|   0|    1|          0|
    |ap_block_pp0_stage0_subdone_grp64_done_reg_iter0  |   1|   0|    1|          0|
    |ap_block_pp0_stage0_subdone_grp65_done_reg_iter0  |   1|   0|    1|          0|
    |ap_block_pp0_stage0_subdone_grp66_done_reg_iter0  |   1|   0|    1|          0|
    |ap_block_pp0_stage0_subdone_grp67_done_reg_iter0  |   1|   0|    1|          0|
    |ap_block_pp0_stage0_subdone_grp68_done_reg_iter0  |   1|   0|    1|          0|
    |ap_block_pp0_stage0_subdone_grp69_done_reg_iter0  |   1|   0|    1|          0|
    |ap_block_pp0_stage0_subdone_grp6_done_reg         |   1|   0|    1|          0|
    |ap_block_pp0_stage0_subdone_grp6_done_reg_iter0   |   1|   0|    1|          0|
    |ap_block_pp0_stage0_subdone_grp70_done_reg_iter0  |   1|   0|    1|          0|
    |ap_block_pp0_stage0_subdone_grp7_done_reg_iter0   |   1|   0|    1|          0|
    |ap_block_pp0_stage0_subdone_grp8_done_reg_iter0   |   1|   0|    1|          0|
    |ap_block_pp0_stage0_subdone_grp9_done_reg_iter0   |   1|   0|    1|          0|
    |ap_done_reg                                       |   1|   0|    1|          0|
    |ap_enable_reg_pp0_iter1                           |   1|   0|    1|          0|
    |sum_out_10_reg_1093                               |  32|   0|   32|          0|
    |sum_out_12_reg_1098                               |  32|   0|   32|          0|
    |sum_out_13_reg_1103                               |  32|   0|   32|          0|
    |sum_out_16_reg_1108                               |  32|   0|   32|          0|
    |sum_out_17_reg_1113                               |  32|   0|   32|          0|
    |sum_out_1_reg_1053                                |  32|   0|   32|          0|
    |sum_out_20_reg_1118                               |  32|   0|   32|          0|
    |sum_out_21_reg_1123                               |  32|   0|   32|          0|
    |sum_out_25_reg_1128                               |  32|   0|   32|          0|
    |sum_out_26_reg_1133                               |  32|   0|   32|          0|
    |sum_out_2_reg_1058                                |  32|   0|   32|          0|
    |sum_out_30_reg_1138                               |  32|   0|   32|          0|
    |sum_out_34_reg_1143                               |  32|   0|   32|          0|
    |sum_out_3_reg_1063                                |  32|   0|   32|          0|
    |sum_out_4_reg_1068                                |  32|   0|   32|          0|
    |sum_out_5_reg_1073                                |  32|   0|   32|          0|
    |sum_out_6_reg_1078                                |  32|   0|   32|          0|
    |sum_out_7_reg_1083                                |  32|   0|   32|          0|
    |sum_out_9_reg_1088                                |  32|   0|   32|          0|
    |sum_out_reg_1048                                  |  32|   0|   32|          0|
    +--------------------------------------------------+----+----+-----+-----------+
    |Total                                             |1023|   0| 1023|          0|
    +--------------------------------------------------+----+----+-----+-----------+



================================================================
== Interface
================================================================
* Summary: 
+------------------------------+-----+-----+------------+--------------------------------+--------------+
|           RTL Ports          | Dir | Bits|  Protocol  |          Source Object         |    C Type    |
+------------------------------+-----+-----+------------+--------------------------------+--------------+
|ap_clk                        |   in|    1|  ap_ctrl_hs|  conv2d_5_stream_layer_post<9u>|  return value|
|ap_rst                        |   in|    1|  ap_ctrl_hs|  conv2d_5_stream_layer_post<9u>|  return value|
|ap_start                      |   in|    1|  ap_ctrl_hs|  conv2d_5_stream_layer_post<9u>|  return value|
|ap_done                       |  out|    1|  ap_ctrl_hs|  conv2d_5_stream_layer_post<9u>|  return value|
|ap_continue                   |   in|    1|  ap_ctrl_hs|  conv2d_5_stream_layer_post<9u>|  return value|
|ap_idle                       |  out|    1|  ap_ctrl_hs|  conv2d_5_stream_layer_post<9u>|  return value|
|ap_ready                      |  out|    1|  ap_ctrl_hs|  conv2d_5_stream_layer_post<9u>|  return value|
|sum_out5_0_0_dout             |   in|   32|     ap_fifo|                    sum_out5_0_0|       pointer|
|sum_out5_0_0_empty_n          |   in|    1|     ap_fifo|                    sum_out5_0_0|       pointer|
|sum_out5_0_0_read             |  out|    1|     ap_fifo|                    sum_out5_0_0|       pointer|
|sum_out5_0_0_num_data_valid   |   in|    3|     ap_fifo|                    sum_out5_0_0|       pointer|
|sum_out5_0_0_fifo_cap         |   in|    3|     ap_fifo|                    sum_out5_0_0|       pointer|
|sum_out5_0_1_dout             |   in|   32|     ap_fifo|                    sum_out5_0_1|       pointer|
|sum_out5_0_1_empty_n          |   in|    1|     ap_fifo|                    sum_out5_0_1|       pointer|
|sum_out5_0_1_read             |  out|    1|     ap_fifo|                    sum_out5_0_1|       pointer|
|sum_out5_0_1_num_data_valid   |   in|    3|     ap_fifo|                    sum_out5_0_1|       pointer|
|sum_out5_0_1_fifo_cap         |   in|    3|     ap_fifo|                    sum_out5_0_1|       pointer|
|sum_out5_0_2_dout             |   in|   32|     ap_fifo|                    sum_out5_0_2|       pointer|
|sum_out5_0_2_empty_n          |   in|    1|     ap_fifo|                    sum_out5_0_2|       pointer|
|sum_out5_0_2_read             |  out|    1|     ap_fifo|                    sum_out5_0_2|       pointer|
|sum_out5_0_2_num_data_valid   |   in|    3|     ap_fifo|                    sum_out5_0_2|       pointer|
|sum_out5_0_2_fifo_cap         |   in|    3|     ap_fifo|                    sum_out5_0_2|       pointer|
|sum_out5_0_3_dout             |   in|   32|     ap_fifo|                    sum_out5_0_3|       pointer|
|sum_out5_0_3_empty_n          |   in|    1|     ap_fifo|                    sum_out5_0_3|       pointer|
|sum_out5_0_3_read             |  out|    1|     ap_fifo|                    sum_out5_0_3|       pointer|
|sum_out5_0_3_num_data_valid   |   in|    3|     ap_fifo|                    sum_out5_0_3|       pointer|
|sum_out5_0_3_fifo_cap         |   in|    3|     ap_fifo|                    sum_out5_0_3|       pointer|
|sum_out5_0_4_dout             |   in|   32|     ap_fifo|                    sum_out5_0_4|       pointer|
|sum_out5_0_4_empty_n          |   in|    1|     ap_fifo|                    sum_out5_0_4|       pointer|
|sum_out5_0_4_read             |  out|    1|     ap_fifo|                    sum_out5_0_4|       pointer|
|sum_out5_0_4_num_data_valid   |   in|    3|     ap_fifo|                    sum_out5_0_4|       pointer|
|sum_out5_0_4_fifo_cap         |   in|    3|     ap_fifo|                    sum_out5_0_4|       pointer|
|sum_out5_0_5_dout             |   in|   32|     ap_fifo|                    sum_out5_0_5|       pointer|
|sum_out5_0_5_empty_n          |   in|    1|     ap_fifo|                    sum_out5_0_5|       pointer|
|sum_out5_0_5_read             |  out|    1|     ap_fifo|                    sum_out5_0_5|       pointer|
|sum_out5_0_5_num_data_valid   |   in|    3|     ap_fifo|                    sum_out5_0_5|       pointer|
|sum_out5_0_5_fifo_cap         |   in|    3|     ap_fifo|                    sum_out5_0_5|       pointer|
|sum_out5_0_6_dout             |   in|   32|     ap_fifo|                    sum_out5_0_6|       pointer|
|sum_out5_0_6_empty_n          |   in|    1|     ap_fifo|                    sum_out5_0_6|       pointer|
|sum_out5_0_6_read             |  out|    1|     ap_fifo|                    sum_out5_0_6|       pointer|
|sum_out5_0_6_num_data_valid   |   in|    3|     ap_fifo|                    sum_out5_0_6|       pointer|
|sum_out5_0_6_fifo_cap         |   in|    3|     ap_fifo|                    sum_out5_0_6|       pointer|
|sum_out5_0_7_dout             |   in|   32|     ap_fifo|                    sum_out5_0_7|       pointer|
|sum_out5_0_7_empty_n          |   in|    1|     ap_fifo|                    sum_out5_0_7|       pointer|
|sum_out5_0_7_read             |  out|    1|     ap_fifo|                    sum_out5_0_7|       pointer|
|sum_out5_0_7_num_data_valid   |   in|    3|     ap_fifo|                    sum_out5_0_7|       pointer|
|sum_out5_0_7_fifo_cap         |   in|    3|     ap_fifo|                    sum_out5_0_7|       pointer|
|sum_out5_0_8_dout             |   in|   32|     ap_fifo|                    sum_out5_0_8|       pointer|
|sum_out5_0_8_empty_n          |   in|    1|     ap_fifo|                    sum_out5_0_8|       pointer|
|sum_out5_0_8_read             |  out|    1|     ap_fifo|                    sum_out5_0_8|       pointer|
|sum_out5_0_8_num_data_valid   |   in|    3|     ap_fifo|                    sum_out5_0_8|       pointer|
|sum_out5_0_8_fifo_cap         |   in|    3|     ap_fifo|                    sum_out5_0_8|       pointer|
|sum_out5_0_9_dout             |   in|   32|     ap_fifo|                    sum_out5_0_9|       pointer|
|sum_out5_0_9_empty_n          |   in|    1|     ap_fifo|                    sum_out5_0_9|       pointer|
|sum_out5_0_9_read             |  out|    1|     ap_fifo|                    sum_out5_0_9|       pointer|
|sum_out5_0_9_num_data_valid   |   in|    3|     ap_fifo|                    sum_out5_0_9|       pointer|
|sum_out5_0_9_fifo_cap         |   in|    3|     ap_fifo|                    sum_out5_0_9|       pointer|
|sum_out5_1_0_dout             |   in|   32|     ap_fifo|                    sum_out5_1_0|       pointer|
|sum_out5_1_0_empty_n          |   in|    1|     ap_fifo|                    sum_out5_1_0|       pointer|
|sum_out5_1_0_read             |  out|    1|     ap_fifo|                    sum_out5_1_0|       pointer|
|sum_out5_1_0_num_data_valid   |   in|    3|     ap_fifo|                    sum_out5_1_0|       pointer|
|sum_out5_1_0_fifo_cap         |   in|    3|     ap_fifo|                    sum_out5_1_0|       pointer|
|sum_out5_1_1_dout             |   in|   32|     ap_fifo|                    sum_out5_1_1|       pointer|
|sum_out5_1_1_empty_n          |   in|    1|     ap_fifo|                    sum_out5_1_1|       pointer|
|sum_out5_1_1_read             |  out|    1|     ap_fifo|                    sum_out5_1_1|       pointer|
|sum_out5_1_1_num_data_valid   |   in|    3|     ap_fifo|                    sum_out5_1_1|       pointer|
|sum_out5_1_1_fifo_cap         |   in|    3|     ap_fifo|                    sum_out5_1_1|       pointer|
|sum_out5_1_2_dout             |   in|   32|     ap_fifo|                    sum_out5_1_2|       pointer|
|sum_out5_1_2_empty_n          |   in|    1|     ap_fifo|                    sum_out5_1_2|       pointer|
|sum_out5_1_2_read             |  out|    1|     ap_fifo|                    sum_out5_1_2|       pointer|
|sum_out5_1_2_num_data_valid   |   in|    3|     ap_fifo|                    sum_out5_1_2|       pointer|
|sum_out5_1_2_fifo_cap         |   in|    3|     ap_fifo|                    sum_out5_1_2|       pointer|
|sum_out5_1_3_dout             |   in|   32|     ap_fifo|                    sum_out5_1_3|       pointer|
|sum_out5_1_3_empty_n          |   in|    1|     ap_fifo|                    sum_out5_1_3|       pointer|
|sum_out5_1_3_read             |  out|    1|     ap_fifo|                    sum_out5_1_3|       pointer|
|sum_out5_1_3_num_data_valid   |   in|    3|     ap_fifo|                    sum_out5_1_3|       pointer|
|sum_out5_1_3_fifo_cap         |   in|    3|     ap_fifo|                    sum_out5_1_3|       pointer|
|sum_out5_1_4_dout             |   in|   32|     ap_fifo|                    sum_out5_1_4|       pointer|
|sum_out5_1_4_empty_n          |   in|    1|     ap_fifo|                    sum_out5_1_4|       pointer|
|sum_out5_1_4_read             |  out|    1|     ap_fifo|                    sum_out5_1_4|       pointer|
|sum_out5_1_4_num_data_valid   |   in|    3|     ap_fifo|                    sum_out5_1_4|       pointer|
|sum_out5_1_4_fifo_cap         |   in|    3|     ap_fifo|                    sum_out5_1_4|       pointer|
|sum_out5_1_5_dout             |   in|   32|     ap_fifo|                    sum_out5_1_5|       pointer|
|sum_out5_1_5_empty_n          |   in|    1|     ap_fifo|                    sum_out5_1_5|       pointer|
|sum_out5_1_5_read             |  out|    1|     ap_fifo|                    sum_out5_1_5|       pointer|
|sum_out5_1_5_num_data_valid   |   in|    3|     ap_fifo|                    sum_out5_1_5|       pointer|
|sum_out5_1_5_fifo_cap         |   in|    3|     ap_fifo|                    sum_out5_1_5|       pointer|
|sum_out5_1_6_dout             |   in|   32|     ap_fifo|                    sum_out5_1_6|       pointer|
|sum_out5_1_6_empty_n          |   in|    1|     ap_fifo|                    sum_out5_1_6|       pointer|
|sum_out5_1_6_read             |  out|    1|     ap_fifo|                    sum_out5_1_6|       pointer|
|sum_out5_1_6_num_data_valid   |   in|    3|     ap_fifo|                    sum_out5_1_6|       pointer|
|sum_out5_1_6_fifo_cap         |   in|    3|     ap_fifo|                    sum_out5_1_6|       pointer|
|sum_out5_1_7_dout             |   in|   32|     ap_fifo|                    sum_out5_1_7|       pointer|
|sum_out5_1_7_empty_n          |   in|    1|     ap_fifo|                    sum_out5_1_7|       pointer|
|sum_out5_1_7_read             |  out|    1|     ap_fifo|                    sum_out5_1_7|       pointer|
|sum_out5_1_7_num_data_valid   |   in|    3|     ap_fifo|                    sum_out5_1_7|       pointer|
|sum_out5_1_7_fifo_cap         |   in|    3|     ap_fifo|                    sum_out5_1_7|       pointer|
|sum_out5_1_8_dout             |   in|   32|     ap_fifo|                    sum_out5_1_8|       pointer|
|sum_out5_1_8_empty_n          |   in|    1|     ap_fifo|                    sum_out5_1_8|       pointer|
|sum_out5_1_8_read             |  out|    1|     ap_fifo|                    sum_out5_1_8|       pointer|
|sum_out5_1_8_num_data_valid   |   in|    3|     ap_fifo|                    sum_out5_1_8|       pointer|
|sum_out5_1_8_fifo_cap         |   in|    3|     ap_fifo|                    sum_out5_1_8|       pointer|
|sum_out5_1_9_dout             |   in|   32|     ap_fifo|                    sum_out5_1_9|       pointer|
|sum_out5_1_9_empty_n          |   in|    1|     ap_fifo|                    sum_out5_1_9|       pointer|
|sum_out5_1_9_read             |  out|    1|     ap_fifo|                    sum_out5_1_9|       pointer|
|sum_out5_1_9_num_data_valid   |   in|    3|     ap_fifo|                    sum_out5_1_9|       pointer|
|sum_out5_1_9_fifo_cap         |   in|    3|     ap_fifo|                    sum_out5_1_9|       pointer|
|sum_out5_2_0_dout             |   in|   32|     ap_fifo|                    sum_out5_2_0|       pointer|
|sum_out5_2_0_empty_n          |   in|    1|     ap_fifo|                    sum_out5_2_0|       pointer|
|sum_out5_2_0_read             |  out|    1|     ap_fifo|                    sum_out5_2_0|       pointer|
|sum_out5_2_0_num_data_valid   |   in|    3|     ap_fifo|                    sum_out5_2_0|       pointer|
|sum_out5_2_0_fifo_cap         |   in|    3|     ap_fifo|                    sum_out5_2_0|       pointer|
|sum_out5_2_1_dout             |   in|   32|     ap_fifo|                    sum_out5_2_1|       pointer|
|sum_out5_2_1_empty_n          |   in|    1|     ap_fifo|                    sum_out5_2_1|       pointer|
|sum_out5_2_1_read             |  out|    1|     ap_fifo|                    sum_out5_2_1|       pointer|
|sum_out5_2_1_num_data_valid   |   in|    3|     ap_fifo|                    sum_out5_2_1|       pointer|
|sum_out5_2_1_fifo_cap         |   in|    3|     ap_fifo|                    sum_out5_2_1|       pointer|
|sum_out5_2_2_dout             |   in|   32|     ap_fifo|                    sum_out5_2_2|       pointer|
|sum_out5_2_2_empty_n          |   in|    1|     ap_fifo|                    sum_out5_2_2|       pointer|
|sum_out5_2_2_read             |  out|    1|     ap_fifo|                    sum_out5_2_2|       pointer|
|sum_out5_2_2_num_data_valid   |   in|    3|     ap_fifo|                    sum_out5_2_2|       pointer|
|sum_out5_2_2_fifo_cap         |   in|    3|     ap_fifo|                    sum_out5_2_2|       pointer|
|sum_out5_2_3_dout             |   in|   32|     ap_fifo|                    sum_out5_2_3|       pointer|
|sum_out5_2_3_empty_n          |   in|    1|     ap_fifo|                    sum_out5_2_3|       pointer|
|sum_out5_2_3_read             |  out|    1|     ap_fifo|                    sum_out5_2_3|       pointer|
|sum_out5_2_3_num_data_valid   |   in|    3|     ap_fifo|                    sum_out5_2_3|       pointer|
|sum_out5_2_3_fifo_cap         |   in|    3|     ap_fifo|                    sum_out5_2_3|       pointer|
|sum_out5_2_4_dout             |   in|   32|     ap_fifo|                    sum_out5_2_4|       pointer|
|sum_out5_2_4_empty_n          |   in|    1|     ap_fifo|                    sum_out5_2_4|       pointer|
|sum_out5_2_4_read             |  out|    1|     ap_fifo|                    sum_out5_2_4|       pointer|
|sum_out5_2_4_num_data_valid   |   in|    3|     ap_fifo|                    sum_out5_2_4|       pointer|
|sum_out5_2_4_fifo_cap         |   in|    3|     ap_fifo|                    sum_out5_2_4|       pointer|
|sum_out5_2_5_dout             |   in|   32|     ap_fifo|                    sum_out5_2_5|       pointer|
|sum_out5_2_5_empty_n          |   in|    1|     ap_fifo|                    sum_out5_2_5|       pointer|
|sum_out5_2_5_read             |  out|    1|     ap_fifo|                    sum_out5_2_5|       pointer|
|sum_out5_2_5_num_data_valid   |   in|    3|     ap_fifo|                    sum_out5_2_5|       pointer|
|sum_out5_2_5_fifo_cap         |   in|    3|     ap_fifo|                    sum_out5_2_5|       pointer|
|sum_out5_2_6_dout             |   in|   32|     ap_fifo|                    sum_out5_2_6|       pointer|
|sum_out5_2_6_empty_n          |   in|    1|     ap_fifo|                    sum_out5_2_6|       pointer|
|sum_out5_2_6_read             |  out|    1|     ap_fifo|                    sum_out5_2_6|       pointer|
|sum_out5_2_6_num_data_valid   |   in|    3|     ap_fifo|                    sum_out5_2_6|       pointer|
|sum_out5_2_6_fifo_cap         |   in|    3|     ap_fifo|                    sum_out5_2_6|       pointer|
|sum_out5_2_7_dout             |   in|   32|     ap_fifo|                    sum_out5_2_7|       pointer|
|sum_out5_2_7_empty_n          |   in|    1|     ap_fifo|                    sum_out5_2_7|       pointer|
|sum_out5_2_7_read             |  out|    1|     ap_fifo|                    sum_out5_2_7|       pointer|
|sum_out5_2_7_num_data_valid   |   in|    3|     ap_fifo|                    sum_out5_2_7|       pointer|
|sum_out5_2_7_fifo_cap         |   in|    3|     ap_fifo|                    sum_out5_2_7|       pointer|
|sum_out5_2_8_dout             |   in|   32|     ap_fifo|                    sum_out5_2_8|       pointer|
|sum_out5_2_8_empty_n          |   in|    1|     ap_fifo|                    sum_out5_2_8|       pointer|
|sum_out5_2_8_read             |  out|    1|     ap_fifo|                    sum_out5_2_8|       pointer|
|sum_out5_2_8_num_data_valid   |   in|    3|     ap_fifo|                    sum_out5_2_8|       pointer|
|sum_out5_2_8_fifo_cap         |   in|    3|     ap_fifo|                    sum_out5_2_8|       pointer|
|sum_out5_2_9_dout             |   in|   32|     ap_fifo|                    sum_out5_2_9|       pointer|
|sum_out5_2_9_empty_n          |   in|    1|     ap_fifo|                    sum_out5_2_9|       pointer|
|sum_out5_2_9_read             |  out|    1|     ap_fifo|                    sum_out5_2_9|       pointer|
|sum_out5_2_9_num_data_valid   |   in|    3|     ap_fifo|                    sum_out5_2_9|       pointer|
|sum_out5_2_9_fifo_cap         |   in|    3|     ap_fifo|                    sum_out5_2_9|       pointer|
|sum_out5_3_0_dout             |   in|   32|     ap_fifo|                    sum_out5_3_0|       pointer|
|sum_out5_3_0_empty_n          |   in|    1|     ap_fifo|                    sum_out5_3_0|       pointer|
|sum_out5_3_0_read             |  out|    1|     ap_fifo|                    sum_out5_3_0|       pointer|
|sum_out5_3_0_num_data_valid   |   in|    3|     ap_fifo|                    sum_out5_3_0|       pointer|
|sum_out5_3_0_fifo_cap         |   in|    3|     ap_fifo|                    sum_out5_3_0|       pointer|
|sum_out5_3_1_dout             |   in|   32|     ap_fifo|                    sum_out5_3_1|       pointer|
|sum_out5_3_1_empty_n          |   in|    1|     ap_fifo|                    sum_out5_3_1|       pointer|
|sum_out5_3_1_read             |  out|    1|     ap_fifo|                    sum_out5_3_1|       pointer|
|sum_out5_3_1_num_data_valid   |   in|    3|     ap_fifo|                    sum_out5_3_1|       pointer|
|sum_out5_3_1_fifo_cap         |   in|    3|     ap_fifo|                    sum_out5_3_1|       pointer|
|sum_out5_3_2_dout             |   in|   32|     ap_fifo|                    sum_out5_3_2|       pointer|
|sum_out5_3_2_empty_n          |   in|    1|     ap_fifo|                    sum_out5_3_2|       pointer|
|sum_out5_3_2_read             |  out|    1|     ap_fifo|                    sum_out5_3_2|       pointer|
|sum_out5_3_2_num_data_valid   |   in|    3|     ap_fifo|                    sum_out5_3_2|       pointer|
|sum_out5_3_2_fifo_cap         |   in|    3|     ap_fifo|                    sum_out5_3_2|       pointer|
|sum_out5_3_3_dout             |   in|   32|     ap_fifo|                    sum_out5_3_3|       pointer|
|sum_out5_3_3_empty_n          |   in|    1|     ap_fifo|                    sum_out5_3_3|       pointer|
|sum_out5_3_3_read             |  out|    1|     ap_fifo|                    sum_out5_3_3|       pointer|
|sum_out5_3_3_num_data_valid   |   in|    3|     ap_fifo|                    sum_out5_3_3|       pointer|
|sum_out5_3_3_fifo_cap         |   in|    3|     ap_fifo|                    sum_out5_3_3|       pointer|
|sum_out5_3_4_dout             |   in|   32|     ap_fifo|                    sum_out5_3_4|       pointer|
|sum_out5_3_4_empty_n          |   in|    1|     ap_fifo|                    sum_out5_3_4|       pointer|
|sum_out5_3_4_read             |  out|    1|     ap_fifo|                    sum_out5_3_4|       pointer|
|sum_out5_3_4_num_data_valid   |   in|    3|     ap_fifo|                    sum_out5_3_4|       pointer|
|sum_out5_3_4_fifo_cap         |   in|    3|     ap_fifo|                    sum_out5_3_4|       pointer|
|sum_out5_3_5_dout             |   in|   32|     ap_fifo|                    sum_out5_3_5|       pointer|
|sum_out5_3_5_empty_n          |   in|    1|     ap_fifo|                    sum_out5_3_5|       pointer|
|sum_out5_3_5_read             |  out|    1|     ap_fifo|                    sum_out5_3_5|       pointer|
|sum_out5_3_5_num_data_valid   |   in|    3|     ap_fifo|                    sum_out5_3_5|       pointer|
|sum_out5_3_5_fifo_cap         |   in|    3|     ap_fifo|                    sum_out5_3_5|       pointer|
|sum_out5_3_6_dout             |   in|   32|     ap_fifo|                    sum_out5_3_6|       pointer|
|sum_out5_3_6_empty_n          |   in|    1|     ap_fifo|                    sum_out5_3_6|       pointer|
|sum_out5_3_6_read             |  out|    1|     ap_fifo|                    sum_out5_3_6|       pointer|
|sum_out5_3_6_num_data_valid   |   in|    3|     ap_fifo|                    sum_out5_3_6|       pointer|
|sum_out5_3_6_fifo_cap         |   in|    3|     ap_fifo|                    sum_out5_3_6|       pointer|
|sum_out5_3_7_dout             |   in|   32|     ap_fifo|                    sum_out5_3_7|       pointer|
|sum_out5_3_7_empty_n          |   in|    1|     ap_fifo|                    sum_out5_3_7|       pointer|
|sum_out5_3_7_read             |  out|    1|     ap_fifo|                    sum_out5_3_7|       pointer|
|sum_out5_3_7_num_data_valid   |   in|    3|     ap_fifo|                    sum_out5_3_7|       pointer|
|sum_out5_3_7_fifo_cap         |   in|    3|     ap_fifo|                    sum_out5_3_7|       pointer|
|sum_out5_3_8_dout             |   in|   32|     ap_fifo|                    sum_out5_3_8|       pointer|
|sum_out5_3_8_empty_n          |   in|    1|     ap_fifo|                    sum_out5_3_8|       pointer|
|sum_out5_3_8_read             |  out|    1|     ap_fifo|                    sum_out5_3_8|       pointer|
|sum_out5_3_8_num_data_valid   |   in|    3|     ap_fifo|                    sum_out5_3_8|       pointer|
|sum_out5_3_8_fifo_cap         |   in|    3|     ap_fifo|                    sum_out5_3_8|       pointer|
|sum_out5_3_9_dout             |   in|   32|     ap_fifo|                    sum_out5_3_9|       pointer|
|sum_out5_3_9_empty_n          |   in|    1|     ap_fifo|                    sum_out5_3_9|       pointer|
|sum_out5_3_9_read             |  out|    1|     ap_fifo|                    sum_out5_3_9|       pointer|
|sum_out5_3_9_num_data_valid   |   in|    3|     ap_fifo|                    sum_out5_3_9|       pointer|
|sum_out5_3_9_fifo_cap         |   in|    3|     ap_fifo|                    sum_out5_3_9|       pointer|
|sum_out5_4_0_dout             |   in|   32|     ap_fifo|                    sum_out5_4_0|       pointer|
|sum_out5_4_0_empty_n          |   in|    1|     ap_fifo|                    sum_out5_4_0|       pointer|
|sum_out5_4_0_read             |  out|    1|     ap_fifo|                    sum_out5_4_0|       pointer|
|sum_out5_4_0_num_data_valid   |   in|    3|     ap_fifo|                    sum_out5_4_0|       pointer|
|sum_out5_4_0_fifo_cap         |   in|    3|     ap_fifo|                    sum_out5_4_0|       pointer|
|sum_out5_4_1_dout             |   in|   32|     ap_fifo|                    sum_out5_4_1|       pointer|
|sum_out5_4_1_empty_n          |   in|    1|     ap_fifo|                    sum_out5_4_1|       pointer|
|sum_out5_4_1_read             |  out|    1|     ap_fifo|                    sum_out5_4_1|       pointer|
|sum_out5_4_1_num_data_valid   |   in|    3|     ap_fifo|                    sum_out5_4_1|       pointer|
|sum_out5_4_1_fifo_cap         |   in|    3|     ap_fifo|                    sum_out5_4_1|       pointer|
|sum_out5_4_2_dout             |   in|   32|     ap_fifo|                    sum_out5_4_2|       pointer|
|sum_out5_4_2_empty_n          |   in|    1|     ap_fifo|                    sum_out5_4_2|       pointer|
|sum_out5_4_2_read             |  out|    1|     ap_fifo|                    sum_out5_4_2|       pointer|
|sum_out5_4_2_num_data_valid   |   in|    3|     ap_fifo|                    sum_out5_4_2|       pointer|
|sum_out5_4_2_fifo_cap         |   in|    3|     ap_fifo|                    sum_out5_4_2|       pointer|
|sum_out5_4_3_dout             |   in|   32|     ap_fifo|                    sum_out5_4_3|       pointer|
|sum_out5_4_3_empty_n          |   in|    1|     ap_fifo|                    sum_out5_4_3|       pointer|
|sum_out5_4_3_read             |  out|    1|     ap_fifo|                    sum_out5_4_3|       pointer|
|sum_out5_4_3_num_data_valid   |   in|    3|     ap_fifo|                    sum_out5_4_3|       pointer|
|sum_out5_4_3_fifo_cap         |   in|    3|     ap_fifo|                    sum_out5_4_3|       pointer|
|sum_out5_4_4_dout             |   in|   32|     ap_fifo|                    sum_out5_4_4|       pointer|
|sum_out5_4_4_empty_n          |   in|    1|     ap_fifo|                    sum_out5_4_4|       pointer|
|sum_out5_4_4_read             |  out|    1|     ap_fifo|                    sum_out5_4_4|       pointer|
|sum_out5_4_4_num_data_valid   |   in|    3|     ap_fifo|                    sum_out5_4_4|       pointer|
|sum_out5_4_4_fifo_cap         |   in|    3|     ap_fifo|                    sum_out5_4_4|       pointer|
|sum_out5_4_5_dout             |   in|   32|     ap_fifo|                    sum_out5_4_5|       pointer|
|sum_out5_4_5_empty_n          |   in|    1|     ap_fifo|                    sum_out5_4_5|       pointer|
|sum_out5_4_5_read             |  out|    1|     ap_fifo|                    sum_out5_4_5|       pointer|
|sum_out5_4_5_num_data_valid   |   in|    3|     ap_fifo|                    sum_out5_4_5|       pointer|
|sum_out5_4_5_fifo_cap         |   in|    3|     ap_fifo|                    sum_out5_4_5|       pointer|
|sum_out5_4_6_dout             |   in|   32|     ap_fifo|                    sum_out5_4_6|       pointer|
|sum_out5_4_6_empty_n          |   in|    1|     ap_fifo|                    sum_out5_4_6|       pointer|
|sum_out5_4_6_read             |  out|    1|     ap_fifo|                    sum_out5_4_6|       pointer|
|sum_out5_4_6_num_data_valid   |   in|    3|     ap_fifo|                    sum_out5_4_6|       pointer|
|sum_out5_4_6_fifo_cap         |   in|    3|     ap_fifo|                    sum_out5_4_6|       pointer|
|sum_out5_4_7_dout             |   in|   32|     ap_fifo|                    sum_out5_4_7|       pointer|
|sum_out5_4_7_empty_n          |   in|    1|     ap_fifo|                    sum_out5_4_7|       pointer|
|sum_out5_4_7_read             |  out|    1|     ap_fifo|                    sum_out5_4_7|       pointer|
|sum_out5_4_7_num_data_valid   |   in|    3|     ap_fifo|                    sum_out5_4_7|       pointer|
|sum_out5_4_7_fifo_cap         |   in|    3|     ap_fifo|                    sum_out5_4_7|       pointer|
|sum_out5_4_8_dout             |   in|   32|     ap_fifo|                    sum_out5_4_8|       pointer|
|sum_out5_4_8_empty_n          |   in|    1|     ap_fifo|                    sum_out5_4_8|       pointer|
|sum_out5_4_8_read             |  out|    1|     ap_fifo|                    sum_out5_4_8|       pointer|
|sum_out5_4_8_num_data_valid   |   in|    3|     ap_fifo|                    sum_out5_4_8|       pointer|
|sum_out5_4_8_fifo_cap         |   in|    3|     ap_fifo|                    sum_out5_4_8|       pointer|
|sum_out5_4_9_dout             |   in|   32|     ap_fifo|                    sum_out5_4_9|       pointer|
|sum_out5_4_9_empty_n          |   in|    1|     ap_fifo|                    sum_out5_4_9|       pointer|
|sum_out5_4_9_read             |  out|    1|     ap_fifo|                    sum_out5_4_9|       pointer|
|sum_out5_4_9_num_data_valid   |   in|    3|     ap_fifo|                    sum_out5_4_9|       pointer|
|sum_out5_4_9_fifo_cap         |   in|    3|     ap_fifo|                    sum_out5_4_9|       pointer|
|sum_out5_5_0_dout             |   in|   32|     ap_fifo|                    sum_out5_5_0|       pointer|
|sum_out5_5_0_empty_n          |   in|    1|     ap_fifo|                    sum_out5_5_0|       pointer|
|sum_out5_5_0_read             |  out|    1|     ap_fifo|                    sum_out5_5_0|       pointer|
|sum_out5_5_0_num_data_valid   |   in|    3|     ap_fifo|                    sum_out5_5_0|       pointer|
|sum_out5_5_0_fifo_cap         |   in|    3|     ap_fifo|                    sum_out5_5_0|       pointer|
|sum_out5_5_1_dout             |   in|   32|     ap_fifo|                    sum_out5_5_1|       pointer|
|sum_out5_5_1_empty_n          |   in|    1|     ap_fifo|                    sum_out5_5_1|       pointer|
|sum_out5_5_1_read             |  out|    1|     ap_fifo|                    sum_out5_5_1|       pointer|
|sum_out5_5_1_num_data_valid   |   in|    3|     ap_fifo|                    sum_out5_5_1|       pointer|
|sum_out5_5_1_fifo_cap         |   in|    3|     ap_fifo|                    sum_out5_5_1|       pointer|
|sum_out5_5_2_dout             |   in|   32|     ap_fifo|                    sum_out5_5_2|       pointer|
|sum_out5_5_2_empty_n          |   in|    1|     ap_fifo|                    sum_out5_5_2|       pointer|
|sum_out5_5_2_read             |  out|    1|     ap_fifo|                    sum_out5_5_2|       pointer|
|sum_out5_5_2_num_data_valid   |   in|    3|     ap_fifo|                    sum_out5_5_2|       pointer|
|sum_out5_5_2_fifo_cap         |   in|    3|     ap_fifo|                    sum_out5_5_2|       pointer|
|sum_out5_5_3_dout             |   in|   32|     ap_fifo|                    sum_out5_5_3|       pointer|
|sum_out5_5_3_empty_n          |   in|    1|     ap_fifo|                    sum_out5_5_3|       pointer|
|sum_out5_5_3_read             |  out|    1|     ap_fifo|                    sum_out5_5_3|       pointer|
|sum_out5_5_3_num_data_valid   |   in|    3|     ap_fifo|                    sum_out5_5_3|       pointer|
|sum_out5_5_3_fifo_cap         |   in|    3|     ap_fifo|                    sum_out5_5_3|       pointer|
|sum_out5_5_4_dout             |   in|   32|     ap_fifo|                    sum_out5_5_4|       pointer|
|sum_out5_5_4_empty_n          |   in|    1|     ap_fifo|                    sum_out5_5_4|       pointer|
|sum_out5_5_4_read             |  out|    1|     ap_fifo|                    sum_out5_5_4|       pointer|
|sum_out5_5_4_num_data_valid   |   in|    3|     ap_fifo|                    sum_out5_5_4|       pointer|
|sum_out5_5_4_fifo_cap         |   in|    3|     ap_fifo|                    sum_out5_5_4|       pointer|
|sum_out5_5_5_dout             |   in|   32|     ap_fifo|                    sum_out5_5_5|       pointer|
|sum_out5_5_5_empty_n          |   in|    1|     ap_fifo|                    sum_out5_5_5|       pointer|
|sum_out5_5_5_read             |  out|    1|     ap_fifo|                    sum_out5_5_5|       pointer|
|sum_out5_5_5_num_data_valid   |   in|    3|     ap_fifo|                    sum_out5_5_5|       pointer|
|sum_out5_5_5_fifo_cap         |   in|    3|     ap_fifo|                    sum_out5_5_5|       pointer|
|sum_out5_5_6_dout             |   in|   32|     ap_fifo|                    sum_out5_5_6|       pointer|
|sum_out5_5_6_empty_n          |   in|    1|     ap_fifo|                    sum_out5_5_6|       pointer|
|sum_out5_5_6_read             |  out|    1|     ap_fifo|                    sum_out5_5_6|       pointer|
|sum_out5_5_6_num_data_valid   |   in|    3|     ap_fifo|                    sum_out5_5_6|       pointer|
|sum_out5_5_6_fifo_cap         |   in|    3|     ap_fifo|                    sum_out5_5_6|       pointer|
|sum_out5_5_7_dout             |   in|   32|     ap_fifo|                    sum_out5_5_7|       pointer|
|sum_out5_5_7_empty_n          |   in|    1|     ap_fifo|                    sum_out5_5_7|       pointer|
|sum_out5_5_7_read             |  out|    1|     ap_fifo|                    sum_out5_5_7|       pointer|
|sum_out5_5_7_num_data_valid   |   in|    3|     ap_fifo|                    sum_out5_5_7|       pointer|
|sum_out5_5_7_fifo_cap         |   in|    3|     ap_fifo|                    sum_out5_5_7|       pointer|
|sum_out5_5_8_dout             |   in|   32|     ap_fifo|                    sum_out5_5_8|       pointer|
|sum_out5_5_8_empty_n          |   in|    1|     ap_fifo|                    sum_out5_5_8|       pointer|
|sum_out5_5_8_read             |  out|    1|     ap_fifo|                    sum_out5_5_8|       pointer|
|sum_out5_5_8_num_data_valid   |   in|    3|     ap_fifo|                    sum_out5_5_8|       pointer|
|sum_out5_5_8_fifo_cap         |   in|    3|     ap_fifo|                    sum_out5_5_8|       pointer|
|sum_out5_5_9_dout             |   in|   32|     ap_fifo|                    sum_out5_5_9|       pointer|
|sum_out5_5_9_empty_n          |   in|    1|     ap_fifo|                    sum_out5_5_9|       pointer|
|sum_out5_5_9_read             |  out|    1|     ap_fifo|                    sum_out5_5_9|       pointer|
|sum_out5_5_9_num_data_valid   |   in|    3|     ap_fifo|                    sum_out5_5_9|       pointer|
|sum_out5_5_9_fifo_cap         |   in|    3|     ap_fifo|                    sum_out5_5_9|       pointer|
|sum_out5_6_0_dout             |   in|   32|     ap_fifo|                    sum_out5_6_0|       pointer|
|sum_out5_6_0_empty_n          |   in|    1|     ap_fifo|                    sum_out5_6_0|       pointer|
|sum_out5_6_0_read             |  out|    1|     ap_fifo|                    sum_out5_6_0|       pointer|
|sum_out5_6_0_num_data_valid   |   in|    3|     ap_fifo|                    sum_out5_6_0|       pointer|
|sum_out5_6_0_fifo_cap         |   in|    3|     ap_fifo|                    sum_out5_6_0|       pointer|
|sum_out5_6_1_dout             |   in|   32|     ap_fifo|                    sum_out5_6_1|       pointer|
|sum_out5_6_1_empty_n          |   in|    1|     ap_fifo|                    sum_out5_6_1|       pointer|
|sum_out5_6_1_read             |  out|    1|     ap_fifo|                    sum_out5_6_1|       pointer|
|sum_out5_6_1_num_data_valid   |   in|    3|     ap_fifo|                    sum_out5_6_1|       pointer|
|sum_out5_6_1_fifo_cap         |   in|    3|     ap_fifo|                    sum_out5_6_1|       pointer|
|sum_out5_6_2_dout             |   in|   32|     ap_fifo|                    sum_out5_6_2|       pointer|
|sum_out5_6_2_empty_n          |   in|    1|     ap_fifo|                    sum_out5_6_2|       pointer|
|sum_out5_6_2_read             |  out|    1|     ap_fifo|                    sum_out5_6_2|       pointer|
|sum_out5_6_2_num_data_valid   |   in|    3|     ap_fifo|                    sum_out5_6_2|       pointer|
|sum_out5_6_2_fifo_cap         |   in|    3|     ap_fifo|                    sum_out5_6_2|       pointer|
|sum_out5_6_3_dout             |   in|   32|     ap_fifo|                    sum_out5_6_3|       pointer|
|sum_out5_6_3_empty_n          |   in|    1|     ap_fifo|                    sum_out5_6_3|       pointer|
|sum_out5_6_3_read             |  out|    1|     ap_fifo|                    sum_out5_6_3|       pointer|
|sum_out5_6_3_num_data_valid   |   in|    3|     ap_fifo|                    sum_out5_6_3|       pointer|
|sum_out5_6_3_fifo_cap         |   in|    3|     ap_fifo|                    sum_out5_6_3|       pointer|
|sum_out5_6_4_dout             |   in|   32|     ap_fifo|                    sum_out5_6_4|       pointer|
|sum_out5_6_4_empty_n          |   in|    1|     ap_fifo|                    sum_out5_6_4|       pointer|
|sum_out5_6_4_read             |  out|    1|     ap_fifo|                    sum_out5_6_4|       pointer|
|sum_out5_6_4_num_data_valid   |   in|    3|     ap_fifo|                    sum_out5_6_4|       pointer|
|sum_out5_6_4_fifo_cap         |   in|    3|     ap_fifo|                    sum_out5_6_4|       pointer|
|sum_out5_6_5_dout             |   in|   32|     ap_fifo|                    sum_out5_6_5|       pointer|
|sum_out5_6_5_empty_n          |   in|    1|     ap_fifo|                    sum_out5_6_5|       pointer|
|sum_out5_6_5_read             |  out|    1|     ap_fifo|                    sum_out5_6_5|       pointer|
|sum_out5_6_5_num_data_valid   |   in|    3|     ap_fifo|                    sum_out5_6_5|       pointer|
|sum_out5_6_5_fifo_cap         |   in|    3|     ap_fifo|                    sum_out5_6_5|       pointer|
|sum_out5_6_6_dout             |   in|   32|     ap_fifo|                    sum_out5_6_6|       pointer|
|sum_out5_6_6_empty_n          |   in|    1|     ap_fifo|                    sum_out5_6_6|       pointer|
|sum_out5_6_6_read             |  out|    1|     ap_fifo|                    sum_out5_6_6|       pointer|
|sum_out5_6_6_num_data_valid   |   in|    3|     ap_fifo|                    sum_out5_6_6|       pointer|
|sum_out5_6_6_fifo_cap         |   in|    3|     ap_fifo|                    sum_out5_6_6|       pointer|
|sum_out5_6_7_dout             |   in|   32|     ap_fifo|                    sum_out5_6_7|       pointer|
|sum_out5_6_7_empty_n          |   in|    1|     ap_fifo|                    sum_out5_6_7|       pointer|
|sum_out5_6_7_read             |  out|    1|     ap_fifo|                    sum_out5_6_7|       pointer|
|sum_out5_6_7_num_data_valid   |   in|    3|     ap_fifo|                    sum_out5_6_7|       pointer|
|sum_out5_6_7_fifo_cap         |   in|    3|     ap_fifo|                    sum_out5_6_7|       pointer|
|sum_out5_6_8_dout             |   in|   32|     ap_fifo|                    sum_out5_6_8|       pointer|
|sum_out5_6_8_empty_n          |   in|    1|     ap_fifo|                    sum_out5_6_8|       pointer|
|sum_out5_6_8_read             |  out|    1|     ap_fifo|                    sum_out5_6_8|       pointer|
|sum_out5_6_8_num_data_valid   |   in|    3|     ap_fifo|                    sum_out5_6_8|       pointer|
|sum_out5_6_8_fifo_cap         |   in|    3|     ap_fifo|                    sum_out5_6_8|       pointer|
|sum_out5_6_9_dout             |   in|   32|     ap_fifo|                    sum_out5_6_9|       pointer|
|sum_out5_6_9_empty_n          |   in|    1|     ap_fifo|                    sum_out5_6_9|       pointer|
|sum_out5_6_9_read             |  out|    1|     ap_fifo|                    sum_out5_6_9|       pointer|
|sum_out5_6_9_num_data_valid   |   in|    3|     ap_fifo|                    sum_out5_6_9|       pointer|
|sum_out5_6_9_fifo_cap         |   in|    3|     ap_fifo|                    sum_out5_6_9|       pointer|
|sum_out5_7_0_dout             |   in|   32|     ap_fifo|                    sum_out5_7_0|       pointer|
|sum_out5_7_0_empty_n          |   in|    1|     ap_fifo|                    sum_out5_7_0|       pointer|
|sum_out5_7_0_read             |  out|    1|     ap_fifo|                    sum_out5_7_0|       pointer|
|sum_out5_7_0_num_data_valid   |   in|    3|     ap_fifo|                    sum_out5_7_0|       pointer|
|sum_out5_7_0_fifo_cap         |   in|    3|     ap_fifo|                    sum_out5_7_0|       pointer|
|sum_out5_7_1_dout             |   in|   32|     ap_fifo|                    sum_out5_7_1|       pointer|
|sum_out5_7_1_empty_n          |   in|    1|     ap_fifo|                    sum_out5_7_1|       pointer|
|sum_out5_7_1_read             |  out|    1|     ap_fifo|                    sum_out5_7_1|       pointer|
|sum_out5_7_1_num_data_valid   |   in|    3|     ap_fifo|                    sum_out5_7_1|       pointer|
|sum_out5_7_1_fifo_cap         |   in|    3|     ap_fifo|                    sum_out5_7_1|       pointer|
|sum_out5_7_2_dout             |   in|   32|     ap_fifo|                    sum_out5_7_2|       pointer|
|sum_out5_7_2_empty_n          |   in|    1|     ap_fifo|                    sum_out5_7_2|       pointer|
|sum_out5_7_2_read             |  out|    1|     ap_fifo|                    sum_out5_7_2|       pointer|
|sum_out5_7_2_num_data_valid   |   in|    3|     ap_fifo|                    sum_out5_7_2|       pointer|
|sum_out5_7_2_fifo_cap         |   in|    3|     ap_fifo|                    sum_out5_7_2|       pointer|
|sum_out5_7_3_dout             |   in|   32|     ap_fifo|                    sum_out5_7_3|       pointer|
|sum_out5_7_3_empty_n          |   in|    1|     ap_fifo|                    sum_out5_7_3|       pointer|
|sum_out5_7_3_read             |  out|    1|     ap_fifo|                    sum_out5_7_3|       pointer|
|sum_out5_7_3_num_data_valid   |   in|    3|     ap_fifo|                    sum_out5_7_3|       pointer|
|sum_out5_7_3_fifo_cap         |   in|    3|     ap_fifo|                    sum_out5_7_3|       pointer|
|sum_out5_7_4_dout             |   in|   32|     ap_fifo|                    sum_out5_7_4|       pointer|
|sum_out5_7_4_empty_n          |   in|    1|     ap_fifo|                    sum_out5_7_4|       pointer|
|sum_out5_7_4_read             |  out|    1|     ap_fifo|                    sum_out5_7_4|       pointer|
|sum_out5_7_4_num_data_valid   |   in|    3|     ap_fifo|                    sum_out5_7_4|       pointer|
|sum_out5_7_4_fifo_cap         |   in|    3|     ap_fifo|                    sum_out5_7_4|       pointer|
|sum_out5_7_5_dout             |   in|   32|     ap_fifo|                    sum_out5_7_5|       pointer|
|sum_out5_7_5_empty_n          |   in|    1|     ap_fifo|                    sum_out5_7_5|       pointer|
|sum_out5_7_5_read             |  out|    1|     ap_fifo|                    sum_out5_7_5|       pointer|
|sum_out5_7_5_num_data_valid   |   in|    3|     ap_fifo|                    sum_out5_7_5|       pointer|
|sum_out5_7_5_fifo_cap         |   in|    3|     ap_fifo|                    sum_out5_7_5|       pointer|
|sum_out5_7_6_dout             |   in|   32|     ap_fifo|                    sum_out5_7_6|       pointer|
|sum_out5_7_6_empty_n          |   in|    1|     ap_fifo|                    sum_out5_7_6|       pointer|
|sum_out5_7_6_read             |  out|    1|     ap_fifo|                    sum_out5_7_6|       pointer|
|sum_out5_7_6_num_data_valid   |   in|    3|     ap_fifo|                    sum_out5_7_6|       pointer|
|sum_out5_7_6_fifo_cap         |   in|    3|     ap_fifo|                    sum_out5_7_6|       pointer|
|sum_out5_7_7_dout             |   in|   32|     ap_fifo|                    sum_out5_7_7|       pointer|
|sum_out5_7_7_empty_n          |   in|    1|     ap_fifo|                    sum_out5_7_7|       pointer|
|sum_out5_7_7_read             |  out|    1|     ap_fifo|                    sum_out5_7_7|       pointer|
|sum_out5_7_7_num_data_valid   |   in|    3|     ap_fifo|                    sum_out5_7_7|       pointer|
|sum_out5_7_7_fifo_cap         |   in|    3|     ap_fifo|                    sum_out5_7_7|       pointer|
|sum_out5_7_8_dout             |   in|   32|     ap_fifo|                    sum_out5_7_8|       pointer|
|sum_out5_7_8_empty_n          |   in|    1|     ap_fifo|                    sum_out5_7_8|       pointer|
|sum_out5_7_8_read             |  out|    1|     ap_fifo|                    sum_out5_7_8|       pointer|
|sum_out5_7_8_num_data_valid   |   in|    3|     ap_fifo|                    sum_out5_7_8|       pointer|
|sum_out5_7_8_fifo_cap         |   in|    3|     ap_fifo|                    sum_out5_7_8|       pointer|
|sum_out5_7_9_dout             |   in|   32|     ap_fifo|                    sum_out5_7_9|       pointer|
|sum_out5_7_9_empty_n          |   in|    1|     ap_fifo|                    sum_out5_7_9|       pointer|
|sum_out5_7_9_read             |  out|    1|     ap_fifo|                    sum_out5_7_9|       pointer|
|sum_out5_7_9_num_data_valid   |   in|    3|     ap_fifo|                    sum_out5_7_9|       pointer|
|sum_out5_7_9_fifo_cap         |   in|    3|     ap_fifo|                    sum_out5_7_9|       pointer|
|sum_out5_8_0_dout             |   in|   32|     ap_fifo|                    sum_out5_8_0|       pointer|
|sum_out5_8_0_empty_n          |   in|    1|     ap_fifo|                    sum_out5_8_0|       pointer|
|sum_out5_8_0_read             |  out|    1|     ap_fifo|                    sum_out5_8_0|       pointer|
|sum_out5_8_0_num_data_valid   |   in|    3|     ap_fifo|                    sum_out5_8_0|       pointer|
|sum_out5_8_0_fifo_cap         |   in|    3|     ap_fifo|                    sum_out5_8_0|       pointer|
|sum_out5_8_1_dout             |   in|   32|     ap_fifo|                    sum_out5_8_1|       pointer|
|sum_out5_8_1_empty_n          |   in|    1|     ap_fifo|                    sum_out5_8_1|       pointer|
|sum_out5_8_1_read             |  out|    1|     ap_fifo|                    sum_out5_8_1|       pointer|
|sum_out5_8_1_num_data_valid   |   in|    3|     ap_fifo|                    sum_out5_8_1|       pointer|
|sum_out5_8_1_fifo_cap         |   in|    3|     ap_fifo|                    sum_out5_8_1|       pointer|
|sum_out5_8_2_dout             |   in|   32|     ap_fifo|                    sum_out5_8_2|       pointer|
|sum_out5_8_2_empty_n          |   in|    1|     ap_fifo|                    sum_out5_8_2|       pointer|
|sum_out5_8_2_read             |  out|    1|     ap_fifo|                    sum_out5_8_2|       pointer|
|sum_out5_8_2_num_data_valid   |   in|    3|     ap_fifo|                    sum_out5_8_2|       pointer|
|sum_out5_8_2_fifo_cap         |   in|    3|     ap_fifo|                    sum_out5_8_2|       pointer|
|sum_out5_8_3_dout             |   in|   32|     ap_fifo|                    sum_out5_8_3|       pointer|
|sum_out5_8_3_empty_n          |   in|    1|     ap_fifo|                    sum_out5_8_3|       pointer|
|sum_out5_8_3_read             |  out|    1|     ap_fifo|                    sum_out5_8_3|       pointer|
|sum_out5_8_3_num_data_valid   |   in|    3|     ap_fifo|                    sum_out5_8_3|       pointer|
|sum_out5_8_3_fifo_cap         |   in|    3|     ap_fifo|                    sum_out5_8_3|       pointer|
|sum_out5_8_4_dout             |   in|   32|     ap_fifo|                    sum_out5_8_4|       pointer|
|sum_out5_8_4_empty_n          |   in|    1|     ap_fifo|                    sum_out5_8_4|       pointer|
|sum_out5_8_4_read             |  out|    1|     ap_fifo|                    sum_out5_8_4|       pointer|
|sum_out5_8_4_num_data_valid   |   in|    3|     ap_fifo|                    sum_out5_8_4|       pointer|
|sum_out5_8_4_fifo_cap         |   in|    3|     ap_fifo|                    sum_out5_8_4|       pointer|
|sum_out5_8_5_dout             |   in|   32|     ap_fifo|                    sum_out5_8_5|       pointer|
|sum_out5_8_5_empty_n          |   in|    1|     ap_fifo|                    sum_out5_8_5|       pointer|
|sum_out5_8_5_read             |  out|    1|     ap_fifo|                    sum_out5_8_5|       pointer|
|sum_out5_8_5_num_data_valid   |   in|    3|     ap_fifo|                    sum_out5_8_5|       pointer|
|sum_out5_8_5_fifo_cap         |   in|    3|     ap_fifo|                    sum_out5_8_5|       pointer|
|sum_out5_8_6_dout             |   in|   32|     ap_fifo|                    sum_out5_8_6|       pointer|
|sum_out5_8_6_empty_n          |   in|    1|     ap_fifo|                    sum_out5_8_6|       pointer|
|sum_out5_8_6_read             |  out|    1|     ap_fifo|                    sum_out5_8_6|       pointer|
|sum_out5_8_6_num_data_valid   |   in|    3|     ap_fifo|                    sum_out5_8_6|       pointer|
|sum_out5_8_6_fifo_cap         |   in|    3|     ap_fifo|                    sum_out5_8_6|       pointer|
|sum_out5_8_7_dout             |   in|   32|     ap_fifo|                    sum_out5_8_7|       pointer|
|sum_out5_8_7_empty_n          |   in|    1|     ap_fifo|                    sum_out5_8_7|       pointer|
|sum_out5_8_7_read             |  out|    1|     ap_fifo|                    sum_out5_8_7|       pointer|
|sum_out5_8_7_num_data_valid   |   in|    3|     ap_fifo|                    sum_out5_8_7|       pointer|
|sum_out5_8_7_fifo_cap         |   in|    3|     ap_fifo|                    sum_out5_8_7|       pointer|
|sum_out5_8_8_dout             |   in|   32|     ap_fifo|                    sum_out5_8_8|       pointer|
|sum_out5_8_8_empty_n          |   in|    1|     ap_fifo|                    sum_out5_8_8|       pointer|
|sum_out5_8_8_read             |  out|    1|     ap_fifo|                    sum_out5_8_8|       pointer|
|sum_out5_8_8_num_data_valid   |   in|    3|     ap_fifo|                    sum_out5_8_8|       pointer|
|sum_out5_8_8_fifo_cap         |   in|    3|     ap_fifo|                    sum_out5_8_8|       pointer|
|sum_out5_8_9_dout             |   in|   32|     ap_fifo|                    sum_out5_8_9|       pointer|
|sum_out5_8_9_empty_n          |   in|    1|     ap_fifo|                    sum_out5_8_9|       pointer|
|sum_out5_8_9_read             |  out|    1|     ap_fifo|                    sum_out5_8_9|       pointer|
|sum_out5_8_9_num_data_valid   |   in|    3|     ap_fifo|                    sum_out5_8_9|       pointer|
|sum_out5_8_9_fifo_cap         |   in|    3|     ap_fifo|                    sum_out5_8_9|       pointer|
|conv_out5_0_0_din             |  out|   32|     ap_fifo|                   conv_out5_0_0|       pointer|
|conv_out5_0_0_full_n          |   in|    1|     ap_fifo|                   conv_out5_0_0|       pointer|
|conv_out5_0_0_write           |  out|    1|     ap_fifo|                   conv_out5_0_0|       pointer|
|conv_out5_0_0_num_data_valid  |   in|   32|     ap_fifo|                   conv_out5_0_0|       pointer|
|conv_out5_0_0_fifo_cap        |   in|   32|     ap_fifo|                   conv_out5_0_0|       pointer|
|conv_out5_0_1_din             |  out|   32|     ap_fifo|                   conv_out5_0_1|       pointer|
|conv_out5_0_1_full_n          |   in|    1|     ap_fifo|                   conv_out5_0_1|       pointer|
|conv_out5_0_1_write           |  out|    1|     ap_fifo|                   conv_out5_0_1|       pointer|
|conv_out5_0_1_num_data_valid  |   in|   32|     ap_fifo|                   conv_out5_0_1|       pointer|
|conv_out5_0_1_fifo_cap        |   in|   32|     ap_fifo|                   conv_out5_0_1|       pointer|
|conv_out5_0_2_din             |  out|   32|     ap_fifo|                   conv_out5_0_2|       pointer|
|conv_out5_0_2_full_n          |   in|    1|     ap_fifo|                   conv_out5_0_2|       pointer|
|conv_out5_0_2_write           |  out|    1|     ap_fifo|                   conv_out5_0_2|       pointer|
|conv_out5_0_2_num_data_valid  |   in|   32|     ap_fifo|                   conv_out5_0_2|       pointer|
|conv_out5_0_2_fifo_cap        |   in|   32|     ap_fifo|                   conv_out5_0_2|       pointer|
|conv_out5_0_3_din             |  out|   32|     ap_fifo|                   conv_out5_0_3|       pointer|
|conv_out5_0_3_full_n          |   in|    1|     ap_fifo|                   conv_out5_0_3|       pointer|
|conv_out5_0_3_write           |  out|    1|     ap_fifo|                   conv_out5_0_3|       pointer|
|conv_out5_0_3_num_data_valid  |   in|   32|     ap_fifo|                   conv_out5_0_3|       pointer|
|conv_out5_0_3_fifo_cap        |   in|   32|     ap_fifo|                   conv_out5_0_3|       pointer|
|conv_out5_0_4_din             |  out|   32|     ap_fifo|                   conv_out5_0_4|       pointer|
|conv_out5_0_4_full_n          |   in|    1|     ap_fifo|                   conv_out5_0_4|       pointer|
|conv_out5_0_4_write           |  out|    1|     ap_fifo|                   conv_out5_0_4|       pointer|
|conv_out5_0_4_num_data_valid  |   in|   32|     ap_fifo|                   conv_out5_0_4|       pointer|
|conv_out5_0_4_fifo_cap        |   in|   32|     ap_fifo|                   conv_out5_0_4|       pointer|
|conv_out5_1_0_din             |  out|   32|     ap_fifo|                   conv_out5_1_0|       pointer|
|conv_out5_1_0_full_n          |   in|    1|     ap_fifo|                   conv_out5_1_0|       pointer|
|conv_out5_1_0_write           |  out|    1|     ap_fifo|                   conv_out5_1_0|       pointer|
|conv_out5_1_0_num_data_valid  |   in|   32|     ap_fifo|                   conv_out5_1_0|       pointer|
|conv_out5_1_0_fifo_cap        |   in|   32|     ap_fifo|                   conv_out5_1_0|       pointer|
|conv_out5_1_1_din             |  out|   32|     ap_fifo|                   conv_out5_1_1|       pointer|
|conv_out5_1_1_full_n          |   in|    1|     ap_fifo|                   conv_out5_1_1|       pointer|
|conv_out5_1_1_write           |  out|    1|     ap_fifo|                   conv_out5_1_1|       pointer|
|conv_out5_1_1_num_data_valid  |   in|   32|     ap_fifo|                   conv_out5_1_1|       pointer|
|conv_out5_1_1_fifo_cap        |   in|   32|     ap_fifo|                   conv_out5_1_1|       pointer|
|conv_out5_1_2_din             |  out|   32|     ap_fifo|                   conv_out5_1_2|       pointer|
|conv_out5_1_2_full_n          |   in|    1|     ap_fifo|                   conv_out5_1_2|       pointer|
|conv_out5_1_2_write           |  out|    1|     ap_fifo|                   conv_out5_1_2|       pointer|
|conv_out5_1_2_num_data_valid  |   in|   32|     ap_fifo|                   conv_out5_1_2|       pointer|
|conv_out5_1_2_fifo_cap        |   in|   32|     ap_fifo|                   conv_out5_1_2|       pointer|
|conv_out5_1_3_din             |  out|   32|     ap_fifo|                   conv_out5_1_3|       pointer|
|conv_out5_1_3_full_n          |   in|    1|     ap_fifo|                   conv_out5_1_3|       pointer|
|conv_out5_1_3_write           |  out|    1|     ap_fifo|                   conv_out5_1_3|       pointer|
|conv_out5_1_3_num_data_valid  |   in|   32|     ap_fifo|                   conv_out5_1_3|       pointer|
|conv_out5_1_3_fifo_cap        |   in|   32|     ap_fifo|                   conv_out5_1_3|       pointer|
|conv_out5_1_4_din             |  out|   32|     ap_fifo|                   conv_out5_1_4|       pointer|
|conv_out5_1_4_full_n          |   in|    1|     ap_fifo|                   conv_out5_1_4|       pointer|
|conv_out5_1_4_write           |  out|    1|     ap_fifo|                   conv_out5_1_4|       pointer|
|conv_out5_1_4_num_data_valid  |   in|   32|     ap_fifo|                   conv_out5_1_4|       pointer|
|conv_out5_1_4_fifo_cap        |   in|   32|     ap_fifo|                   conv_out5_1_4|       pointer|
+------------------------------+-----+-----+------------+--------------------------------+--------------+

