

================================================================
== Vitis HLS Report for 'conv2d_3_stream_layer_post_9u_s'
================================================================
* Date:           Fri Aug  1 07:20:15 2025

* Version:        2024.2 (Build 5238294 on Nov  8 2024)
* Project:        hls_component
* Solution:       hls (Vivado IP Flow Target)
* Product family: zynquplus
* Target device:  xczu19eg-ffvc1760-2-i


================================================================
== Performance Estimates
================================================================
+ Timing: 
    * Summary: 
    +--------+---------+----------+------------+
    |  Clock |  Target | Estimated| Uncertainty|
    +--------+---------+----------+------------+
    |ap_clk  |  3.57 ns|  2.034 ns|     0.96 ns|
    +--------+---------+----------+------------+

+ Latency: 
    * Summary: 
    +---------+---------+----------+----------+-----+-----+---------+
    |  Latency (cycles) |  Latency (absolute) |  Interval | Pipeline|
    |   min   |   max   |    min   |    max   | min | max |   Type  |
    +---------+---------+----------+----------+-----+-----+---------+
    |        1|        1|  3.571 ns|  3.571 ns|    1|    1|      yes|
    +---------+---------+----------+----------+-----+-----+---------+

    + Detail: 
        * Instance: 
        N/A

        * Loop: 
        N/A



================================================================
== Utilization Estimates
================================================================
* Summary: 
+-----------------+---------+------+---------+--------+-----+
|       Name      | BRAM_18K|  DSP |    FF   |   LUT  | URAM|
+-----------------+---------+------+---------+--------+-----+
|DSP              |        -|     -|        -|       -|    -|
|Expression       |        -|     -|        0|    1004|    -|
|FIFO             |        -|     -|        -|       -|    -|
|Instance         |        -|     -|        -|       -|    -|
|Memory           |        -|     -|        -|       -|    -|
|Multiplexer      |        -|     -|        0|     630|    -|
|Register         |        -|     -|      492|       -|    -|
+-----------------+---------+------+---------+--------+-----+
|Total            |        0|     0|      492|    1634|    0|
+-----------------+---------+------+---------+--------+-----+
|Available        |     1968|  1968|  1045440|  522720|  128|
+-----------------+---------+------+---------+--------+-----+
|Utilization (%)  |        0|     0|       ~0|      ~0|    0|
+-----------------+---------+------+---------+--------+-----+

+ Detail: 
    * Instance: 
    N/A

    * DSP: 
    N/A

    * Memory: 
    N/A

    * FIFO: 
    N/A

    * Expression: 
    +----------------------------------------+----------+----+---+----+------------+------------+
    |              Variable Name             | Operation| DSP| FF| LUT| Bitwidth P0| Bitwidth P1|
    +----------------------------------------+----------+----+---+----+------------+------------+
    |add_ln172_10_fu_636_p2                  |         +|   0|  0|  32|          32|          32|
    |add_ln172_11_fu_642_p2                  |         +|   0|  0|  32|          32|          32|
    |add_ln172_12_fu_648_p2                  |         +|   0|  0|  32|          32|          32|
    |add_ln172_13_fu_654_p2                  |         +|   0|  0|  32|          32|          32|
    |add_ln172_14_fu_660_p2                  |         +|   0|  0|  32|          32|          32|
    |add_ln172_15_fu_666_p2                  |         +|   0|  0|  32|          32|          32|
    |add_ln172_16_fu_672_p2                  |         +|   0|  0|  32|          32|          32|
    |add_ln172_17_fu_678_p2                  |         +|   0|  0|  32|          32|          32|
    |add_ln172_18_fu_684_p2                  |         +|   0|  0|  32|          32|          32|
    |add_ln172_19_fu_690_p2                  |         +|   0|  0|  32|          32|          32|
    |add_ln172_1_fu_582_p2                   |         +|   0|  0|  32|          32|          32|
    |add_ln172_20_fu_696_p2                  |         +|   0|  0|  32|          32|          32|
    |add_ln172_21_fu_702_p2                  |         +|   0|  0|  32|          32|          32|
    |add_ln172_22_fu_708_p2                  |         +|   0|  0|  32|          32|          32|
    |add_ln172_23_fu_714_p2                  |         +|   0|  0|  32|          32|          32|
    |add_ln172_24_fu_720_p2                  |         +|   0|  0|  32|          32|          32|
    |add_ln172_25_fu_726_p2                  |         +|   0|  0|  32|          32|          32|
    |add_ln172_26_fu_732_p2                  |         +|   0|  0|  32|          32|          32|
    |add_ln172_27_fu_738_p2                  |         +|   0|  0|  32|          32|          32|
    |add_ln172_2_fu_588_p2                   |         +|   0|  0|  32|          32|          32|
    |add_ln172_3_fu_594_p2                   |         +|   0|  0|  32|          32|          32|
    |add_ln172_4_fu_600_p2                   |         +|   0|  0|  32|          32|          32|
    |add_ln172_5_fu_606_p2                   |         +|   0|  0|  32|          32|          32|
    |add_ln172_6_fu_612_p2                   |         +|   0|  0|  32|          32|          32|
    |add_ln172_7_fu_618_p2                   |         +|   0|  0|  32|          32|          32|
    |add_ln172_8_fu_624_p2                   |         +|   0|  0|  32|          32|          32|
    |add_ln172_9_fu_630_p2                   |         +|   0|  0|  32|          32|          32|
    |add_ln172_fu_576_p2                     |         +|   0|  0|  32|          32|          32|
    |ap_block_pp0_stage0_01001_grp1          |        or|   0|  0|   2|           1|           1|
    |ap_block_pp0_stage0_01001_grp11         |        or|   0|  0|   2|           1|           1|
    |ap_block_pp0_stage0_01001_grp12         |        or|   0|  0|   2|           1|           1|
    |ap_block_pp0_stage0_01001_grp13         |        or|   0|  0|   2|           1|           1|
    |ap_block_pp0_stage0_01001_grp14         |        or|   0|  0|   2|           1|           1|
    |ap_block_pp0_stage0_01001_grp15         |        or|   0|  0|   2|           1|           1|
    |ap_block_pp0_stage0_01001_grp16         |        or|   0|  0|   2|           1|           1|
    |ap_block_pp0_stage0_01001_grp17         |        or|   0|  0|   2|           1|           1|
    |ap_block_pp0_stage0_01001_grp18         |        or|   0|  0|   2|           1|           1|
    |ap_block_pp0_stage0_01001_grp19         |        or|   0|  0|   2|           1|           1|
    |ap_block_pp0_stage0_01001_grp20         |        or|   0|  0|   2|           1|           1|
    |ap_block_pp0_stage0_01001_grp4          |        or|   0|  0|   2|           1|           1|
    |ap_block_pp0_stage0_01001_grp7          |        or|   0|  0|   2|           1|           1|
    |ap_block_pp0_stage0_01001_grp9          |        or|   0|  0|   2|           1|           1|
    |ap_block_pp0_stage0_11001_grp10         |        or|   0|  0|   2|           1|           1|
    |ap_block_pp0_stage0_11001_grp2          |        or|   0|  0|   2|           1|           1|
    |ap_block_pp0_stage0_11001_grp21         |        or|   0|  0|   2|           1|           1|
    |ap_block_pp0_stage0_11001_grp22         |        or|   0|  0|   2|           1|           1|
    |ap_block_pp0_stage0_11001_grp23         |        or|   0|  0|   2|           1|           1|
    |ap_block_pp0_stage0_11001_grp24         |        or|   0|  0|   2|           1|           1|
    |ap_block_pp0_stage0_11001_grp25         |        or|   0|  0|   2|           1|           1|
    |ap_block_pp0_stage0_11001_grp26         |        or|   0|  0|   2|           1|           1|
    |ap_block_pp0_stage0_11001_grp3          |        or|   0|  0|   2|           1|           1|
    |ap_block_pp0_stage0_11001_grp5          |        or|   0|  0|   2|           1|           1|
    |ap_block_pp0_stage0_11001_grp6          |        or|   0|  0|   2|           1|           1|
    |ap_block_pp0_stage0_11001_grp8          |        or|   0|  0|   2|           1|           1|
    |ap_block_pp0_stage0_subdone             |        or|   0|  0|   2|           1|           1|
    |ap_block_state1_pp0_stage0_iter0_grp1   |        or|   0|  0|   2|           1|           1|
    |ap_block_state1_pp0_stage0_iter0_grp10  |        or|   0|  0|   2|           1|           1|
    |ap_block_state1_pp0_stage0_iter0_grp11  |        or|   0|  0|   2|           1|           1|
    |ap_block_state1_pp0_stage0_iter0_grp12  |        or|   0|  0|   2|           1|           1|
    |ap_block_state1_pp0_stage0_iter0_grp13  |        or|   0|  0|   2|           1|           1|
    |ap_block_state1_pp0_stage0_iter0_grp14  |        or|   0|  0|   2|           1|           1|
    |ap_block_state1_pp0_stage0_iter0_grp15  |        or|   0|  0|   2|           1|           1|
    |ap_block_state1_pp0_stage0_iter0_grp16  |        or|   0|  0|   2|           1|           1|
    |ap_block_state1_pp0_stage0_iter0_grp17  |        or|   0|  0|   2|           1|           1|
    |ap_block_state1_pp0_stage0_iter0_grp18  |        or|   0|  0|   2|           1|           1|
    |ap_block_state1_pp0_stage0_iter0_grp19  |        or|   0|  0|   2|           1|           1|
    |ap_block_state1_pp0_stage0_iter0_grp2   |        or|   0|  0|   2|           1|           1|
    |ap_block_state1_pp0_stage0_iter0_grp20  |        or|   0|  0|   2|           1|           1|
    |ap_block_state1_pp0_stage0_iter0_grp21  |        or|   0|  0|   2|           1|           1|
    |ap_block_state1_pp0_stage0_iter0_grp22  |        or|   0|  0|   2|           1|           1|
    |ap_block_state1_pp0_stage0_iter0_grp23  |        or|   0|  0|   2|           1|           1|
    |ap_block_state1_pp0_stage0_iter0_grp24  |        or|   0|  0|   2|           1|           1|
    |ap_block_state1_pp0_stage0_iter0_grp25  |        or|   0|  0|   2|           1|           1|
    |ap_block_state1_pp0_stage0_iter0_grp26  |        or|   0|  0|   2|           1|           1|
    |ap_block_state1_pp0_stage0_iter0_grp3   |        or|   0|  0|   2|           1|           1|
    |ap_block_state1_pp0_stage0_iter0_grp4   |        or|   0|  0|   2|           1|           1|
    |ap_block_state1_pp0_stage0_iter0_grp5   |        or|   0|  0|   2|           1|           1|
    |ap_block_state1_pp0_stage0_iter0_grp6   |        or|   0|  0|   2|           1|           1|
    |ap_block_state1_pp0_stage0_iter0_grp7   |        or|   0|  0|   2|           1|           1|
    |ap_block_state1_pp0_stage0_iter0_grp8   |        or|   0|  0|   2|           1|           1|
    |ap_block_state1_pp0_stage0_iter0_grp9   |        or|   0|  0|   2|           1|           1|
    |ap_enable_pp0                           |       xor|   0|  0|   2|           1|           2|
    +----------------------------------------+----------+----+---+----+------------+------------+
    |Total                                   |          |   0|  0|1004|         950|         951|
    +----------------------------------------+----------+----+---+----+------------+------------+

    * Multiplexer: 
    +---------------------+----+-----------+-----+-----------+
    |         Name        | LUT| Input Size| Bits| Total Bits|
    +---------------------+----+-----------+-----+-----------+
    |ap_done              |   9|          2|    1|          2|
    |conv_out3_0_0_blk_n  |   9|          2|    1|          2|
    |conv_out3_0_1_blk_n  |   9|          2|    1|          2|
    |conv_out3_0_2_blk_n  |   9|          2|    1|          2|
    |conv_out3_0_3_blk_n  |   9|          2|    1|          2|
    |conv_out3_0_4_blk_n  |   9|          2|    1|          2|
    |conv_out3_0_5_blk_n  |   9|          2|    1|          2|
    |conv_out3_0_6_blk_n  |   9|          2|    1|          2|
    |conv_out3_1_0_blk_n  |   9|          2|    1|          2|
    |conv_out3_1_1_blk_n  |   9|          2|    1|          2|
    |conv_out3_1_2_blk_n  |   9|          2|    1|          2|
    |conv_out3_1_3_blk_n  |   9|          2|    1|          2|
    |conv_out3_1_4_blk_n  |   9|          2|    1|          2|
    |conv_out3_1_5_blk_n  |   9|          2|    1|          2|
    |conv_out3_1_6_blk_n  |   9|          2|    1|          2|
    |real_start           |   9|          2|    1|          2|
    |sum_out3_0_0_blk_n   |   9|          2|    1|          2|
    |sum_out3_0_1_blk_n   |   9|          2|    1|          2|
    |sum_out3_0_2_blk_n   |   9|          2|    1|          2|
    |sum_out3_0_3_blk_n   |   9|          2|    1|          2|
    |sum_out3_0_4_blk_n   |   9|          2|    1|          2|
    |sum_out3_0_5_blk_n   |   9|          2|    1|          2|
    |sum_out3_1_0_blk_n   |   9|          2|    1|          2|
    |sum_out3_1_1_blk_n   |   9|          2|    1|          2|
    |sum_out3_1_2_blk_n   |   9|          2|    1|          2|
    |sum_out3_1_3_blk_n   |   9|          2|    1|          2|
    |sum_out3_1_4_blk_n   |   9|          2|    1|          2|
    |sum_out3_1_5_blk_n   |   9|          2|    1|          2|
    |sum_out3_2_0_blk_n   |   9|          2|    1|          2|
    |sum_out3_2_1_blk_n   |   9|          2|    1|          2|
    |sum_out3_2_2_blk_n   |   9|          2|    1|          2|
    |sum_out3_2_3_blk_n   |   9|          2|    1|          2|
    |sum_out3_2_4_blk_n   |   9|          2|    1|          2|
    |sum_out3_2_5_blk_n   |   9|          2|    1|          2|
    |sum_out3_3_0_blk_n   |   9|          2|    1|          2|
    |sum_out3_3_1_blk_n   |   9|          2|    1|          2|
    |sum_out3_3_2_blk_n   |   9|          2|    1|          2|
    |sum_out3_3_3_blk_n   |   9|          2|    1|          2|
    |sum_out3_3_4_blk_n   |   9|          2|    1|          2|
    |sum_out3_3_5_blk_n   |   9|          2|    1|          2|
    |sum_out3_4_0_blk_n   |   9|          2|    1|          2|
    |sum_out3_4_1_blk_n   |   9|          2|    1|          2|
    |sum_out3_4_2_blk_n   |   9|          2|    1|          2|
    |sum_out3_4_3_blk_n   |   9|          2|    1|          2|
    |sum_out3_4_4_blk_n   |   9|          2|    1|          2|
    |sum_out3_4_5_blk_n   |   9|          2|    1|          2|
    |sum_out3_5_0_blk_n   |   9|          2|    1|          2|
    |sum_out3_5_1_blk_n   |   9|          2|    1|          2|
    |sum_out3_5_2_blk_n   |   9|          2|    1|          2|
    |sum_out3_5_3_blk_n   |   9|          2|    1|          2|
    |sum_out3_5_4_blk_n   |   9|          2|    1|          2|
    |sum_out3_5_5_blk_n   |   9|          2|    1|          2|
    |sum_out3_6_0_blk_n   |   9|          2|    1|          2|
    |sum_out3_6_1_blk_n   |   9|          2|    1|          2|
    |sum_out3_6_2_blk_n   |   9|          2|    1|          2|
    |sum_out3_6_3_blk_n   |   9|          2|    1|          2|
    |sum_out3_6_4_blk_n   |   9|          2|    1|          2|
    |sum_out3_6_5_blk_n   |   9|          2|    1|          2|
    |sum_out3_7_0_blk_n   |   9|          2|    1|          2|
    |sum_out3_7_1_blk_n   |   9|          2|    1|          2|
    |sum_out3_7_2_blk_n   |   9|          2|    1|          2|
    |sum_out3_7_3_blk_n   |   9|          2|    1|          2|
    |sum_out3_7_4_blk_n   |   9|          2|    1|          2|
    |sum_out3_7_5_blk_n   |   9|          2|    1|          2|
    |sum_out3_8_0_blk_n   |   9|          2|    1|          2|
    |sum_out3_8_1_blk_n   |   9|          2|    1|          2|
    |sum_out3_8_2_blk_n   |   9|          2|    1|          2|
    |sum_out3_8_3_blk_n   |   9|          2|    1|          2|
    |sum_out3_8_4_blk_n   |   9|          2|    1|          2|
    |sum_out3_8_5_blk_n   |   9|          2|    1|          2|
    +---------------------+----+-----------+-----+-----------+
    |Total                | 630|        140|   70|        140|
    +---------------------+----+-----------+-----+-----------+

    * Register: 
    +--------------------------------------------------+----+----+-----+-----------+
    |                       Name                       | FF | LUT| Bits| Const Bits|
    +--------------------------------------------------+----+----+-----+-----------+
    |add_ln172_11_reg_769                              |  32|   0|   32|          0|
    |add_ln172_13_reg_774                              |  32|   0|   32|          0|
    |add_ln172_15_reg_779                              |  32|   0|   32|          0|
    |add_ln172_17_reg_784                              |  32|   0|   32|          0|
    |add_ln172_19_reg_789                              |  32|   0|   32|          0|
    |add_ln172_1_reg_744                               |  32|   0|   32|          0|
    |add_ln172_21_reg_794                              |  32|   0|   32|          0|
    |add_ln172_23_reg_799                              |  32|   0|   32|          0|
    |add_ln172_25_reg_804                              |  32|   0|   32|          0|
    |add_ln172_27_reg_809                              |  32|   0|   32|          0|
    |add_ln172_3_reg_749                               |  32|   0|   32|          0|
    |add_ln172_5_reg_754                               |  32|   0|   32|          0|
    |add_ln172_7_reg_759                               |  32|   0|   32|          0|
    |add_ln172_9_reg_764                               |  32|   0|   32|          0|
    |ap_CS_fsm                                         |   1|   0|    1|          0|
    |ap_block_pp0_stage0_subdone_grp10_done_reg_iter0  |   1|   0|    1|          0|
    |ap_block_pp0_stage0_subdone_grp11_done_reg        |   1|   0|    1|          0|
    |ap_block_pp0_stage0_subdone_grp11_done_reg_iter0  |   1|   0|    1|          0|
    |ap_block_pp0_stage0_subdone_grp12_done_reg        |   1|   0|    1|          0|
    |ap_block_pp0_stage0_subdone_grp12_done_reg_iter0  |   1|   0|    1|          0|
    |ap_block_pp0_stage0_subdone_grp13_done_reg        |   1|   0|    1|          0|
    |ap_block_pp0_stage0_subdone_grp13_done_reg_iter0  |   1|   0|    1|          0|
    |ap_block_pp0_stage0_subdone_grp14_done_reg        |   1|   0|    1|          0|
    |ap_block_pp0_stage0_subdone_grp14_done_reg_iter0  |   1|   0|    1|          0|
    |ap_block_pp0_stage0_subdone_grp15_done_reg        |   1|   0|    1|          0|
    |ap_block_pp0_stage0_subdone_grp15_done_reg_iter0  |   1|   0|    1|          0|
    |ap_block_pp0_stage0_subdone_grp16_done_reg        |   1|   0|    1|          0|
    |ap_block_pp0_stage0_subdone_grp16_done_reg_iter0  |   1|   0|    1|          0|
    |ap_block_pp0_stage0_subdone_grp17_done_reg        |   1|   0|    1|          0|
    |ap_block_pp0_stage0_subdone_grp17_done_reg_iter0  |   1|   0|    1|          0|
    |ap_block_pp0_stage0_subdone_grp18_done_reg        |   1|   0|    1|          0|
    |ap_block_pp0_stage0_subdone_grp18_done_reg_iter0  |   1|   0|    1|          0|
    |ap_block_pp0_stage0_subdone_grp19_done_reg        |   1|   0|    1|          0|
    |ap_block_pp0_stage0_subdone_grp19_done_reg_iter0  |   1|   0|    1|          0|
    |ap_block_pp0_stage0_subdone_grp1_done_reg         |   1|   0|    1|          0|
    |ap_block_pp0_stage0_subdone_grp1_done_reg_iter0   |   1|   0|    1|          0|
    |ap_block_pp0_stage0_subdone_grp20_done_reg        |   1|   0|    1|          0|
    |ap_block_pp0_stage0_subdone_grp20_done_reg_iter0  |   1|   0|    1|          0|
    |ap_block_pp0_stage0_subdone_grp21_done_reg_iter0  |   1|   0|    1|          0|
    |ap_block_pp0_stage0_subdone_grp22_done_reg_iter0  |   1|   0|    1|          0|
    |ap_block_pp0_stage0_subdone_grp23_done_reg_iter0  |   1|   0|    1|          0|
    |ap_block_pp0_stage0_subdone_grp24_done_reg_iter0  |   1|   0|    1|          0|
    |ap_block_pp0_stage0_subdone_grp25_done_reg_iter0  |   1|   0|    1|          0|
    |ap_block_pp0_stage0_subdone_grp26_done_reg_iter0  |   1|   0|    1|          0|
    |ap_block_pp0_stage0_subdone_grp2_done_reg_iter0   |   1|   0|    1|          0|
    |ap_block_pp0_stage0_subdone_grp3_done_reg_iter0   |   1|   0|    1|          0|
    |ap_block_pp0_stage0_subdone_grp4_done_reg         |   1|   0|    1|          0|
    |ap_block_pp0_stage0_subdone_grp4_done_reg_iter0   |   1|   0|    1|          0|
    |ap_block_pp0_stage0_subdone_grp5_done_reg_iter0   |   1|   0|    1|          0|
    |ap_block_pp0_stage0_subdone_grp6_done_reg_iter0   |   1|   0|    1|          0|
    |ap_block_pp0_stage0_subdone_grp7_done_reg         |   1|   0|    1|          0|
    |ap_block_pp0_stage0_subdone_grp7_done_reg_iter0   |   1|   0|    1|          0|
    |ap_block_pp0_stage0_subdone_grp8_done_reg_iter0   |   1|   0|    1|          0|
    |ap_block_pp0_stage0_subdone_grp9_done_reg         |   1|   0|    1|          0|
    |ap_block_pp0_stage0_subdone_grp9_done_reg_iter0   |   1|   0|    1|          0|
    |ap_done_reg                                       |   1|   0|    1|          0|
    |ap_enable_reg_pp0_iter1                           |   1|   0|    1|          0|
    |start_once_reg                                    |   1|   0|    1|          0|
    +--------------------------------------------------+----+----+-----+-----------+
    |Total                                             | 492|   0|  492|          0|
    +--------------------------------------------------+----+----+-----+-----------+



================================================================
== Interface
================================================================
* Summary: 
+------------------------------+-----+-----+------------+--------------------------------+--------------+
|           RTL Ports          | Dir | Bits|  Protocol  |          Source Object         |    C Type    |
+------------------------------+-----+-----+------------+--------------------------------+--------------+
|ap_clk                        |   in|    1|  ap_ctrl_hs|  conv2d_3_stream_layer_post<9u>|  return value|
|ap_rst                        |   in|    1|  ap_ctrl_hs|  conv2d_3_stream_layer_post<9u>|  return value|
|ap_start                      |   in|    1|  ap_ctrl_hs|  conv2d_3_stream_layer_post<9u>|  return value|
|start_full_n                  |   in|    1|  ap_ctrl_hs|  conv2d_3_stream_layer_post<9u>|  return value|
|ap_done                       |  out|    1|  ap_ctrl_hs|  conv2d_3_stream_layer_post<9u>|  return value|
|ap_continue                   |   in|    1|  ap_ctrl_hs|  conv2d_3_stream_layer_post<9u>|  return value|
|ap_idle                       |  out|    1|  ap_ctrl_hs|  conv2d_3_stream_layer_post<9u>|  return value|
|ap_ready                      |  out|    1|  ap_ctrl_hs|  conv2d_3_stream_layer_post<9u>|  return value|
|start_out                     |  out|    1|  ap_ctrl_hs|  conv2d_3_stream_layer_post<9u>|  return value|
|start_write                   |  out|    1|  ap_ctrl_hs|  conv2d_3_stream_layer_post<9u>|  return value|
|sum_out3_0_0_dout             |   in|   32|     ap_fifo|                    sum_out3_0_0|       pointer|
|sum_out3_0_0_empty_n          |   in|    1|     ap_fifo|                    sum_out3_0_0|       pointer|
|sum_out3_0_0_read             |  out|    1|     ap_fifo|                    sum_out3_0_0|       pointer|
|sum_out3_0_0_num_data_valid   |   in|    3|     ap_fifo|                    sum_out3_0_0|       pointer|
|sum_out3_0_0_fifo_cap         |   in|    3|     ap_fifo|                    sum_out3_0_0|       pointer|
|sum_out3_0_1_dout             |   in|   32|     ap_fifo|                    sum_out3_0_1|       pointer|
|sum_out3_0_1_empty_n          |   in|    1|     ap_fifo|                    sum_out3_0_1|       pointer|
|sum_out3_0_1_read             |  out|    1|     ap_fifo|                    sum_out3_0_1|       pointer|
|sum_out3_0_1_num_data_valid   |   in|    3|     ap_fifo|                    sum_out3_0_1|       pointer|
|sum_out3_0_1_fifo_cap         |   in|    3|     ap_fifo|                    sum_out3_0_1|       pointer|
|sum_out3_0_2_dout             |   in|   32|     ap_fifo|                    sum_out3_0_2|       pointer|
|sum_out3_0_2_empty_n          |   in|    1|     ap_fifo|                    sum_out3_0_2|       pointer|
|sum_out3_0_2_read             |  out|    1|     ap_fifo|                    sum_out3_0_2|       pointer|
|sum_out3_0_2_num_data_valid   |   in|    3|     ap_fifo|                    sum_out3_0_2|       pointer|
|sum_out3_0_2_fifo_cap         |   in|    3|     ap_fifo|                    sum_out3_0_2|       pointer|
|sum_out3_0_3_dout             |   in|   32|     ap_fifo|                    sum_out3_0_3|       pointer|
|sum_out3_0_3_empty_n          |   in|    1|     ap_fifo|                    sum_out3_0_3|       pointer|
|sum_out3_0_3_read             |  out|    1|     ap_fifo|                    sum_out3_0_3|       pointer|
|sum_out3_0_3_num_data_valid   |   in|    3|     ap_fifo|                    sum_out3_0_3|       pointer|
|sum_out3_0_3_fifo_cap         |   in|    3|     ap_fifo|                    sum_out3_0_3|       pointer|
|sum_out3_0_4_dout             |   in|   32|     ap_fifo|                    sum_out3_0_4|       pointer|
|sum_out3_0_4_empty_n          |   in|    1|     ap_fifo|                    sum_out3_0_4|       pointer|
|sum_out3_0_4_read             |  out|    1|     ap_fifo|                    sum_out3_0_4|       pointer|
|sum_out3_0_4_num_data_valid   |   in|    3|     ap_fifo|                    sum_out3_0_4|       pointer|
|sum_out3_0_4_fifo_cap         |   in|    3|     ap_fifo|                    sum_out3_0_4|       pointer|
|sum_out3_0_5_dout             |   in|   32|     ap_fifo|                    sum_out3_0_5|       pointer|
|sum_out3_0_5_empty_n          |   in|    1|     ap_fifo|                    sum_out3_0_5|       pointer|
|sum_out3_0_5_read             |  out|    1|     ap_fifo|                    sum_out3_0_5|       pointer|
|sum_out3_0_5_num_data_valid   |   in|    3|     ap_fifo|                    sum_out3_0_5|       pointer|
|sum_out3_0_5_fifo_cap         |   in|    3|     ap_fifo|                    sum_out3_0_5|       pointer|
|sum_out3_1_0_dout             |   in|   32|     ap_fifo|                    sum_out3_1_0|       pointer|
|sum_out3_1_0_empty_n          |   in|    1|     ap_fifo|                    sum_out3_1_0|       pointer|
|sum_out3_1_0_read             |  out|    1|     ap_fifo|                    sum_out3_1_0|       pointer|
|sum_out3_1_0_num_data_valid   |   in|    3|     ap_fifo|                    sum_out3_1_0|       pointer|
|sum_out3_1_0_fifo_cap         |   in|    3|     ap_fifo|                    sum_out3_1_0|       pointer|
|sum_out3_1_1_dout             |   in|   32|     ap_fifo|                    sum_out3_1_1|       pointer|
|sum_out3_1_1_empty_n          |   in|    1|     ap_fifo|                    sum_out3_1_1|       pointer|
|sum_out3_1_1_read             |  out|    1|     ap_fifo|                    sum_out3_1_1|       pointer|
|sum_out3_1_1_num_data_valid   |   in|    3|     ap_fifo|                    sum_out3_1_1|       pointer|
|sum_out3_1_1_fifo_cap         |   in|    3|     ap_fifo|                    sum_out3_1_1|       pointer|
|sum_out3_1_2_dout             |   in|   32|     ap_fifo|                    sum_out3_1_2|       pointer|
|sum_out3_1_2_empty_n          |   in|    1|     ap_fifo|                    sum_out3_1_2|       pointer|
|sum_out3_1_2_read             |  out|    1|     ap_fifo|                    sum_out3_1_2|       pointer|
|sum_out3_1_2_num_data_valid   |   in|    3|     ap_fifo|                    sum_out3_1_2|       pointer|
|sum_out3_1_2_fifo_cap         |   in|    3|     ap_fifo|                    sum_out3_1_2|       pointer|
|sum_out3_1_3_dout             |   in|   32|     ap_fifo|                    sum_out3_1_3|       pointer|
|sum_out3_1_3_empty_n          |   in|    1|     ap_fifo|                    sum_out3_1_3|       pointer|
|sum_out3_1_3_read             |  out|    1|     ap_fifo|                    sum_out3_1_3|       pointer|
|sum_out3_1_3_num_data_valid   |   in|    3|     ap_fifo|                    sum_out3_1_3|       pointer|
|sum_out3_1_3_fifo_cap         |   in|    3|     ap_fifo|                    sum_out3_1_3|       pointer|
|sum_out3_1_4_dout             |   in|   32|     ap_fifo|                    sum_out3_1_4|       pointer|
|sum_out3_1_4_empty_n          |   in|    1|     ap_fifo|                    sum_out3_1_4|       pointer|
|sum_out3_1_4_read             |  out|    1|     ap_fifo|                    sum_out3_1_4|       pointer|
|sum_out3_1_4_num_data_valid   |   in|    3|     ap_fifo|                    sum_out3_1_4|       pointer|
|sum_out3_1_4_fifo_cap         |   in|    3|     ap_fifo|                    sum_out3_1_4|       pointer|
|sum_out3_1_5_dout             |   in|   32|     ap_fifo|                    sum_out3_1_5|       pointer|
|sum_out3_1_5_empty_n          |   in|    1|     ap_fifo|                    sum_out3_1_5|       pointer|
|sum_out3_1_5_read             |  out|    1|     ap_fifo|                    sum_out3_1_5|       pointer|
|sum_out3_1_5_num_data_valid   |   in|    3|     ap_fifo|                    sum_out3_1_5|       pointer|
|sum_out3_1_5_fifo_cap         |   in|    3|     ap_fifo|                    sum_out3_1_5|       pointer|
|sum_out3_2_0_dout             |   in|   32|     ap_fifo|                    sum_out3_2_0|       pointer|
|sum_out3_2_0_empty_n          |   in|    1|     ap_fifo|                    sum_out3_2_0|       pointer|
|sum_out3_2_0_read             |  out|    1|     ap_fifo|                    sum_out3_2_0|       pointer|
|sum_out3_2_0_num_data_valid   |   in|    3|     ap_fifo|                    sum_out3_2_0|       pointer|
|sum_out3_2_0_fifo_cap         |   in|    3|     ap_fifo|                    sum_out3_2_0|       pointer|
|sum_out3_2_1_dout             |   in|   32|     ap_fifo|                    sum_out3_2_1|       pointer|
|sum_out3_2_1_empty_n          |   in|    1|     ap_fifo|                    sum_out3_2_1|       pointer|
|sum_out3_2_1_read             |  out|    1|     ap_fifo|                    sum_out3_2_1|       pointer|
|sum_out3_2_1_num_data_valid   |   in|    3|     ap_fifo|                    sum_out3_2_1|       pointer|
|sum_out3_2_1_fifo_cap         |   in|    3|     ap_fifo|                    sum_out3_2_1|       pointer|
|sum_out3_2_2_dout             |   in|   32|     ap_fifo|                    sum_out3_2_2|       pointer|
|sum_out3_2_2_empty_n          |   in|    1|     ap_fifo|                    sum_out3_2_2|       pointer|
|sum_out3_2_2_read             |  out|    1|     ap_fifo|                    sum_out3_2_2|       pointer|
|sum_out3_2_2_num_data_valid   |   in|    3|     ap_fifo|                    sum_out3_2_2|       pointer|
|sum_out3_2_2_fifo_cap         |   in|    3|     ap_fifo|                    sum_out3_2_2|       pointer|
|sum_out3_2_3_dout             |   in|   32|     ap_fifo|                    sum_out3_2_3|       pointer|
|sum_out3_2_3_empty_n          |   in|    1|     ap_fifo|                    sum_out3_2_3|       pointer|
|sum_out3_2_3_read             |  out|    1|     ap_fifo|                    sum_out3_2_3|       pointer|
|sum_out3_2_3_num_data_valid   |   in|    3|     ap_fifo|                    sum_out3_2_3|       pointer|
|sum_out3_2_3_fifo_cap         |   in|    3|     ap_fifo|                    sum_out3_2_3|       pointer|
|sum_out3_2_4_dout             |   in|   32|     ap_fifo|                    sum_out3_2_4|       pointer|
|sum_out3_2_4_empty_n          |   in|    1|     ap_fifo|                    sum_out3_2_4|       pointer|
|sum_out3_2_4_read             |  out|    1|     ap_fifo|                    sum_out3_2_4|       pointer|
|sum_out3_2_4_num_data_valid   |   in|    3|     ap_fifo|                    sum_out3_2_4|       pointer|
|sum_out3_2_4_fifo_cap         |   in|    3|     ap_fifo|                    sum_out3_2_4|       pointer|
|sum_out3_2_5_dout             |   in|   32|     ap_fifo|                    sum_out3_2_5|       pointer|
|sum_out3_2_5_empty_n          |   in|    1|     ap_fifo|                    sum_out3_2_5|       pointer|
|sum_out3_2_5_read             |  out|    1|     ap_fifo|                    sum_out3_2_5|       pointer|
|sum_out3_2_5_num_data_valid   |   in|    3|     ap_fifo|                    sum_out3_2_5|       pointer|
|sum_out3_2_5_fifo_cap         |   in|    3|     ap_fifo|                    sum_out3_2_5|       pointer|
|sum_out3_3_0_dout             |   in|   32|     ap_fifo|                    sum_out3_3_0|       pointer|
|sum_out3_3_0_empty_n          |   in|    1|     ap_fifo|                    sum_out3_3_0|       pointer|
|sum_out3_3_0_read             |  out|    1|     ap_fifo|                    sum_out3_3_0|       pointer|
|sum_out3_3_0_num_data_valid   |   in|    3|     ap_fifo|                    sum_out3_3_0|       pointer|
|sum_out3_3_0_fifo_cap         |   in|    3|     ap_fifo|                    sum_out3_3_0|       pointer|
|sum_out3_3_1_dout             |   in|   32|     ap_fifo|                    sum_out3_3_1|       pointer|
|sum_out3_3_1_empty_n          |   in|    1|     ap_fifo|                    sum_out3_3_1|       pointer|
|sum_out3_3_1_read             |  out|    1|     ap_fifo|                    sum_out3_3_1|       pointer|
|sum_out3_3_1_num_data_valid   |   in|    3|     ap_fifo|                    sum_out3_3_1|       pointer|
|sum_out3_3_1_fifo_cap         |   in|    3|     ap_fifo|                    sum_out3_3_1|       pointer|
|sum_out3_3_2_dout             |   in|   32|     ap_fifo|                    sum_out3_3_2|       pointer|
|sum_out3_3_2_empty_n          |   in|    1|     ap_fifo|                    sum_out3_3_2|       pointer|
|sum_out3_3_2_read             |  out|    1|     ap_fifo|                    sum_out3_3_2|       pointer|
|sum_out3_3_2_num_data_valid   |   in|    3|     ap_fifo|                    sum_out3_3_2|       pointer|
|sum_out3_3_2_fifo_cap         |   in|    3|     ap_fifo|                    sum_out3_3_2|       pointer|
|sum_out3_3_3_dout             |   in|   32|     ap_fifo|                    sum_out3_3_3|       pointer|
|sum_out3_3_3_empty_n          |   in|    1|     ap_fifo|                    sum_out3_3_3|       pointer|
|sum_out3_3_3_read             |  out|    1|     ap_fifo|                    sum_out3_3_3|       pointer|
|sum_out3_3_3_num_data_valid   |   in|    3|     ap_fifo|                    sum_out3_3_3|       pointer|
|sum_out3_3_3_fifo_cap         |   in|    3|     ap_fifo|                    sum_out3_3_3|       pointer|
|sum_out3_3_4_dout             |   in|   32|     ap_fifo|                    sum_out3_3_4|       pointer|
|sum_out3_3_4_empty_n          |   in|    1|     ap_fifo|                    sum_out3_3_4|       pointer|
|sum_out3_3_4_read             |  out|    1|     ap_fifo|                    sum_out3_3_4|       pointer|
|sum_out3_3_4_num_data_valid   |   in|    3|     ap_fifo|                    sum_out3_3_4|       pointer|
|sum_out3_3_4_fifo_cap         |   in|    3|     ap_fifo|                    sum_out3_3_4|       pointer|
|sum_out3_3_5_dout             |   in|   32|     ap_fifo|                    sum_out3_3_5|       pointer|
|sum_out3_3_5_empty_n          |   in|    1|     ap_fifo|                    sum_out3_3_5|       pointer|
|sum_out3_3_5_read             |  out|    1|     ap_fifo|                    sum_out3_3_5|       pointer|
|sum_out3_3_5_num_data_valid   |   in|    3|     ap_fifo|                    sum_out3_3_5|       pointer|
|sum_out3_3_5_fifo_cap         |   in|    3|     ap_fifo|                    sum_out3_3_5|       pointer|
|sum_out3_4_0_dout             |   in|   32|     ap_fifo|                    sum_out3_4_0|       pointer|
|sum_out3_4_0_empty_n          |   in|    1|     ap_fifo|                    sum_out3_4_0|       pointer|
|sum_out3_4_0_read             |  out|    1|     ap_fifo|                    sum_out3_4_0|       pointer|
|sum_out3_4_0_num_data_valid   |   in|    3|     ap_fifo|                    sum_out3_4_0|       pointer|
|sum_out3_4_0_fifo_cap         |   in|    3|     ap_fifo|                    sum_out3_4_0|       pointer|
|sum_out3_4_1_dout             |   in|   32|     ap_fifo|                    sum_out3_4_1|       pointer|
|sum_out3_4_1_empty_n          |   in|    1|     ap_fifo|                    sum_out3_4_1|       pointer|
|sum_out3_4_1_read             |  out|    1|     ap_fifo|                    sum_out3_4_1|       pointer|
|sum_out3_4_1_num_data_valid   |   in|    3|     ap_fifo|                    sum_out3_4_1|       pointer|
|sum_out3_4_1_fifo_cap         |   in|    3|     ap_fifo|                    sum_out3_4_1|       pointer|
|sum_out3_4_2_dout             |   in|   32|     ap_fifo|                    sum_out3_4_2|       pointer|
|sum_out3_4_2_empty_n          |   in|    1|     ap_fifo|                    sum_out3_4_2|       pointer|
|sum_out3_4_2_read             |  out|    1|     ap_fifo|                    sum_out3_4_2|       pointer|
|sum_out3_4_2_num_data_valid   |   in|    3|     ap_fifo|                    sum_out3_4_2|       pointer|
|sum_out3_4_2_fifo_cap         |   in|    3|     ap_fifo|                    sum_out3_4_2|       pointer|
|sum_out3_4_3_dout             |   in|   32|     ap_fifo|                    sum_out3_4_3|       pointer|
|sum_out3_4_3_empty_n          |   in|    1|     ap_fifo|                    sum_out3_4_3|       pointer|
|sum_out3_4_3_read             |  out|    1|     ap_fifo|                    sum_out3_4_3|       pointer|
|sum_out3_4_3_num_data_valid   |   in|    3|     ap_fifo|                    sum_out3_4_3|       pointer|
|sum_out3_4_3_fifo_cap         |   in|    3|     ap_fifo|                    sum_out3_4_3|       pointer|
|sum_out3_4_4_dout             |   in|   32|     ap_fifo|                    sum_out3_4_4|       pointer|
|sum_out3_4_4_empty_n          |   in|    1|     ap_fifo|                    sum_out3_4_4|       pointer|
|sum_out3_4_4_read             |  out|    1|     ap_fifo|                    sum_out3_4_4|       pointer|
|sum_out3_4_4_num_data_valid   |   in|    3|     ap_fifo|                    sum_out3_4_4|       pointer|
|sum_out3_4_4_fifo_cap         |   in|    3|     ap_fifo|                    sum_out3_4_4|       pointer|
|sum_out3_4_5_dout             |   in|   32|     ap_fifo|                    sum_out3_4_5|       pointer|
|sum_out3_4_5_empty_n          |   in|    1|     ap_fifo|                    sum_out3_4_5|       pointer|
|sum_out3_4_5_read             |  out|    1|     ap_fifo|                    sum_out3_4_5|       pointer|
|sum_out3_4_5_num_data_valid   |   in|    3|     ap_fifo|                    sum_out3_4_5|       pointer|
|sum_out3_4_5_fifo_cap         |   in|    3|     ap_fifo|                    sum_out3_4_5|       pointer|
|sum_out3_5_0_dout             |   in|   32|     ap_fifo|                    sum_out3_5_0|       pointer|
|sum_out3_5_0_empty_n          |   in|    1|     ap_fifo|                    sum_out3_5_0|       pointer|
|sum_out3_5_0_read             |  out|    1|     ap_fifo|                    sum_out3_5_0|       pointer|
|sum_out3_5_0_num_data_valid   |   in|    3|     ap_fifo|                    sum_out3_5_0|       pointer|
|sum_out3_5_0_fifo_cap         |   in|    3|     ap_fifo|                    sum_out3_5_0|       pointer|
|sum_out3_5_1_dout             |   in|   32|     ap_fifo|                    sum_out3_5_1|       pointer|
|sum_out3_5_1_empty_n          |   in|    1|     ap_fifo|                    sum_out3_5_1|       pointer|
|sum_out3_5_1_read             |  out|    1|     ap_fifo|                    sum_out3_5_1|       pointer|
|sum_out3_5_1_num_data_valid   |   in|    3|     ap_fifo|                    sum_out3_5_1|       pointer|
|sum_out3_5_1_fifo_cap         |   in|    3|     ap_fifo|                    sum_out3_5_1|       pointer|
|sum_out3_5_2_dout             |   in|   32|     ap_fifo|                    sum_out3_5_2|       pointer|
|sum_out3_5_2_empty_n          |   in|    1|     ap_fifo|                    sum_out3_5_2|       pointer|
|sum_out3_5_2_read             |  out|    1|     ap_fifo|                    sum_out3_5_2|       pointer|
|sum_out3_5_2_num_data_valid   |   in|    3|     ap_fifo|                    sum_out3_5_2|       pointer|
|sum_out3_5_2_fifo_cap         |   in|    3|     ap_fifo|                    sum_out3_5_2|       pointer|
|sum_out3_5_3_dout             |   in|   32|     ap_fifo|                    sum_out3_5_3|       pointer|
|sum_out3_5_3_empty_n          |   in|    1|     ap_fifo|                    sum_out3_5_3|       pointer|
|sum_out3_5_3_read             |  out|    1|     ap_fifo|                    sum_out3_5_3|       pointer|
|sum_out3_5_3_num_data_valid   |   in|    3|     ap_fifo|                    sum_out3_5_3|       pointer|
|sum_out3_5_3_fifo_cap         |   in|    3|     ap_fifo|                    sum_out3_5_3|       pointer|
|sum_out3_5_4_dout             |   in|   32|     ap_fifo|                    sum_out3_5_4|       pointer|
|sum_out3_5_4_empty_n          |   in|    1|     ap_fifo|                    sum_out3_5_4|       pointer|
|sum_out3_5_4_read             |  out|    1|     ap_fifo|                    sum_out3_5_4|       pointer|
|sum_out3_5_4_num_data_valid   |   in|    3|     ap_fifo|                    sum_out3_5_4|       pointer|
|sum_out3_5_4_fifo_cap         |   in|    3|     ap_fifo|                    sum_out3_5_4|       pointer|
|sum_out3_5_5_dout             |   in|   32|     ap_fifo|                    sum_out3_5_5|       pointer|
|sum_out3_5_5_empty_n          |   in|    1|     ap_fifo|                    sum_out3_5_5|       pointer|
|sum_out3_5_5_read             |  out|    1|     ap_fifo|                    sum_out3_5_5|       pointer|
|sum_out3_5_5_num_data_valid   |   in|    3|     ap_fifo|                    sum_out3_5_5|       pointer|
|sum_out3_5_5_fifo_cap         |   in|    3|     ap_fifo|                    sum_out3_5_5|       pointer|
|sum_out3_6_0_dout             |   in|   32|     ap_fifo|                    sum_out3_6_0|       pointer|
|sum_out3_6_0_empty_n          |   in|    1|     ap_fifo|                    sum_out3_6_0|       pointer|
|sum_out3_6_0_read             |  out|    1|     ap_fifo|                    sum_out3_6_0|       pointer|
|sum_out3_6_0_num_data_valid   |   in|    3|     ap_fifo|                    sum_out3_6_0|       pointer|
|sum_out3_6_0_fifo_cap         |   in|    3|     ap_fifo|                    sum_out3_6_0|       pointer|
|sum_out3_6_1_dout             |   in|   32|     ap_fifo|                    sum_out3_6_1|       pointer|
|sum_out3_6_1_empty_n          |   in|    1|     ap_fifo|                    sum_out3_6_1|       pointer|
|sum_out3_6_1_read             |  out|    1|     ap_fifo|                    sum_out3_6_1|       pointer|
|sum_out3_6_1_num_data_valid   |   in|    3|     ap_fifo|                    sum_out3_6_1|       pointer|
|sum_out3_6_1_fifo_cap         |   in|    3|     ap_fifo|                    sum_out3_6_1|       pointer|
|sum_out3_6_2_dout             |   in|   32|     ap_fifo|                    sum_out3_6_2|       pointer|
|sum_out3_6_2_empty_n          |   in|    1|     ap_fifo|                    sum_out3_6_2|       pointer|
|sum_out3_6_2_read             |  out|    1|     ap_fifo|                    sum_out3_6_2|       pointer|
|sum_out3_6_2_num_data_valid   |   in|    3|     ap_fifo|                    sum_out3_6_2|       pointer|
|sum_out3_6_2_fifo_cap         |   in|    3|     ap_fifo|                    sum_out3_6_2|       pointer|
|sum_out3_6_3_dout             |   in|   32|     ap_fifo|                    sum_out3_6_3|       pointer|
|sum_out3_6_3_empty_n          |   in|    1|     ap_fifo|                    sum_out3_6_3|       pointer|
|sum_out3_6_3_read             |  out|    1|     ap_fifo|                    sum_out3_6_3|       pointer|
|sum_out3_6_3_num_data_valid   |   in|    3|     ap_fifo|                    sum_out3_6_3|       pointer|
|sum_out3_6_3_fifo_cap         |   in|    3|     ap_fifo|                    sum_out3_6_3|       pointer|
|sum_out3_6_4_dout             |   in|   32|     ap_fifo|                    sum_out3_6_4|       pointer|
|sum_out3_6_4_empty_n          |   in|    1|     ap_fifo|                    sum_out3_6_4|       pointer|
|sum_out3_6_4_read             |  out|    1|     ap_fifo|                    sum_out3_6_4|       pointer|
|sum_out3_6_4_num_data_valid   |   in|    3|     ap_fifo|                    sum_out3_6_4|       pointer|
|sum_out3_6_4_fifo_cap         |   in|    3|     ap_fifo|                    sum_out3_6_4|       pointer|
|sum_out3_6_5_dout             |   in|   32|     ap_fifo|                    sum_out3_6_5|       pointer|
|sum_out3_6_5_empty_n          |   in|    1|     ap_fifo|                    sum_out3_6_5|       pointer|
|sum_out3_6_5_read             |  out|    1|     ap_fifo|                    sum_out3_6_5|       pointer|
|sum_out3_6_5_num_data_valid   |   in|    3|     ap_fifo|                    sum_out3_6_5|       pointer|
|sum_out3_6_5_fifo_cap         |   in|    3|     ap_fifo|                    sum_out3_6_5|       pointer|
|sum_out3_7_0_dout             |   in|   32|     ap_fifo|                    sum_out3_7_0|       pointer|
|sum_out3_7_0_empty_n          |   in|    1|     ap_fifo|                    sum_out3_7_0|       pointer|
|sum_out3_7_0_read             |  out|    1|     ap_fifo|                    sum_out3_7_0|       pointer|
|sum_out3_7_0_num_data_valid   |   in|    3|     ap_fifo|                    sum_out3_7_0|       pointer|
|sum_out3_7_0_fifo_cap         |   in|    3|     ap_fifo|                    sum_out3_7_0|       pointer|
|sum_out3_7_1_dout             |   in|   32|     ap_fifo|                    sum_out3_7_1|       pointer|
|sum_out3_7_1_empty_n          |   in|    1|     ap_fifo|                    sum_out3_7_1|       pointer|
|sum_out3_7_1_read             |  out|    1|     ap_fifo|                    sum_out3_7_1|       pointer|
|sum_out3_7_1_num_data_valid   |   in|    3|     ap_fifo|                    sum_out3_7_1|       pointer|
|sum_out3_7_1_fifo_cap         |   in|    3|     ap_fifo|                    sum_out3_7_1|       pointer|
|sum_out3_7_2_dout             |   in|   32|     ap_fifo|                    sum_out3_7_2|       pointer|
|sum_out3_7_2_empty_n          |   in|    1|     ap_fifo|                    sum_out3_7_2|       pointer|
|sum_out3_7_2_read             |  out|    1|     ap_fifo|                    sum_out3_7_2|       pointer|
|sum_out3_7_2_num_data_valid   |   in|    3|     ap_fifo|                    sum_out3_7_2|       pointer|
|sum_out3_7_2_fifo_cap         |   in|    3|     ap_fifo|                    sum_out3_7_2|       pointer|
|sum_out3_7_3_dout             |   in|   32|     ap_fifo|                    sum_out3_7_3|       pointer|
|sum_out3_7_3_empty_n          |   in|    1|     ap_fifo|                    sum_out3_7_3|       pointer|
|sum_out3_7_3_read             |  out|    1|     ap_fifo|                    sum_out3_7_3|       pointer|
|sum_out3_7_3_num_data_valid   |   in|    3|     ap_fifo|                    sum_out3_7_3|       pointer|
|sum_out3_7_3_fifo_cap         |   in|    3|     ap_fifo|                    sum_out3_7_3|       pointer|
|sum_out3_7_4_dout             |   in|   32|     ap_fifo|                    sum_out3_7_4|       pointer|
|sum_out3_7_4_empty_n          |   in|    1|     ap_fifo|                    sum_out3_7_4|       pointer|
|sum_out3_7_4_read             |  out|    1|     ap_fifo|                    sum_out3_7_4|       pointer|
|sum_out3_7_4_num_data_valid   |   in|    3|     ap_fifo|                    sum_out3_7_4|       pointer|
|sum_out3_7_4_fifo_cap         |   in|    3|     ap_fifo|                    sum_out3_7_4|       pointer|
|sum_out3_7_5_dout             |   in|   32|     ap_fifo|                    sum_out3_7_5|       pointer|
|sum_out3_7_5_empty_n          |   in|    1|     ap_fifo|                    sum_out3_7_5|       pointer|
|sum_out3_7_5_read             |  out|    1|     ap_fifo|                    sum_out3_7_5|       pointer|
|sum_out3_7_5_num_data_valid   |   in|    3|     ap_fifo|                    sum_out3_7_5|       pointer|
|sum_out3_7_5_fifo_cap         |   in|    3|     ap_fifo|                    sum_out3_7_5|       pointer|
|sum_out3_8_0_dout             |   in|   32|     ap_fifo|                    sum_out3_8_0|       pointer|
|sum_out3_8_0_empty_n          |   in|    1|     ap_fifo|                    sum_out3_8_0|       pointer|
|sum_out3_8_0_read             |  out|    1|     ap_fifo|                    sum_out3_8_0|       pointer|
|sum_out3_8_0_num_data_valid   |   in|    3|     ap_fifo|                    sum_out3_8_0|       pointer|
|sum_out3_8_0_fifo_cap         |   in|    3|     ap_fifo|                    sum_out3_8_0|       pointer|
|sum_out3_8_1_dout             |   in|   32|     ap_fifo|                    sum_out3_8_1|       pointer|
|sum_out3_8_1_empty_n          |   in|    1|     ap_fifo|                    sum_out3_8_1|       pointer|
|sum_out3_8_1_read             |  out|    1|     ap_fifo|                    sum_out3_8_1|       pointer|
|sum_out3_8_1_num_data_valid   |   in|    3|     ap_fifo|                    sum_out3_8_1|       pointer|
|sum_out3_8_1_fifo_cap         |   in|    3|     ap_fifo|                    sum_out3_8_1|       pointer|
|sum_out3_8_2_dout             |   in|   32|     ap_fifo|                    sum_out3_8_2|       pointer|
|sum_out3_8_2_empty_n          |   in|    1|     ap_fifo|                    sum_out3_8_2|       pointer|
|sum_out3_8_2_read             |  out|    1|     ap_fifo|                    sum_out3_8_2|       pointer|
|sum_out3_8_2_num_data_valid   |   in|    3|     ap_fifo|                    sum_out3_8_2|       pointer|
|sum_out3_8_2_fifo_cap         |   in|    3|     ap_fifo|                    sum_out3_8_2|       pointer|
|sum_out3_8_3_dout             |   in|   32|     ap_fifo|                    sum_out3_8_3|       pointer|
|sum_out3_8_3_empty_n          |   in|    1|     ap_fifo|                    sum_out3_8_3|       pointer|
|sum_out3_8_3_read             |  out|    1|     ap_fifo|                    sum_out3_8_3|       pointer|
|sum_out3_8_3_num_data_valid   |   in|    3|     ap_fifo|                    sum_out3_8_3|       pointer|
|sum_out3_8_3_fifo_cap         |   in|    3|     ap_fifo|                    sum_out3_8_3|       pointer|
|sum_out3_8_4_dout             |   in|   32|     ap_fifo|                    sum_out3_8_4|       pointer|
|sum_out3_8_4_empty_n          |   in|    1|     ap_fifo|                    sum_out3_8_4|       pointer|
|sum_out3_8_4_read             |  out|    1|     ap_fifo|                    sum_out3_8_4|       pointer|
|sum_out3_8_4_num_data_valid   |   in|    3|     ap_fifo|                    sum_out3_8_4|       pointer|
|sum_out3_8_4_fifo_cap         |   in|    3|     ap_fifo|                    sum_out3_8_4|       pointer|
|sum_out3_8_5_dout             |   in|   32|     ap_fifo|                    sum_out3_8_5|       pointer|
|sum_out3_8_5_empty_n          |   in|    1|     ap_fifo|                    sum_out3_8_5|       pointer|
|sum_out3_8_5_read             |  out|    1|     ap_fifo|                    sum_out3_8_5|       pointer|
|sum_out3_8_5_num_data_valid   |   in|    3|     ap_fifo|                    sum_out3_8_5|       pointer|
|sum_out3_8_5_fifo_cap         |   in|    3|     ap_fifo|                    sum_out3_8_5|       pointer|
|conv_out3_0_0_din             |  out|   32|     ap_fifo|                   conv_out3_0_0|       pointer|
|conv_out3_0_0_full_n          |   in|    1|     ap_fifo|                   conv_out3_0_0|       pointer|
|conv_out3_0_0_write           |  out|    1|     ap_fifo|                   conv_out3_0_0|       pointer|
|conv_out3_0_0_num_data_valid  |   in|   32|     ap_fifo|                   conv_out3_0_0|       pointer|
|conv_out3_0_0_fifo_cap        |   in|   32|     ap_fifo|                   conv_out3_0_0|       pointer|
|conv_out3_0_1_din             |  out|   32|     ap_fifo|                   conv_out3_0_1|       pointer|
|conv_out3_0_1_full_n          |   in|    1|     ap_fifo|                   conv_out3_0_1|       pointer|
|conv_out3_0_1_write           |  out|    1|     ap_fifo|                   conv_out3_0_1|       pointer|
|conv_out3_0_1_num_data_valid  |   in|   32|     ap_fifo|                   conv_out3_0_1|       pointer|
|conv_out3_0_1_fifo_cap        |   in|   32|     ap_fifo|                   conv_out3_0_1|       pointer|
|conv_out3_0_2_din             |  out|   32|     ap_fifo|                   conv_out3_0_2|       pointer|
|conv_out3_0_2_full_n          |   in|    1|     ap_fifo|                   conv_out3_0_2|       pointer|
|conv_out3_0_2_write           |  out|    1|     ap_fifo|                   conv_out3_0_2|       pointer|
|conv_out3_0_2_num_data_valid  |   in|   32|     ap_fifo|                   conv_out3_0_2|       pointer|
|conv_out3_0_2_fifo_cap        |   in|   32|     ap_fifo|                   conv_out3_0_2|       pointer|
|conv_out3_0_3_din             |  out|   32|     ap_fifo|                   conv_out3_0_3|       pointer|
|conv_out3_0_3_full_n          |   in|    1|     ap_fifo|                   conv_out3_0_3|       pointer|
|conv_out3_0_3_write           |  out|    1|     ap_fifo|                   conv_out3_0_3|       pointer|
|conv_out3_0_3_num_data_valid  |   in|   32|     ap_fifo|                   conv_out3_0_3|       pointer|
|conv_out3_0_3_fifo_cap        |   in|   32|     ap_fifo|                   conv_out3_0_3|       pointer|
|conv_out3_0_4_din             |  out|   32|     ap_fifo|                   conv_out3_0_4|       pointer|
|conv_out3_0_4_full_n          |   in|    1|     ap_fifo|                   conv_out3_0_4|       pointer|
|conv_out3_0_4_write           |  out|    1|     ap_fifo|                   conv_out3_0_4|       pointer|
|conv_out3_0_4_num_data_valid  |   in|   32|     ap_fifo|                   conv_out3_0_4|       pointer|
|conv_out3_0_4_fifo_cap        |   in|   32|     ap_fifo|                   conv_out3_0_4|       pointer|
|conv_out3_0_5_din             |  out|   32|     ap_fifo|                   conv_out3_0_5|       pointer|
|conv_out3_0_5_full_n          |   in|    1|     ap_fifo|                   conv_out3_0_5|       pointer|
|conv_out3_0_5_write           |  out|    1|     ap_fifo|                   conv_out3_0_5|       pointer|
|conv_out3_0_5_num_data_valid  |   in|   32|     ap_fifo|                   conv_out3_0_5|       pointer|
|conv_out3_0_5_fifo_cap        |   in|   32|     ap_fifo|                   conv_out3_0_5|       pointer|
|conv_out3_0_6_din             |  out|   32|     ap_fifo|                   conv_out3_0_6|       pointer|
|conv_out3_0_6_full_n          |   in|    1|     ap_fifo|                   conv_out3_0_6|       pointer|
|conv_out3_0_6_write           |  out|    1|     ap_fifo|                   conv_out3_0_6|       pointer|
|conv_out3_0_6_num_data_valid  |   in|   32|     ap_fifo|                   conv_out3_0_6|       pointer|
|conv_out3_0_6_fifo_cap        |   in|   32|     ap_fifo|                   conv_out3_0_6|       pointer|
|conv_out3_1_0_din             |  out|   32|     ap_fifo|                   conv_out3_1_0|       pointer|
|conv_out3_1_0_full_n          |   in|    1|     ap_fifo|                   conv_out3_1_0|       pointer|
|conv_out3_1_0_write           |  out|    1|     ap_fifo|                   conv_out3_1_0|       pointer|
|conv_out3_1_0_num_data_valid  |   in|   32|     ap_fifo|                   conv_out3_1_0|       pointer|
|conv_out3_1_0_fifo_cap        |   in|   32|     ap_fifo|                   conv_out3_1_0|       pointer|
|conv_out3_1_1_din             |  out|   32|     ap_fifo|                   conv_out3_1_1|       pointer|
|conv_out3_1_1_full_n          |   in|    1|     ap_fifo|                   conv_out3_1_1|       pointer|
|conv_out3_1_1_write           |  out|    1|     ap_fifo|                   conv_out3_1_1|       pointer|
|conv_out3_1_1_num_data_valid  |   in|   32|     ap_fifo|                   conv_out3_1_1|       pointer|
|conv_out3_1_1_fifo_cap        |   in|   32|     ap_fifo|                   conv_out3_1_1|       pointer|
|conv_out3_1_2_din             |  out|   32|     ap_fifo|                   conv_out3_1_2|       pointer|
|conv_out3_1_2_full_n          |   in|    1|     ap_fifo|                   conv_out3_1_2|       pointer|
|conv_out3_1_2_write           |  out|    1|     ap_fifo|                   conv_out3_1_2|       pointer|
|conv_out3_1_2_num_data_valid  |   in|   32|     ap_fifo|                   conv_out3_1_2|       pointer|
|conv_out3_1_2_fifo_cap        |   in|   32|     ap_fifo|                   conv_out3_1_2|       pointer|
|conv_out3_1_3_din             |  out|   32|     ap_fifo|                   conv_out3_1_3|       pointer|
|conv_out3_1_3_full_n          |   in|    1|     ap_fifo|                   conv_out3_1_3|       pointer|
|conv_out3_1_3_write           |  out|    1|     ap_fifo|                   conv_out3_1_3|       pointer|
|conv_out3_1_3_num_data_valid  |   in|   32|     ap_fifo|                   conv_out3_1_3|       pointer|
|conv_out3_1_3_fifo_cap        |   in|   32|     ap_fifo|                   conv_out3_1_3|       pointer|
|conv_out3_1_4_din             |  out|   32|     ap_fifo|                   conv_out3_1_4|       pointer|
|conv_out3_1_4_full_n          |   in|    1|     ap_fifo|                   conv_out3_1_4|       pointer|
|conv_out3_1_4_write           |  out|    1|     ap_fifo|                   conv_out3_1_4|       pointer|
|conv_out3_1_4_num_data_valid  |   in|   32|     ap_fifo|                   conv_out3_1_4|       pointer|
|conv_out3_1_4_fifo_cap        |   in|   32|     ap_fifo|                   conv_out3_1_4|       pointer|
|conv_out3_1_5_din             |  out|   32|     ap_fifo|                   conv_out3_1_5|       pointer|
|conv_out3_1_5_full_n          |   in|    1|     ap_fifo|                   conv_out3_1_5|       pointer|
|conv_out3_1_5_write           |  out|    1|     ap_fifo|                   conv_out3_1_5|       pointer|
|conv_out3_1_5_num_data_valid  |   in|   32|     ap_fifo|                   conv_out3_1_5|       pointer|
|conv_out3_1_5_fifo_cap        |   in|   32|     ap_fifo|                   conv_out3_1_5|       pointer|
|conv_out3_1_6_din             |  out|   32|     ap_fifo|                   conv_out3_1_6|       pointer|
|conv_out3_1_6_full_n          |   in|    1|     ap_fifo|                   conv_out3_1_6|       pointer|
|conv_out3_1_6_write           |  out|    1|     ap_fifo|                   conv_out3_1_6|       pointer|
|conv_out3_1_6_num_data_valid  |   in|   32|     ap_fifo|                   conv_out3_1_6|       pointer|
|conv_out3_1_6_fifo_cap        |   in|   32|     ap_fifo|                   conv_out3_1_6|       pointer|
+------------------------------+-----+-----+------------+--------------------------------+--------------+

