

================================================================
== Vitis HLS Report for 'fully_connect_layer_stream3_9u_s'
================================================================
* Date:           Fri Aug  1 07:20:13 2025

* Version:        2024.2 (Build 5238294 on Nov  8 2024)
* Project:        hls_component
* Solution:       hls (Vivado IP Flow Target)
* Product family: zynquplus
* Target device:  xczu19eg-ffvc1760-2-i


================================================================
== Performance Estimates
================================================================
+ Timing: 
    * Summary: 
    +--------+---------+----------+------------+
    |  Clock |  Target | Estimated| Uncertainty|
    +--------+---------+----------+------------+
    |ap_clk  |  3.57 ns|  2.478 ns|     0.96 ns|
    +--------+---------+----------+------------+

+ Latency: 
    * Summary: 
    +---------+---------+-----------+-----------+-----+-----+------------------------------------------------+
    |  Latency (cycles) |   Latency (absolute)  |  Interval |                    Pipeline                    |
    |   min   |   max   |    min    |    max    | min | max |                      Type                      |
    +---------+---------+-----------+-----------+-----+-----+------------------------------------------------+
    |        8|        8|  28.568 ns|  28.568 ns|    3|    3|  loop auto-rewind stp (delay=0 clock cycles(s))|
    +---------+---------+-----------+-----------+-----+-----+------------------------------------------------+

    + Detail: 
        * Instance: 
        N/A

        * Loop: 
        +-------------------+---------+---------+----------+-----------+-----------+------+----------+
        |                   |  Latency (cycles) | Iteration|  Initiation Interval  | Trip |          |
        |     Loop Name     |   min   |   max   |  Latency |  achieved |   target  | Count| Pipelined|
        +-------------------+---------+---------+----------+-----------+-----------+------+----------+
        |- VITIS_LOOP_94_1  |        6|        6|         5|          1|          1|     3|       yes|
        +-------------------+---------+---------+----------+-----------+-----------+------+----------+



================================================================
== Utilization Estimates
================================================================
* Summary: 
+-----------------+---------+------+---------+--------+-----+
|       Name      | BRAM_18K|  DSP |    FF   |   LUT  | URAM|
+-----------------+---------+------+---------+--------+-----+
|DSP              |        -|     -|        -|       -|    -|
|Expression       |        -|     -|        0|    3532|    -|
|FIFO             |        -|     -|        -|       -|    -|
|Instance         |        -|     -|        -|       -|    -|
|Memory           |        -|     -|        -|       -|    -|
|Multiplexer      |        -|     -|        0|     885|    -|
|Register         |        -|     -|     4135|       -|    -|
+-----------------+---------+------+---------+--------+-----+
|Total            |        0|     0|     4135|    4417|    0|
+-----------------+---------+------+---------+--------+-----+
|Available        |     1968|  1968|  1045440|  522720|  128|
+-----------------+---------+------+---------+--------+-----+
|Utilization (%)  |        0|     0|       ~0|      ~0|    0|
+-----------------+---------+------+---------+--------+-----+

+ Detail: 
    * Instance: 
    N/A

    * DSP: 
    N/A

    * Memory: 
    N/A

    * FIFO: 
    N/A

    * Expression: 
    +----------------------------------------+----------+----+---+----+------------+------------+
    |              Variable Name             | Operation| DSP| FF| LUT| Bitwidth P0| Bitwidth P1|
    +----------------------------------------+----------+----+---+----+------------+------------+
    |add_ln107_10_fu_3087_p2                 |         +|   0|  0|  32|          32|          32|
    |add_ln107_11_fu_1723_p2                 |         +|   0|  0|  32|          32|          32|
    |add_ln107_12_fu_1729_p2                 |         +|   0|  0|  32|          32|          32|
    |add_ln107_13_fu_1735_p2                 |         +|   0|  0|  32|          32|          32|
    |add_ln107_14_fu_1741_p2                 |         +|   0|  0|  32|          32|          32|
    |add_ln107_15_fu_3091_p2                 |         +|   0|  0|  32|          32|          32|
    |add_ln107_16_fu_1213_p2                 |         +|   0|  0|  39|          32|          32|
    |add_ln107_17_fu_2337_p2                 |         +|   0|  0|  32|          32|          32|
    |add_ln107_18_fu_2343_p2                 |         +|   0|  0|  32|          32|          32|
    |add_ln107_19_fu_2349_p2                 |         +|   0|  0|  32|          32|          32|
    |add_ln107_1_fu_1675_p2                  |         +|   0|  0|  32|          32|          32|
    |add_ln107_20_fu_2355_p2                 |         +|   0|  0|  32|          32|          32|
    |add_ln107_21_fu_2361_p2                 |         +|   0|  0|  32|          32|          32|
    |add_ln107_22_fu_2367_p2                 |         +|   0|  0|  32|          32|          32|
    |add_ln107_23_fu_2373_p2                 |         +|   0|  0|  32|          32|          32|
    |add_ln107_24_fu_3102_p2                 |         +|   0|  0|  32|          32|          32|
    |add_ln107_25_fu_2379_p2                 |         +|   0|  0|  32|          32|          32|
    |add_ln107_26_fu_2385_p2                 |         +|   0|  0|  32|          32|          32|
    |add_ln107_27_fu_3106_p2                 |         +|   0|  0|  32|          32|          32|
    |add_ln107_28_fu_2391_p2                 |         +|   0|  0|  32|          32|          32|
    |add_ln107_29_fu_2397_p2                 |         +|   0|  0|  32|          32|          32|
    |add_ln107_2_fu_1681_p2                  |         +|   0|  0|  32|          32|          32|
    |add_ln107_30_fu_2403_p2                 |         +|   0|  0|  32|          32|          32|
    |add_ln107_31_fu_2409_p2                 |         +|   0|  0|  32|          32|          32|
    |add_ln107_32_fu_3110_p2                 |         +|   0|  0|  32|          32|          32|
    |add_ln107_33_fu_1297_p2                 |         +|   0|  0|  39|          32|          32|
    |add_ln107_34_fu_3005_p2                 |         +|   0|  0|  32|          32|          32|
    |add_ln107_35_fu_3011_p2                 |         +|   0|  0|  32|          32|          32|
    |add_ln107_36_fu_3017_p2                 |         +|   0|  0|  32|          32|          32|
    |add_ln107_37_fu_3023_p2                 |         +|   0|  0|  32|          32|          32|
    |add_ln107_38_fu_3029_p2                 |         +|   0|  0|  32|          32|          32|
    |add_ln107_39_fu_3035_p2                 |         +|   0|  0|  32|          32|          32|
    |add_ln107_3_fu_1687_p2                  |         +|   0|  0|  32|          32|          32|
    |add_ln107_40_fu_3041_p2                 |         +|   0|  0|  32|          32|          32|
    |add_ln107_41_fu_3121_p2                 |         +|   0|  0|  32|          32|          32|
    |add_ln107_42_fu_3047_p2                 |         +|   0|  0|  32|          32|          32|
    |add_ln107_43_fu_3053_p2                 |         +|   0|  0|  32|          32|          32|
    |add_ln107_44_fu_3125_p2                 |         +|   0|  0|  32|          32|          32|
    |add_ln107_45_fu_3059_p2                 |         +|   0|  0|  32|          32|          32|
    |add_ln107_46_fu_3065_p2                 |         +|   0|  0|  32|          32|          32|
    |add_ln107_47_fu_3071_p2                 |         +|   0|  0|  32|          32|          32|
    |add_ln107_48_fu_3077_p2                 |         +|   0|  0|  32|          32|          32|
    |add_ln107_49_fu_3129_p2                 |         +|   0|  0|  32|          32|          32|
    |add_ln107_4_fu_1693_p2                  |         +|   0|  0|  32|          32|          32|
    |add_ln107_50_fu_1363_p2                 |         +|   0|  0|  39|          32|          32|
    |add_ln107_51_fu_1405_p2                 |         +|   0|  0|  32|          32|          32|
    |add_ln107_52_fu_1579_p2                 |         +|   0|  0|  32|          32|          32|
    |add_ln107_53_fu_1663_p2                 |         +|   0|  0|  39|          32|          32|
    |add_ln107_55_fu_1881_p2                 |         +|   0|  0|  39|          32|          32|
    |add_ln107_56_fu_1965_p2                 |         +|   0|  0|  39|          32|          32|
    |add_ln107_57_fu_2031_p2                 |         +|   0|  0|  39|          32|          32|
    |add_ln107_58_fu_2073_p2                 |         +|   0|  0|  32|          32|          32|
    |add_ln107_59_fu_2247_p2                 |         +|   0|  0|  32|          32|          32|
    |add_ln107_5_fu_1699_p2                  |         +|   0|  0|  32|          32|          32|
    |add_ln107_60_fu_2331_p2                 |         +|   0|  0|  39|          32|          32|
    |add_ln107_62_fu_2549_p2                 |         +|   0|  0|  39|          32|          32|
    |add_ln107_63_fu_2633_p2                 |         +|   0|  0|  39|          32|          32|
    |add_ln107_64_fu_2699_p2                 |         +|   0|  0|  39|          32|          32|
    |add_ln107_65_fu_2741_p2                 |         +|   0|  0|  32|          32|          32|
    |add_ln107_66_fu_2915_p2                 |         +|   0|  0|  32|          32|          32|
    |add_ln107_67_fu_2999_p2                 |         +|   0|  0|  39|          32|          32|
    |add_ln107_6_fu_1705_p2                  |         +|   0|  0|  32|          32|          32|
    |add_ln107_7_fu_3083_p2                  |         +|   0|  0|  32|          32|          32|
    |add_ln107_8_fu_1711_p2                  |         +|   0|  0|  32|          32|          32|
    |add_ln107_9_fu_1717_p2                  |         +|   0|  0|  32|          32|          32|
    |add_ln107_fu_1669_p2                    |         +|   0|  0|  32|          32|          32|
    |s_fu_1058_p2                            |         +|   0|  0|  12|           4|           2|
    |sum_4_fu_3134_p2                        |         +|   0|  0|  32|          32|          32|
    |sum_6_fu_3096_p2                        |         +|   0|  0|  32|          32|          32|
    |sum_8_fu_3115_p2                        |         +|   0|  0|  32|          32|          32|
    |sub_ln107_10_fu_1857_p2                 |         -|   0|  0|  32|          32|          32|
    |sub_ln107_11_fu_1923_p2                 |         -|   0|  0|  39|          32|          32|
    |sub_ln107_12_fu_2007_p2                 |         -|   0|  0|  39|          32|          32|
    |sub_ln107_13_fu_2115_p2                 |         -|   0|  0|  39|          32|          32|
    |sub_ln107_14_fu_2193_p2                 |         -|   0|  0|  32|          32|          32|
    |sub_ln107_15_fu_2199_p2                 |         -|   0|  0|  32|          32|          32|
    |sub_ln107_16_fu_2241_p2                 |         -|   0|  0|  39|          32|          32|
    |sub_ln107_17_fu_2307_p2                 |         -|   0|  0|  39|          32|          32|
    |sub_ln107_18_fu_2501_p2                 |         -|   0|  0|  39|          32|          32|
    |sub_ln107_19_fu_2525_p2                 |         -|   0|  0|  32|          32|          32|
    |sub_ln107_1_fu_1189_p2                  |         -|   0|  0|  32|          32|          32|
    |sub_ln107_20_fu_2591_p2                 |         -|   0|  0|  39|          32|          32|
    |sub_ln107_21_fu_2675_p2                 |         -|   0|  0|  39|          32|          32|
    |sub_ln107_22_fu_2783_p2                 |         -|   0|  0|  39|          32|          32|
    |sub_ln107_23_fu_2861_p2                 |         -|   0|  0|  32|          32|          32|
    |sub_ln107_24_fu_2867_p2                 |         -|   0|  0|  32|          32|          32|
    |sub_ln107_25_fu_2909_p2                 |         -|   0|  0|  39|          32|          32|
    |sub_ln107_26_fu_2975_p2                 |         -|   0|  0|  39|          32|          32|
    |sub_ln107_2_fu_1255_p2                  |         -|   0|  0|  39|          32|          32|
    |sub_ln107_3_fu_1339_p2                  |         -|   0|  0|  39|          32|          32|
    |sub_ln107_4_fu_1447_p2                  |         -|   0|  0|  39|          32|          32|
    |sub_ln107_5_fu_1525_p2                  |         -|   0|  0|  32|          32|          32|
    |sub_ln107_6_fu_1531_p2                  |         -|   0|  0|  32|          32|          32|
    |sub_ln107_7_fu_1573_p2                  |         -|   0|  0|  39|          32|          32|
    |sub_ln107_8_fu_1639_p2                  |         -|   0|  0|  39|          32|          32|
    |sub_ln107_9_fu_1833_p2                  |         -|   0|  0|  39|          32|          32|
    |sub_ln107_fu_1165_p2                    |         -|   0|  0|  39|          32|          32|
    |ap_condition_1058                       |       and|   0|  0|   2|           1|           1|
    |ap_condition_1857                       |       and|   0|  0|   2|           1|           1|
    |ap_condition_1877                       |       and|   0|  0|   2|           1|           1|
    |icmp_ln94_fu_1068_p2                    |      icmp|   0|  0|  12|           4|           4|
    |ap_block_pp0_stage0_01001_grp1          |        or|   0|  0|   2|           1|           1|
    |ap_block_pp0_stage0_01001_grp10         |        or|   0|  0|   2|           1|           1|
    |ap_block_pp0_stage0_01001_grp11         |        or|   0|  0|   2|           1|           1|
    |ap_block_pp0_stage0_01001_grp12         |        or|   0|  0|   2|           1|           1|
    |ap_block_pp0_stage0_01001_grp13         |        or|   0|  0|   2|           1|           1|
    |ap_block_pp0_stage0_01001_grp14         |        or|   0|  0|   2|           1|           1|
    |ap_block_pp0_stage0_01001_grp15         |        or|   0|  0|   2|           1|           1|
    |ap_block_pp0_stage0_01001_grp16         |        or|   0|  0|   2|           1|           1|
    |ap_block_pp0_stage0_01001_grp17         |        or|   0|  0|   2|           1|           1|
    |ap_block_pp0_stage0_01001_grp18         |        or|   0|  0|   2|           1|           1|
    |ap_block_pp0_stage0_01001_grp19         |        or|   0|  0|   2|           1|           1|
    |ap_block_pp0_stage0_01001_grp2          |        or|   0|  0|   2|           1|           1|
    |ap_block_pp0_stage0_01001_grp20         |        or|   0|  0|   2|           1|           1|
    |ap_block_pp0_stage0_01001_grp21         |        or|   0|  0|   2|           1|           1|
    |ap_block_pp0_stage0_01001_grp22         |        or|   0|  0|   2|           1|           1|
    |ap_block_pp0_stage0_01001_grp23         |        or|   0|  0|   2|           1|           1|
    |ap_block_pp0_stage0_01001_grp24         |        or|   0|  0|   2|           1|           1|
    |ap_block_pp0_stage0_01001_grp25         |        or|   0|  0|   2|           1|           1|
    |ap_block_pp0_stage0_01001_grp26         |        or|   0|  0|   2|           1|           1|
    |ap_block_pp0_stage0_01001_grp27         |        or|   0|  0|   2|           1|           1|
    |ap_block_pp0_stage0_01001_grp28         |        or|   0|  0|   2|           1|           1|
    |ap_block_pp0_stage0_01001_grp29         |        or|   0|  0|   2|           1|           1|
    |ap_block_pp0_stage0_01001_grp3          |        or|   0|  0|   2|           1|           1|
    |ap_block_pp0_stage0_01001_grp30         |        or|   0|  0|   2|           1|           1|
    |ap_block_pp0_stage0_01001_grp31         |        or|   0|  0|   2|           1|           1|
    |ap_block_pp0_stage0_01001_grp32         |        or|   0|  0|   2|           1|           1|
    |ap_block_pp0_stage0_01001_grp33         |        or|   0|  0|   2|           1|           1|
    |ap_block_pp0_stage0_01001_grp34         |        or|   0|  0|   2|           1|           1|
    |ap_block_pp0_stage0_01001_grp35         |        or|   0|  0|   2|           1|           1|
    |ap_block_pp0_stage0_01001_grp36         |        or|   0|  0|   2|           1|           1|
    |ap_block_pp0_stage0_01001_grp37         |        or|   0|  0|   2|           1|           1|
    |ap_block_pp0_stage0_01001_grp38         |        or|   0|  0|   2|           1|           1|
    |ap_block_pp0_stage0_01001_grp39         |        or|   0|  0|   2|           1|           1|
    |ap_block_pp0_stage0_01001_grp4          |        or|   0|  0|   2|           1|           1|
    |ap_block_pp0_stage0_01001_grp40         |        or|   0|  0|   2|           1|           1|
    |ap_block_pp0_stage0_01001_grp41         |        or|   0|  0|   2|           1|           1|
    |ap_block_pp0_stage0_01001_grp42         |        or|   0|  0|   2|           1|           1|
    |ap_block_pp0_stage0_01001_grp43         |        or|   0|  0|   2|           1|           1|
    |ap_block_pp0_stage0_01001_grp5          |        or|   0|  0|   2|           1|           1|
    |ap_block_pp0_stage0_01001_grp55         |        or|   0|  0|   2|           1|           1|
    |ap_block_pp0_stage0_01001_grp56         |        or|   0|  0|   2|           1|           1|
    |ap_block_pp0_stage0_01001_grp57         |        or|   0|  0|   2|           1|           1|
    |ap_block_pp0_stage0_01001_grp58         |        or|   0|  0|   2|           1|           1|
    |ap_block_pp0_stage0_01001_grp59         |        or|   0|  0|   2|           1|           1|
    |ap_block_pp0_stage0_01001_grp6          |        or|   0|  0|   2|           1|           1|
    |ap_block_pp0_stage0_01001_grp60         |        or|   0|  0|   2|           1|           1|
    |ap_block_pp0_stage0_01001_grp61         |        or|   0|  0|   2|           1|           1|
    |ap_block_pp0_stage0_01001_grp62         |        or|   0|  0|   2|           1|           1|
    |ap_block_pp0_stage0_01001_grp63         |        or|   0|  0|   2|           1|           1|
    |ap_block_pp0_stage0_01001_grp64         |        or|   0|  0|   2|           1|           1|
    |ap_block_pp0_stage0_01001_grp65         |        or|   0|  0|   2|           1|           1|
    |ap_block_pp0_stage0_01001_grp66         |        or|   0|  0|   2|           1|           1|
    |ap_block_pp0_stage0_01001_grp67         |        or|   0|  0|   2|           1|           1|
    |ap_block_pp0_stage0_01001_grp68         |        or|   0|  0|   2|           1|           1|
    |ap_block_pp0_stage0_01001_grp69         |        or|   0|  0|   2|           1|           1|
    |ap_block_pp0_stage0_01001_grp7          |        or|   0|  0|   2|           1|           1|
    |ap_block_pp0_stage0_01001_grp70         |        or|   0|  0|   2|           1|           1|
    |ap_block_pp0_stage0_01001_grp71         |        or|   0|  0|   2|           1|           1|
    |ap_block_pp0_stage0_01001_grp72         |        or|   0|  0|   2|           1|           1|
    |ap_block_pp0_stage0_01001_grp73         |        or|   0|  0|   2|           1|           1|
    |ap_block_pp0_stage0_01001_grp74         |        or|   0|  0|   2|           1|           1|
    |ap_block_pp0_stage0_01001_grp75         |        or|   0|  0|   2|           1|           1|
    |ap_block_pp0_stage0_01001_grp8          |        or|   0|  0|   2|           1|           1|
    |ap_block_pp0_stage0_01001_grp9          |        or|   0|  0|   2|           1|           1|
    |ap_block_pp0_stage0_11001               |        or|   0|  0|   2|           1|           1|
    |ap_block_state1_pp0_stage0_iter0_grp1   |        or|   0|  0|   2|           1|           1|
    |ap_block_state1_pp0_stage0_iter0_grp10  |        or|   0|  0|   2|           1|           1|
    |ap_block_state1_pp0_stage0_iter0_grp11  |        or|   0|  0|   2|           1|           1|
    |ap_block_state1_pp0_stage0_iter0_grp12  |        or|   0|  0|   2|           1|           1|
    |ap_block_state1_pp0_stage0_iter0_grp13  |        or|   0|  0|   2|           1|           1|
    |ap_block_state1_pp0_stage0_iter0_grp14  |        or|   0|  0|   2|           1|           1|
    |ap_block_state1_pp0_stage0_iter0_grp15  |        or|   0|  0|   2|           1|           1|
    |ap_block_state1_pp0_stage0_iter0_grp16  |        or|   0|  0|   2|           1|           1|
    |ap_block_state1_pp0_stage0_iter0_grp17  |        or|   0|  0|   2|           1|           1|
    |ap_block_state1_pp0_stage0_iter0_grp18  |        or|   0|  0|   2|           1|           1|
    |ap_block_state1_pp0_stage0_iter0_grp19  |        or|   0|  0|   2|           1|           1|
    |ap_block_state1_pp0_stage0_iter0_grp2   |        or|   0|  0|   2|           1|           1|
    |ap_block_state1_pp0_stage0_iter0_grp20  |        or|   0|  0|   2|           1|           1|
    |ap_block_state1_pp0_stage0_iter0_grp21  |        or|   0|  0|   2|           1|           1|
    |ap_block_state1_pp0_stage0_iter0_grp22  |        or|   0|  0|   2|           1|           1|
    |ap_block_state1_pp0_stage0_iter0_grp23  |        or|   0|  0|   2|           1|           1|
    |ap_block_state1_pp0_stage0_iter0_grp24  |        or|   0|  0|   2|           1|           1|
    |ap_block_state1_pp0_stage0_iter0_grp25  |        or|   0|  0|   2|           1|           1|
    |ap_block_state1_pp0_stage0_iter0_grp26  |        or|   0|  0|   2|           1|           1|
    |ap_block_state1_pp0_stage0_iter0_grp27  |        or|   0|  0|   2|           1|           1|
    |ap_block_state1_pp0_stage0_iter0_grp28  |        or|   0|  0|   2|           1|           1|
    |ap_block_state1_pp0_stage0_iter0_grp29  |        or|   0|  0|   2|           1|           1|
    |ap_block_state1_pp0_stage0_iter0_grp3   |        or|   0|  0|   2|           1|           1|
    |ap_block_state1_pp0_stage0_iter0_grp30  |        or|   0|  0|   2|           1|           1|
    |ap_block_state1_pp0_stage0_iter0_grp31  |        or|   0|  0|   2|           1|           1|
    |ap_block_state1_pp0_stage0_iter0_grp32  |        or|   0|  0|   2|           1|           1|
    |ap_block_state1_pp0_stage0_iter0_grp33  |        or|   0|  0|   2|           1|           1|
    |ap_block_state1_pp0_stage0_iter0_grp34  |        or|   0|  0|   2|           1|           1|
    |ap_block_state1_pp0_stage0_iter0_grp35  |        or|   0|  0|   2|           1|           1|
    |ap_block_state1_pp0_stage0_iter0_grp36  |        or|   0|  0|   2|           1|           1|
    |ap_block_state1_pp0_stage0_iter0_grp37  |        or|   0|  0|   2|           1|           1|
    |ap_block_state1_pp0_stage0_iter0_grp38  |        or|   0|  0|   2|           1|           1|
    |ap_block_state1_pp0_stage0_iter0_grp39  |        or|   0|  0|   2|           1|           1|
    |ap_block_state1_pp0_stage0_iter0_grp4   |        or|   0|  0|   2|           1|           1|
    |ap_block_state1_pp0_stage0_iter0_grp40  |        or|   0|  0|   2|           1|           1|
    |ap_block_state1_pp0_stage0_iter0_grp41  |        or|   0|  0|   2|           1|           1|
    |ap_block_state1_pp0_stage0_iter0_grp42  |        or|   0|  0|   2|           1|           1|
    |ap_block_state1_pp0_stage0_iter0_grp5   |        or|   0|  0|   2|           1|           1|
    |ap_block_state1_pp0_stage0_iter0_grp6   |        or|   0|  0|   2|           1|           1|
    |ap_block_state1_pp0_stage0_iter0_grp7   |        or|   0|  0|   2|           1|           1|
    |ap_block_state1_pp0_stage0_iter0_grp8   |        or|   0|  0|   2|           1|           1|
    |ap_block_state1_pp0_stage0_iter0_grp9   |        or|   0|  0|   2|           1|           1|
    |ap_block_state2_pp0_stage0_iter1_grp43  |        or|   0|  0|   2|           1|           1|
    |ap_block_state5_pp0_stage0_iter4_grp43  |        or|   0|  0|   2|           1|           1|
    |ap_enable_pp0                           |       xor|   0|  0|   2|           1|           2|
    +----------------------------------------+----------+----+---+----+------------+------------+
    |Total                                   |          |   0|  0|3532|        3193|        3192|
    +----------------------------------------+----------+----+---+----+------------+------------+

    * Multiplexer: 
    +---------------------------------------+----+-----------+-----+-----------+
    |                  Name                 | LUT| Input Size| Bits| Total Bits|
    +---------------------------------------+----+-----------+-----+-----------+
    |ap_done_int                            |   9|          2|    1|          2|
    |ap_loop_exit_ready_pp0_iter4_reg       |   9|          2|    1|          2|
    |ap_phi_reg_pp0_iter2_empty_27_reg_968  |  37|          7|  576|       4032|
    |ap_phi_reg_pp0_iter2_empty_28_reg_985  |  37|          7|  576|       4032|
    |ap_phi_reg_pp0_iter2_empty_reg_951     |  37|          7|  576|       4032|
    |ap_sig_allocacmp_s1_load               |   9|          2|    3|          6|
    |feature_embedding_0_blk_n              |   9|          2|    1|          2|
    |feature_embedding_1_blk_n              |   9|          2|    1|          2|
    |feature_embedding_2_blk_n              |   9|          2|    1|          2|
    |feature_embedding_3_blk_n              |   9|          2|    1|          2|
    |feature_embedding_4_blk_n              |   9|          2|    1|          2|
    |feature_embedding_5_blk_n              |   9|          2|    1|          2|
    |feature_embedding_6_blk_n              |   9|          2|    1|          2|
    |feature_embedding_7_blk_n              |   9|          2|    1|          2|
    |feature_embedding_8_blk_n              |   9|          2|    1|          2|
    |proj_embedding3_0_0_blk_n              |   9|          2|    1|          2|
    |proj_embedding3_0_1_blk_n              |   9|          2|    1|          2|
    |proj_embedding3_0_2_blk_n              |   9|          2|    1|          2|
    |proj_embedding3_1_0_blk_n              |   9|          2|    1|          2|
    |proj_embedding3_1_1_blk_n              |   9|          2|    1|          2|
    |proj_embedding3_1_2_blk_n              |   9|          2|    1|          2|
    |proj_embedding3_2_0_blk_n              |   9|          2|    1|          2|
    |proj_embedding3_2_1_blk_n              |   9|          2|    1|          2|
    |proj_embedding3_2_2_blk_n              |   9|          2|    1|          2|
    |proj_embedding3_3_0_blk_n              |   9|          2|    1|          2|
    |proj_embedding3_3_1_blk_n              |   9|          2|    1|          2|
    |proj_embedding3_3_2_blk_n              |   9|          2|    1|          2|
    |proj_embedding3_4_0_blk_n              |   9|          2|    1|          2|
    |proj_embedding3_4_1_blk_n              |   9|          2|    1|          2|
    |proj_embedding3_4_2_blk_n              |   9|          2|    1|          2|
    |proj_embedding3_5_0_blk_n              |   9|          2|    1|          2|
    |proj_embedding3_5_1_blk_n              |   9|          2|    1|          2|
    |proj_embedding3_5_2_blk_n              |   9|          2|    1|          2|
    |proj_embedding3_6_0_blk_n              |   9|          2|    1|          2|
    |proj_embedding3_6_1_blk_n              |   9|          2|    1|          2|
    |proj_embedding3_6_2_blk_n              |   9|          2|    1|          2|
    |proj_embedding3_7_0_blk_n              |   9|          2|    1|          2|
    |proj_embedding3_7_1_blk_n              |   9|          2|    1|          2|
    |proj_embedding3_7_2_blk_n              |   9|          2|    1|          2|
    |proj_embedding4_0_0_blk_n              |   9|          2|    1|          2|
    |proj_embedding4_0_1_blk_n              |   9|          2|    1|          2|
    |proj_embedding4_0_2_blk_n              |   9|          2|    1|          2|
    |proj_embedding4_1_0_blk_n              |   9|          2|    1|          2|
    |proj_embedding4_1_1_blk_n              |   9|          2|    1|          2|
    |proj_embedding4_1_2_blk_n              |   9|          2|    1|          2|
    |proj_embedding4_2_0_blk_n              |   9|          2|    1|          2|
    |proj_embedding4_2_1_blk_n              |   9|          2|    1|          2|
    |proj_embedding4_2_2_blk_n              |   9|          2|    1|          2|
    |proj_embedding4_3_0_blk_n              |   9|          2|    1|          2|
    |proj_embedding4_3_1_blk_n              |   9|          2|    1|          2|
    |proj_embedding4_3_2_blk_n              |   9|          2|    1|          2|
    |proj_embedding4_4_0_blk_n              |   9|          2|    1|          2|
    |proj_embedding4_4_1_blk_n              |   9|          2|    1|          2|
    |proj_embedding4_4_2_blk_n              |   9|          2|    1|          2|
    |proj_embedding4_5_0_blk_n              |   9|          2|    1|          2|
    |proj_embedding4_5_1_blk_n              |   9|          2|    1|          2|
    |proj_embedding4_5_2_blk_n              |   9|          2|    1|          2|
    |proj_embedding4_6_0_blk_n              |   9|          2|    1|          2|
    |proj_embedding4_6_1_blk_n              |   9|          2|    1|          2|
    |proj_embedding4_6_2_blk_n              |   9|          2|    1|          2|
    |proj_embedding4_7_0_blk_n              |   9|          2|    1|          2|
    |proj_embedding4_7_1_blk_n              |   9|          2|    1|          2|
    |proj_embedding4_7_2_blk_n              |   9|          2|    1|          2|
    |proj_embedding5_0_0_blk_n              |   9|          2|    1|          2|
    |proj_embedding5_0_1_blk_n              |   9|          2|    1|          2|
    |proj_embedding5_0_2_blk_n              |   9|          2|    1|          2|
    |proj_embedding5_1_0_blk_n              |   9|          2|    1|          2|
    |proj_embedding5_1_1_blk_n              |   9|          2|    1|          2|
    |proj_embedding5_1_2_blk_n              |   9|          2|    1|          2|
    |proj_embedding5_2_0_blk_n              |   9|          2|    1|          2|
    |proj_embedding5_2_1_blk_n              |   9|          2|    1|          2|
    |proj_embedding5_2_2_blk_n              |   9|          2|    1|          2|
    |proj_embedding5_3_0_blk_n              |   9|          2|    1|          2|
    |proj_embedding5_3_1_blk_n              |   9|          2|    1|          2|
    |proj_embedding5_3_2_blk_n              |   9|          2|    1|          2|
    |proj_embedding5_4_0_blk_n              |   9|          2|    1|          2|
    |proj_embedding5_4_1_blk_n              |   9|          2|    1|          2|
    |proj_embedding5_4_2_blk_n              |   9|          2|    1|          2|
    |proj_embedding5_5_0_blk_n              |   9|          2|    1|          2|
    |proj_embedding5_5_1_blk_n              |   9|          2|    1|          2|
    |proj_embedding5_5_2_blk_n              |   9|          2|    1|          2|
    |proj_embedding5_6_0_blk_n              |   9|          2|    1|          2|
    |proj_embedding5_6_1_blk_n              |   9|          2|    1|          2|
    |proj_embedding5_6_2_blk_n              |   9|          2|    1|          2|
    |proj_embedding5_7_0_blk_n              |   9|          2|    1|          2|
    |proj_embedding5_7_1_blk_n              |   9|          2|    1|          2|
    |proj_embedding5_7_2_blk_n              |   9|          2|    1|          2|
    |real_start                             |   9|          2|    1|          2|
    |s1_fu_326                              |   9|          2|    3|          6|
    +---------------------------------------+----+-----------+-----+-----------+
    |Total                                  | 885|        193| 1818|      12276|
    +---------------------------------------+----+-----------+-----+-----------+

    * Register: 
    +--------------------------------------------------+-----+----+-----+-----------+
    |                       Name                       |  FF | LUT| Bits| Const Bits|
    +--------------------------------------------------+-----+----+-----+-----------+
    |add_ln107_14_reg_3203                             |   32|   0|   32|          0|
    |add_ln107_19_reg_3208                             |   32|   0|   32|          0|
    |add_ln107_23_reg_3213                             |   32|   0|   32|          0|
    |add_ln107_25_reg_3218                             |   32|   0|   32|          0|
    |add_ln107_26_reg_3223                             |   32|   0|   32|          0|
    |add_ln107_2_reg_3183                              |   32|   0|   32|          0|
    |add_ln107_31_reg_3228                             |   32|   0|   32|          0|
    |add_ln107_36_reg_3233                             |   32|   0|   32|          0|
    |add_ln107_40_reg_3238                             |   32|   0|   32|          0|
    |add_ln107_42_reg_3243                             |   32|   0|   32|          0|
    |add_ln107_43_reg_3248                             |   32|   0|   32|          0|
    |add_ln107_48_reg_3253                             |   32|   0|   32|          0|
    |add_ln107_6_reg_3188                              |   32|   0|   32|          0|
    |add_ln107_8_reg_3193                              |   32|   0|   32|          0|
    |add_ln107_9_reg_3198                              |   32|   0|   32|          0|
    |ap_CS_fsm                                         |    1|   0|    1|          0|
    |ap_block_pp0_stage0_subdone_grp10_done_reg_iter0  |    1|   0|    1|          0|
    |ap_block_pp0_stage0_subdone_grp11_done_reg_iter0  |    1|   0|    1|          0|
    |ap_block_pp0_stage0_subdone_grp12_done_reg_iter0  |    1|   0|    1|          0|
    |ap_block_pp0_stage0_subdone_grp13_done_reg_iter0  |    1|   0|    1|          0|
    |ap_block_pp0_stage0_subdone_grp14_done_reg_iter0  |    1|   0|    1|          0|
    |ap_block_pp0_stage0_subdone_grp15_done_reg_iter0  |    1|   0|    1|          0|
    |ap_block_pp0_stage0_subdone_grp16_done_reg_iter0  |    1|   0|    1|          0|
    |ap_block_pp0_stage0_subdone_grp17_done_reg_iter0  |    1|   0|    1|          0|
    |ap_block_pp0_stage0_subdone_grp18_done_reg_iter0  |    1|   0|    1|          0|
    |ap_block_pp0_stage0_subdone_grp19_done_reg_iter0  |    1|   0|    1|          0|
    |ap_block_pp0_stage0_subdone_grp1_done_reg_iter0   |    1|   0|    1|          0|
    |ap_block_pp0_stage0_subdone_grp20_done_reg_iter0  |    1|   0|    1|          0|
    |ap_block_pp0_stage0_subdone_grp21_done_reg_iter0  |    1|   0|    1|          0|
    |ap_block_pp0_stage0_subdone_grp22_done_reg_iter0  |    1|   0|    1|          0|
    |ap_block_pp0_stage0_subdone_grp23_done_reg_iter0  |    1|   0|    1|          0|
    |ap_block_pp0_stage0_subdone_grp24_done_reg_iter0  |    1|   0|    1|          0|
    |ap_block_pp0_stage0_subdone_grp25_done_reg_iter0  |    1|   0|    1|          0|
    |ap_block_pp0_stage0_subdone_grp26_done_reg_iter0  |    1|   0|    1|          0|
    |ap_block_pp0_stage0_subdone_grp27_done_reg_iter0  |    1|   0|    1|          0|
    |ap_block_pp0_stage0_subdone_grp28_done_reg_iter0  |    1|   0|    1|          0|
    |ap_block_pp0_stage0_subdone_grp29_done_reg_iter0  |    1|   0|    1|          0|
    |ap_block_pp0_stage0_subdone_grp2_done_reg_iter0   |    1|   0|    1|          0|
    |ap_block_pp0_stage0_subdone_grp30_done_reg_iter0  |    1|   0|    1|          0|
    |ap_block_pp0_stage0_subdone_grp31_done_reg_iter0  |    1|   0|    1|          0|
    |ap_block_pp0_stage0_subdone_grp32_done_reg_iter0  |    1|   0|    1|          0|
    |ap_block_pp0_stage0_subdone_grp33_done_reg_iter0  |    1|   0|    1|          0|
    |ap_block_pp0_stage0_subdone_grp34_done_reg_iter0  |    1|   0|    1|          0|
    |ap_block_pp0_stage0_subdone_grp35_done_reg_iter0  |    1|   0|    1|          0|
    |ap_block_pp0_stage0_subdone_grp36_done_reg_iter0  |    1|   0|    1|          0|
    |ap_block_pp0_stage0_subdone_grp37_done_reg_iter0  |    1|   0|    1|          0|
    |ap_block_pp0_stage0_subdone_grp38_done_reg_iter0  |    1|   0|    1|          0|
    |ap_block_pp0_stage0_subdone_grp39_done_reg_iter0  |    1|   0|    1|          0|
    |ap_block_pp0_stage0_subdone_grp3_done_reg_iter0   |    1|   0|    1|          0|
    |ap_block_pp0_stage0_subdone_grp40_done_reg_iter0  |    1|   0|    1|          0|
    |ap_block_pp0_stage0_subdone_grp41_done_reg_iter0  |    1|   0|    1|          0|
    |ap_block_pp0_stage0_subdone_grp42_done_reg_iter0  |    1|   0|    1|          0|
    |ap_block_pp0_stage0_subdone_grp43_done_reg        |    1|   0|    1|          0|
    |ap_block_pp0_stage0_subdone_grp43_done_reg_iter0  |    1|   0|    1|          0|
    |ap_block_pp0_stage0_subdone_grp4_done_reg_iter0   |    1|   0|    1|          0|
    |ap_block_pp0_stage0_subdone_grp55_done_reg        |    1|   0|    1|          0|
    |ap_block_pp0_stage0_subdone_grp55_done_reg_iter0  |    1|   0|    1|          0|
    |ap_block_pp0_stage0_subdone_grp56_done_reg        |    1|   0|    1|          0|
    |ap_block_pp0_stage0_subdone_grp56_done_reg_iter0  |    1|   0|    1|          0|
    |ap_block_pp0_stage0_subdone_grp57_done_reg        |    1|   0|    1|          0|
    |ap_block_pp0_stage0_subdone_grp57_done_reg_iter0  |    1|   0|    1|          0|
    |ap_block_pp0_stage0_subdone_grp58_done_reg        |    1|   0|    1|          0|
    |ap_block_pp0_stage0_subdone_grp58_done_reg_iter0  |    1|   0|    1|          0|
    |ap_block_pp0_stage0_subdone_grp59_done_reg        |    1|   0|    1|          0|
    |ap_block_pp0_stage0_subdone_grp59_done_reg_iter0  |    1|   0|    1|          0|
    |ap_block_pp0_stage0_subdone_grp5_done_reg_iter0   |    1|   0|    1|          0|
    |ap_block_pp0_stage0_subdone_grp60_done_reg        |    1|   0|    1|          0|
    |ap_block_pp0_stage0_subdone_grp60_done_reg_iter0  |    1|   0|    1|          0|
    |ap_block_pp0_stage0_subdone_grp61_done_reg        |    1|   0|    1|          0|
    |ap_block_pp0_stage0_subdone_grp61_done_reg_iter0  |    1|   0|    1|          0|
    |ap_block_pp0_stage0_subdone_grp62_done_reg        |    1|   0|    1|          0|
    |ap_block_pp0_stage0_subdone_grp62_done_reg_iter0  |    1|   0|    1|          0|
    |ap_block_pp0_stage0_subdone_grp63_done_reg        |    1|   0|    1|          0|
    |ap_block_pp0_stage0_subdone_grp63_done_reg_iter0  |    1|   0|    1|          0|
    |ap_block_pp0_stage0_subdone_grp64_done_reg        |    1|   0|    1|          0|
    |ap_block_pp0_stage0_subdone_grp64_done_reg_iter0  |    1|   0|    1|          0|
    |ap_block_pp0_stage0_subdone_grp65_done_reg        |    1|   0|    1|          0|
    |ap_block_pp0_stage0_subdone_grp65_done_reg_iter0  |    1|   0|    1|          0|
    |ap_block_pp0_stage0_subdone_grp66_done_reg        |    1|   0|    1|          0|
    |ap_block_pp0_stage0_subdone_grp66_done_reg_iter0  |    1|   0|    1|          0|
    |ap_block_pp0_stage0_subdone_grp67_done_reg        |    1|   0|    1|          0|
    |ap_block_pp0_stage0_subdone_grp67_done_reg_iter0  |    1|   0|    1|          0|
    |ap_block_pp0_stage0_subdone_grp68_done_reg        |    1|   0|    1|          0|
    |ap_block_pp0_stage0_subdone_grp68_done_reg_iter0  |    1|   0|    1|          0|
    |ap_block_pp0_stage0_subdone_grp69_done_reg        |    1|   0|    1|          0|
    |ap_block_pp0_stage0_subdone_grp69_done_reg_iter0  |    1|   0|    1|          0|
    |ap_block_pp0_stage0_subdone_grp6_done_reg_iter0   |    1|   0|    1|          0|
    |ap_block_pp0_stage0_subdone_grp70_done_reg        |    1|   0|    1|          0|
    |ap_block_pp0_stage0_subdone_grp70_done_reg_iter0  |    1|   0|    1|          0|
    |ap_block_pp0_stage0_subdone_grp71_done_reg        |    1|   0|    1|          0|
    |ap_block_pp0_stage0_subdone_grp71_done_reg_iter0  |    1|   0|    1|          0|
    |ap_block_pp0_stage0_subdone_grp72_done_reg        |    1|   0|    1|          0|
    |ap_block_pp0_stage0_subdone_grp72_done_reg_iter0  |    1|   0|    1|          0|
    |ap_block_pp0_stage0_subdone_grp73_done_reg        |    1|   0|    1|          0|
    |ap_block_pp0_stage0_subdone_grp73_done_reg_iter0  |    1|   0|    1|          0|
    |ap_block_pp0_stage0_subdone_grp74_done_reg        |    1|   0|    1|          0|
    |ap_block_pp0_stage0_subdone_grp74_done_reg_iter0  |    1|   0|    1|          0|
    |ap_block_pp0_stage0_subdone_grp75_done_reg        |    1|   0|    1|          0|
    |ap_block_pp0_stage0_subdone_grp75_done_reg_iter0  |    1|   0|    1|          0|
    |ap_block_pp0_stage0_subdone_grp7_done_reg_iter0   |    1|   0|    1|          0|
    |ap_block_pp0_stage0_subdone_grp8_done_reg_iter0   |    1|   0|    1|          0|
    |ap_block_pp0_stage0_subdone_grp9_done_reg_iter0   |    1|   0|    1|          0|
    |ap_done_reg                                       |    1|   0|    1|          0|
    |ap_enable_reg_pp0_iter1                           |    1|   0|    1|          0|
    |ap_enable_reg_pp0_iter2                           |    1|   0|    1|          0|
    |ap_enable_reg_pp0_iter3                           |    1|   0|    1|          0|
    |ap_enable_reg_pp0_iter4                           |    1|   0|    1|          0|
    |ap_loop_exit_ready_pp0_iter1_reg                  |    1|   0|    1|          0|
    |ap_loop_exit_ready_pp0_iter2_reg                  |    1|   0|    1|          0|
    |ap_loop_exit_ready_pp0_iter3_reg                  |    1|   0|    1|          0|
    |ap_loop_exit_ready_pp0_iter4_reg                  |    1|   0|    1|          0|
    |ap_phi_reg_pp0_iter1_empty_27_reg_968             |  576|   0|  576|          0|
    |ap_phi_reg_pp0_iter1_empty_28_reg_985             |  576|   0|  576|          0|
    |ap_phi_reg_pp0_iter1_empty_reg_951                |  576|   0|  576|          0|
    |ap_phi_reg_pp0_iter2_empty_27_reg_968             |  576|   0|  576|          0|
    |ap_phi_reg_pp0_iter2_empty_28_reg_985             |  576|   0|  576|          0|
    |ap_phi_reg_pp0_iter2_empty_reg_951                |  576|   0|  576|          0|
    |s1_fu_326                                         |    3|   0|    3|          0|
    |s1_load_reg_3165                                  |    3|   0|    3|          0|
    |start_once_reg                                    |    1|   0|    1|          0|
    |sum_4_reg_3268                                    |   32|   0|   32|          0|
    |sum_6_reg_3258                                    |   32|   0|   32|          0|
    |sum_8_reg_3263                                    |   32|   0|   32|          0|
    +--------------------------------------------------+-----+----+-----+-----------+
    |Total                                             | 4135|   0| 4135|          0|
    +--------------------------------------------------+-----+----+-----+-----------+



================================================================
== Interface
================================================================
* Summary: 
+------------------------------------+-----+-----+------------+---------------------------------+--------------+
|              RTL Ports             | Dir | Bits|  Protocol  |          Source Object          |    C Type    |
+------------------------------------+-----+-----+------------+---------------------------------+--------------+
|ap_clk                              |   in|    1|  ap_ctrl_hs|  fully_connect_layer_stream3<9u>|  return value|
|ap_rst                              |   in|    1|  ap_ctrl_hs|  fully_connect_layer_stream3<9u>|  return value|
|ap_start                            |   in|    1|  ap_ctrl_hs|  fully_connect_layer_stream3<9u>|  return value|
|start_full_n                        |   in|    1|  ap_ctrl_hs|  fully_connect_layer_stream3<9u>|  return value|
|ap_done                             |  out|    1|  ap_ctrl_hs|  fully_connect_layer_stream3<9u>|  return value|
|ap_continue                         |   in|    1|  ap_ctrl_hs|  fully_connect_layer_stream3<9u>|  return value|
|ap_idle                             |  out|    1|  ap_ctrl_hs|  fully_connect_layer_stream3<9u>|  return value|
|ap_ready                            |  out|    1|  ap_ctrl_hs|  fully_connect_layer_stream3<9u>|  return value|
|start_out                           |  out|    1|  ap_ctrl_hs|  fully_connect_layer_stream3<9u>|  return value|
|start_write                         |  out|    1|  ap_ctrl_hs|  fully_connect_layer_stream3<9u>|  return value|
|proj_embedding3_1_0_din             |  out|  256|     ap_fifo|              proj_embedding3_1_0|       pointer|
|proj_embedding3_1_0_full_n          |   in|    1|     ap_fifo|              proj_embedding3_1_0|       pointer|
|proj_embedding3_1_0_write           |  out|    1|     ap_fifo|              proj_embedding3_1_0|       pointer|
|proj_embedding3_1_0_num_data_valid  |   in|   32|     ap_fifo|              proj_embedding3_1_0|       pointer|
|proj_embedding3_1_0_fifo_cap        |   in|   32|     ap_fifo|              proj_embedding3_1_0|       pointer|
|proj_embedding4_1_0_din             |  out|  256|     ap_fifo|              proj_embedding4_1_0|       pointer|
|proj_embedding4_1_0_full_n          |   in|    1|     ap_fifo|              proj_embedding4_1_0|       pointer|
|proj_embedding4_1_0_write           |  out|    1|     ap_fifo|              proj_embedding4_1_0|       pointer|
|proj_embedding4_1_0_num_data_valid  |   in|   32|     ap_fifo|              proj_embedding4_1_0|       pointer|
|proj_embedding4_1_0_fifo_cap        |   in|   32|     ap_fifo|              proj_embedding4_1_0|       pointer|
|proj_embedding5_1_0_din             |  out|  256|     ap_fifo|              proj_embedding5_1_0|       pointer|
|proj_embedding5_1_0_full_n          |   in|    1|     ap_fifo|              proj_embedding5_1_0|       pointer|
|proj_embedding5_1_0_write           |  out|    1|     ap_fifo|              proj_embedding5_1_0|       pointer|
|proj_embedding5_1_0_num_data_valid  |   in|   32|     ap_fifo|              proj_embedding5_1_0|       pointer|
|proj_embedding5_1_0_fifo_cap        |   in|   32|     ap_fifo|              proj_embedding5_1_0|       pointer|
|proj_embedding3_2_0_din             |  out|  256|     ap_fifo|              proj_embedding3_2_0|       pointer|
|proj_embedding3_2_0_full_n          |   in|    1|     ap_fifo|              proj_embedding3_2_0|       pointer|
|proj_embedding3_2_0_write           |  out|    1|     ap_fifo|              proj_embedding3_2_0|       pointer|
|proj_embedding3_2_0_num_data_valid  |   in|   32|     ap_fifo|              proj_embedding3_2_0|       pointer|
|proj_embedding3_2_0_fifo_cap        |   in|   32|     ap_fifo|              proj_embedding3_2_0|       pointer|
|proj_embedding4_2_0_din             |  out|  256|     ap_fifo|              proj_embedding4_2_0|       pointer|
|proj_embedding4_2_0_full_n          |   in|    1|     ap_fifo|              proj_embedding4_2_0|       pointer|
|proj_embedding4_2_0_write           |  out|    1|     ap_fifo|              proj_embedding4_2_0|       pointer|
|proj_embedding4_2_0_num_data_valid  |   in|   32|     ap_fifo|              proj_embedding4_2_0|       pointer|
|proj_embedding4_2_0_fifo_cap        |   in|   32|     ap_fifo|              proj_embedding4_2_0|       pointer|
|proj_embedding5_2_0_din             |  out|  256|     ap_fifo|              proj_embedding5_2_0|       pointer|
|proj_embedding5_2_0_full_n          |   in|    1|     ap_fifo|              proj_embedding5_2_0|       pointer|
|proj_embedding5_2_0_write           |  out|    1|     ap_fifo|              proj_embedding5_2_0|       pointer|
|proj_embedding5_2_0_num_data_valid  |   in|   32|     ap_fifo|              proj_embedding5_2_0|       pointer|
|proj_embedding5_2_0_fifo_cap        |   in|   32|     ap_fifo|              proj_embedding5_2_0|       pointer|
|proj_embedding3_3_0_din             |  out|  256|     ap_fifo|              proj_embedding3_3_0|       pointer|
|proj_embedding3_3_0_full_n          |   in|    1|     ap_fifo|              proj_embedding3_3_0|       pointer|
|proj_embedding3_3_0_write           |  out|    1|     ap_fifo|              proj_embedding3_3_0|       pointer|
|proj_embedding3_3_0_num_data_valid  |   in|   32|     ap_fifo|              proj_embedding3_3_0|       pointer|
|proj_embedding3_3_0_fifo_cap        |   in|   32|     ap_fifo|              proj_embedding3_3_0|       pointer|
|proj_embedding4_3_0_din             |  out|  256|     ap_fifo|              proj_embedding4_3_0|       pointer|
|proj_embedding4_3_0_full_n          |   in|    1|     ap_fifo|              proj_embedding4_3_0|       pointer|
|proj_embedding4_3_0_write           |  out|    1|     ap_fifo|              proj_embedding4_3_0|       pointer|
|proj_embedding4_3_0_num_data_valid  |   in|   32|     ap_fifo|              proj_embedding4_3_0|       pointer|
|proj_embedding4_3_0_fifo_cap        |   in|   32|     ap_fifo|              proj_embedding4_3_0|       pointer|
|proj_embedding5_3_0_din             |  out|  256|     ap_fifo|              proj_embedding5_3_0|       pointer|
|proj_embedding5_3_0_full_n          |   in|    1|     ap_fifo|              proj_embedding5_3_0|       pointer|
|proj_embedding5_3_0_write           |  out|    1|     ap_fifo|              proj_embedding5_3_0|       pointer|
|proj_embedding5_3_0_num_data_valid  |   in|   32|     ap_fifo|              proj_embedding5_3_0|       pointer|
|proj_embedding5_3_0_fifo_cap        |   in|   32|     ap_fifo|              proj_embedding5_3_0|       pointer|
|proj_embedding3_4_0_din             |  out|  256|     ap_fifo|              proj_embedding3_4_0|       pointer|
|proj_embedding3_4_0_full_n          |   in|    1|     ap_fifo|              proj_embedding3_4_0|       pointer|
|proj_embedding3_4_0_write           |  out|    1|     ap_fifo|              proj_embedding3_4_0|       pointer|
|proj_embedding3_4_0_num_data_valid  |   in|   32|     ap_fifo|              proj_embedding3_4_0|       pointer|
|proj_embedding3_4_0_fifo_cap        |   in|   32|     ap_fifo|              proj_embedding3_4_0|       pointer|
|proj_embedding4_4_0_din             |  out|  256|     ap_fifo|              proj_embedding4_4_0|       pointer|
|proj_embedding4_4_0_full_n          |   in|    1|     ap_fifo|              proj_embedding4_4_0|       pointer|
|proj_embedding4_4_0_write           |  out|    1|     ap_fifo|              proj_embedding4_4_0|       pointer|
|proj_embedding4_4_0_num_data_valid  |   in|   32|     ap_fifo|              proj_embedding4_4_0|       pointer|
|proj_embedding4_4_0_fifo_cap        |   in|   32|     ap_fifo|              proj_embedding4_4_0|       pointer|
|proj_embedding5_4_0_din             |  out|  256|     ap_fifo|              proj_embedding5_4_0|       pointer|
|proj_embedding5_4_0_full_n          |   in|    1|     ap_fifo|              proj_embedding5_4_0|       pointer|
|proj_embedding5_4_0_write           |  out|    1|     ap_fifo|              proj_embedding5_4_0|       pointer|
|proj_embedding5_4_0_num_data_valid  |   in|   32|     ap_fifo|              proj_embedding5_4_0|       pointer|
|proj_embedding5_4_0_fifo_cap        |   in|   32|     ap_fifo|              proj_embedding5_4_0|       pointer|
|proj_embedding3_5_0_din             |  out|  256|     ap_fifo|              proj_embedding3_5_0|       pointer|
|proj_embedding3_5_0_full_n          |   in|    1|     ap_fifo|              proj_embedding3_5_0|       pointer|
|proj_embedding3_5_0_write           |  out|    1|     ap_fifo|              proj_embedding3_5_0|       pointer|
|proj_embedding3_5_0_num_data_valid  |   in|   32|     ap_fifo|              proj_embedding3_5_0|       pointer|
|proj_embedding3_5_0_fifo_cap        |   in|   32|     ap_fifo|              proj_embedding3_5_0|       pointer|
|proj_embedding4_5_0_din             |  out|  256|     ap_fifo|              proj_embedding4_5_0|       pointer|
|proj_embedding4_5_0_full_n          |   in|    1|     ap_fifo|              proj_embedding4_5_0|       pointer|
|proj_embedding4_5_0_write           |  out|    1|     ap_fifo|              proj_embedding4_5_0|       pointer|
|proj_embedding4_5_0_num_data_valid  |   in|   32|     ap_fifo|              proj_embedding4_5_0|       pointer|
|proj_embedding4_5_0_fifo_cap        |   in|   32|     ap_fifo|              proj_embedding4_5_0|       pointer|
|proj_embedding5_5_0_din             |  out|  256|     ap_fifo|              proj_embedding5_5_0|       pointer|
|proj_embedding5_5_0_full_n          |   in|    1|     ap_fifo|              proj_embedding5_5_0|       pointer|
|proj_embedding5_5_0_write           |  out|    1|     ap_fifo|              proj_embedding5_5_0|       pointer|
|proj_embedding5_5_0_num_data_valid  |   in|   32|     ap_fifo|              proj_embedding5_5_0|       pointer|
|proj_embedding5_5_0_fifo_cap        |   in|   32|     ap_fifo|              proj_embedding5_5_0|       pointer|
|proj_embedding3_6_0_din             |  out|  256|     ap_fifo|              proj_embedding3_6_0|       pointer|
|proj_embedding3_6_0_full_n          |   in|    1|     ap_fifo|              proj_embedding3_6_0|       pointer|
|proj_embedding3_6_0_write           |  out|    1|     ap_fifo|              proj_embedding3_6_0|       pointer|
|proj_embedding3_6_0_num_data_valid  |   in|   32|     ap_fifo|              proj_embedding3_6_0|       pointer|
|proj_embedding3_6_0_fifo_cap        |   in|   32|     ap_fifo|              proj_embedding3_6_0|       pointer|
|proj_embedding4_6_0_din             |  out|  256|     ap_fifo|              proj_embedding4_6_0|       pointer|
|proj_embedding4_6_0_full_n          |   in|    1|     ap_fifo|              proj_embedding4_6_0|       pointer|
|proj_embedding4_6_0_write           |  out|    1|     ap_fifo|              proj_embedding4_6_0|       pointer|
|proj_embedding4_6_0_num_data_valid  |   in|   32|     ap_fifo|              proj_embedding4_6_0|       pointer|
|proj_embedding4_6_0_fifo_cap        |   in|   32|     ap_fifo|              proj_embedding4_6_0|       pointer|
|proj_embedding5_6_0_din             |  out|  256|     ap_fifo|              proj_embedding5_6_0|       pointer|
|proj_embedding5_6_0_full_n          |   in|    1|     ap_fifo|              proj_embedding5_6_0|       pointer|
|proj_embedding5_6_0_write           |  out|    1|     ap_fifo|              proj_embedding5_6_0|       pointer|
|proj_embedding5_6_0_num_data_valid  |   in|   32|     ap_fifo|              proj_embedding5_6_0|       pointer|
|proj_embedding5_6_0_fifo_cap        |   in|   32|     ap_fifo|              proj_embedding5_6_0|       pointer|
|proj_embedding3_7_0_din             |  out|  256|     ap_fifo|              proj_embedding3_7_0|       pointer|
|proj_embedding3_7_0_full_n          |   in|    1|     ap_fifo|              proj_embedding3_7_0|       pointer|
|proj_embedding3_7_0_write           |  out|    1|     ap_fifo|              proj_embedding3_7_0|       pointer|
|proj_embedding3_7_0_num_data_valid  |   in|   32|     ap_fifo|              proj_embedding3_7_0|       pointer|
|proj_embedding3_7_0_fifo_cap        |   in|   32|     ap_fifo|              proj_embedding3_7_0|       pointer|
|proj_embedding4_7_0_din             |  out|  256|     ap_fifo|              proj_embedding4_7_0|       pointer|
|proj_embedding4_7_0_full_n          |   in|    1|     ap_fifo|              proj_embedding4_7_0|       pointer|
|proj_embedding4_7_0_write           |  out|    1|     ap_fifo|              proj_embedding4_7_0|       pointer|
|proj_embedding4_7_0_num_data_valid  |   in|   32|     ap_fifo|              proj_embedding4_7_0|       pointer|
|proj_embedding4_7_0_fifo_cap        |   in|   32|     ap_fifo|              proj_embedding4_7_0|       pointer|
|proj_embedding5_7_0_din             |  out|  256|     ap_fifo|              proj_embedding5_7_0|       pointer|
|proj_embedding5_7_0_full_n          |   in|    1|     ap_fifo|              proj_embedding5_7_0|       pointer|
|proj_embedding5_7_0_write           |  out|    1|     ap_fifo|              proj_embedding5_7_0|       pointer|
|proj_embedding5_7_0_num_data_valid  |   in|   32|     ap_fifo|              proj_embedding5_7_0|       pointer|
|proj_embedding5_7_0_fifo_cap        |   in|   32|     ap_fifo|              proj_embedding5_7_0|       pointer|
|proj_embedding3_1_1_din             |  out|  256|     ap_fifo|              proj_embedding3_1_1|       pointer|
|proj_embedding3_1_1_full_n          |   in|    1|     ap_fifo|              proj_embedding3_1_1|       pointer|
|proj_embedding3_1_1_write           |  out|    1|     ap_fifo|              proj_embedding3_1_1|       pointer|
|proj_embedding3_1_1_num_data_valid  |   in|   32|     ap_fifo|              proj_embedding3_1_1|       pointer|
|proj_embedding3_1_1_fifo_cap        |   in|   32|     ap_fifo|              proj_embedding3_1_1|       pointer|
|proj_embedding4_1_1_din             |  out|  256|     ap_fifo|              proj_embedding4_1_1|       pointer|
|proj_embedding4_1_1_full_n          |   in|    1|     ap_fifo|              proj_embedding4_1_1|       pointer|
|proj_embedding4_1_1_write           |  out|    1|     ap_fifo|              proj_embedding4_1_1|       pointer|
|proj_embedding4_1_1_num_data_valid  |   in|   32|     ap_fifo|              proj_embedding4_1_1|       pointer|
|proj_embedding4_1_1_fifo_cap        |   in|   32|     ap_fifo|              proj_embedding4_1_1|       pointer|
|proj_embedding5_1_1_din             |  out|  256|     ap_fifo|              proj_embedding5_1_1|       pointer|
|proj_embedding5_1_1_full_n          |   in|    1|     ap_fifo|              proj_embedding5_1_1|       pointer|
|proj_embedding5_1_1_write           |  out|    1|     ap_fifo|              proj_embedding5_1_1|       pointer|
|proj_embedding5_1_1_num_data_valid  |   in|   32|     ap_fifo|              proj_embedding5_1_1|       pointer|
|proj_embedding5_1_1_fifo_cap        |   in|   32|     ap_fifo|              proj_embedding5_1_1|       pointer|
|proj_embedding3_2_1_din             |  out|  256|     ap_fifo|              proj_embedding3_2_1|       pointer|
|proj_embedding3_2_1_full_n          |   in|    1|     ap_fifo|              proj_embedding3_2_1|       pointer|
|proj_embedding3_2_1_write           |  out|    1|     ap_fifo|              proj_embedding3_2_1|       pointer|
|proj_embedding3_2_1_num_data_valid  |   in|   32|     ap_fifo|              proj_embedding3_2_1|       pointer|
|proj_embedding3_2_1_fifo_cap        |   in|   32|     ap_fifo|              proj_embedding3_2_1|       pointer|
|proj_embedding4_2_1_din             |  out|  256|     ap_fifo|              proj_embedding4_2_1|       pointer|
|proj_embedding4_2_1_full_n          |   in|    1|     ap_fifo|              proj_embedding4_2_1|       pointer|
|proj_embedding4_2_1_write           |  out|    1|     ap_fifo|              proj_embedding4_2_1|       pointer|
|proj_embedding4_2_1_num_data_valid  |   in|   32|     ap_fifo|              proj_embedding4_2_1|       pointer|
|proj_embedding4_2_1_fifo_cap        |   in|   32|     ap_fifo|              proj_embedding4_2_1|       pointer|
|proj_embedding5_2_1_din             |  out|  256|     ap_fifo|              proj_embedding5_2_1|       pointer|
|proj_embedding5_2_1_full_n          |   in|    1|     ap_fifo|              proj_embedding5_2_1|       pointer|
|proj_embedding5_2_1_write           |  out|    1|     ap_fifo|              proj_embedding5_2_1|       pointer|
|proj_embedding5_2_1_num_data_valid  |   in|   32|     ap_fifo|              proj_embedding5_2_1|       pointer|
|proj_embedding5_2_1_fifo_cap        |   in|   32|     ap_fifo|              proj_embedding5_2_1|       pointer|
|proj_embedding3_3_1_din             |  out|  256|     ap_fifo|              proj_embedding3_3_1|       pointer|
|proj_embedding3_3_1_full_n          |   in|    1|     ap_fifo|              proj_embedding3_3_1|       pointer|
|proj_embedding3_3_1_write           |  out|    1|     ap_fifo|              proj_embedding3_3_1|       pointer|
|proj_embedding3_3_1_num_data_valid  |   in|   32|     ap_fifo|              proj_embedding3_3_1|       pointer|
|proj_embedding3_3_1_fifo_cap        |   in|   32|     ap_fifo|              proj_embedding3_3_1|       pointer|
|proj_embedding4_3_1_din             |  out|  256|     ap_fifo|              proj_embedding4_3_1|       pointer|
|proj_embedding4_3_1_full_n          |   in|    1|     ap_fifo|              proj_embedding4_3_1|       pointer|
|proj_embedding4_3_1_write           |  out|    1|     ap_fifo|              proj_embedding4_3_1|       pointer|
|proj_embedding4_3_1_num_data_valid  |   in|   32|     ap_fifo|              proj_embedding4_3_1|       pointer|
|proj_embedding4_3_1_fifo_cap        |   in|   32|     ap_fifo|              proj_embedding4_3_1|       pointer|
|proj_embedding5_3_1_din             |  out|  256|     ap_fifo|              proj_embedding5_3_1|       pointer|
|proj_embedding5_3_1_full_n          |   in|    1|     ap_fifo|              proj_embedding5_3_1|       pointer|
|proj_embedding5_3_1_write           |  out|    1|     ap_fifo|              proj_embedding5_3_1|       pointer|
|proj_embedding5_3_1_num_data_valid  |   in|   32|     ap_fifo|              proj_embedding5_3_1|       pointer|
|proj_embedding5_3_1_fifo_cap        |   in|   32|     ap_fifo|              proj_embedding5_3_1|       pointer|
|proj_embedding3_4_1_din             |  out|  256|     ap_fifo|              proj_embedding3_4_1|       pointer|
|proj_embedding3_4_1_full_n          |   in|    1|     ap_fifo|              proj_embedding3_4_1|       pointer|
|proj_embedding3_4_1_write           |  out|    1|     ap_fifo|              proj_embedding3_4_1|       pointer|
|proj_embedding3_4_1_num_data_valid  |   in|   32|     ap_fifo|              proj_embedding3_4_1|       pointer|
|proj_embedding3_4_1_fifo_cap        |   in|   32|     ap_fifo|              proj_embedding3_4_1|       pointer|
|proj_embedding4_4_1_din             |  out|  256|     ap_fifo|              proj_embedding4_4_1|       pointer|
|proj_embedding4_4_1_full_n          |   in|    1|     ap_fifo|              proj_embedding4_4_1|       pointer|
|proj_embedding4_4_1_write           |  out|    1|     ap_fifo|              proj_embedding4_4_1|       pointer|
|proj_embedding4_4_1_num_data_valid  |   in|   32|     ap_fifo|              proj_embedding4_4_1|       pointer|
|proj_embedding4_4_1_fifo_cap        |   in|   32|     ap_fifo|              proj_embedding4_4_1|       pointer|
|proj_embedding5_4_1_din             |  out|  256|     ap_fifo|              proj_embedding5_4_1|       pointer|
|proj_embedding5_4_1_full_n          |   in|    1|     ap_fifo|              proj_embedding5_4_1|       pointer|
|proj_embedding5_4_1_write           |  out|    1|     ap_fifo|              proj_embedding5_4_1|       pointer|
|proj_embedding5_4_1_num_data_valid  |   in|   32|     ap_fifo|              proj_embedding5_4_1|       pointer|
|proj_embedding5_4_1_fifo_cap        |   in|   32|     ap_fifo|              proj_embedding5_4_1|       pointer|
|proj_embedding3_5_1_din             |  out|  256|     ap_fifo|              proj_embedding3_5_1|       pointer|
|proj_embedding3_5_1_full_n          |   in|    1|     ap_fifo|              proj_embedding3_5_1|       pointer|
|proj_embedding3_5_1_write           |  out|    1|     ap_fifo|              proj_embedding3_5_1|       pointer|
|proj_embedding3_5_1_num_data_valid  |   in|   32|     ap_fifo|              proj_embedding3_5_1|       pointer|
|proj_embedding3_5_1_fifo_cap        |   in|   32|     ap_fifo|              proj_embedding3_5_1|       pointer|
|proj_embedding4_5_1_din             |  out|  256|     ap_fifo|              proj_embedding4_5_1|       pointer|
|proj_embedding4_5_1_full_n          |   in|    1|     ap_fifo|              proj_embedding4_5_1|       pointer|
|proj_embedding4_5_1_write           |  out|    1|     ap_fifo|              proj_embedding4_5_1|       pointer|
|proj_embedding4_5_1_num_data_valid  |   in|   32|     ap_fifo|              proj_embedding4_5_1|       pointer|
|proj_embedding4_5_1_fifo_cap        |   in|   32|     ap_fifo|              proj_embedding4_5_1|       pointer|
|proj_embedding5_5_1_din             |  out|  256|     ap_fifo|              proj_embedding5_5_1|       pointer|
|proj_embedding5_5_1_full_n          |   in|    1|     ap_fifo|              proj_embedding5_5_1|       pointer|
|proj_embedding5_5_1_write           |  out|    1|     ap_fifo|              proj_embedding5_5_1|       pointer|
|proj_embedding5_5_1_num_data_valid  |   in|   32|     ap_fifo|              proj_embedding5_5_1|       pointer|
|proj_embedding5_5_1_fifo_cap        |   in|   32|     ap_fifo|              proj_embedding5_5_1|       pointer|
|proj_embedding3_6_1_din             |  out|  256|     ap_fifo|              proj_embedding3_6_1|       pointer|
|proj_embedding3_6_1_full_n          |   in|    1|     ap_fifo|              proj_embedding3_6_1|       pointer|
|proj_embedding3_6_1_write           |  out|    1|     ap_fifo|              proj_embedding3_6_1|       pointer|
|proj_embedding3_6_1_num_data_valid  |   in|   32|     ap_fifo|              proj_embedding3_6_1|       pointer|
|proj_embedding3_6_1_fifo_cap        |   in|   32|     ap_fifo|              proj_embedding3_6_1|       pointer|
|proj_embedding4_6_1_din             |  out|  256|     ap_fifo|              proj_embedding4_6_1|       pointer|
|proj_embedding4_6_1_full_n          |   in|    1|     ap_fifo|              proj_embedding4_6_1|       pointer|
|proj_embedding4_6_1_write           |  out|    1|     ap_fifo|              proj_embedding4_6_1|       pointer|
|proj_embedding4_6_1_num_data_valid  |   in|   32|     ap_fifo|              proj_embedding4_6_1|       pointer|
|proj_embedding4_6_1_fifo_cap        |   in|   32|     ap_fifo|              proj_embedding4_6_1|       pointer|
|proj_embedding5_6_1_din             |  out|  256|     ap_fifo|              proj_embedding5_6_1|       pointer|
|proj_embedding5_6_1_full_n          |   in|    1|     ap_fifo|              proj_embedding5_6_1|       pointer|
|proj_embedding5_6_1_write           |  out|    1|     ap_fifo|              proj_embedding5_6_1|       pointer|
|proj_embedding5_6_1_num_data_valid  |   in|   32|     ap_fifo|              proj_embedding5_6_1|       pointer|
|proj_embedding5_6_1_fifo_cap        |   in|   32|     ap_fifo|              proj_embedding5_6_1|       pointer|
|proj_embedding3_7_1_din             |  out|  256|     ap_fifo|              proj_embedding3_7_1|       pointer|
|proj_embedding3_7_1_full_n          |   in|    1|     ap_fifo|              proj_embedding3_7_1|       pointer|
|proj_embedding3_7_1_write           |  out|    1|     ap_fifo|              proj_embedding3_7_1|       pointer|
|proj_embedding3_7_1_num_data_valid  |   in|   32|     ap_fifo|              proj_embedding3_7_1|       pointer|
|proj_embedding3_7_1_fifo_cap        |   in|   32|     ap_fifo|              proj_embedding3_7_1|       pointer|
|proj_embedding4_7_1_din             |  out|  256|     ap_fifo|              proj_embedding4_7_1|       pointer|
|proj_embedding4_7_1_full_n          |   in|    1|     ap_fifo|              proj_embedding4_7_1|       pointer|
|proj_embedding4_7_1_write           |  out|    1|     ap_fifo|              proj_embedding4_7_1|       pointer|
|proj_embedding4_7_1_num_data_valid  |   in|   32|     ap_fifo|              proj_embedding4_7_1|       pointer|
|proj_embedding4_7_1_fifo_cap        |   in|   32|     ap_fifo|              proj_embedding4_7_1|       pointer|
|proj_embedding5_7_1_din             |  out|  256|     ap_fifo|              proj_embedding5_7_1|       pointer|
|proj_embedding5_7_1_full_n          |   in|    1|     ap_fifo|              proj_embedding5_7_1|       pointer|
|proj_embedding5_7_1_write           |  out|    1|     ap_fifo|              proj_embedding5_7_1|       pointer|
|proj_embedding5_7_1_num_data_valid  |   in|   32|     ap_fifo|              proj_embedding5_7_1|       pointer|
|proj_embedding5_7_1_fifo_cap        |   in|   32|     ap_fifo|              proj_embedding5_7_1|       pointer|
|feature_embedding_4_dout            |   in|  576|     ap_fifo|              feature_embedding_4|       pointer|
|feature_embedding_4_empty_n         |   in|    1|     ap_fifo|              feature_embedding_4|       pointer|
|feature_embedding_4_read            |  out|    1|     ap_fifo|              feature_embedding_4|       pointer|
|feature_embedding_4_num_data_valid  |   in|    3|     ap_fifo|              feature_embedding_4|       pointer|
|feature_embedding_4_fifo_cap        |   in|    3|     ap_fifo|              feature_embedding_4|       pointer|
|feature_embedding_5_dout            |   in|  576|     ap_fifo|              feature_embedding_5|       pointer|
|feature_embedding_5_empty_n         |   in|    1|     ap_fifo|              feature_embedding_5|       pointer|
|feature_embedding_5_read            |  out|    1|     ap_fifo|              feature_embedding_5|       pointer|
|feature_embedding_5_num_data_valid  |   in|    3|     ap_fifo|              feature_embedding_5|       pointer|
|feature_embedding_5_fifo_cap        |   in|    3|     ap_fifo|              feature_embedding_5|       pointer|
|feature_embedding_6_dout            |   in|  576|     ap_fifo|              feature_embedding_6|       pointer|
|feature_embedding_6_empty_n         |   in|    1|     ap_fifo|              feature_embedding_6|       pointer|
|feature_embedding_6_read            |  out|    1|     ap_fifo|              feature_embedding_6|       pointer|
|feature_embedding_6_num_data_valid  |   in|    3|     ap_fifo|              feature_embedding_6|       pointer|
|feature_embedding_6_fifo_cap        |   in|    3|     ap_fifo|              feature_embedding_6|       pointer|
|feature_embedding_3_dout            |   in|  576|     ap_fifo|              feature_embedding_3|       pointer|
|feature_embedding_3_empty_n         |   in|    1|     ap_fifo|              feature_embedding_3|       pointer|
|feature_embedding_3_read            |  out|    1|     ap_fifo|              feature_embedding_3|       pointer|
|feature_embedding_3_num_data_valid  |   in|    3|     ap_fifo|              feature_embedding_3|       pointer|
|feature_embedding_3_fifo_cap        |   in|    3|     ap_fifo|              feature_embedding_3|       pointer|
|feature_embedding_7_dout            |   in|  576|     ap_fifo|              feature_embedding_7|       pointer|
|feature_embedding_7_empty_n         |   in|    1|     ap_fifo|              feature_embedding_7|       pointer|
|feature_embedding_7_read            |  out|    1|     ap_fifo|              feature_embedding_7|       pointer|
|feature_embedding_7_num_data_valid  |   in|    3|     ap_fifo|              feature_embedding_7|       pointer|
|feature_embedding_7_fifo_cap        |   in|    3|     ap_fifo|              feature_embedding_7|       pointer|
|feature_embedding_1_dout            |   in|  576|     ap_fifo|              feature_embedding_1|       pointer|
|feature_embedding_1_empty_n         |   in|    1|     ap_fifo|              feature_embedding_1|       pointer|
|feature_embedding_1_read            |  out|    1|     ap_fifo|              feature_embedding_1|       pointer|
|feature_embedding_1_num_data_valid  |   in|    3|     ap_fifo|              feature_embedding_1|       pointer|
|feature_embedding_1_fifo_cap        |   in|    3|     ap_fifo|              feature_embedding_1|       pointer|
|feature_embedding_2_dout            |   in|  576|     ap_fifo|              feature_embedding_2|       pointer|
|feature_embedding_2_empty_n         |   in|    1|     ap_fifo|              feature_embedding_2|       pointer|
|feature_embedding_2_read            |  out|    1|     ap_fifo|              feature_embedding_2|       pointer|
|feature_embedding_2_num_data_valid  |   in|    3|     ap_fifo|              feature_embedding_2|       pointer|
|feature_embedding_2_fifo_cap        |   in|    3|     ap_fifo|              feature_embedding_2|       pointer|
|feature_embedding_0_dout            |   in|  576|     ap_fifo|              feature_embedding_0|       pointer|
|feature_embedding_0_empty_n         |   in|    1|     ap_fifo|              feature_embedding_0|       pointer|
|feature_embedding_0_read            |  out|    1|     ap_fifo|              feature_embedding_0|       pointer|
|feature_embedding_0_num_data_valid  |   in|    3|     ap_fifo|              feature_embedding_0|       pointer|
|feature_embedding_0_fifo_cap        |   in|    3|     ap_fifo|              feature_embedding_0|       pointer|
|feature_embedding_8_dout            |   in|  576|     ap_fifo|              feature_embedding_8|       pointer|
|feature_embedding_8_empty_n         |   in|    1|     ap_fifo|              feature_embedding_8|       pointer|
|feature_embedding_8_read            |  out|    1|     ap_fifo|              feature_embedding_8|       pointer|
|feature_embedding_8_num_data_valid  |   in|    3|     ap_fifo|              feature_embedding_8|       pointer|
|feature_embedding_8_fifo_cap        |   in|    3|     ap_fifo|              feature_embedding_8|       pointer|
|proj_embedding3_0_0_din             |  out|  256|     ap_fifo|              proj_embedding3_0_0|       pointer|
|proj_embedding3_0_0_full_n          |   in|    1|     ap_fifo|              proj_embedding3_0_0|       pointer|
|proj_embedding3_0_0_write           |  out|    1|     ap_fifo|              proj_embedding3_0_0|       pointer|
|proj_embedding3_0_0_num_data_valid  |   in|   32|     ap_fifo|              proj_embedding3_0_0|       pointer|
|proj_embedding3_0_0_fifo_cap        |   in|   32|     ap_fifo|              proj_embedding3_0_0|       pointer|
|proj_embedding4_0_0_din             |  out|  256|     ap_fifo|              proj_embedding4_0_0|       pointer|
|proj_embedding4_0_0_full_n          |   in|    1|     ap_fifo|              proj_embedding4_0_0|       pointer|
|proj_embedding4_0_0_write           |  out|    1|     ap_fifo|              proj_embedding4_0_0|       pointer|
|proj_embedding4_0_0_num_data_valid  |   in|   32|     ap_fifo|              proj_embedding4_0_0|       pointer|
|proj_embedding4_0_0_fifo_cap        |   in|   32|     ap_fifo|              proj_embedding4_0_0|       pointer|
|proj_embedding5_0_0_din             |  out|  256|     ap_fifo|              proj_embedding5_0_0|       pointer|
|proj_embedding5_0_0_full_n          |   in|    1|     ap_fifo|              proj_embedding5_0_0|       pointer|
|proj_embedding5_0_0_write           |  out|    1|     ap_fifo|              proj_embedding5_0_0|       pointer|
|proj_embedding5_0_0_num_data_valid  |   in|   32|     ap_fifo|              proj_embedding5_0_0|       pointer|
|proj_embedding5_0_0_fifo_cap        |   in|   32|     ap_fifo|              proj_embedding5_0_0|       pointer|
|proj_embedding3_0_1_din             |  out|  256|     ap_fifo|              proj_embedding3_0_1|       pointer|
|proj_embedding3_0_1_full_n          |   in|    1|     ap_fifo|              proj_embedding3_0_1|       pointer|
|proj_embedding3_0_1_write           |  out|    1|     ap_fifo|              proj_embedding3_0_1|       pointer|
|proj_embedding3_0_1_num_data_valid  |   in|   32|     ap_fifo|              proj_embedding3_0_1|       pointer|
|proj_embedding3_0_1_fifo_cap        |   in|   32|     ap_fifo|              proj_embedding3_0_1|       pointer|
|proj_embedding4_0_1_din             |  out|  256|     ap_fifo|              proj_embedding4_0_1|       pointer|
|proj_embedding4_0_1_full_n          |   in|    1|     ap_fifo|              proj_embedding4_0_1|       pointer|
|proj_embedding4_0_1_write           |  out|    1|     ap_fifo|              proj_embedding4_0_1|       pointer|
|proj_embedding4_0_1_num_data_valid  |   in|   32|     ap_fifo|              proj_embedding4_0_1|       pointer|
|proj_embedding4_0_1_fifo_cap        |   in|   32|     ap_fifo|              proj_embedding4_0_1|       pointer|
|proj_embedding5_0_1_din             |  out|  256|     ap_fifo|              proj_embedding5_0_1|       pointer|
|proj_embedding5_0_1_full_n          |   in|    1|     ap_fifo|              proj_embedding5_0_1|       pointer|
|proj_embedding5_0_1_write           |  out|    1|     ap_fifo|              proj_embedding5_0_1|       pointer|
|proj_embedding5_0_1_num_data_valid  |   in|   32|     ap_fifo|              proj_embedding5_0_1|       pointer|
|proj_embedding5_0_1_fifo_cap        |   in|   32|     ap_fifo|              proj_embedding5_0_1|       pointer|
|proj_embedding3_0_2_din             |  out|  256|     ap_fifo|              proj_embedding3_0_2|       pointer|
|proj_embedding3_0_2_full_n          |   in|    1|     ap_fifo|              proj_embedding3_0_2|       pointer|
|proj_embedding3_0_2_write           |  out|    1|     ap_fifo|              proj_embedding3_0_2|       pointer|
|proj_embedding3_0_2_num_data_valid  |   in|   32|     ap_fifo|              proj_embedding3_0_2|       pointer|
|proj_embedding3_0_2_fifo_cap        |   in|   32|     ap_fifo|              proj_embedding3_0_2|       pointer|
|proj_embedding4_0_2_din             |  out|  256|     ap_fifo|              proj_embedding4_0_2|       pointer|
|proj_embedding4_0_2_full_n          |   in|    1|     ap_fifo|              proj_embedding4_0_2|       pointer|
|proj_embedding4_0_2_write           |  out|    1|     ap_fifo|              proj_embedding4_0_2|       pointer|
|proj_embedding4_0_2_num_data_valid  |   in|   32|     ap_fifo|              proj_embedding4_0_2|       pointer|
|proj_embedding4_0_2_fifo_cap        |   in|   32|     ap_fifo|              proj_embedding4_0_2|       pointer|
|proj_embedding5_0_2_din             |  out|  256|     ap_fifo|              proj_embedding5_0_2|       pointer|
|proj_embedding5_0_2_full_n          |   in|    1|     ap_fifo|              proj_embedding5_0_2|       pointer|
|proj_embedding5_0_2_write           |  out|    1|     ap_fifo|              proj_embedding5_0_2|       pointer|
|proj_embedding5_0_2_num_data_valid  |   in|   32|     ap_fifo|              proj_embedding5_0_2|       pointer|
|proj_embedding5_0_2_fifo_cap        |   in|   32|     ap_fifo|              proj_embedding5_0_2|       pointer|
|proj_embedding3_1_2_din             |  out|  256|     ap_fifo|              proj_embedding3_1_2|       pointer|
|proj_embedding3_1_2_full_n          |   in|    1|     ap_fifo|              proj_embedding3_1_2|       pointer|
|proj_embedding3_1_2_write           |  out|    1|     ap_fifo|              proj_embedding3_1_2|       pointer|
|proj_embedding3_1_2_num_data_valid  |   in|   32|     ap_fifo|              proj_embedding3_1_2|       pointer|
|proj_embedding3_1_2_fifo_cap        |   in|   32|     ap_fifo|              proj_embedding3_1_2|       pointer|
|proj_embedding4_1_2_din             |  out|  256|     ap_fifo|              proj_embedding4_1_2|       pointer|
|proj_embedding4_1_2_full_n          |   in|    1|     ap_fifo|              proj_embedding4_1_2|       pointer|
|proj_embedding4_1_2_write           |  out|    1|     ap_fifo|              proj_embedding4_1_2|       pointer|
|proj_embedding4_1_2_num_data_valid  |   in|   32|     ap_fifo|              proj_embedding4_1_2|       pointer|
|proj_embedding4_1_2_fifo_cap        |   in|   32|     ap_fifo|              proj_embedding4_1_2|       pointer|
|proj_embedding5_1_2_din             |  out|  256|     ap_fifo|              proj_embedding5_1_2|       pointer|
|proj_embedding5_1_2_full_n          |   in|    1|     ap_fifo|              proj_embedding5_1_2|       pointer|
|proj_embedding5_1_2_write           |  out|    1|     ap_fifo|              proj_embedding5_1_2|       pointer|
|proj_embedding5_1_2_num_data_valid  |   in|   32|     ap_fifo|              proj_embedding5_1_2|       pointer|
|proj_embedding5_1_2_fifo_cap        |   in|   32|     ap_fifo|              proj_embedding5_1_2|       pointer|
|proj_embedding3_2_2_din             |  out|  256|     ap_fifo|              proj_embedding3_2_2|       pointer|
|proj_embedding3_2_2_full_n          |   in|    1|     ap_fifo|              proj_embedding3_2_2|       pointer|
|proj_embedding3_2_2_write           |  out|    1|     ap_fifo|              proj_embedding3_2_2|       pointer|
|proj_embedding3_2_2_num_data_valid  |   in|   32|     ap_fifo|              proj_embedding3_2_2|       pointer|
|proj_embedding3_2_2_fifo_cap        |   in|   32|     ap_fifo|              proj_embedding3_2_2|       pointer|
|proj_embedding4_2_2_din             |  out|  256|     ap_fifo|              proj_embedding4_2_2|       pointer|
|proj_embedding4_2_2_full_n          |   in|    1|     ap_fifo|              proj_embedding4_2_2|       pointer|
|proj_embedding4_2_2_write           |  out|    1|     ap_fifo|              proj_embedding4_2_2|       pointer|
|proj_embedding4_2_2_num_data_valid  |   in|   32|     ap_fifo|              proj_embedding4_2_2|       pointer|
|proj_embedding4_2_2_fifo_cap        |   in|   32|     ap_fifo|              proj_embedding4_2_2|       pointer|
|proj_embedding5_2_2_din             |  out|  256|     ap_fifo|              proj_embedding5_2_2|       pointer|
|proj_embedding5_2_2_full_n          |   in|    1|     ap_fifo|              proj_embedding5_2_2|       pointer|
|proj_embedding5_2_2_write           |  out|    1|     ap_fifo|              proj_embedding5_2_2|       pointer|
|proj_embedding5_2_2_num_data_valid  |   in|   32|     ap_fifo|              proj_embedding5_2_2|       pointer|
|proj_embedding5_2_2_fifo_cap        |   in|   32|     ap_fifo|              proj_embedding5_2_2|       pointer|
|proj_embedding3_3_2_din             |  out|  256|     ap_fifo|              proj_embedding3_3_2|       pointer|
|proj_embedding3_3_2_full_n          |   in|    1|     ap_fifo|              proj_embedding3_3_2|       pointer|
|proj_embedding3_3_2_write           |  out|    1|     ap_fifo|              proj_embedding3_3_2|       pointer|
|proj_embedding3_3_2_num_data_valid  |   in|   32|     ap_fifo|              proj_embedding3_3_2|       pointer|
|proj_embedding3_3_2_fifo_cap        |   in|   32|     ap_fifo|              proj_embedding3_3_2|       pointer|
|proj_embedding4_3_2_din             |  out|  256|     ap_fifo|              proj_embedding4_3_2|       pointer|
|proj_embedding4_3_2_full_n          |   in|    1|     ap_fifo|              proj_embedding4_3_2|       pointer|
|proj_embedding4_3_2_write           |  out|    1|     ap_fifo|              proj_embedding4_3_2|       pointer|
|proj_embedding4_3_2_num_data_valid  |   in|   32|     ap_fifo|              proj_embedding4_3_2|       pointer|
|proj_embedding4_3_2_fifo_cap        |   in|   32|     ap_fifo|              proj_embedding4_3_2|       pointer|
|proj_embedding5_3_2_din             |  out|  256|     ap_fifo|              proj_embedding5_3_2|       pointer|
|proj_embedding5_3_2_full_n          |   in|    1|     ap_fifo|              proj_embedding5_3_2|       pointer|
|proj_embedding5_3_2_write           |  out|    1|     ap_fifo|              proj_embedding5_3_2|       pointer|
|proj_embedding5_3_2_num_data_valid  |   in|   32|     ap_fifo|              proj_embedding5_3_2|       pointer|
|proj_embedding5_3_2_fifo_cap        |   in|   32|     ap_fifo|              proj_embedding5_3_2|       pointer|
|proj_embedding3_4_2_din             |  out|  256|     ap_fifo|              proj_embedding3_4_2|       pointer|
|proj_embedding3_4_2_full_n          |   in|    1|     ap_fifo|              proj_embedding3_4_2|       pointer|
|proj_embedding3_4_2_write           |  out|    1|     ap_fifo|              proj_embedding3_4_2|       pointer|
|proj_embedding3_4_2_num_data_valid  |   in|   32|     ap_fifo|              proj_embedding3_4_2|       pointer|
|proj_embedding3_4_2_fifo_cap        |   in|   32|     ap_fifo|              proj_embedding3_4_2|       pointer|
|proj_embedding4_4_2_din             |  out|  256|     ap_fifo|              proj_embedding4_4_2|       pointer|
|proj_embedding4_4_2_full_n          |   in|    1|     ap_fifo|              proj_embedding4_4_2|       pointer|
|proj_embedding4_4_2_write           |  out|    1|     ap_fifo|              proj_embedding4_4_2|       pointer|
|proj_embedding4_4_2_num_data_valid  |   in|   32|     ap_fifo|              proj_embedding4_4_2|       pointer|
|proj_embedding4_4_2_fifo_cap        |   in|   32|     ap_fifo|              proj_embedding4_4_2|       pointer|
|proj_embedding5_4_2_din             |  out|  256|     ap_fifo|              proj_embedding5_4_2|       pointer|
|proj_embedding5_4_2_full_n          |   in|    1|     ap_fifo|              proj_embedding5_4_2|       pointer|
|proj_embedding5_4_2_write           |  out|    1|     ap_fifo|              proj_embedding5_4_2|       pointer|
|proj_embedding5_4_2_num_data_valid  |   in|   32|     ap_fifo|              proj_embedding5_4_2|       pointer|
|proj_embedding5_4_2_fifo_cap        |   in|   32|     ap_fifo|              proj_embedding5_4_2|       pointer|
|proj_embedding3_5_2_din             |  out|  256|     ap_fifo|              proj_embedding3_5_2|       pointer|
|proj_embedding3_5_2_full_n          |   in|    1|     ap_fifo|              proj_embedding3_5_2|       pointer|
|proj_embedding3_5_2_write           |  out|    1|     ap_fifo|              proj_embedding3_5_2|       pointer|
|proj_embedding3_5_2_num_data_valid  |   in|   32|     ap_fifo|              proj_embedding3_5_2|       pointer|
|proj_embedding3_5_2_fifo_cap        |   in|   32|     ap_fifo|              proj_embedding3_5_2|       pointer|
|proj_embedding4_5_2_din             |  out|  256|     ap_fifo|              proj_embedding4_5_2|       pointer|
|proj_embedding4_5_2_full_n          |   in|    1|     ap_fifo|              proj_embedding4_5_2|       pointer|
|proj_embedding4_5_2_write           |  out|    1|     ap_fifo|              proj_embedding4_5_2|       pointer|
|proj_embedding4_5_2_num_data_valid  |   in|   32|     ap_fifo|              proj_embedding4_5_2|       pointer|
|proj_embedding4_5_2_fifo_cap        |   in|   32|     ap_fifo|              proj_embedding4_5_2|       pointer|
|proj_embedding5_5_2_din             |  out|  256|     ap_fifo|              proj_embedding5_5_2|       pointer|
|proj_embedding5_5_2_full_n          |   in|    1|     ap_fifo|              proj_embedding5_5_2|       pointer|
|proj_embedding5_5_2_write           |  out|    1|     ap_fifo|              proj_embedding5_5_2|       pointer|
|proj_embedding5_5_2_num_data_valid  |   in|   32|     ap_fifo|              proj_embedding5_5_2|       pointer|
|proj_embedding5_5_2_fifo_cap        |   in|   32|     ap_fifo|              proj_embedding5_5_2|       pointer|
|proj_embedding3_6_2_din             |  out|  256|     ap_fifo|              proj_embedding3_6_2|       pointer|
|proj_embedding3_6_2_full_n          |   in|    1|     ap_fifo|              proj_embedding3_6_2|       pointer|
|proj_embedding3_6_2_write           |  out|    1|     ap_fifo|              proj_embedding3_6_2|       pointer|
|proj_embedding3_6_2_num_data_valid  |   in|   32|     ap_fifo|              proj_embedding3_6_2|       pointer|
|proj_embedding3_6_2_fifo_cap        |   in|   32|     ap_fifo|              proj_embedding3_6_2|       pointer|
|proj_embedding4_6_2_din             |  out|  256|     ap_fifo|              proj_embedding4_6_2|       pointer|
|proj_embedding4_6_2_full_n          |   in|    1|     ap_fifo|              proj_embedding4_6_2|       pointer|
|proj_embedding4_6_2_write           |  out|    1|     ap_fifo|              proj_embedding4_6_2|       pointer|
|proj_embedding4_6_2_num_data_valid  |   in|   32|     ap_fifo|              proj_embedding4_6_2|       pointer|
|proj_embedding4_6_2_fifo_cap        |   in|   32|     ap_fifo|              proj_embedding4_6_2|       pointer|
|proj_embedding5_6_2_din             |  out|  256|     ap_fifo|              proj_embedding5_6_2|       pointer|
|proj_embedding5_6_2_full_n          |   in|    1|     ap_fifo|              proj_embedding5_6_2|       pointer|
|proj_embedding5_6_2_write           |  out|    1|     ap_fifo|              proj_embedding5_6_2|       pointer|
|proj_embedding5_6_2_num_data_valid  |   in|   32|     ap_fifo|              proj_embedding5_6_2|       pointer|
|proj_embedding5_6_2_fifo_cap        |   in|   32|     ap_fifo|              proj_embedding5_6_2|       pointer|
|proj_embedding3_7_2_din             |  out|  256|     ap_fifo|              proj_embedding3_7_2|       pointer|
|proj_embedding3_7_2_full_n          |   in|    1|     ap_fifo|              proj_embedding3_7_2|       pointer|
|proj_embedding3_7_2_write           |  out|    1|     ap_fifo|              proj_embedding3_7_2|       pointer|
|proj_embedding3_7_2_num_data_valid  |   in|   32|     ap_fifo|              proj_embedding3_7_2|       pointer|
|proj_embedding3_7_2_fifo_cap        |   in|   32|     ap_fifo|              proj_embedding3_7_2|       pointer|
|proj_embedding4_7_2_din             |  out|  256|     ap_fifo|              proj_embedding4_7_2|       pointer|
|proj_embedding4_7_2_full_n          |   in|    1|     ap_fifo|              proj_embedding4_7_2|       pointer|
|proj_embedding4_7_2_write           |  out|    1|     ap_fifo|              proj_embedding4_7_2|       pointer|
|proj_embedding4_7_2_num_data_valid  |   in|   32|     ap_fifo|              proj_embedding4_7_2|       pointer|
|proj_embedding4_7_2_fifo_cap        |   in|   32|     ap_fifo|              proj_embedding4_7_2|       pointer|
|proj_embedding5_7_2_din             |  out|  256|     ap_fifo|              proj_embedding5_7_2|       pointer|
|proj_embedding5_7_2_full_n          |   in|    1|     ap_fifo|              proj_embedding5_7_2|       pointer|
|proj_embedding5_7_2_write           |  out|    1|     ap_fifo|              proj_embedding5_7_2|       pointer|
|proj_embedding5_7_2_num_data_valid  |   in|   32|     ap_fifo|              proj_embedding5_7_2|       pointer|
|proj_embedding5_7_2_fifo_cap        |   in|   32|     ap_fifo|              proj_embedding5_7_2|       pointer|
+------------------------------------+-----+-----+------------+---------------------------------+--------------+

