

================================================================
== Vitis HLS Report for 'l_softmax_layer_stream'
================================================================
* Date:           Fri Aug  1 07:20:18 2025

* Version:        2024.2 (Build 5238294 on Nov  8 2024)
* Project:        hls_component
* Solution:       hls (Vivado IP Flow Target)
* Product family: zynquplus
* Target device:  xczu19eg-ffvc1760-2-i


================================================================
== Performance Estimates
================================================================
+ Timing: 
    * Summary: 
    +--------+---------+----------+------------+
    |  Clock |  Target | Estimated| Uncertainty|
    +--------+---------+----------+------------+
    |ap_clk  |  3.57 ns|  3.239 ns|     0.96 ns|
    +--------+---------+----------+------------+

+ Latency: 
    * Summary: 
    +---------+---------+----------+----------+-----+-----+---------+
    |  Latency (cycles) |  Latency (absolute) |  Interval | Pipeline|
    |   min   |   max   |    min   |    max   | min | max |   Type  |
    +---------+---------+----------+----------+-----+-----+---------+
    |       81|       81|  0.289 us|  0.289 us|    3|    3|      yes|
    +---------+---------+----------+----------+-----+-----+---------+

    + Detail: 
        * Instance: 
        N/A

        * Loop: 
        N/A



================================================================
== Utilization Estimates
================================================================
* Summary: 
+-----------------+---------+------+---------+--------+-----+
|       Name      | BRAM_18K|  DSP |    FF   |   LUT  | URAM|
+-----------------+---------+------+---------+--------+-----+
|DSP              |        -|     -|        -|       -|    -|
|Expression       |        -|     -|        0|     600|    -|
|FIFO             |        -|     -|        -|       -|    -|
|Instance         |        -|    24|     1902|    2197|    -|
|Memory           |        -|     -|        -|       -|    -|
|Multiplexer      |        -|     -|        0|     153|    -|
|Register         |        -|     -|      620|      96|    -|
+-----------------+---------+------+---------+--------+-----+
|Total            |        0|    24|     2522|    3046|    0|
+-----------------+---------+------+---------+--------+-----+
|Available        |     1968|  1968|  1045440|  522720|  128|
+-----------------+---------+------+---------+--------+-----+
|Utilization (%)  |        0|     1|       ~0|      ~0|    0|
+-----------------+---------+------+---------+--------+-----+

+ Detail: 
    * Instance: 
    +--------------------------------------+---------------------------------+---------+----+-----+------+-----+
    |               Instance               |              Module             | BRAM_18K| DSP|  FF |  LUT | URAM|
    +--------------------------------------+---------------------------------+---------+----+-----+------+-----+
    |fadd_32ns_32ns_32_10_full_dsp_1_U763  |fadd_32ns_32ns_32_10_full_dsp_1  |        0|   2|  365|   238|    0|
    |fexp_32ns_32ns_32_21_full_dsp_1_U767  |fexp_32ns_32ns_32_21_full_dsp_1  |        0|   7|  519|  1052|    0|
    |flog_32ns_32ns_32_19_full_dsp_1_U766  |flog_32ns_32ns_32_19_full_dsp_1  |        0|  13|  653|   641|    0|
    |fsub_32ns_32ns_32_10_full_dsp_1_U764  |fsub_32ns_32ns_32_10_full_dsp_1  |        0|   2|  365|   238|    0|
    |sitofp_32ns_32_7_no_dsp_1_U765        |sitofp_32ns_32_7_no_dsp_1        |        0|   0|    0|     0|    0|
    |sparsemux_9_3_8_1_1_U768              |sparsemux_9_3_8_1_1              |        0|   0|    0|    14|    0|
    |sparsemux_9_3_8_1_1_U769              |sparsemux_9_3_8_1_1              |        0|   0|    0|    14|    0|
    +--------------------------------------+---------------------------------+---------+----+-----+------+-----+
    |Total                                 |                                 |        0|  24| 1902|  2197|    0|
    +--------------------------------------+---------------------------------+---------+----+-----+------+-----+

    * DSP: 
    N/A

    * Memory: 
    N/A

    * FIFO: 
    N/A

    * Expression: 
    +---------------------------------------+----------+----+---+----+------------+------------+
    |             Variable Name             | Operation| DSP| FF| LUT| Bitwidth P0| Bitwidth P1|
    +---------------------------------------+----------+----+---+----+------------+------------+
    |sub_ln299_1_fu_240_p2                  |         -|   0|  0|  14|           1|           7|
    |sub_ln299_2_fu_334_p2                  |         -|   0|  0|  15|           1|           8|
    |sub_ln299_3_fu_397_p2                  |         -|   0|  0|  16|           8|           9|
    |sub_ln299_4_fu_451_p2                  |         -|   0|  0|  14|           1|           7|
    |sub_ln299_5_fu_545_p2                  |         -|   0|  0|  15|           1|           8|
    |sub_ln299_fu_186_p2                    |         -|   0|  0|  16|           8|           9|
    |and_ln299_1_fu_298_p2                  |       and|   0|  0|   2|           1|           1|
    |and_ln299_2_fu_494_p2                  |       and|   0|  0|   2|           1|           1|
    |and_ln299_3_fu_509_p2                  |       and|   0|  0|   2|           1|           1|
    |and_ln299_fu_283_p2                    |       and|   0|  0|   2|           1|           1|
    |ap_block_pp0_stage0_11001_grp0         |       and|   0|  0|   2|           1|           1|
    |ap_block_pp0_stage0_11001_grp1         |       and|   0|  0|   2|           1|           1|
    |ap_block_pp0_stage0_11001_grp2         |       and|   0|  0|   2|           1|           1|
    |ap_block_pp0_stage2_01001_grp3         |       and|   0|  0|   2|           1|           1|
    |ap_block_pp0_stage2_01001_grp4         |       and|   0|  0|   2|           1|           1|
    |ap_block_pp0_stage2_11001              |       and|   0|  0|   2|           1|           1|
    |icmp_ln299_1_fu_200_p2                 |      icmp|   0|  0|  15|           8|           8|
    |icmp_ln299_2_fu_206_p2                 |      icmp|   0|  0|  16|           9|           1|
    |icmp_ln299_3_fu_212_p2                 |      icmp|   0|  0|  16|           9|           5|
    |icmp_ln299_4_fu_256_p2                 |      icmp|   0|  0|  12|           4|           1|
    |icmp_ln299_5_fu_391_p2                 |      icmp|   0|  0|  38|          31|           1|
    |icmp_ln299_6_fu_411_p2                 |      icmp|   0|  0|  15|           8|           8|
    |icmp_ln299_7_fu_417_p2                 |      icmp|   0|  0|  16|           9|           1|
    |icmp_ln299_8_fu_423_p2                 |      icmp|   0|  0|  16|           9|           5|
    |icmp_ln299_9_fu_467_p2                 |      icmp|   0|  0|  12|           4|           1|
    |icmp_ln299_fu_180_p2                   |      icmp|   0|  0|  38|          31|           1|
    |lshr_ln299_1_fu_433_p2                 |      lshr|   0|  0|  96|          32|          32|
    |lshr_ln299_fu_222_p2                   |      lshr|   0|  0|  96|          32|          32|
    |ap_block_pp0_stage0_11001              |        or|   0|  0|   2|           1|           1|
    |ap_block_pp0_stage0_subdone_grp5       |        or|   0|  0|   2|           1|           1|
    |ap_block_pp0_stage0_subdone_grp6       |        or|   0|  0|   2|           1|           1|
    |ap_block_state1_pp0_stage0_iter0_grp1  |        or|   0|  0|   2|           1|           1|
    |ap_block_state1_pp0_stage0_iter0_grp2  |        or|   0|  0|   2|           1|           1|
    |or_ln299_1_fu_499_p2                   |        or|   0|  0|   2|           1|           1|
    |or_ln299_fu_288_p2                     |        or|   0|  0|   2|           1|           1|
    |dout_1_TDATA_int_regslice              |    select|   0|  0|   8|           1|           8|
    |select_ln299_2_fu_340_p3               |    select|   0|  0|   8|           1|           8|
    |select_ln299_3_fu_443_p3               |    select|   0|  0|   8|           1|           8|
    |select_ln299_fu_232_p3                 |    select|   0|  0|   8|           1|           8|
    |tmp_7_fu_312_p8                        |    select|   0|  0|   8|           1|           8|
    |tmp_8_fu_523_p8                        |    select|   0|  0|   8|           1|           8|
    |shl_ln299_1_fu_477_p2                  |       shl|   0|  0|  16|           8|           8|
    |shl_ln299_fu_266_p2                    |       shl|   0|  0|  16|           8|           8|
    |ap_enable_pp0                          |       xor|   0|  0|   2|           1|           2|
    |xor_ln299_1_fu_292_p2                  |       xor|   0|  0|   2|           1|           2|
    |xor_ln299_2_fu_489_p2                  |       xor|   0|  0|   2|           1|           2|
    |xor_ln299_3_fu_503_p2                  |       xor|   0|  0|   2|           1|           2|
    |xor_ln299_fu_278_p2                    |       xor|   0|  0|   2|           1|           2|
    +---------------------------------------+----------+----+---+----+------------+------------+
    |Total                                  |          |   0|  0| 600|         250|         235|
    +---------------------------------------+----------+----+---+----+------------+------------+

    * Multiplexer: 
    +--------------------------+----+-----------+-----+-----------+
    |           Name           | LUT| Input Size| Bits| Total Bits|
    +--------------------------+----+-----------+-----+-----------+
    |ap_NS_fsm                 |  20|          4|    1|          4|
    |ap_done                   |   9|          2|    1|          2|
    |ap_enable_reg_pp0_iter0   |   9|          2|    1|          2|
    |ap_enable_reg_pp0_iter27  |   9|          2|    1|          2|
    |dout_0_TDATA_blk_n        |   9|          2|    1|          2|
    |dout_1_TDATA_blk_n        |   9|          2|    1|          2|
    |fc2_embedding_0_blk_n     |   9|          2|    1|          2|
    |fc2_embedding_1_blk_n     |   9|          2|    1|          2|
    |grp_fu_110_p0             |  14|          3|   32|         96|
    |grp_fu_110_p1             |  14|          3|   32|         96|
    |grp_fu_115_p0             |  14|          3|   32|         96|
    |grp_fu_119_p0             |  14|          3|   32|         96|
    |grp_fu_127_p1             |  14|          3|   32|         96|
    +--------------------------+----+-----------+-----+-----------+
    |Total                     | 153|         33|  168|        498|
    +--------------------------+----+-----------+-----+-----------+

    * Register: 
    +-------------------------------------------------+----+----+-----+-----------+
    |                       Name                      | FF | LUT| Bits| Const Bits|
    +-------------------------------------------------+----+----+-----+-----------+
    |ap_CS_fsm                                        |   3|   0|    3|          0|
    |ap_block_pp0_stage0_subdone_grp0_done_reg        |   1|   0|    1|          0|
    |ap_block_pp0_stage0_subdone_grp1_done_reg_iter0  |   1|   0|    1|          0|
    |ap_block_pp0_stage0_subdone_grp2_done_reg_iter0  |   1|   0|    1|          0|
    |ap_block_pp0_stage0_subdone_grp5_done_reg        |   1|   0|    1|          0|
    |ap_block_pp0_stage0_subdone_grp5_done_reg_iter0  |   1|   0|    1|          0|
    |ap_block_pp0_stage0_subdone_grp6_done_reg        |   1|   0|    1|          0|
    |ap_block_pp0_stage0_subdone_grp6_done_reg_iter0  |   1|   0|    1|          0|
    |ap_block_pp0_stage2_subdone_grp0_done_reg        |   1|   0|    1|          0|
    |ap_block_pp0_stage2_subdone_grp3_done_reg        |   1|   0|    1|          0|
    |ap_block_pp0_stage2_subdone_grp4_done_reg        |   1|   0|    1|          0|
    |ap_done_reg                                      |   1|   0|    1|          0|
    |ap_enable_reg_pp0_iter0_reg                      |   1|   0|    1|          0|
    |ap_enable_reg_pp0_iter1                          |   1|   0|    1|          0|
    |ap_enable_reg_pp0_iter10                         |   1|   0|    1|          0|
    |ap_enable_reg_pp0_iter11                         |   1|   0|    1|          0|
    |ap_enable_reg_pp0_iter12                         |   1|   0|    1|          0|
    |ap_enable_reg_pp0_iter13                         |   1|   0|    1|          0|
    |ap_enable_reg_pp0_iter14                         |   1|   0|    1|          0|
    |ap_enable_reg_pp0_iter15                         |   1|   0|    1|          0|
    |ap_enable_reg_pp0_iter16                         |   1|   0|    1|          0|
    |ap_enable_reg_pp0_iter17                         |   1|   0|    1|          0|
    |ap_enable_reg_pp0_iter18                         |   1|   0|    1|          0|
    |ap_enable_reg_pp0_iter19                         |   1|   0|    1|          0|
    |ap_enable_reg_pp0_iter2                          |   1|   0|    1|          0|
    |ap_enable_reg_pp0_iter20                         |   1|   0|    1|          0|
    |ap_enable_reg_pp0_iter21                         |   1|   0|    1|          0|
    |ap_enable_reg_pp0_iter22                         |   1|   0|    1|          0|
    |ap_enable_reg_pp0_iter23                         |   1|   0|    1|          0|
    |ap_enable_reg_pp0_iter24                         |   1|   0|    1|          0|
    |ap_enable_reg_pp0_iter25                         |   1|   0|    1|          0|
    |ap_enable_reg_pp0_iter26                         |   1|   0|    1|          0|
    |ap_enable_reg_pp0_iter27                         |   1|   0|    1|          0|
    |ap_enable_reg_pp0_iter3                          |   1|   0|    1|          0|
    |ap_enable_reg_pp0_iter4                          |   1|   0|    1|          0|
    |ap_enable_reg_pp0_iter5                          |   1|   0|    1|          0|
    |ap_enable_reg_pp0_iter6                          |   1|   0|    1|          0|
    |ap_enable_reg_pp0_iter7                          |   1|   0|    1|          0|
    |ap_enable_reg_pp0_iter8                          |   1|   0|    1|          0|
    |ap_enable_reg_pp0_iter9                          |   1|   0|    1|          0|
    |fc2_embedding_0_read_reg_559                     |  32|   0|   32|          0|
    |fc2_embedding_1_read_reg_564                     |  32|   0|   32|          0|
    |fsum_1_reg_596                                   |  32|   0|   32|          0|
    |fsum_2_reg_601                                   |  32|   0|   32|          0|
    |fsum_reg_591                                     |  32|   0|   32|          0|
    |icmp_ln299_1_reg_623                             |   1|   0|    1|          0|
    |icmp_ln299_2_reg_629                             |   1|   0|    1|          0|
    |icmp_ln299_4_reg_639                             |   1|   0|    1|          0|
    |icmp_ln299_5_reg_664                             |   1|   0|    1|          0|
    |icmp_ln299_6_reg_671                             |   1|   0|    1|          0|
    |icmp_ln299_7_reg_677                             |   1|   0|    1|          0|
    |icmp_ln299_9_reg_687                             |   1|   0|    1|          0|
    |icmp_ln299_reg_616                               |   1|   0|    1|          0|
    |reg_132                                          |  32|   0|   32|          0|
    |select_ln299_2_reg_649                           |   8|   0|    8|          0|
    |select_ln299_3_reg_682                           |   8|   0|    8|          0|
    |select_ln299_reg_634                             |   8|   0|    8|          0|
    |shl_ln299_1_reg_692                              |   8|   0|    8|          0|
    |shl_ln299_reg_644                                |   8|   0|    8|          0|
    |tmp_1_reg_606                                    |   1|   0|    1|          0|
    |tmp_4_reg_654                                    |   1|   0|    1|          0|
    |tmp_reg_581                                      |  32|   0|   32|          0|
    |tmp_s_reg_586                                    |  32|   0|   32|          0|
    |trunc_ln299_2_reg_611                            |   8|   0|    8|          0|
    |trunc_ln299_8_reg_659                            |   8|   0|    8|          0|
    |vf_1_reg_575                                     |  32|   0|   32|          0|
    |vf_reg_569                                       |  32|   0|   32|          0|
    |tmp_s_reg_586                                    |  64|  32|   32|          0|
    |vf_1_reg_575                                     |  64|  32|   32|          0|
    |vf_reg_569                                       |  64|  32|   32|          0|
    +-------------------------------------------------+----+----+-----+-----------+
    |Total                                            | 620|  96|  524|          0|
    +-------------------------------------------------+----+----+-----+-----------+



================================================================
== Interface
================================================================
* Summary: 
+--------------------------------+-----+-----+------------+------------------------+--------------+
|            RTL Ports           | Dir | Bits|  Protocol  |      Source Object     |    C Type    |
+--------------------------------+-----+-----+------------+------------------------+--------------+
|ap_clk                          |   in|    1|  ap_ctrl_hs|  l_softmax_layer_stream|  return value|
|ap_rst                          |   in|    1|  ap_ctrl_hs|  l_softmax_layer_stream|  return value|
|ap_start                        |   in|    1|  ap_ctrl_hs|  l_softmax_layer_stream|  return value|
|ap_done                         |  out|    1|  ap_ctrl_hs|  l_softmax_layer_stream|  return value|
|ap_continue                     |   in|    1|  ap_ctrl_hs|  l_softmax_layer_stream|  return value|
|ap_idle                         |  out|    1|  ap_ctrl_hs|  l_softmax_layer_stream|  return value|
|ap_ready                        |  out|    1|  ap_ctrl_hs|  l_softmax_layer_stream|  return value|
|fc2_embedding_0_dout            |   in|   32|     ap_fifo|         fc2_embedding_0|       pointer|
|fc2_embedding_0_empty_n         |   in|    1|     ap_fifo|         fc2_embedding_0|       pointer|
|fc2_embedding_0_read            |  out|    1|     ap_fifo|         fc2_embedding_0|       pointer|
|fc2_embedding_0_num_data_valid  |   in|    3|     ap_fifo|         fc2_embedding_0|       pointer|
|fc2_embedding_0_fifo_cap        |   in|    3|     ap_fifo|         fc2_embedding_0|       pointer|
|fc2_embedding_1_dout            |   in|   32|     ap_fifo|         fc2_embedding_1|       pointer|
|fc2_embedding_1_empty_n         |   in|    1|     ap_fifo|         fc2_embedding_1|       pointer|
|fc2_embedding_1_read            |  out|    1|     ap_fifo|         fc2_embedding_1|       pointer|
|fc2_embedding_1_num_data_valid  |   in|    3|     ap_fifo|         fc2_embedding_1|       pointer|
|fc2_embedding_1_fifo_cap        |   in|    3|     ap_fifo|         fc2_embedding_1|       pointer|
|dout_0_TREADY                   |   in|    1|        axis|                  dout_0|       pointer|
|dout_0_TDATA                    |  out|    8|        axis|                  dout_0|       pointer|
|dout_0_TVALID                   |  out|    1|        axis|                  dout_0|       pointer|
|dout_1_TREADY                   |   in|    1|        axis|                  dout_1|       pointer|
|dout_1_TDATA                    |  out|    8|        axis|                  dout_1|       pointer|
|dout_1_TVALID                   |  out|    1|        axis|                  dout_1|       pointer|
+--------------------------------+-----+-----+------------+------------------------+--------------+

