  **** HLS Build v2024.2 5238294
INFO: [HLS 200-2005] Using work_dir D:/sidejob/ethernet_NN/NN/hls_component/hls_component 
INFO: [HLS 200-1505] Using default flow_target 'vivado'
Resolution: For help on HLS 200-1505 see docs.xilinx.com/access/sources/dita/topic?Doc_Version=2024.2%20English&url=ug1448-hls-guidance&resourceid=200-1505.html
INFO: [HLS 200-1465] Applying ini 'syn.file=Components.h' from D:/sidejob/ethernet_NN/NN/hls_component/hls_config.cfg(7)
INFO: [HLS 200-10] Adding design file 'D:/sidejob/ethernet_NN/NN/hls_component/Components.h' to the project
INFO: [HLS 200-1465] Applying ini 'syn.file=Components.cpp' from D:/sidejob/ethernet_NN/NN/hls_component/hls_config.cfg(8)
INFO: [HLS 200-10] Adding design file 'D:/sidejob/ethernet_NN/NN/hls_component/Components.cpp' to the project
INFO: [HLS 200-1465] Applying ini 'syn.file=Coeff.h' from D:/sidejob/ethernet_NN/NN/hls_component/hls_config.cfg(9)
INFO: [HLS 200-10] Adding design file 'D:/sidejob/ethernet_NN/NN/hls_component/Coeff.h' to the project
INFO: [HLS 200-1465] Applying ini 'syn.top=CNN_top' from D:/sidejob/ethernet_NN/NN/hls_component/hls_config.cfg(10)
INFO: [HLS 200-1465] Applying ini 'flow_target=vivado' from D:/sidejob/ethernet_NN/NN/hls_component/hls_config.cfg(4)
INFO: [HLS 200-1505] Using flow_target 'vivado'
Resolution: For help on HLS 200-1505 see docs.xilinx.com/access/sources/dita/topic?Doc_Version=2024.2%20English&url=ug1448-hls-guidance&resourceid=200-1505.html
INFO: [HLS 200-1465] Applying ini 'part=xczu19eg-ffvc1760-2-i' from D:/sidejob/ethernet_NN/NN/hls_component/hls_config.cfg(1)
INFO: [HLS 200-1611] Setting target device to 'xczu19eg-ffvc1760-2-i'
INFO: [HLS 200-1465] Applying ini 'package.output.format=ip_catalog' from D:/sidejob/ethernet_NN/NN/hls_component/hls_config.cfg(5)
INFO: [HLS 200-111] Finished File checks and directory preparation: CPU user time: 1 seconds. CPU system time: 1 seconds. Elapsed time: 2.379 seconds; current allocated memory: 269.832 MB.
INFO: [HLS 200-10] Analyzing design file 'Components.cpp' ... 
WARNING: [HLS 214-113] Either use an argument of the function or declare the variable inside the dataflow loop body (Components.cpp:238:92)
Resolution: For help on HLS 214-113 see docs.xilinx.com/access/sources/dita/topic?Doc_Version=2024.2%20English&url=ug1448-hls-guidance&resourceid=214-113.html
WARNING: [HLS 214-113] Either use an argument of the function or declare the variable inside the dataflow loop body (Components.cpp:246:103)
Resolution: For help on HLS 214-113 see docs.xilinx.com/access/sources/dita/topic?Doc_Version=2024.2%20English&url=ug1448-hls-guidance&resourceid=214-113.html
WARNING: [HLS 200-471] Dataflow form checks found 2 issue(s) in file Components.cpp
Resolution: For help on HLS 200-471 see docs.xilinx.com/access/sources/dita/topic?Doc_Version=2024.2%20English&url=ug1448-hls-guidance&resourceid=200-471.html
INFO: [HLS 200-111] Finished Source Code Analysis and Preprocessing: CPU user time: 1 seconds. CPU system time: 0 seconds. Elapsed time: 14.696 seconds; current allocated memory: 276.660 MB.
INFO: [HLS 200-777] Using interface defaults for 'Vivado' flow target.
INFO: [HLS 200-1995] There were 3,148 instructions in the design after the 'Compile/Link' phase of compilation. See the Design Size Report for more details: D:/sidejob/ethernet_NN/NN/hls_component/hls_component/hls/syn/report/csynth_design_size.rpt
INFO: [HLS 200-1995] There were 697 instructions in the design after the 'Unroll/Inline (step 1)' phase of compilation. See the Design Size Report for more details: D:/sidejob/ethernet_NN/NN/hls_component/hls_component/hls/syn/report/csynth_design_size.rpt
INFO: [HLS 200-1995] There were 460 instructions in the design after the 'Unroll/Inline (step 2)' phase of compilation. See the Design Size Report for more details: D:/sidejob/ethernet_NN/NN/hls_component/hls_component/hls/syn/report/csynth_design_size.rpt
INFO: [HLS 200-1995] There were 423 instructions in the design after the 'Unroll/Inline (step 3)' phase of compilation. See the Design Size Report for more details: D:/sidejob/ethernet_NN/NN/hls_component/hls_component/hls/syn/report/csynth_design_size.rpt
INFO: [HLS 200-1995] There were 383 instructions in the design after the 'Unroll/Inline (step 4)' phase of compilation. See the Design Size Report for more details: D:/sidejob/ethernet_NN/NN/hls_component/hls_component/hls/syn/report/csynth_design_size.rpt
INFO: [HLS 200-1995] There were 378 instructions in the design after the 'Array/Struct (step 1)' phase of compilation. See the Design Size Report for more details: D:/sidejob/ethernet_NN/NN/hls_component/hls_component/hls/syn/report/csynth_design_size.rpt
INFO: [HLS 200-1995] There were 378 instructions in the design after the 'Array/Struct (step 2)' phase of compilation. See the Design Size Report for more details: D:/sidejob/ethernet_NN/NN/hls_component/hls_component/hls/syn/report/csynth_design_size.rpt
INFO: [HLS 200-1995] There were 378 instructions in the design after the 'Array/Struct (step 3)' phase of compilation. See the Design Size Report for more details: D:/sidejob/ethernet_NN/NN/hls_component/hls_component/hls/syn/report/csynth_design_size.rpt
INFO: [HLS 200-1995] There were 378 instructions in the design after the 'Array/Struct (step 4)' phase of compilation. See the Design Size Report for more details: D:/sidejob/ethernet_NN/NN/hls_component/hls_component/hls/syn/report/csynth_design_size.rpt
INFO: [HLS 200-1995] There were 386 instructions in the design after the 'Array/Struct (step 5)' phase of compilation. See the Design Size Report for more details: D:/sidejob/ethernet_NN/NN/hls_component/hls_component/hls/syn/report/csynth_design_size.rpt
INFO: [HLS 200-1995] There were 386 instructions in the design after the 'Performance (step 1)' phase of compilation. See the Design Size Report for more details: D:/sidejob/ethernet_NN/NN/hls_component/hls_component/hls/syn/report/csynth_design_size.rpt
INFO: [HLS 200-1995] There were 671 instructions in the design after the 'Performance (step 2)' phase of compilation. See the Design Size Report for more details: D:/sidejob/ethernet_NN/NN/hls_component/hls_component/hls/syn/report/csynth_design_size.rpt
INFO: [HLS 200-1995] There were 1,869 instructions in the design after the 'Performance (step 3)' phase of compilation. See the Design Size Report for more details: D:/sidejob/ethernet_NN/NN/hls_component/hls_component/hls/syn/report/csynth_design_size.rpt
INFO: [HLS 200-1995] There were 1,234 instructions in the design after the 'Performance (step 4)' phase of compilation. See the Design Size Report for more details: D:/sidejob/ethernet_NN/NN/hls_component/hls_component/hls/syn/report/csynth_design_size.rpt
INFO: [HLS 200-1995] There were 1,234 instructions in the design after the 'HW Transforms (step 1)' phase of compilation. See the Design Size Report for more details: D:/sidejob/ethernet_NN/NN/hls_component/hls_component/hls/syn/report/csynth_design_size.rpt
INFO: [HLS 200-1995] There were 1,282 instructions in the design after the 'HW Transforms (step 2)' phase of compilation. See the Design Size Report for more details: D:/sidejob/ethernet_NN/NN/hls_component/hls_component/hls/syn/report/csynth_design_size.rpt
INFO: [HLS 214-131] Inlining function 'exp_reduce_::exp(float)' into 'hls::exp(float)' (C:\scratch\2024.2\hls_product\495\2024.2\src\shared\hls\clib\hlsmath\src\c++\expfloat.cpp:17:9)
INFO: [HLS 214-131] Inlining function 'log_reduce::log(float)' into 'hls::log(float)' (C:\scratch\2024.2\hls_product\495\2024.2\src\shared\hls\clib\hlsmath\src\c++\logfloat.cpp:9:9)
INFO: [HLS 214-131] Inlining function 'hls::exp(float)' into 'void l_softmax_layer<100u, 2u>(int (*) [2u], int (*) [2u])' (Components.cpp:199:21)
INFO: [HLS 214-131] Inlining function 'hls::log(float)' into 'void l_softmax_layer<100u, 2u>(int (*) [2u], int (*) [2u])' (Components.cpp:201:16)
INFO: [HLS 214-178] Inlining function 'void conv2d<9u, 128u, 3u, true>(int (*) [128u], int (*) [128u], int*)' into 'void conv2d_layer<100u, 2u, 9u, 128u, 3u, true>(int (*) [9u][128u], int (*) [3u][128u], int (*) [2u][((9u) - (3u)) + (1)])' (Components.cpp:154:0)
INFO: [HLS 214-178] Inlining function 'void conv2d<9u, 128u, 4u, true>(int (*) [128u], int (*) [128u], int*)' into 'void conv2d_layer<100u, 2u, 9u, 128u, 4u, true>(int (*) [9u][128u], int (*) [4u][128u], int (*) [2u][((9u) - (4u)) + (1)])' (Components.cpp:154:0)
INFO: [HLS 214-178] Inlining function 'void conv2d<9u, 128u, 5u, true>(int (*) [128u], int (*) [128u], int*)' into 'void conv2d_layer<100u, 2u, 9u, 128u, 5u, true>(int (*) [9u][128u], int (*) [5u][128u], int (*) [2u][((9u) - (5u)) + (1)])' (Components.cpp:154:0)
INFO: [HLS 214-178] Inlining function 'void fully_connect<36u, 2u, int, int, int>(int*, int const (*) [2u], int*)' into 'void fully_connect_layer2<100u, 36u, 2u, int, int, int>(int (*) [36u], int const (*) [2u], int (*) [2u])' (Components.cpp:121:0)
INFO: [HLS 214-178] Inlining function 'fp_struct<float>::fp_struct(float)' into 'int generic_cast_IEEE754<int, (ap_q_mode)6, float>(float, bool, hls::enable_if<std::numeric_limits<int>::is_signed, bool>::type)' (C:\scratch\2024.2\hls_product\495\2024.2\src\shared\hls\clib/hlsmath/include/FloatingPoint\hls_case_IEEE754.h:12:0)
INFO: [HLS 214-178] Inlining function 'fp_struct<float>::mantissa() const' into 'int generic_cast_IEEE754<int, (ap_q_mode)6, float>(float, bool, hls::enable_if<std::numeric_limits<int>::is_signed, bool>::type)' (C:\scratch\2024.2\hls_product\495\2024.2\src\shared\hls\clib/hlsmath/include/FloatingPoint\hls_case_IEEE754.h:12:0)
INFO: [HLS 214-178] Inlining function 'fp_struct<float>::expv() const' into 'int generic_cast_IEEE754<int, (ap_q_mode)6, float>(float, bool, hls::enable_if<std::numeric_limits<int>::is_signed, bool>::type)' (C:\scratch\2024.2\hls_product\495\2024.2\src\shared\hls\clib/hlsmath/include/FloatingPoint\hls_case_IEEE754.h:12:0)
INFO: [HLS 214-178] Inlining function 'fp_struct<float>::__signbit() const' into 'int generic_cast_IEEE754<int, (ap_q_mode)6, float>(float, bool, hls::enable_if<std::numeric_limits<int>::is_signed, bool>::type)' (C:\scratch\2024.2\hls_product\495\2024.2\src\shared\hls\clib/hlsmath/include/FloatingPoint\hls_case_IEEE754.h:12:0)
INFO: [HLS 214-178] Inlining function 'int generic_cast_IEEE754<int, (ap_q_mode)6, float>(float, bool, hls::enable_if<std::numeric_limits<int>::is_signed, bool>::type)' into 'int generic_cast_IEEE754<int, float>(float, bool)' (C:\scratch\2024.2\hls_product\495\2024.2\src\shared\hls\clib/hlsmath/include/FloatingPoint\hls_case_IEEE754.h:116:0)
INFO: [HLS 214-178] Inlining function 'int generic_cast_IEEE754<int, float>(float, bool)' into '__hls_fptosi_float_i32' (C:\scratch\2024.2\hls_product\495\2024.2\src\shared\hls\clib\hlsmath\src\lib_floatconversion.cpp:51:0)
INFO: [HLS 214-178] Inlining function '__hls_fptosi_float_i32' into 'void l_softmax_layer<100u, 2u>(int (*) [2u], int (*) [2u])' (Components.cpp:191:0)
WARNING: [HLS 214-167] The program may have out of bound array access on variable '_ZL8fc2_coef' (Components.cpp:101:29)
INFO: [HLS 214-376] automatically set the pipeline for Loop< VITIS_LOOP_195_1> at Components.cpp:195:23 
INFO: [HLS 214-376] automatically set the pipeline for Loop< VITIS_LOOP_96_1> at Components.cpp:96:22 
INFO: [HLS 214-376] automatically set the pipeline for Loop< VITIS_LOOP_172_2> at Components.cpp:172:27 
INFO: [HLS 214-376] automatically set the pipeline for Loop< VITIS_LOOP_135_3> at Components.cpp:135:31 
INFO: [HLS 214-376] automatically set the pipeline for Loop< unknown> at  
INFO: [HLS 214-376] automatically set the pipeline for Loop< VITIS_LOOP_141_4> at Components.cpp:141:23 
INFO: [HLS 214-376] automatically set the pipeline for Loop< VITIS_LOOP_61_2> at Components.cpp:61:26 
INFO: [HLS 214-291] Loop 'VITIS_LOOP_197_2' is marked as complete unroll implied by the pipeline pragma (Components.cpp:197:27)
INFO: [HLS 214-291] Loop 'VITIS_LOOP_202_3' is marked as complete unroll implied by the pipeline pragma (Components.cpp:202:27)
INFO: [HLS 214-291] Loop 'VITIS_LOOP_98_2' is marked as complete unroll implied by the pipeline pragma (Components.cpp:98:26)
INFO: [HLS 214-291] Loop 'VITIS_LOOP_173_3' is marked as complete unroll implied by the pipeline pragma (Components.cpp:173:31)
INFO: [HLS 214-291] Loop 'VITIS_LOOP_177_4' is marked as complete unroll implied by the pipeline pragma (Components.cpp:177:31)
INFO: [HLS 214-291] Loop 'VITIS_LOOP_181_5' is marked as complete unroll implied by the pipeline pragma (Components.cpp:181:31)
INFO: [HLS 214-291] Loop 'VITIS_LOOP_143_5' is marked as complete unroll implied by the pipeline pragma (Components.cpp:143:27)
INFO: [HLS 214-186] Unrolling loop 'VITIS_LOOP_197_2' (Components.cpp:197:27) in function 'l_softmax_layer<100u, 2u>' completely with a factor of 2 (Components.cpp:191:0)
INFO: [HLS 214-186] Unrolling loop 'VITIS_LOOP_202_3' (Components.cpp:202:27) in function 'l_softmax_layer<100u, 2u>' completely with a factor of 2 (Components.cpp:191:0)
INFO: [HLS 214-186] Unrolling loop 'VITIS_LOOP_98_2' (Components.cpp:98:26) in function 'fully_connect_layer2<100u, 36u, 2u, int, int, int>' completely with a factor of 36 (Components.cpp:121:0)
INFO: [HLS 214-186] Unrolling loop 'VITIS_LOOP_173_3' (Components.cpp:173:31) in function 'reshape_concate_layer<100u, 2u, 9u, 3u, 4u, 5u>' completely with a factor of 7 (Components.cpp:169:0)
INFO: [HLS 214-186] Unrolling loop 'VITIS_LOOP_177_4' (Components.cpp:177:31) in function 'reshape_concate_layer<100u, 2u, 9u, 3u, 4u, 5u>' completely with a factor of 6 (Components.cpp:169:0)
INFO: [HLS 214-186] Unrolling loop 'VITIS_LOOP_181_5' (Components.cpp:181:31) in function 'reshape_concate_layer<100u, 2u, 9u, 3u, 4u, 5u>' completely with a factor of 5 (Components.cpp:169:0)
INFO: [HLS 214-186] Unrolling loop 'VITIS_LOOP_143_5' (Components.cpp:143:27) in function 'conv2d_layer<100u, 2u, 9u, 128u, 5u, true>' completely with a factor of 5 (Components.cpp:154:0)
INFO: [HLS 214-186] Unrolling loop 'VITIS_LOOP_143_5' (Components.cpp:143:27) in function 'conv2d_layer<100u, 2u, 9u, 128u, 4u, true>' completely with a factor of 4 (Components.cpp:154:0)
INFO: [HLS 214-186] Unrolling loop 'VITIS_LOOP_143_5' (Components.cpp:143:27) in function 'conv2d_layer<100u, 2u, 9u, 128u, 3u, true>' completely with a factor of 3 (Components.cpp:154:0)
INFO: [HLS 214-270] Inferring pragma 'array_partition type=complete dim=1' for array 'sum.i' due to pipeline pragma (Components.cpp:132:9)
INFO: [HLS 214-270] Inferring pragma 'array_partition type=complete dim=3' for array 'conv3' due to pipeline pragma (Components.cpp:223:9)
INFO: [HLS 214-270] Inferring pragma 'array_partition type=complete dim=3' for array 'conv4' due to pipeline pragma (Components.cpp:224:9)
INFO: [HLS 214-270] Inferring pragma 'array_partition type=complete dim=3' for array 'conv5' due to pipeline pragma (Components.cpp:225:9)
INFO: [HLS 214-270] Inferring pragma 'array_partition type=cyclic factor=7 dim=2' for array 'feature_in2' due to pipeline pragma (Components.cpp:226:9)
INFO: [HLS 214-248] Applying array_partition to 'sum.i': Complete partitioning on dimension 1. (Components.cpp:132:9)
INFO: [HLS 214-248] Applying array_partition to 'conv3': Complete partitioning on dimension 3. (Components.cpp:223:9)
INFO: [HLS 214-248] Applying array_partition to 'conv4': Complete partitioning on dimension 3. (Components.cpp:224:9)
INFO: [HLS 214-248] Applying array_partition to 'conv5': Complete partitioning on dimension 3. (Components.cpp:225:9)
INFO: [HLS 214-248] Applying array_partition to 'feature_in2': Cyclic partitioning with factor 7 on dimension 2. (Components.cpp:226:9)
INFO: [HLS 200-111] Finished Compiling Optimization and Transform: CPU user time: 0 seconds. CPU system time: 0 seconds. Elapsed time: 24.987 seconds; current allocated memory: 278.609 MB.
INFO: [HLS 200-111] Finished Checking Pragmas: CPU user time: 0 seconds. CPU system time: 0 seconds. Elapsed time: 0.006 seconds; current allocated memory: 278.609 MB.
INFO: [HLS 200-10] Starting code transformations ...
INFO: [HLS 200-111] Finished Standard Transforms: CPU user time: 0 seconds. CPU system time: 0 seconds. Elapsed time: 0.081 seconds; current allocated memory: 284.969 MB.
INFO: [HLS 200-10] Checking synthesizability ...
INFO: [HLS 200-111] Finished Checking Synthesizability: CPU user time: 0 seconds. CPU system time: 0 seconds. Elapsed time: 0.11 seconds; current allocated memory: 294.469 MB.
INFO: [XFORM 203-712] Applying dataflow to function 'CNN<100u, 9u, 2u, 2u, 2u, 128u>' (Components.cpp:223:1), detected/extracted 6 process function(s): 
	 'conv2d_layer<100u, 2u, 9u, 128u, 3u, true>'
	 'conv2d_layer<100u, 2u, 9u, 128u, 4u, true>'
	 'conv2d_layer<100u, 2u, 9u, 128u, 5u, true>'
	 'reshape_concate_layer<100u, 2u, 9u, 3u, 4u, 5u>'
	 'fully_connect_layer2<100u, 36u, 2u, int, int, int>'
	 'l_softmax_layer<100u, 2u>'.
INFO: [XFORM 203-11] Balancing expressions in function 'fully_connect_layer2<100u, 36u, 2u, int, int, int>' (Components.cpp:96:22)...36 expression(s) balanced.
INFO: [XFORM 203-11] Balancing expressions in function 'conv2d_layer<100u, 2u, 9u, 128u, 5u, true>' (Components.cpp:132:27)...7 expression(s) balanced.
INFO: [XFORM 203-11] Balancing expressions in function 'conv2d_layer<100u, 2u, 9u, 128u, 4u, true>' (Components.cpp:132:27)...3 expression(s) balanced.
INFO: [HLS 200-111] Finished Loop, function and other optimizations: CPU user time: 1 seconds. CPU system time: 0 seconds. Elapsed time: 0.427 seconds; current allocated memory: 316.367 MB.
INFO: [HLS 200-2061] Successfully converted nested loops 'VITIS_LOOP_171_1'(Components.cpp:171:23) and 'VITIS_LOOP_172_2'(Components.cpp:172:27) in function 'reshape_concate_layer<100u, 2u, 9u, 3u, 4u, 5u>' into perfectly nested loops.
INFO: [HLS 200-2061] Successfully converted nested loops 'VITIS_LOOP_123_1'(Components.cpp:123:23) and 'VITIS_LOOP_96_1'(Components.cpp:96:22) in function 'fully_connect_layer2<100u, 36u, 2u, int, int, int>' into perfectly nested loops.
INFO: [HLS 200-2061] Successfully converted nested loops 'VITIS_LOOP_134_2'(Components.cpp:134:27) and 'VITIS_LOOP_135_3'(Components.cpp:135:31) in function 'conv2d_layer<100u, 2u, 9u, 128u, 5u, true>' into perfectly nested loops.
INFO: [HLS 200-2061] Successfully converted nested loops 'VITIS_LOOP_133_1'(Components.cpp:133:23) and 'VITIS_LOOP_134_2'(Components.cpp:134:27) in function 'conv2d_layer<100u, 2u, 9u, 128u, 5u, true>' into perfectly nested loops.
INFO: [HLS 200-2061] Successfully converted nested loops 'VITIS_LOOP_134_2'(Components.cpp:134:27) and 'VITIS_LOOP_135_3'(Components.cpp:135:31) in function 'conv2d_layer<100u, 2u, 9u, 128u, 4u, true>' into perfectly nested loops.
INFO: [HLS 200-2061] Successfully converted nested loops 'VITIS_LOOP_133_1'(Components.cpp:133:23) and 'VITIS_LOOP_134_2'(Components.cpp:134:27) in function 'conv2d_layer<100u, 2u, 9u, 128u, 4u, true>' into perfectly nested loops.
INFO: [HLS 200-2061] Successfully converted nested loops 'VITIS_LOOP_134_2'(Components.cpp:134:27) and 'VITIS_LOOP_135_3'(Components.cpp:135:31) in function 'conv2d_layer<100u, 2u, 9u, 128u, 3u, true>' into perfectly nested loops.
INFO: [HLS 200-2061] Successfully converted nested loops 'VITIS_LOOP_133_1'(Components.cpp:133:23) and 'VITIS_LOOP_134_2'(Components.cpp:134:27) in function 'conv2d_layer<100u, 2u, 9u, 128u, 3u, true>' into perfectly nested loops.
INFO: [XFORM 203-541] Flattening a loop nest 'VITIS_LOOP_171_1' (Components.cpp:171:23) in function 'reshape_concate_layer<100u, 2u, 9u, 3u, 4u, 5u>'.
INFO: [XFORM 203-541] Flattening a loop nest 'VITIS_LOOP_123_1' (Components.cpp:123:23) in function 'fully_connect_layer2<100u, 36u, 2u, int, int, int>'.
INFO: [XFORM 203-541] Flattening a loop nest 'VITIS_LOOP_134_2' (Components.cpp:134:27) in function 'conv2d_layer<100u, 2u, 9u, 128u, 5u, true>'.
INFO: [XFORM 203-541] Flattening a loop nest 'VITIS_LOOP_133_1' (Components.cpp:133:23) in function 'conv2d_layer<100u, 2u, 9u, 128u, 5u, true>'.
INFO: [XFORM 203-541] Flattening a loop nest 'VITIS_LOOP_134_2' (Components.cpp:134:27) in function 'conv2d_layer<100u, 2u, 9u, 128u, 4u, true>'.
INFO: [XFORM 203-541] Flattening a loop nest 'VITIS_LOOP_133_1' (Components.cpp:133:23) in function 'conv2d_layer<100u, 2u, 9u, 128u, 4u, true>'.
INFO: [XFORM 203-541] Flattening a loop nest 'VITIS_LOOP_134_2' (Components.cpp:134:27) in function 'conv2d_layer<100u, 2u, 9u, 128u, 3u, true>'.
INFO: [XFORM 203-541] Flattening a loop nest 'VITIS_LOOP_133_1' (Components.cpp:133:23) in function 'conv2d_layer<100u, 2u, 9u, 128u, 3u, true>'.
INFO: [HLS 200-111] Finished Architecture Synthesis: CPU user time: 0 seconds. CPU system time: 0 seconds. Elapsed time: 1.858 seconds; current allocated memory: 456.566 MB.
INFO: [HLS 200-10] Starting hardware synthesis ...
INFO: [HLS 200-10] Synthesizing 'CNN_top' ...
WARNING: [SYN 201-103] Legalizing function name 'conv2d_layer<100u, 2u, 9u, 128u, 3u, true>7_Pipeline_1' to 'conv2d_layer_100u_2u_9u_128u_3u_true_7_Pipeline_1'.
WARNING: [SYN 201-103] Legalizing function name 'conv2d_layer<100u, 2u, 9u, 128u, 3u, true>7_Pipeline_VITIS_LOOP_141_4' to 'conv2d_layer_100u_2u_9u_128u_3u_true_7_Pipeline_VITIS_LOOP_141_4'.
WARNING: [SYN 201-103] Legalizing function name 'conv2d_layer<100u, 2u, 9u, 128u, 3u, true>7' to 'conv2d_layer_100u_2u_9u_128u_3u_true_7'.
WARNING: [SYN 201-103] Legalizing function name 'conv2d_layer<100u, 2u, 9u, 128u, 4u, true>6_Pipeline_1' to 'conv2d_layer_100u_2u_9u_128u_4u_true_6_Pipeline_1'.
WARNING: [SYN 201-103] Legalizing function name 'conv2d_layer<100u, 2u, 9u, 128u, 4u, true>6_Pipeline_VITIS_LOOP_141_4' to 'conv2d_layer_100u_2u_9u_128u_4u_true_6_Pipeline_VITIS_LOOP_141_4'.
WARNING: [SYN 201-103] Legalizing function name 'conv2d_layer<100u, 2u, 9u, 128u, 4u, true>6' to 'conv2d_layer_100u_2u_9u_128u_4u_true_6'.
WARNING: [SYN 201-103] Legalizing function name 'conv2d_layer<100u, 2u, 9u, 128u, 5u, true>5_Pipeline_1' to 'conv2d_layer_100u_2u_9u_128u_5u_true_5_Pipeline_1'.
WARNING: [SYN 201-103] Legalizing function name 'conv2d_layer<100u, 2u, 9u, 128u, 5u, true>5_Pipeline_VITIS_LOOP_141_4' to 'conv2d_layer_100u_2u_9u_128u_5u_true_5_Pipeline_VITIS_LOOP_141_4'.
WARNING: [SYN 201-103] Legalizing function name 'conv2d_layer<100u, 2u, 9u, 128u, 5u, true>5' to 'conv2d_layer_100u_2u_9u_128u_5u_true_5'.
WARNING: [SYN 201-103] Legalizing function name 'reshape_concate_layer<100u, 2u, 9u, 3u, 4u, 5u>' to 'reshape_concate_layer_100u_2u_9u_3u_4u_5u_s'.
WARNING: [SYN 201-103] Legalizing function name 'fully_connect_layer2<100u, 36u, 2u, int, int, int>' to 'fully_connect_layer2_100u_36u_2u_int_int_int_s'.
WARNING: [SYN 201-103] Legalizing function name 'l_softmax_layer<100u, 2u>2' to 'l_softmax_layer_100u_2u_2'.
WARNING: [SYN 201-103] Legalizing function name 'CNN<100u, 9u, 2u, 2u, 2u, 128u>' to 'CNN_100u_9u_2u_2u_2u_128u_s'.
INFO: [SYN 201-201] Setting up clock 'default' with a period of 10ns.
INFO: [HLS 200-10] ----------------------------------------------------------------
INFO: [HLS 200-42] -- Implementing module 'conv2d_layer_100u_2u_9u_128u_3u_true_7_Pipeline_1' 
INFO: [HLS 200-10] ----------------------------------------------------------------
INFO: [SCHED 204-11] Starting scheduling ...
INFO: [SCHED 204-61] Pipelining loop 'Loop 1'.
INFO: [HLS 200-1470] Pipelining result : Target II = NA, Final II = 1, Depth = 1, loop 'Loop 1'
INFO: [SCHED 204-11] Finished scheduling.
INFO: [HLS 200-111] Finished Scheduling: CPU user time: 0 seconds. CPU system time: 0 seconds. Elapsed time: 0.397 seconds; current allocated memory: 461.086 MB.
INFO: [BIND 205-100] Starting micro-architecture generation ...
INFO: [BIND 205-101] Performing variable lifetime analysis.
INFO: [BIND 205-101] Exploring resource sharing.
INFO: [BIND 205-101] Binding ...
INFO: [BIND 205-100] Finished micro-architecture generation.
INFO: [HLS 200-111] Finished Binding: CPU user time: 0 seconds. CPU system time: 0 seconds. Elapsed time: 0.066 seconds; current allocated memory: 462.141 MB.
INFO: [HLS 200-10] ----------------------------------------------------------------
INFO: [HLS 200-42] -- Implementing module 'conv2d_layer7_Pipeline_VITIS_LOOP_133_1_VITIS_LOOP_134_2_VITIS_LOOP_135_3' 
INFO: [HLS 200-10] ----------------------------------------------------------------
INFO: [SCHED 204-11] Starting scheduling ...
INFO: [SCHED 204-61] Pipelining loop 'VITIS_LOOP_133_1_VITIS_LOOP_134_2_VITIS_LOOP_135_3'.
INFO: [HLS 200-1470] Pipelining result : Target II = NA, Final II = 1, Depth = 3, loop 'VITIS_LOOP_133_1_VITIS_LOOP_134_2_VITIS_LOOP_135_3'
INFO: [SCHED 204-11] Finished scheduling.
INFO: [HLS 200-111] Finished Scheduling: CPU user time: 0 seconds. CPU system time: 0 seconds. Elapsed time: 1.147 seconds; current allocated memory: 462.961 MB.
INFO: [BIND 205-100] Starting micro-architecture generation ...
INFO: [BIND 205-101] Performing variable lifetime analysis.
INFO: [BIND 205-101] Exploring resource sharing.
INFO: [BIND 205-101] Binding ...
INFO: [BIND 205-100] Finished micro-architecture generation.
INFO: [HLS 200-111] Finished Binding: CPU user time: 0 seconds. CPU system time: 0 seconds. Elapsed time: 0.074 seconds; current allocated memory: 463.145 MB.
INFO: [HLS 200-10] ----------------------------------------------------------------
INFO: [HLS 200-42] -- Implementing module 'conv2d_layer_100u_2u_9u_128u_3u_true_7_Pipeline_VITIS_LOOP_141_4' 
INFO: [HLS 200-10] ----------------------------------------------------------------
INFO: [SCHED 204-11] Starting scheduling ...
INFO: [SCHED 204-61] Pipelining loop 'VITIS_LOOP_141_4'.
INFO: [HLS 200-1470] Pipelining result : Target II = NA, Final II = 1, Depth = 2, loop 'VITIS_LOOP_141_4'
INFO: [SCHED 204-11] Finished scheduling.
INFO: [HLS 200-111] Finished Scheduling: CPU user time: 0 seconds. CPU system time: 0 seconds. Elapsed time: 0.106 seconds; current allocated memory: 463.547 MB.
INFO: [BIND 205-100] Starting micro-architecture generation ...
INFO: [BIND 205-101] Performing variable lifetime analysis.
INFO: [BIND 205-101] Exploring resource sharing.
INFO: [BIND 205-101] Binding ...
INFO: [BIND 205-100] Finished micro-architecture generation.
INFO: [HLS 200-111] Finished Binding: CPU user time: 1 seconds. CPU system time: 0 seconds. Elapsed time: 0.059 seconds; current allocated memory: 463.715 MB.
INFO: [HLS 200-10] ----------------------------------------------------------------
INFO: [HLS 200-42] -- Implementing module 'conv2d_layer_100u_2u_9u_128u_3u_true_7' 
INFO: [HLS 200-10] ----------------------------------------------------------------
INFO: [SCHED 204-11] Starting scheduling ...
INFO: [SCHED 204-11] Finished scheduling.
INFO: [HLS 200-111] Finished Scheduling: CPU user time: 0 seconds. CPU system time: 0 seconds. Elapsed time: 0.064 seconds; current allocated memory: 463.934 MB.
INFO: [BIND 205-100] Starting micro-architecture generation ...
INFO: [BIND 205-101] Performing variable lifetime analysis.
INFO: [BIND 205-101] Exploring resource sharing.
INFO: [BIND 205-101] Binding ...
INFO: [BIND 205-100] Finished micro-architecture generation.
INFO: [HLS 200-111] Finished Binding: CPU user time: 0 seconds. CPU system time: 0 seconds. Elapsed time: 0.069 seconds; current allocated memory: 464.246 MB.
INFO: [HLS 200-10] ----------------------------------------------------------------
INFO: [HLS 200-42] -- Implementing module 'conv2d_layer_100u_2u_9u_128u_4u_true_6_Pipeline_1' 
INFO: [HLS 200-10] ----------------------------------------------------------------
INFO: [SCHED 204-11] Starting scheduling ...
INFO: [SCHED 204-61] Pipelining loop 'Loop 1'.
INFO: [HLS 200-1470] Pipelining result : Target II = NA, Final II = 1, Depth = 1, loop 'Loop 1'
INFO: [SCHED 204-11] Finished scheduling.
INFO: [HLS 200-111] Finished Scheduling: CPU user time: 0 seconds. CPU system time: 0 seconds. Elapsed time: 0.102 seconds; current allocated memory: 464.430 MB.
INFO: [BIND 205-100] Starting micro-architecture generation ...
INFO: [BIND 205-101] Performing variable lifetime analysis.
INFO: [BIND 205-101] Exploring resource sharing.
INFO: [BIND 205-101] Binding ...
INFO: [BIND 205-100] Finished micro-architecture generation.
INFO: [HLS 200-111] Finished Binding: CPU user time: 0 seconds. CPU system time: 0 seconds. Elapsed time: 0.053 seconds; current allocated memory: 464.434 MB.
INFO: [HLS 200-10] ----------------------------------------------------------------
INFO: [HLS 200-42] -- Implementing module 'conv2d_layer6_Pipeline_VITIS_LOOP_133_1_VITIS_LOOP_134_2_VITIS_LOOP_135_3' 
INFO: [HLS 200-10] ----------------------------------------------------------------
INFO: [SCHED 204-11] Starting scheduling ...
INFO: [SCHED 204-61] Pipelining loop 'VITIS_LOOP_133_1_VITIS_LOOP_134_2_VITIS_LOOP_135_3'.
INFO: [HLS 200-1470] Pipelining result : Target II = NA, Final II = 1, Depth = 3, loop 'VITIS_LOOP_133_1_VITIS_LOOP_134_2_VITIS_LOOP_135_3'
INFO: [SCHED 204-11] Finished scheduling.
INFO: [HLS 200-111] Finished Scheduling: CPU user time: 0 seconds. CPU system time: 0 seconds. Elapsed time: 0.093 seconds; current allocated memory: 465.312 MB.
INFO: [BIND 205-100] Starting micro-architecture generation ...
INFO: [BIND 205-101] Performing variable lifetime analysis.
INFO: [BIND 205-101] Exploring resource sharing.
INFO: [BIND 205-101] Binding ...
INFO: [BIND 205-100] Finished micro-architecture generation.
INFO: [HLS 200-111] Finished Binding: CPU user time: 0 seconds. CPU system time: 0 seconds. Elapsed time: 0.079 seconds; current allocated memory: 465.363 MB.
INFO: [HLS 200-10] ----------------------------------------------------------------
INFO: [HLS 200-42] -- Implementing module 'conv2d_layer_100u_2u_9u_128u_4u_true_6_Pipeline_VITIS_LOOP_141_4' 
INFO: [HLS 200-10] ----------------------------------------------------------------
INFO: [SCHED 204-11] Starting scheduling ...
INFO: [SCHED 204-61] Pipelining loop 'VITIS_LOOP_141_4'.
INFO: [HLS 200-1470] Pipelining result : Target II = NA, Final II = 1, Depth = 2, loop 'VITIS_LOOP_141_4'
INFO: [SCHED 204-11] Finished scheduling.
INFO: [HLS 200-111] Finished Scheduling: CPU user time: 0 seconds. CPU system time: 0 seconds. Elapsed time: 0.108 seconds; current allocated memory: 465.633 MB.
INFO: [BIND 205-100] Starting micro-architecture generation ...
INFO: [BIND 205-101] Performing variable lifetime analysis.
INFO: [BIND 205-101] Exploring resource sharing.
INFO: [BIND 205-101] Binding ...
INFO: [BIND 205-100] Finished micro-architecture generation.
INFO: [HLS 200-111] Finished Binding: CPU user time: 0 seconds. CPU system time: 0 seconds. Elapsed time: 0.06 seconds; current allocated memory: 465.656 MB.
INFO: [HLS 200-10] ----------------------------------------------------------------
INFO: [HLS 200-42] -- Implementing module 'conv2d_layer_100u_2u_9u_128u_4u_true_6' 
INFO: [HLS 200-10] ----------------------------------------------------------------
INFO: [SCHED 204-11] Starting scheduling ...
INFO: [SCHED 204-11] Finished scheduling.
INFO: [HLS 200-111] Finished Scheduling: CPU user time: 0 seconds. CPU system time: 0 seconds. Elapsed time: 0.067 seconds; current allocated memory: 466.113 MB.
INFO: [BIND 205-100] Starting micro-architecture generation ...
INFO: [BIND 205-101] Performing variable lifetime analysis.
INFO: [BIND 205-101] Exploring resource sharing.
INFO: [BIND 205-101] Binding ...
INFO: [BIND 205-100] Finished micro-architecture generation.
INFO: [HLS 200-111] Finished Binding: CPU user time: 0 seconds. CPU system time: 0 seconds. Elapsed time: 0.064 seconds; current allocated memory: 466.312 MB.
INFO: [HLS 200-10] ----------------------------------------------------------------
INFO: [HLS 200-42] -- Implementing module 'conv2d_layer_100u_2u_9u_128u_5u_true_5_Pipeline_1' 
INFO: [HLS 200-10] ----------------------------------------------------------------
INFO: [SCHED 204-11] Starting scheduling ...
INFO: [SCHED 204-61] Pipelining loop 'Loop 1'.
INFO: [HLS 200-1470] Pipelining result : Target II = NA, Final II = 1, Depth = 1, loop 'Loop 1'
INFO: [SCHED 204-11] Finished scheduling.
INFO: [HLS 200-111] Finished Scheduling: CPU user time: 0 seconds. CPU system time: 1 seconds. Elapsed time: 0.116 seconds; current allocated memory: 466.605 MB.
INFO: [BIND 205-100] Starting micro-architecture generation ...
INFO: [BIND 205-101] Performing variable lifetime analysis.
INFO: [BIND 205-101] Exploring resource sharing.
INFO: [BIND 205-101] Binding ...
INFO: [BIND 205-100] Finished micro-architecture generation.
INFO: [HLS 200-111] Finished Binding: CPU user time: 0 seconds. CPU system time: 0 seconds. Elapsed time: 1.344 seconds; current allocated memory: 466.645 MB.
INFO: [HLS 200-10] ----------------------------------------------------------------
INFO: [HLS 200-42] -- Implementing module 'conv2d_layer5_Pipeline_VITIS_LOOP_133_1_VITIS_LOOP_134_2_VITIS_LOOP_135_3' 
INFO: [HLS 200-10] ----------------------------------------------------------------
INFO: [SCHED 204-11] Starting scheduling ...
INFO: [SCHED 204-61] Pipelining loop 'VITIS_LOOP_133_1_VITIS_LOOP_134_2_VITIS_LOOP_135_3'.
INFO: [HLS 200-1470] Pipelining result : Target II = NA, Final II = 1, Depth = 3, loop 'VITIS_LOOP_133_1_VITIS_LOOP_134_2_VITIS_LOOP_135_3'
INFO: [SCHED 204-11] Finished scheduling.
INFO: [HLS 200-111] Finished Scheduling: CPU user time: 0 seconds. CPU system time: 0 seconds. Elapsed time: 0.168 seconds; current allocated memory: 467.691 MB.
INFO: [BIND 205-100] Starting micro-architecture generation ...
INFO: [BIND 205-101] Performing variable lifetime analysis.
INFO: [BIND 205-101] Exploring resource sharing.
INFO: [BIND 205-101] Binding ...
INFO: [BIND 205-100] Finished micro-architecture generation.
INFO: [HLS 200-111] Finished Binding: CPU user time: 0 seconds. CPU system time: 0 seconds. Elapsed time: 0.09 seconds; current allocated memory: 467.730 MB.
INFO: [HLS 200-10] ----------------------------------------------------------------
INFO: [HLS 200-42] -- Implementing module 'conv2d_layer_100u_2u_9u_128u_5u_true_5_Pipeline_VITIS_LOOP_141_4' 
INFO: [HLS 200-10] ----------------------------------------------------------------
INFO: [SCHED 204-11] Starting scheduling ...
INFO: [SCHED 204-61] Pipelining loop 'VITIS_LOOP_141_4'.
INFO: [HLS 200-1470] Pipelining result : Target II = NA, Final II = 1, Depth = 2, loop 'VITIS_LOOP_141_4'
INFO: [SCHED 204-11] Finished scheduling.
INFO: [HLS 200-111] Finished Scheduling: CPU user time: 0 seconds. CPU system time: 0 seconds. Elapsed time: 0.11 seconds; current allocated memory: 468.090 MB.
INFO: [BIND 205-100] Starting micro-architecture generation ...
INFO: [BIND 205-101] Performing variable lifetime analysis.
INFO: [BIND 205-101] Exploring resource sharing.
INFO: [BIND 205-101] Binding ...
INFO: [BIND 205-100] Finished micro-architecture generation.
INFO: [HLS 200-111] Finished Binding: CPU user time: 0 seconds. CPU system time: 0 seconds. Elapsed time: 0.072 seconds; current allocated memory: 468.242 MB.
INFO: [HLS 200-10] ----------------------------------------------------------------
INFO: [HLS 200-42] -- Implementing module 'conv2d_layer_100u_2u_9u_128u_5u_true_5' 
INFO: [HLS 200-10] ----------------------------------------------------------------
INFO: [SCHED 204-11] Starting scheduling ...
INFO: [SCHED 204-11] Finished scheduling.
INFO: [HLS 200-111] Finished Scheduling: CPU user time: 0 seconds. CPU system time: 0 seconds. Elapsed time: 0.068 seconds; current allocated memory: 468.469 MB.
INFO: [BIND 205-100] Starting micro-architecture generation ...
INFO: [BIND 205-101] Performing variable lifetime analysis.
INFO: [BIND 205-101] Exploring resource sharing.
INFO: [BIND 205-101] Binding ...
INFO: [BIND 205-100] Finished micro-architecture generation.
INFO: [HLS 200-111] Finished Binding: CPU user time: 0 seconds. CPU system time: 0 seconds. Elapsed time: 0.09 seconds; current allocated memory: 468.598 MB.
INFO: [HLS 200-10] ----------------------------------------------------------------
INFO: [HLS 200-42] -- Implementing module 'reshape_concate_layer_100u_2u_9u_3u_4u_5u_s' 
INFO: [HLS 200-10] ----------------------------------------------------------------
INFO: [SCHED 204-11] Starting scheduling ...
INFO: [SCHED 204-61] Pipelining loop 'VITIS_LOOP_171_1_VITIS_LOOP_172_2'.
WARNING: [HLS 200-885] The II Violation in module 'reshape_concate_layer_100u_2u_9u_3u_4u_5u_s' (loop 'VITIS_LOOP_171_1_VITIS_LOOP_172_2'): Unable to schedule 'store' operation 0 bit ('dout_6_addr_1_write_ln178', Components.cpp:178) of variable 'd2_0_load', Components.cpp:178 on array 'dout_6' due to limited memory ports (II = 1). Please consider using a memory core with more ports or partitioning the array 'dout_6'.
Resolution: For help on HLS 200-885 see docs.xilinx.com/access/sources/dita/topic?Doc_Version=2024.2%20English&url=ug1448-hls-guidance&resourceid=200-885.html
INFO: [HLS 200-1470] Pipelining result : Target II = NA, Final II = 2, Depth = 4, loop 'VITIS_LOOP_171_1_VITIS_LOOP_172_2'
INFO: [SCHED 204-11] Finished scheduling.
INFO: [HLS 200-111] Finished Scheduling: CPU user time: 0 seconds. CPU system time: 0 seconds. Elapsed time: 1.404 seconds; current allocated memory: 469.891 MB.
INFO: [BIND 205-100] Starting micro-architecture generation ...
INFO: [BIND 205-101] Performing variable lifetime analysis.
INFO: [BIND 205-101] Exploring resource sharing.
INFO: [BIND 205-101] Binding ...
INFO: [BIND 205-100] Finished micro-architecture generation.
INFO: [HLS 200-111] Finished Binding: CPU user time: 0 seconds. CPU system time: 0 seconds. Elapsed time: 0.092 seconds; current allocated memory: 470.133 MB.
INFO: [HLS 200-10] ----------------------------------------------------------------
INFO: [HLS 200-42] -- Implementing module 'fully_connect_layer2_100u_36u_2u_int_int_int_s' 
INFO: [HLS 200-10] ----------------------------------------------------------------
INFO: [SCHED 204-11] Starting scheduling ...
INFO: [SCHED 204-61] Pipelining loop 'VITIS_LOOP_123_1_VITIS_LOOP_96_1'.
WARNING: [HLS 200-885] The II Violation in module 'fully_connect_layer2_100u_36u_2u_int_int_int_s' (loop 'VITIS_LOOP_123_1_VITIS_LOOP_96_1'): Unable to schedule 'load' operation 31 bit ('x_0_load_1', Components.cpp:99->Components.cpp:124) on array 'x_0' due to limited memory ports (II = 1). Please consider using a memory core with more ports or partitioning the array 'x_0'.
Resolution: For help on HLS 200-885 see docs.xilinx.com/access/sources/dita/topic?Doc_Version=2024.2%20English&url=ug1448-hls-guidance&resourceid=200-885.html
WARNING: [HLS 200-885] The II Violation in module 'fully_connect_layer2_100u_36u_2u_int_int_int_s' (loop 'VITIS_LOOP_123_1_VITIS_LOOP_96_1'): Unable to schedule 'load' operation 31 bit ('x_0_load_3', Components.cpp:99->Components.cpp:124) on array 'x_0' due to limited memory ports (II = 2). Please consider using a memory core with more ports or partitioning the array 'x_0'.
Resolution: For help on HLS 200-885 see docs.xilinx.com/access/sources/dita/topic?Doc_Version=2024.2%20English&url=ug1448-hls-guidance&resourceid=200-885.html
INFO: [HLS 200-1470] Pipelining result : Target II = NA, Final II = 3, Depth = 5, loop 'VITIS_LOOP_123_1_VITIS_LOOP_96_1'
INFO: [SCHED 204-11] Finished scheduling.
INFO: [HLS 200-111] Finished Scheduling: CPU user time: 1 seconds. CPU system time: 0 seconds. Elapsed time: 0.308 seconds; current allocated memory: 473.703 MB.
INFO: [BIND 205-100] Starting micro-architecture generation ...
INFO: [BIND 205-101] Performing variable lifetime analysis.
INFO: [BIND 205-101] Exploring resource sharing.
INFO: [BIND 205-101] Binding ...
INFO: [BIND 205-100] Finished micro-architecture generation.
INFO: [HLS 200-111] Finished Binding: CPU user time: 0 seconds. CPU system time: 0 seconds. Elapsed time: 0.129 seconds; current allocated memory: 473.828 MB.
INFO: [HLS 200-10] ----------------------------------------------------------------
INFO: [HLS 200-42] -- Implementing module 'l_softmax_layer_100u_2u_2' 
INFO: [HLS 200-10] ----------------------------------------------------------------
INFO: [SCHED 204-11] Starting scheduling ...
INFO: [SCHED 204-61] Pipelining loop 'VITIS_LOOP_195_1'.
INFO: [HLS 200-1470] Pipelining result : Target II = NA, Final II = 1, Depth = 35, loop 'VITIS_LOOP_195_1'
INFO: [SCHED 204-11] Finished scheduling.
INFO: [HLS 200-111] Finished Scheduling: CPU user time: 0 seconds. CPU system time: 0 seconds. Elapsed time: 0.182 seconds; current allocated memory: 474.426 MB.
INFO: [BIND 205-100] Starting micro-architecture generation ...
INFO: [BIND 205-101] Performing variable lifetime analysis.
INFO: [BIND 205-101] Exploring resource sharing.
INFO: [BIND 205-101] Binding ...
INFO: [BIND 205-100] Finished micro-architecture generation.
INFO: [HLS 200-111] Finished Binding: CPU user time: 0 seconds. CPU system time: 0 seconds. Elapsed time: 0.073 seconds; current allocated memory: 474.781 MB.
INFO: [HLS 200-10] ----------------------------------------------------------------
INFO: [HLS 200-42] -- Implementing module 'CNN_100u_9u_2u_2u_2u_128u_s' 
INFO: [HLS 200-10] ----------------------------------------------------------------
INFO: [SCHED 204-11] Starting scheduling ...
INFO: [SCHED 204-11] Finished scheduling.
INFO: [HLS 200-111] Finished Scheduling: CPU user time: 0 seconds. CPU system time: 0 seconds. Elapsed time: 1.144 seconds; current allocated memory: 474.961 MB.
INFO: [BIND 205-100] Starting micro-architecture generation ...
INFO: [BIND 205-101] Performing variable lifetime analysis.
INFO: [BIND 205-101] Exploring resource sharing.
INFO: [BIND 205-101] Binding ...
INFO: [BIND 205-100] Finished micro-architecture generation.
INFO: [HLS 200-111] Finished Binding: CPU user time: 0 seconds. CPU system time: 0 seconds. Elapsed time: 0.071 seconds; current allocated memory: 475.262 MB.
INFO: [HLS 200-10] ----------------------------------------------------------------
INFO: [HLS 200-42] -- Implementing module 'CNN_top' 
INFO: [HLS 200-10] ----------------------------------------------------------------
INFO: [SCHED 204-11] Starting scheduling ...
INFO: [SCHED 204-11] Finished scheduling.
INFO: [HLS 200-111] Finished Scheduling: CPU user time: 0 seconds. CPU system time: 0 seconds. Elapsed time: 0.076 seconds; current allocated memory: 475.262 MB.
INFO: [BIND 205-100] Starting micro-architecture generation ...
INFO: [BIND 205-101] Performing variable lifetime analysis.
INFO: [BIND 205-101] Exploring resource sharing.
INFO: [BIND 205-101] Binding ...
INFO: [BIND 205-100] Finished micro-architecture generation.
INFO: [HLS 200-111] Finished Binding: CPU user time: 0 seconds. CPU system time: 0 seconds. Elapsed time: 0.079 seconds; current allocated memory: 475.344 MB.
INFO: [HLS 200-10] ----------------------------------------------------------------
INFO: [HLS 200-10] -- Generating RTL for module 'conv2d_layer_100u_2u_9u_128u_3u_true_7_Pipeline_1' 
INFO: [HLS 200-10] ----------------------------------------------------------------
INFO: [RTGEN 206-100] Finished creating RTL model for 'conv2d_layer_100u_2u_9u_128u_3u_true_7_Pipeline_1'.
INFO: [HLS 200-111] Finished Creating RTL model: CPU user time: 0 seconds. CPU system time: 0 seconds. Elapsed time: 0.089 seconds; current allocated memory: 476.703 MB.
INFO: [HLS 200-10] ----------------------------------------------------------------
INFO: [HLS 200-10] -- Generating RTL for module 'conv2d_layer7_Pipeline_VITIS_LOOP_133_1_VITIS_LOOP_134_2_VITIS_LOOP_135_3' 
INFO: [HLS 200-10] ----------------------------------------------------------------
INFO: [SYN 201-210] Renamed object name 'conv2d_layer7_Pipeline_VITIS_LOOP_133_1_VITIS_LOOP_134_2_VITIS_LOOP_135_3_fc_dout_ROM_AUTO_1R' to 'conv2d_layer7_Pipeline_VITIS_LOOP_133_1_VITIS_LOOP_134_2_VITIS_LOOP_135_3_fc_bkb' due to the length limit 80
INFO: [HLS 200-1030] Apply Unified Pipeline Control on module 'conv2d_layer7_Pipeline_VITIS_LOOP_133_1_VITIS_LOOP_134_2_VITIS_LOOP_135_3' pipeline 'VITIS_LOOP_133_1_VITIS_LOOP_134_2_VITIS_LOOP_135_3' pipeline type 'loop pipeline'
INFO: [RTGEN 206-100] Generating core module 'sparsemux_7_2_32_1_1': 1 instance(s).
INFO: [RTGEN 206-100] Finished creating RTL model for 'conv2d_layer7_Pipeline_VITIS_LOOP_133_1_VITIS_LOOP_134_2_VITIS_LOOP_135_3'.
INFO: [RTMG 210-279] Implementing memory 'CNN_top_conv2d_layer7_Pipeline_VITIS_LOOP_133_1_VITIS_LOOP_134_2_VITIS_LOOP_135_3_fc_bkb' using auto ROMs.
INFO: [HLS 200-111] Finished Creating RTL model: CPU user time: 0 seconds. CPU system time: 0 seconds. Elapsed time: 0.216 seconds; current allocated memory: 492.613 MB.
INFO: [HLS 200-10] ----------------------------------------------------------------
INFO: [HLS 200-10] -- Generating RTL for module 'conv2d_layer_100u_2u_9u_128u_3u_true_7_Pipeline_VITIS_LOOP_141_4' 
INFO: [HLS 200-10] ----------------------------------------------------------------
INFO: [HLS 200-1030] Apply Unified Pipeline Control on module 'conv2d_layer_100u_2u_9u_128u_3u_true_7_Pipeline_VITIS_LOOP_141_4' pipeline 'VITIS_LOOP_141_4' pipeline type 'loop pipeline'
INFO: [RTGEN 206-100] Finished creating RTL model for 'conv2d_layer_100u_2u_9u_128u_3u_true_7_Pipeline_VITIS_LOOP_141_4'.
INFO: [HLS 200-111] Finished Creating RTL model: CPU user time: 0 seconds. CPU system time: 0 seconds. Elapsed time: 1.358 seconds; current allocated memory: 492.613 MB.
INFO: [HLS 200-10] ----------------------------------------------------------------
INFO: [HLS 200-10] -- Generating RTL for module 'conv2d_layer_100u_2u_9u_128u_3u_true_7' 
INFO: [HLS 200-10] ----------------------------------------------------------------
INFO: [RTGEN 206-100] Finished creating RTL model for 'conv2d_layer_100u_2u_9u_128u_3u_true_7'.
INFO: [RTMG 210-278] Implementing memory 'CNN_top_conv2d_layer_100u_2u_9u_128u_3u_true_7_sum_RAM_AUTO_1R1W' using auto RAMs.
INFO: [HLS 200-111] Finished Creating RTL model: CPU user time: 0 seconds. CPU system time: 0 seconds. Elapsed time: 0.167 seconds; current allocated memory: 492.613 MB.
INFO: [HLS 200-10] ----------------------------------------------------------------
INFO: [HLS 200-10] -- Generating RTL for module 'conv2d_layer_100u_2u_9u_128u_4u_true_6_Pipeline_1' 
INFO: [HLS 200-10] ----------------------------------------------------------------
INFO: [RTGEN 206-100] Finished creating RTL model for 'conv2d_layer_100u_2u_9u_128u_4u_true_6_Pipeline_1'.
INFO: [HLS 200-111] Finished Creating RTL model: CPU user time: 0 seconds. CPU system time: 0 seconds. Elapsed time: 0.151 seconds; current allocated memory: 492.613 MB.
INFO: [HLS 200-10] ----------------------------------------------------------------
INFO: [HLS 200-10] -- Generating RTL for module 'conv2d_layer6_Pipeline_VITIS_LOOP_133_1_VITIS_LOOP_134_2_VITIS_LOOP_135_3' 
INFO: [HLS 200-10] ----------------------------------------------------------------
INFO: [SYN 201-210] Renamed object name 'conv2d_layer6_Pipeline_VITIS_LOOP_133_1_VITIS_LOOP_134_2_VITIS_LOOP_135_3_fc_dout1_ROM_AUTO_1R' to 'conv2d_layer6_Pipeline_VITIS_LOOP_133_1_VITIS_LOOP_134_2_VITIS_LOOP_135_3_fc_cud' due to the length limit 80
INFO: [HLS 200-1030] Apply Unified Pipeline Control on module 'conv2d_layer6_Pipeline_VITIS_LOOP_133_1_VITIS_LOOP_134_2_VITIS_LOOP_135_3' pipeline 'VITIS_LOOP_133_1_VITIS_LOOP_134_2_VITIS_LOOP_135_3' pipeline type 'loop pipeline'
INFO: [RTGEN 206-100] Generating core module 'sparsemux_9_2_32_1_1': 1 instance(s).
INFO: [RTGEN 206-100] Finished creating RTL model for 'conv2d_layer6_Pipeline_VITIS_LOOP_133_1_VITIS_LOOP_134_2_VITIS_LOOP_135_3'.
INFO: [HLS 200-111] Finished Creating RTL model: CPU user time: 0 seconds. CPU system time: 0 seconds. Elapsed time: 0.164 seconds; current allocated memory: 492.613 MB.
INFO: [HLS 200-10] ----------------------------------------------------------------
INFO: [HLS 200-10] -- Generating RTL for module 'conv2d_layer_100u_2u_9u_128u_4u_true_6_Pipeline_VITIS_LOOP_141_4' 
INFO: [HLS 200-10] ----------------------------------------------------------------
INFO: [HLS 200-1030] Apply Unified Pipeline Control on module 'conv2d_layer_100u_2u_9u_128u_4u_true_6_Pipeline_VITIS_LOOP_141_4' pipeline 'VITIS_LOOP_141_4' pipeline type 'loop pipeline'
INFO: [RTGEN 206-100] Finished creating RTL model for 'conv2d_layer_100u_2u_9u_128u_4u_true_6_Pipeline_VITIS_LOOP_141_4'.
INFO: [HLS 200-111] Finished Creating RTL model: CPU user time: 0 seconds. CPU system time: 0 seconds. Elapsed time: 0.214 seconds; current allocated memory: 492.613 MB.
INFO: [HLS 200-10] ----------------------------------------------------------------
INFO: [HLS 200-10] -- Generating RTL for module 'conv2d_layer_100u_2u_9u_128u_4u_true_6' 
INFO: [HLS 200-10] ----------------------------------------------------------------
INFO: [RTGEN 206-100] Finished creating RTL model for 'conv2d_layer_100u_2u_9u_128u_4u_true_6'.
INFO: [RTMG 210-278] Implementing memory 'CNN_top_conv2d_layer_100u_2u_9u_128u_4u_true_6_sum_RAM_AUTO_1R1W' using auto RAMs.
INFO: [HLS 200-111] Finished Creating RTL model: CPU user time: 0 seconds. CPU system time: 0 seconds. Elapsed time: 0.175 seconds; current allocated memory: 492.613 MB.
INFO: [HLS 200-10] ----------------------------------------------------------------
INFO: [HLS 200-10] -- Generating RTL for module 'conv2d_layer_100u_2u_9u_128u_5u_true_5_Pipeline_1' 
INFO: [HLS 200-10] ----------------------------------------------------------------
INFO: [RTGEN 206-100] Finished creating RTL model for 'conv2d_layer_100u_2u_9u_128u_5u_true_5_Pipeline_1'.
INFO: [HLS 200-111] Finished Creating RTL model: CPU user time: 0 seconds. CPU system time: 0 seconds. Elapsed time: 1.084 seconds; current allocated memory: 492.613 MB.
INFO: [HLS 200-10] ----------------------------------------------------------------
INFO: [HLS 200-10] -- Generating RTL for module 'conv2d_layer5_Pipeline_VITIS_LOOP_133_1_VITIS_LOOP_134_2_VITIS_LOOP_135_3' 
INFO: [HLS 200-10] ----------------------------------------------------------------
INFO: [SYN 201-210] Renamed object name 'conv2d_layer5_Pipeline_VITIS_LOOP_133_1_VITIS_LOOP_134_2_VITIS_LOOP_135_3_fc_dout2_ROM_AUTO_1R' to 'conv2d_layer5_Pipeline_VITIS_LOOP_133_1_VITIS_LOOP_134_2_VITIS_LOOP_135_3_fc_dEe' due to the length limit 80
INFO: [HLS 200-1030] Apply Unified Pipeline Control on module 'conv2d_layer5_Pipeline_VITIS_LOOP_133_1_VITIS_LOOP_134_2_VITIS_LOOP_135_3' pipeline 'VITIS_LOOP_133_1_VITIS_LOOP_134_2_VITIS_LOOP_135_3' pipeline type 'loop pipeline'
INFO: [RTGEN 206-100] Generating core module 'sparsemux_11_3_32_1_1': 1 instance(s).
INFO: [RTGEN 206-100] Finished creating RTL model for 'conv2d_layer5_Pipeline_VITIS_LOOP_133_1_VITIS_LOOP_134_2_VITIS_LOOP_135_3'.
INFO: [HLS 200-111] Finished Creating RTL model: CPU user time: 0 seconds. CPU system time: 0 seconds. Elapsed time: 0.154 seconds; current allocated memory: 498.457 MB.
INFO: [HLS 200-10] ----------------------------------------------------------------
INFO: [HLS 200-10] -- Generating RTL for module 'conv2d_layer_100u_2u_9u_128u_5u_true_5_Pipeline_VITIS_LOOP_141_4' 
INFO: [HLS 200-10] ----------------------------------------------------------------
INFO: [HLS 200-1030] Apply Unified Pipeline Control on module 'conv2d_layer_100u_2u_9u_128u_5u_true_5_Pipeline_VITIS_LOOP_141_4' pipeline 'VITIS_LOOP_141_4' pipeline type 'loop pipeline'
INFO: [RTGEN 206-100] Finished creating RTL model for 'conv2d_layer_100u_2u_9u_128u_5u_true_5_Pipeline_VITIS_LOOP_141_4'.
INFO: [HLS 200-111] Finished Creating RTL model: CPU user time: 0 seconds. CPU system time: 0 seconds. Elapsed time: 0.227 seconds; current allocated memory: 498.457 MB.
INFO: [HLS 200-10] ----------------------------------------------------------------
INFO: [HLS 200-10] -- Generating RTL for module 'conv2d_layer_100u_2u_9u_128u_5u_true_5' 
INFO: [HLS 200-10] ----------------------------------------------------------------
INFO: [RTGEN 206-100] Finished creating RTL model for 'conv2d_layer_100u_2u_9u_128u_5u_true_5'.
INFO: [RTMG 210-278] Implementing memory 'CNN_top_conv2d_layer_100u_2u_9u_128u_5u_true_5_sum_RAM_AUTO_1R1W' using auto RAMs.
INFO: [HLS 200-111] Finished Creating RTL model: CPU user time: 0 seconds. CPU system time: 1 seconds. Elapsed time: 0.162 seconds; current allocated memory: 498.457 MB.
INFO: [HLS 200-10] ----------------------------------------------------------------
INFO: [HLS 200-10] -- Generating RTL for module 'reshape_concate_layer_100u_2u_9u_3u_4u_5u_s' 
INFO: [HLS 200-10] ----------------------------------------------------------------
INFO: [HLS 200-1030] Apply Unified Pipeline Control on module 'reshape_concate_layer_100u_2u_9u_3u_4u_5u_s' pipeline 'VITIS_LOOP_171_1_VITIS_LOOP_172_2' pipeline type 'loop pipeline'
INFO: [RTGEN 206-100] Finished creating RTL model for 'reshape_concate_layer_100u_2u_9u_3u_4u_5u_s'.
INFO: [HLS 200-111] Finished Creating RTL model: CPU user time: 0 seconds. CPU system time: 0 seconds. Elapsed time: 0.188 seconds; current allocated memory: 498.457 MB.
INFO: [HLS 200-10] ----------------------------------------------------------------
INFO: [HLS 200-10] -- Generating RTL for module 'fully_connect_layer2_100u_36u_2u_int_int_int_s' 
INFO: [HLS 200-10] ----------------------------------------------------------------
INFO: [HLS 200-1030] Apply Unified Pipeline Control on module 'fully_connect_layer2_100u_36u_2u_int_int_int_s' pipeline 'VITIS_LOOP_123_1_VITIS_LOOP_96_1' pipeline type 'loop pipeline'
INFO: [RTGEN 206-100] Generating core module 'mul_31ns_3ns_32_1_1': 36 instance(s).
INFO: [RTGEN 206-100] Finished creating RTL model for 'fully_connect_layer2_100u_36u_2u_int_int_int_s'.
INFO: [HLS 200-2168] Implementing memory 'CNN_top_fully_connect_layer2_100u_36u_2u_int_int_int_s_fc2_coef_ROM_AUTO_1R' using auto ROMs with 13 copies to ensure enough ports to satisfy II or latency constraints.
INFO: [HLS 200-111] Finished Creating RTL model: CPU user time: 0 seconds. CPU system time: 0 seconds. Elapsed time: 1.315 seconds; current allocated memory: 504.234 MB.
INFO: [HLS 200-10] ----------------------------------------------------------------
INFO: [HLS 200-10] -- Generating RTL for module 'l_softmax_layer_100u_2u_2' 
INFO: [HLS 200-10] ----------------------------------------------------------------
INFO: [HLS 200-1030] Apply Unified Pipeline Control on module 'l_softmax_layer_100u_2u_2' pipeline 'VITIS_LOOP_195_1' pipeline type 'loop pipeline'
INFO: [RTGEN 206-104] Estimated max fanout for 'l_softmax_layer_100u_2u_2' is 5991 from HDL expression: (1'b0 == ap_block_pp0_stage0_11001)
INFO: [RTGEN 206-100] Generating core module 'fadd_32ns_32ns_32_4_full_dsp_1': 2 instance(s).
INFO: [RTGEN 206-100] Generating core module 'fexp_32ns_32ns_32_8_full_dsp_1': 2 instance(s).
INFO: [RTGEN 206-100] Generating core module 'flog_32ns_32ns_32_9_full_dsp_1': 1 instance(s).
INFO: [RTGEN 206-100] Generating core module 'fsub_32ns_32ns_32_4_full_dsp_1': 2 instance(s).
INFO: [RTGEN 206-100] Generating core module 'sitofp_32ns_32_4_no_dsp_1': 2 instance(s).
INFO: [RTGEN 206-100] Finished creating RTL model for 'l_softmax_layer_100u_2u_2'.
INFO: [HLS 200-111] Finished Creating RTL model: CPU user time: 0 seconds. CPU system time: 0 seconds. Elapsed time: 0.739 seconds; current allocated memory: 511.109 MB.
INFO: [HLS 200-10] ----------------------------------------------------------------
INFO: [HLS 200-10] -- Generating RTL for module 'CNN_100u_9u_2u_2u_2u_128u_s' 
INFO: [HLS 200-10] ----------------------------------------------------------------
INFO: [RTGEN 206-100] Finished creating RTL model for 'CNN_100u_9u_2u_2u_2u_128u_s'.
INFO: [HLS 200-741] Implementing PIPO CNN_top_CNN_100u_9u_2u_2u_2u_128u_s_conv3_RAM_AUTO_1R1W using a single memory for all blocks
INFO: [RTMG 210-278] Implementing memory 'CNN_top_CNN_100u_9u_2u_2u_2u_128u_s_conv3_RAM_AUTO_1R1W_memcore' using auto RAMs.
INFO: [HLS 200-740] Implementing PIPO CNN_top_CNN_100u_9u_2u_2u_2u_128u_s_feature_in2_RAM_AUTO_1R1W using a separate memory for each block
INFO: [RTMG 210-278] Implementing memory 'CNN_top_CNN_100u_9u_2u_2u_2u_128u_s_feature_in2_RAM_AUTO_1R1W_memcore' using auto RAMs.
INFO: [HLS 200-740] Implementing PIPO CNN_top_CNN_100u_9u_2u_2u_2u_128u_s_fc2_dout_RAM_AUTO_1R1W using a separate memory for each block
INFO: [RTMG 210-278] Implementing memory 'CNN_top_CNN_100u_9u_2u_2u_2u_128u_s_fc2_dout_RAM_AUTO_1R1W_memcore' using auto RAMs.
INFO: [HLS 200-111] Finished Creating RTL model: CPU user time: 0 seconds. CPU system time: 0 seconds. Elapsed time: 0.291 seconds; current allocated memory: 516.020 MB.
INFO: [HLS 200-10] ----------------------------------------------------------------
INFO: [HLS 200-10] -- Generating RTL for module 'CNN_top' 
INFO: [HLS 200-10] ----------------------------------------------------------------
INFO: [RTGEN 206-500] Setting interface mode on port 'CNN_top/din' to 'ap_memory'.
INFO: [RTGEN 206-500] Setting interface mode on port 'CNN_top/kernel3' to 'ap_memory'.
INFO: [RTGEN 206-500] Setting interface mode on port 'CNN_top/kernel4' to 'ap_memory'.
INFO: [RTGEN 206-500] Setting interface mode on port 'CNN_top/kernel5' to 'ap_memory'.
INFO: [RTGEN 206-500] Setting interface mode on port 'CNN_top/dout' to 'ap_memory'.
INFO: [RTGEN 206-500] Setting interface mode on function 'CNN_top' to 'ap_ctrl_hs'.
WARNING: [RTGEN 206-101] Port 'CNN_top/din_address0' has no fanin or fanout and is left dangling.
               Please use C simulation to confirm this function argument can be read from or written to.
WARNING: [RTGEN 206-101] Setting dangling out port 'CNN_top/din_address0' to 0.
WARNING: [RTGEN 206-101] Port 'CNN_top/din_ce0' has no fanin or fanout and is left dangling.
               Please use C simulation to confirm this function argument can be read from or written to.
WARNING: [RTGEN 206-101] Setting dangling out port 'CNN_top/din_ce0' to 0.
WARNING: [RTGEN 206-101] Port 'CNN_top/din_we0' has no fanin or fanout and is left dangling.
               Please use C simulation to confirm this function argument can be read from or written to.
WARNING: [RTGEN 206-101] Setting dangling out port 'CNN_top/din_we0' to 0.
WARNING: [RTGEN 206-101] Port 'CNN_top/din_d0' has no fanin or fanout and is left dangling.
               Please use C simulation to confirm this function argument can be read from or written to.
WARNING: [RTGEN 206-101] Setting dangling out port 'CNN_top/din_d0' to 0.
WARNING: [RTGEN 206-101] Port 'CNN_top/din_q0' has no fanin or fanout and is left dangling.
               Please use C simulation to confirm this function argument can be read from or written to.
WARNING: [RTGEN 206-101] Port 'CNN_top/din_address1' has no fanin or fanout and is left dangling.
               Please use C simulation to confirm this function argument can be read from or written to.
WARNING: [RTGEN 206-101] Setting dangling out port 'CNN_top/din_address1' to 0.
WARNING: [RTGEN 206-101] Port 'CNN_top/din_ce1' has no fanin or fanout and is left dangling.
               Please use C simulation to confirm this function argument can be read from or written to.
WARNING: [RTGEN 206-101] Setting dangling out port 'CNN_top/din_ce1' to 0.
WARNING: [RTGEN 206-101] Port 'CNN_top/din_we1' has no fanin or fanout and is left dangling.
               Please use C simulation to confirm this function argument can be read from or written to.
WARNING: [RTGEN 206-101] Setting dangling out port 'CNN_top/din_we1' to 0.
WARNING: [RTGEN 206-101] Port 'CNN_top/din_d1' has no fanin or fanout and is left dangling.
               Please use C simulation to confirm this function argument can be read from or written to.
WARNING: [RTGEN 206-101] Setting dangling out port 'CNN_top/din_d1' to 0.
WARNING: [RTGEN 206-101] Port 'CNN_top/din_q1' has no fanin or fanout and is left dangling.
               Please use C simulation to confirm this function argument can be read from or written to.
INFO: [RTGEN 206-100] Finished creating RTL model for 'CNN_top'.
INFO: [HLS 200-111] Finished Creating RTL model: CPU user time: 1 seconds. CPU system time: 0 seconds. Elapsed time: 1.085 seconds; current allocated memory: 517.266 MB.
INFO: [HLS 200-111] Finished Generating all RTL models: CPU user time: 0 seconds. CPU system time: 1 seconds. Elapsed time: 0.732 seconds; current allocated memory: 521.207 MB.
INFO: [HLS 200-111] Finished Updating report files: CPU user time: 0 seconds. CPU system time: 0 seconds. Elapsed time: 1.412 seconds; current allocated memory: 530.250 MB.
INFO: [VHDL 208-304] Generating VHDL RTL for CNN_top.
INFO: [VLOG 209-307] Generating Verilog RTL for CNN_top.
INFO: [HLS 200-789] **** Estimated Fmax: 146.97 MHz
INFO: [HLS 200-112] Total CPU user time: 7 seconds. Total CPU system time: 4 seconds. Total elapsed time: 66.468 seconds; peak allocated memory: 530.879 MB.
INFO: [v++ 60-791] Total elapsed time: 0h 1m 10s
