  **** HLS Build v2024.2 5238294
INFO: [HLS 200-2005] Using work_dir D:/sidejob/ethernet_NN/NN/hls_component/hls_component 
INFO: [HLS 200-1505] Using default flow_target 'vivado'
Resolution: For help on HLS 200-1505 see docs.xilinx.com/access/sources/dita/topic?Doc_Version=2024.2%20English&url=ug1448-hls-guidance&resourceid=200-1505.html
INFO: [HLS 200-1465] Applying ini 'syn.file=Components.h' from D:/sidejob/ethernet_NN/NN/hls_component/hls_config.cfg(7)
INFO: [HLS 200-10] Adding design file 'D:/sidejob/ethernet_NN/NN/hls_component/Components.h' to the project
INFO: [HLS 200-1465] Applying ini 'syn.file=Components.cpp' from D:/sidejob/ethernet_NN/NN/hls_component/hls_config.cfg(8)
INFO: [HLS 200-10] Adding design file 'D:/sidejob/ethernet_NN/NN/hls_component/Components.cpp' to the project
INFO: [HLS 200-1465] Applying ini 'syn.file=Coeff.h' from D:/sidejob/ethernet_NN/NN/hls_component/hls_config.cfg(9)
INFO: [HLS 200-10] Adding design file 'D:/sidejob/ethernet_NN/NN/hls_component/Coeff.h' to the project
INFO: [HLS 200-1465] Applying ini 'syn.top=CNN_top' from D:/sidejob/ethernet_NN/NN/hls_component/hls_config.cfg(10)
INFO: [HLS 200-1465] Applying ini 'flow_target=vivado' from D:/sidejob/ethernet_NN/NN/hls_component/hls_config.cfg(4)
INFO: [HLS 200-1505] Using flow_target 'vivado'
Resolution: For help on HLS 200-1505 see docs.xilinx.com/access/sources/dita/topic?Doc_Version=2024.2%20English&url=ug1448-hls-guidance&resourceid=200-1505.html
INFO: [HLS 200-1465] Applying ini 'part=xczu19eg-ffvc1760-2-i' from D:/sidejob/ethernet_NN/NN/hls_component/hls_config.cfg(1)
INFO: [HLS 200-1611] Setting target device to 'xczu19eg-ffvc1760-2-i'
INFO: [HLS 200-1465] Applying ini 'package.output.format=ip_catalog' from D:/sidejob/ethernet_NN/NN/hls_component/hls_config.cfg(5)
INFO: [HLS 200-111] Finished File checks and directory preparation: CPU user time: 2 seconds. CPU system time: 1 seconds. Elapsed time: 2.488 seconds; current allocated memory: 269.340 MB.
INFO: [HLS 200-10] Analyzing design file 'Components.cpp' ... 
WARNING: [HLS 214-113] Either use an argument of the function or declare the variable inside the dataflow loop body (Components.cpp:243:92)
Resolution: For help on HLS 214-113 see docs.xilinx.com/access/sources/dita/topic?Doc_Version=2024.2%20English&url=ug1448-hls-guidance&resourceid=214-113.html
WARNING: [HLS 214-113] Either use an argument of the function or declare the variable inside the dataflow loop body (Components.cpp:251:103)
Resolution: For help on HLS 214-113 see docs.xilinx.com/access/sources/dita/topic?Doc_Version=2024.2%20English&url=ug1448-hls-guidance&resourceid=214-113.html
WARNING: [HLS 200-471] Dataflow form checks found 2 issue(s) in file Components.cpp
Resolution: For help on HLS 200-471 see docs.xilinx.com/access/sources/dita/topic?Doc_Version=2024.2%20English&url=ug1448-hls-guidance&resourceid=200-471.html
INFO: [HLS 200-111] Finished Source Code Analysis and Preprocessing: CPU user time: 0 seconds. CPU system time: 0 seconds. Elapsed time: 15.029 seconds; current allocated memory: 276.383 MB.
INFO: [HLS 200-777] Using interface defaults for 'Vivado' flow target.
INFO: [HLS 200-1995] There were 3,136 instructions in the design after the 'Compile/Link' phase of compilation. See the Design Size Report for more details: D:/sidejob/ethernet_NN/NN/hls_component/hls_component/hls/syn/report/csynth_design_size.rpt
INFO: [HLS 200-1995] There were 926 instructions in the design after the 'Unroll/Inline (step 1)' phase of compilation. See the Design Size Report for more details: D:/sidejob/ethernet_NN/NN/hls_component/hls_component/hls/syn/report/csynth_design_size.rpt
INFO: [HLS 200-1995] There were 585 instructions in the design after the 'Unroll/Inline (step 2)' phase of compilation. See the Design Size Report for more details: D:/sidejob/ethernet_NN/NN/hls_component/hls_component/hls/syn/report/csynth_design_size.rpt
INFO: [HLS 200-1995] There were 532 instructions in the design after the 'Unroll/Inline (step 3)' phase of compilation. See the Design Size Report for more details: D:/sidejob/ethernet_NN/NN/hls_component/hls_component/hls/syn/report/csynth_design_size.rpt
INFO: [HLS 200-1995] There were 504 instructions in the design after the 'Unroll/Inline (step 4)' phase of compilation. See the Design Size Report for more details: D:/sidejob/ethernet_NN/NN/hls_component/hls_component/hls/syn/report/csynth_design_size.rpt
INFO: [HLS 200-1995] There were 490 instructions in the design after the 'Array/Struct (step 1)' phase of compilation. See the Design Size Report for more details: D:/sidejob/ethernet_NN/NN/hls_component/hls_component/hls/syn/report/csynth_design_size.rpt
INFO: [HLS 200-1995] There were 490 instructions in the design after the 'Array/Struct (step 2)' phase of compilation. See the Design Size Report for more details: D:/sidejob/ethernet_NN/NN/hls_component/hls_component/hls/syn/report/csynth_design_size.rpt
INFO: [HLS 200-1995] There were 490 instructions in the design after the 'Array/Struct (step 3)' phase of compilation. See the Design Size Report for more details: D:/sidejob/ethernet_NN/NN/hls_component/hls_component/hls/syn/report/csynth_design_size.rpt
INFO: [HLS 200-1995] There were 490 instructions in the design after the 'Array/Struct (step 4)' phase of compilation. See the Design Size Report for more details: D:/sidejob/ethernet_NN/NN/hls_component/hls_component/hls/syn/report/csynth_design_size.rpt
INFO: [HLS 200-1995] There were 504 instructions in the design after the 'Array/Struct (step 5)' phase of compilation. See the Design Size Report for more details: D:/sidejob/ethernet_NN/NN/hls_component/hls_component/hls/syn/report/csynth_design_size.rpt
INFO: [HLS 200-1995] There were 504 instructions in the design after the 'Performance (step 1)' phase of compilation. See the Design Size Report for more details: D:/sidejob/ethernet_NN/NN/hls_component/hls_component/hls/syn/report/csynth_design_size.rpt
INFO: [HLS 200-1995] There were 774 instructions in the design after the 'Performance (step 2)' phase of compilation. See the Design Size Report for more details: D:/sidejob/ethernet_NN/NN/hls_component/hls_component/hls/syn/report/csynth_design_size.rpt
INFO: [HLS 200-1995] There were 2,138 instructions in the design after the 'Performance (step 3)' phase of compilation. See the Design Size Report for more details: D:/sidejob/ethernet_NN/NN/hls_component/hls_component/hls/syn/report/csynth_design_size.rpt
INFO: [HLS 200-1995] There were 1,468 instructions in the design after the 'Performance (step 4)' phase of compilation. See the Design Size Report for more details: D:/sidejob/ethernet_NN/NN/hls_component/hls_component/hls/syn/report/csynth_design_size.rpt
INFO: [HLS 200-1995] There were 1,464 instructions in the design after the 'HW Transforms (step 1)' phase of compilation. See the Design Size Report for more details: D:/sidejob/ethernet_NN/NN/hls_component/hls_component/hls/syn/report/csynth_design_size.rpt
INFO: [HLS 200-1995] There were 1,595 instructions in the design after the 'HW Transforms (step 2)' phase of compilation. See the Design Size Report for more details: D:/sidejob/ethernet_NN/NN/hls_component/hls_component/hls/syn/report/csynth_design_size.rpt
INFO: [HLS 214-131] Inlining function 'exp_reduce_::exp(float)' into 'hls::exp(float)' (C:\scratch\2024.2\hls_product\495\2024.2\src\shared\hls\clib\hlsmath\src\c++\expfloat.cpp:17:9)
INFO: [HLS 214-131] Inlining function 'log_reduce::log(float)' into 'hls::log(float)' (C:\scratch\2024.2\hls_product\495\2024.2\src\shared\hls\clib\hlsmath\src\c++\logfloat.cpp:9:9)
INFO: [HLS 214-131] Inlining function 'hls::exp(float)' into 'void l_softmax_layer<1u, 2u>(int (*) [2u], int (*) [2u])' (Components.cpp:204:21)
INFO: [HLS 214-131] Inlining function 'hls::log(float)' into 'void l_softmax_layer<1u, 2u>(int (*) [2u], int (*) [2u])' (Components.cpp:206:16)
INFO: [HLS 214-186] Unrolling loop 'VITIS_LOOP_159_1' (Components.cpp:159:23) in function 'conv2d_layer<1u, 2u, 9u, 128u, 5u, true>' completely with a factor of 2 (Components.cpp:157:0)
INFO: [HLS 214-186] Unrolling loop 'VITIS_LOOP_161_2' (Components.cpp:161:20) in function 'conv2d_layer<1u, 2u, 9u, 128u, 5u, true>' completely with a factor of 1 (Components.cpp:157:0)
INFO: [HLS 214-186] Unrolling loop 'VITIS_LOOP_159_1' (Components.cpp:159:23) in function 'conv2d_layer<1u, 2u, 9u, 128u, 4u, true>' completely with a factor of 2 (Components.cpp:157:0)
INFO: [HLS 214-186] Unrolling loop 'VITIS_LOOP_161_2' (Components.cpp:161:20) in function 'conv2d_layer<1u, 2u, 9u, 128u, 4u, true>' completely with a factor of 1 (Components.cpp:157:0)
INFO: [HLS 214-186] Unrolling loop 'VITIS_LOOP_159_1' (Components.cpp:159:23) in function 'conv2d_layer<1u, 2u, 9u, 128u, 3u, true>' completely with a factor of 2 (Components.cpp:157:0)
INFO: [HLS 214-186] Unrolling loop 'VITIS_LOOP_161_2' (Components.cpp:161:20) in function 'conv2d_layer<1u, 2u, 9u, 128u, 3u, true>' completely with a factor of 1 (Components.cpp:157:0)
INFO: [HLS 214-178] Inlining function 'void fully_connect<36u, 2u, int, int, int>(int*, int const (*) [2u], int*)' into 'void fully_connect_layer2<1u, 36u, 2u, int, int, int>(int (*) [36u], int const (*) [2u], int (*) [2u])' (Components.cpp:121:0)
INFO: [HLS 214-178] Inlining function 'fp_struct<float>::fp_struct(float)' into 'int generic_cast_IEEE754<int, (ap_q_mode)6, float>(float, bool, hls::enable_if<std::numeric_limits<int>::is_signed, bool>::type)' (C:\scratch\2024.2\hls_product\495\2024.2\src\shared\hls\clib/hlsmath/include/FloatingPoint\hls_case_IEEE754.h:12:0)
INFO: [HLS 214-178] Inlining function 'fp_struct<float>::mantissa() const' into 'int generic_cast_IEEE754<int, (ap_q_mode)6, float>(float, bool, hls::enable_if<std::numeric_limits<int>::is_signed, bool>::type)' (C:\scratch\2024.2\hls_product\495\2024.2\src\shared\hls\clib/hlsmath/include/FloatingPoint\hls_case_IEEE754.h:12:0)
INFO: [HLS 214-178] Inlining function 'fp_struct<float>::expv() const' into 'int generic_cast_IEEE754<int, (ap_q_mode)6, float>(float, bool, hls::enable_if<std::numeric_limits<int>::is_signed, bool>::type)' (C:\scratch\2024.2\hls_product\495\2024.2\src\shared\hls\clib/hlsmath/include/FloatingPoint\hls_case_IEEE754.h:12:0)
INFO: [HLS 214-178] Inlining function 'fp_struct<float>::__signbit() const' into 'int generic_cast_IEEE754<int, (ap_q_mode)6, float>(float, bool, hls::enable_if<std::numeric_limits<int>::is_signed, bool>::type)' (C:\scratch\2024.2\hls_product\495\2024.2\src\shared\hls\clib/hlsmath/include/FloatingPoint\hls_case_IEEE754.h:12:0)
INFO: [HLS 214-178] Inlining function 'int generic_cast_IEEE754<int, (ap_q_mode)6, float>(float, bool, hls::enable_if<std::numeric_limits<int>::is_signed, bool>::type)' into 'int generic_cast_IEEE754<int, float>(float, bool)' (C:\scratch\2024.2\hls_product\495\2024.2\src\shared\hls\clib/hlsmath/include/FloatingPoint\hls_case_IEEE754.h:116:0)
INFO: [HLS 214-178] Inlining function 'int generic_cast_IEEE754<int, float>(float, bool)' into '__hls_fptosi_float_i32' (C:\scratch\2024.2\hls_product\495\2024.2\src\shared\hls\clib\hlsmath\src\lib_floatconversion.cpp:51:0)
INFO: [HLS 214-178] Inlining function '__hls_fptosi_float_i32' into 'void l_softmax_layer<1u, 2u>(int (*) [2u], int (*) [2u])' (Components.cpp:196:0)
WARNING: [HLS 214-167] The program may have out of bound array access on variable '_ZL8fc2_coef' (Components.cpp:101:29)
INFO: [HLS 214-376] automatically set the pipeline for Loop< VITIS_LOOP_202_2> at Components.cpp:202:27 
INFO: [HLS 214-376] automatically set the pipeline for Loop< VITIS_LOOP_207_3> at Components.cpp:207:27 
INFO: [HLS 214-376] automatically set the pipeline for Loop< VITIS_LOOP_96_1> at Components.cpp:96:22 
INFO: [HLS 214-376] automatically set the pipeline for Loop< VITIS_LOOP_177_2> at Components.cpp:177:27 
INFO: [HLS 214-376] automatically set the pipeline for Loop< unknown> at  
INFO: [HLS 214-376] automatically set the pipeline for Loop< VITIS_LOOP_136_3> at Components.cpp:136:31 
INFO: [HLS 214-376] automatically set the pipeline for Loop< VITIS_LOOP_144_4> at Components.cpp:144:23 
INFO: [HLS 214-376] automatically set the pipeline for Loop< VITIS_LOOP_61_2> at Components.cpp:61:26 
INFO: [HLS 214-291] Loop 'VITIS_LOOP_98_2' is marked as complete unroll implied by the pipeline pragma (Components.cpp:98:26)
INFO: [HLS 214-291] Loop 'VITIS_LOOP_178_3' is marked as complete unroll implied by the pipeline pragma (Components.cpp:178:31)
INFO: [HLS 214-291] Loop 'VITIS_LOOP_182_4' is marked as complete unroll implied by the pipeline pragma (Components.cpp:182:31)
INFO: [HLS 214-291] Loop 'VITIS_LOOP_186_5' is marked as complete unroll implied by the pipeline pragma (Components.cpp:186:31)
INFO: [HLS 214-291] Loop 'VITIS_LOOP_146_5' is marked as complete unroll implied by the pipeline pragma (Components.cpp:146:27)
INFO: [HLS 214-186] Unrolling loop 'VITIS_LOOP_98_2' (Components.cpp:98:26) in function 'fully_connect_layer2<1u, 36u, 2u, int, int, int>' completely with a factor of 36 (Components.cpp:121:0)
INFO: [HLS 214-186] Unrolling loop 'VITIS_LOOP_178_3' (Components.cpp:178:31) in function 'reshape_concate_layer<1u, 2u, 9u, 3u, 4u, 5u>' completely with a factor of 7 (Components.cpp:174:0)
INFO: [HLS 214-186] Unrolling loop 'VITIS_LOOP_182_4' (Components.cpp:182:31) in function 'reshape_concate_layer<1u, 2u, 9u, 3u, 4u, 5u>' completely with a factor of 6 (Components.cpp:174:0)
INFO: [HLS 214-186] Unrolling loop 'VITIS_LOOP_186_5' (Components.cpp:186:31) in function 'reshape_concate_layer<1u, 2u, 9u, 3u, 4u, 5u>' completely with a factor of 5 (Components.cpp:174:0)
INFO: [HLS 214-186] Unrolling loop 'VITIS_LOOP_146_5' (Components.cpp:146:27) in function 'conv2d<9u, 128u, 5u, true>' completely with a factor of 5 (Components.cpp:130:0)
INFO: [HLS 214-186] Unrolling loop 'VITIS_LOOP_146_5' (Components.cpp:146:27) in function 'conv2d<9u, 128u, 4u, true>' completely with a factor of 4 (Components.cpp:130:0)
INFO: [HLS 214-186] Unrolling loop 'VITIS_LOOP_146_5' (Components.cpp:146:27) in function 'conv2d<9u, 128u, 3u, true>' completely with a factor of 3 (Components.cpp:130:0)
INFO: [HLS 214-449] Automatically partitioning array 'fc_dout' dimension 1 completely based on constant index.
INFO: [HLS 214-449] Automatically partitioning array 'len_x' dimension 1 completely based on constant index. (Components.cpp:222:6)
INFO: [HLS 214-449] Automatically partitioning array 'ipd_x' dimension 1 completely based on constant index. (Components.cpp:223:9)
INFO: [HLS 214-449] Automatically partitioning array 'feature_in2' dimension 1 completely based on constant index. (Components.cpp:231:9)
INFO: [HLS 214-449] Automatically partitioning array 'fc2_dout' dimension 1 completely based on constant index. (Components.cpp:232:9)
INFO: [HLS 214-270] Inferring pragma 'array_partition type=complete dim=1' for array 'fc_dout' due to pipeline pragma
INFO: [HLS 214-270] Inferring pragma 'array_partition type=complete dim=1' for array 'sum' due to pipeline pragma (Components.cpp:132:9)
INFO: [HLS 214-270] Inferring pragma 'array_partition type=complete dim=1' for array 'len_x' due to pipeline pragma (Components.cpp:222:6)
INFO: [HLS 214-270] Inferring pragma 'array_partition type=complete dim=1' for array 'ipd_x' due to pipeline pragma (Components.cpp:223:9)
INFO: [HLS 214-270] Inferring pragma 'array_partition type=complete dim=3' for array 'conv3' due to pipeline pragma (Components.cpp:228:9)
INFO: [HLS 214-270] Inferring pragma 'array_partition type=complete dim=3' for array 'conv4' due to pipeline pragma (Components.cpp:229:9)
INFO: [HLS 214-270] Inferring pragma 'array_partition type=complete dim=3' for array 'conv5' due to pipeline pragma (Components.cpp:230:9)
INFO: [HLS 214-270] Inferring pragma 'array_partition type=complete dim=1' for array 'feature_in2' due to pipeline pragma (Components.cpp:231:9)
INFO: [HLS 214-270] Inferring pragma 'array_partition type=cyclic factor=7 dim=2' for array 'feature_in2' due to pipeline pragma (Components.cpp:231:9)
INFO: [HLS 214-270] Inferring pragma 'array_partition type=complete dim=1' for array 'fc2_dout' due to pipeline pragma (Components.cpp:232:9)
INFO: [HLS 214-248] Applying array_partition to 'fc_dout': Complete partitioning on dimension 1.
INFO: [HLS 214-248] Applying array_partition to 'sum': Complete partitioning on dimension 1. (Components.cpp:132:9)
INFO: [HLS 214-248] Applying array_partition to 'len_x': Complete partitioning on dimension 1. (Components.cpp:222:6)
INFO: [HLS 214-248] Applying array_partition to 'ipd_x': Complete partitioning on dimension 1. (Components.cpp:223:9)
INFO: [HLS 214-248] Applying array_partition to 'conv3': Complete partitioning on dimension 3. (Components.cpp:228:9)
INFO: [HLS 214-248] Applying array_partition to 'conv4': Complete partitioning on dimension 3. (Components.cpp:229:9)
INFO: [HLS 214-248] Applying array_partition to 'conv5': Complete partitioning on dimension 3. (Components.cpp:230:9)
INFO: [HLS 214-248] Applying array_partition to 'feature_in2': Complete partitioning on dimension 1. Cyclic partitioning with factor 7 on dimension 2. (Components.cpp:231:9)
INFO: [HLS 214-248] Applying array_partition to 'fc2_dout': Complete partitioning on dimension 1. (Components.cpp:232:9)
INFO: [HLS 200-111] Finished Compiling Optimization and Transform: CPU user time: 1 seconds. CPU system time: 0 seconds. Elapsed time: 12.345 seconds; current allocated memory: 278.797 MB.
INFO: [HLS 200-111] Finished Checking Pragmas: CPU user time: 0 seconds. CPU system time: 0 seconds. Elapsed time: 0.002 seconds; current allocated memory: 278.797 MB.
INFO: [HLS 200-10] Starting code transformations ...
INFO: [HLS 200-111] Finished Standard Transforms: CPU user time: 0 seconds. CPU system time: 0 seconds. Elapsed time: 0.096 seconds; current allocated memory: 285.699 MB.
INFO: [HLS 200-10] Checking synthesizability ...
INFO: [HLS 200-111] Finished Checking Synthesizability: CPU user time: 0 seconds. CPU system time: 0 seconds. Elapsed time: 0.102 seconds; current allocated memory: 290.559 MB.
INFO: [XFORM 203-712] Applying dataflow to function 'CNN<1u, 9u, 2u, 2u, 2u, 128u>' (Components.cpp:228:1), detected/extracted 6 process function(s): 
	 'conv2d_layer<1u, 2u, 9u, 128u, 3u, true>'
	 'conv2d_layer<1u, 2u, 9u, 128u, 4u, true>'
	 'conv2d_layer<1u, 2u, 9u, 128u, 5u, true>'
	 'reshape_concate_layer<1u, 2u, 9u, 3u, 4u, 5u>'
	 'fully_connect_layer2<1u, 36u, 2u, int, int, int>'
	 'l_softmax_layer<1u, 2u>'.
INFO: [XFORM 203-11] Balancing expressions in function 'fully_connect_layer2<1u, 36u, 2u, int, int, int>' (Components.cpp:96:22)...36 expression(s) balanced.
INFO: [XFORM 203-11] Balancing expressions in function 'conv2d<9u, 128u, 5u, true>.3' (Components.cpp:130:27)...7 expression(s) balanced.
INFO: [XFORM 203-11] Balancing expressions in function 'conv2d<9u, 128u, 5u, true>' (Components.cpp:130:27)...7 expression(s) balanced.
INFO: [XFORM 203-11] Balancing expressions in function 'conv2d<9u, 128u, 4u, true>.2' (Components.cpp:130:27)...3 expression(s) balanced.
INFO: [XFORM 203-11] Balancing expressions in function 'conv2d<9u, 128u, 4u, true>' (Components.cpp:130:27)...3 expression(s) balanced.
INFO: [HLS 200-111] Finished Loop, function and other optimizations: CPU user time: 0 seconds. CPU system time: 0 seconds. Elapsed time: 0.366 seconds; current allocated memory: 314.484 MB.
INFO: [HLS 200-2061] Successfully converted nested loops 'VITIS_LOOP_134_2'(Components.cpp:134:27) and 'VITIS_LOOP_136_3'(Components.cpp:136:31) in function 'conv2d<9u, 128u, 5u, true>.3' into perfectly nested loops.
INFO: [HLS 200-2061] Successfully converted nested loops 'VITIS_LOOP_133_1'(Components.cpp:133:23) and 'VITIS_LOOP_134_2'(Components.cpp:134:27) in function 'conv2d<9u, 128u, 5u, true>.3' into perfectly nested loops.
INFO: [HLS 200-2061] Successfully converted nested loops 'VITIS_LOOP_134_2'(Components.cpp:134:27) and 'VITIS_LOOP_136_3'(Components.cpp:136:31) in function 'conv2d<9u, 128u, 5u, true>' into perfectly nested loops.
INFO: [HLS 200-2061] Successfully converted nested loops 'VITIS_LOOP_133_1'(Components.cpp:133:23) and 'VITIS_LOOP_134_2'(Components.cpp:134:27) in function 'conv2d<9u, 128u, 5u, true>' into perfectly nested loops.
INFO: [HLS 200-2061] Successfully converted nested loops 'VITIS_LOOP_134_2'(Components.cpp:134:27) and 'VITIS_LOOP_136_3'(Components.cpp:136:31) in function 'conv2d<9u, 128u, 4u, true>.2' into perfectly nested loops.
INFO: [HLS 200-2061] Successfully converted nested loops 'VITIS_LOOP_133_1'(Components.cpp:133:23) and 'VITIS_LOOP_134_2'(Components.cpp:134:27) in function 'conv2d<9u, 128u, 4u, true>.2' into perfectly nested loops.
INFO: [HLS 200-2061] Successfully converted nested loops 'VITIS_LOOP_134_2'(Components.cpp:134:27) and 'VITIS_LOOP_136_3'(Components.cpp:136:31) in function 'conv2d<9u, 128u, 4u, true>' into perfectly nested loops.
INFO: [HLS 200-2061] Successfully converted nested loops 'VITIS_LOOP_133_1'(Components.cpp:133:23) and 'VITIS_LOOP_134_2'(Components.cpp:134:27) in function 'conv2d<9u, 128u, 4u, true>' into perfectly nested loops.
INFO: [HLS 200-2061] Successfully converted nested loops 'VITIS_LOOP_134_2'(Components.cpp:134:27) and 'VITIS_LOOP_136_3'(Components.cpp:136:31) in function 'conv2d<9u, 128u, 3u, true>.1' into perfectly nested loops.
INFO: [HLS 200-2061] Successfully converted nested loops 'VITIS_LOOP_133_1'(Components.cpp:133:23) and 'VITIS_LOOP_134_2'(Components.cpp:134:27) in function 'conv2d<9u, 128u, 3u, true>.1' into perfectly nested loops.
INFO: [HLS 200-2061] Successfully converted nested loops 'VITIS_LOOP_134_2'(Components.cpp:134:27) and 'VITIS_LOOP_136_3'(Components.cpp:136:31) in function 'conv2d<9u, 128u, 3u, true>' into perfectly nested loops.
INFO: [HLS 200-2061] Successfully converted nested loops 'VITIS_LOOP_133_1'(Components.cpp:133:23) and 'VITIS_LOOP_134_2'(Components.cpp:134:27) in function 'conv2d<9u, 128u, 3u, true>' into perfectly nested loops.
INFO: [XFORM 203-541] Flattening a loop nest 'VITIS_LOOP_134_2' (Components.cpp:134:27) in function 'conv2d<9u, 128u, 5u, true>.3'.
INFO: [XFORM 203-541] Flattening a loop nest 'VITIS_LOOP_133_1' (Components.cpp:133:23) in function 'conv2d<9u, 128u, 5u, true>.3'.
INFO: [XFORM 203-541] Flattening a loop nest 'VITIS_LOOP_134_2' (Components.cpp:134:27) in function 'conv2d<9u, 128u, 5u, true>'.
INFO: [XFORM 203-541] Flattening a loop nest 'VITIS_LOOP_133_1' (Components.cpp:133:23) in function 'conv2d<9u, 128u, 5u, true>'.
INFO: [XFORM 203-541] Flattening a loop nest 'VITIS_LOOP_134_2' (Components.cpp:134:27) in function 'conv2d<9u, 128u, 4u, true>.2'.
INFO: [XFORM 203-541] Flattening a loop nest 'VITIS_LOOP_133_1' (Components.cpp:133:23) in function 'conv2d<9u, 128u, 4u, true>.2'.
INFO: [XFORM 203-541] Flattening a loop nest 'VITIS_LOOP_134_2' (Components.cpp:134:27) in function 'conv2d<9u, 128u, 4u, true>'.
INFO: [XFORM 203-541] Flattening a loop nest 'VITIS_LOOP_133_1' (Components.cpp:133:23) in function 'conv2d<9u, 128u, 4u, true>'.
INFO: [XFORM 203-541] Flattening a loop nest 'VITIS_LOOP_134_2' (Components.cpp:134:27) in function 'conv2d<9u, 128u, 3u, true>.1'.
INFO: [XFORM 203-541] Flattening a loop nest 'VITIS_LOOP_133_1' (Components.cpp:133:23) in function 'conv2d<9u, 128u, 3u, true>.1'.
INFO: [XFORM 203-541] Flattening a loop nest 'VITIS_LOOP_134_2' (Components.cpp:134:27) in function 'conv2d<9u, 128u, 3u, true>'.
INFO: [XFORM 203-541] Flattening a loop nest 'VITIS_LOOP_133_1' (Components.cpp:133:23) in function 'conv2d<9u, 128u, 3u, true>'.
INFO: [HLS 200-111] Finished Architecture Synthesis: CPU user time: 1 seconds. CPU system time: 0 seconds. Elapsed time: 1.894 seconds; current allocated memory: 606.992 MB.
INFO: [HLS 200-10] Starting hardware synthesis ...
INFO: [HLS 200-10] Synthesizing 'CNN_top' ...
WARNING: [SYN 201-103] Legalizing function name 'conv2d<9u, 128u, 3u, true>8_Pipeline_1' to 'conv2d_9u_128u_3u_true_8_Pipeline_1'.
WARNING: [SYN 201-103] Legalizing function name 'conv2d<9u, 128u, 3u, true>8_Pipeline_VITIS_LOOP_144_4' to 'conv2d_9u_128u_3u_true_8_Pipeline_VITIS_LOOP_144_4'.
WARNING: [SYN 201-103] Legalizing function name 'conv2d<9u, 128u, 3u, true>8' to 'conv2d_9u_128u_3u_true_8'.
WARNING: [SYN 201-103] Legalizing function name 'conv2d<9u, 128u, 3u, true>.17_Pipeline_1' to 'conv2d_9u_128u_3u_true_17_Pipeline_1'.
WARNING: [SYN 201-103] Legalizing function name 'conv2d.17_Pipeline_VITIS_LOOP_133_1_VITIS_LOOP_134_2_VITIS_LOOP_136_3' to 'conv2d_17_Pipeline_VITIS_LOOP_133_1_VITIS_LOOP_134_2_VITIS_LOOP_136_3'.
WARNING: [SYN 201-103] Legalizing function name 'conv2d<9u, 128u, 3u, true>.17_Pipeline_VITIS_LOOP_144_4' to 'conv2d_9u_128u_3u_true_17_Pipeline_VITIS_LOOP_144_4'.
WARNING: [SYN 201-103] Legalizing function name 'conv2d<9u, 128u, 3u, true>.17' to 'conv2d_9u_128u_3u_true_17'.
WARNING: [SYN 201-103] Legalizing function name 'conv2d_layer<1u, 2u, 9u, 128u, 3u, true>5' to 'conv2d_layer_1u_2u_9u_128u_3u_true_5'.
WARNING: [SYN 201-103] Legalizing function name 'conv2d<9u, 128u, 4u, true>10_Pipeline_1' to 'conv2d_9u_128u_4u_true_10_Pipeline_1'.
WARNING: [SYN 201-103] Legalizing function name 'conv2d<9u, 128u, 4u, true>10_Pipeline_VITIS_LOOP_144_4' to 'conv2d_9u_128u_4u_true_10_Pipeline_VITIS_LOOP_144_4'.
WARNING: [SYN 201-103] Legalizing function name 'conv2d<9u, 128u, 4u, true>10' to 'conv2d_9u_128u_4u_true_10'.
WARNING: [SYN 201-103] Legalizing function name 'conv2d<9u, 128u, 4u, true>.29_Pipeline_1' to 'conv2d_9u_128u_4u_true_29_Pipeline_1'.
WARNING: [SYN 201-103] Legalizing function name 'conv2d.29_Pipeline_VITIS_LOOP_133_1_VITIS_LOOP_134_2_VITIS_LOOP_136_3' to 'conv2d_29_Pipeline_VITIS_LOOP_133_1_VITIS_LOOP_134_2_VITIS_LOOP_136_3'.
WARNING: [SYN 201-103] Legalizing function name 'conv2d<9u, 128u, 4u, true>.29_Pipeline_VITIS_LOOP_144_4' to 'conv2d_9u_128u_4u_true_29_Pipeline_VITIS_LOOP_144_4'.
WARNING: [SYN 201-103] Legalizing function name 'conv2d<9u, 128u, 4u, true>.29' to 'conv2d_9u_128u_4u_true_29'.
WARNING: [SYN 201-103] Legalizing function name 'conv2d_layer<1u, 2u, 9u, 128u, 4u, true>4' to 'conv2d_layer_1u_2u_9u_128u_4u_true_4'.
WARNING: [SYN 201-103] Legalizing function name 'conv2d<9u, 128u, 5u, true>12_Pipeline_1' to 'conv2d_9u_128u_5u_true_12_Pipeline_1'.
WARNING: [SYN 201-103] Legalizing function name 'conv2d<9u, 128u, 5u, true>12_Pipeline_VITIS_LOOP_144_4' to 'conv2d_9u_128u_5u_true_12_Pipeline_VITIS_LOOP_144_4'.
WARNING: [SYN 201-103] Legalizing function name 'conv2d<9u, 128u, 5u, true>12' to 'conv2d_9u_128u_5u_true_12'.
WARNING: [SYN 201-103] Legalizing function name 'conv2d<9u, 128u, 5u, true>.311_Pipeline_1' to 'conv2d_9u_128u_5u_true_311_Pipeline_1'.
WARNING: [SYN 201-103] Legalizing function name 'conv2d.311_Pipeline_VITIS_LOOP_133_1_VITIS_LOOP_134_2_VITIS_LOOP_136_3' to 'conv2d_311_Pipeline_VITIS_LOOP_133_1_VITIS_LOOP_134_2_VITIS_LOOP_136_3'.
WARNING: [SYN 201-103] Legalizing function name 'conv2d<9u, 128u, 5u, true>.311_Pipeline_VITIS_LOOP_144_4' to 'conv2d_9u_128u_5u_true_311_Pipeline_VITIS_LOOP_144_4'.
WARNING: [SYN 201-103] Legalizing function name 'conv2d<9u, 128u, 5u, true>.311' to 'conv2d_9u_128u_5u_true_311'.
WARNING: [SYN 201-103] Legalizing function name 'conv2d_layer<1u, 2u, 9u, 128u, 5u, true>3' to 'conv2d_layer_1u_2u_9u_128u_5u_true_3'.
WARNING: [SYN 201-103] Legalizing function name 'reshape_concate_layer<1u, 2u, 9u, 3u, 4u, 5u>' to 'reshape_concate_layer_1u_2u_9u_3u_4u_5u_s'.
WARNING: [SYN 201-103] Legalizing function name 'fully_connect_layer2<1u, 36u, 2u, int, int, int>_Pipeline_VITIS_LOOP_96_1' to 'fully_connect_layer2_1u_36u_2u_int_int_int_Pipeline_VITIS_LOOP_96_1'.
WARNING: [SYN 201-103] Legalizing function name 'fully_connect_layer2<1u, 36u, 2u, int, int, int>' to 'fully_connect_layer2_1u_36u_2u_int_int_int_s'.
WARNING: [SYN 201-103] Legalizing function name 'l_softmax_layer<1u, 2u>_Pipeline_VITIS_LOOP_202_2' to 'l_softmax_layer_1u_2u_Pipeline_VITIS_LOOP_202_2'.
WARNING: [SYN 201-103] Legalizing function name 'l_softmax_layer<1u, 2u>_Pipeline_VITIS_LOOP_207_3' to 'l_softmax_layer_1u_2u_Pipeline_VITIS_LOOP_207_3'.
WARNING: [SYN 201-103] Legalizing function name 'l_softmax_layer<1u, 2u>' to 'l_softmax_layer_1u_2u_s'.
WARNING: [SYN 201-103] Legalizing function name 'CNN<1u, 9u, 2u, 2u, 2u, 128u>' to 'CNN_1u_9u_2u_2u_2u_128u_s'.
INFO: [SYN 201-201] Setting up clock 'default' with a period of 10ns.
INFO: [HLS 200-10] ----------------------------------------------------------------
INFO: [HLS 200-42] -- Implementing module 'conv2d_9u_128u_3u_true_8_Pipeline_1' 
INFO: [HLS 200-10] ----------------------------------------------------------------
INFO: [SCHED 204-11] Starting scheduling ...
INFO: [SCHED 204-61] Pipelining loop 'Loop 1'.
INFO: [HLS 200-1470] Pipelining result : Target II = NA, Final II = 1, Depth = 1, loop 'Loop 1'
INFO: [SCHED 204-11] Finished scheduling.
INFO: [HLS 200-111] Finished Scheduling: CPU user time: 0 seconds. CPU system time: 0 seconds. Elapsed time: 3.58 seconds; current allocated memory: 611.695 MB.
INFO: [BIND 205-100] Starting micro-architecture generation ...
INFO: [BIND 205-101] Performing variable lifetime analysis.
INFO: [BIND 205-101] Exploring resource sharing.
INFO: [BIND 205-101] Binding ...
INFO: [BIND 205-100] Finished micro-architecture generation.
INFO: [HLS 200-111] Finished Binding: CPU user time: 0 seconds. CPU system time: 0 seconds. Elapsed time: 0.085 seconds; current allocated memory: 612.777 MB.
INFO: [HLS 200-10] ----------------------------------------------------------------
INFO: [HLS 200-42] -- Implementing module 'conv2d8_Pipeline_VITIS_LOOP_133_1_VITIS_LOOP_134_2_VITIS_LOOP_136_3' 
INFO: [HLS 200-10] ----------------------------------------------------------------
INFO: [SCHED 204-11] Starting scheduling ...
INFO: [SCHED 204-61] Pipelining loop 'VITIS_LOOP_133_1_VITIS_LOOP_134_2_VITIS_LOOP_136_3'.
INFO: [HLS 200-1470] Pipelining result : Target II = NA, Final II = 1, Depth = 3, loop 'VITIS_LOOP_133_1_VITIS_LOOP_134_2_VITIS_LOOP_136_3'
INFO: [SCHED 204-11] Finished scheduling.
INFO: [HLS 200-111] Finished Scheduling: CPU user time: 0 seconds. CPU system time: 0 seconds. Elapsed time: 0.114 seconds; current allocated memory: 613.453 MB.
INFO: [BIND 205-100] Starting micro-architecture generation ...
INFO: [BIND 205-101] Performing variable lifetime analysis.
INFO: [BIND 205-101] Exploring resource sharing.
INFO: [BIND 205-101] Binding ...
INFO: [BIND 205-100] Finished micro-architecture generation.
INFO: [HLS 200-111] Finished Binding: CPU user time: 0 seconds. CPU system time: 0 seconds. Elapsed time: 0.073 seconds; current allocated memory: 614.070 MB.
INFO: [HLS 200-10] ----------------------------------------------------------------
INFO: [HLS 200-42] -- Implementing module 'conv2d_9u_128u_3u_true_8_Pipeline_VITIS_LOOP_144_4' 
INFO: [HLS 200-10] ----------------------------------------------------------------
INFO: [SCHED 204-11] Starting scheduling ...
INFO: [SCHED 204-61] Pipelining loop 'VITIS_LOOP_144_4'.
INFO: [HLS 200-1470] Pipelining result : Target II = NA, Final II = 1, Depth = 2, loop 'VITIS_LOOP_144_4'
INFO: [SCHED 204-11] Finished scheduling.
INFO: [HLS 200-111] Finished Scheduling: CPU user time: 0 seconds. CPU system time: 0 seconds. Elapsed time: 0.104 seconds; current allocated memory: 614.656 MB.
INFO: [BIND 205-100] Starting micro-architecture generation ...
INFO: [BIND 205-101] Performing variable lifetime analysis.
INFO: [BIND 205-101] Exploring resource sharing.
INFO: [BIND 205-101] Binding ...
INFO: [BIND 205-100] Finished micro-architecture generation.
INFO: [HLS 200-111] Finished Binding: CPU user time: 0 seconds. CPU system time: 0 seconds. Elapsed time: 0.06 seconds; current allocated memory: 614.688 MB.
INFO: [HLS 200-10] ----------------------------------------------------------------
INFO: [HLS 200-42] -- Implementing module 'conv2d_9u_128u_3u_true_8' 
INFO: [HLS 200-10] ----------------------------------------------------------------
INFO: [SCHED 204-11] Starting scheduling ...
INFO: [SCHED 204-11] Finished scheduling.
INFO: [HLS 200-111] Finished Scheduling: CPU user time: 0 seconds. CPU system time: 0 seconds. Elapsed time: 0.067 seconds; current allocated memory: 614.727 MB.
INFO: [BIND 205-100] Starting micro-architecture generation ...
INFO: [BIND 205-101] Performing variable lifetime analysis.
INFO: [BIND 205-101] Exploring resource sharing.
INFO: [BIND 205-101] Binding ...
INFO: [BIND 205-100] Finished micro-architecture generation.
INFO: [HLS 200-111] Finished Binding: CPU user time: 0 seconds. CPU system time: 0 seconds. Elapsed time: 0.068 seconds; current allocated memory: 614.746 MB.
INFO: [HLS 200-10] ----------------------------------------------------------------
INFO: [HLS 200-42] -- Implementing module 'conv2d_9u_128u_3u_true_17_Pipeline_1' 
INFO: [HLS 200-10] ----------------------------------------------------------------
INFO: [SCHED 204-11] Starting scheduling ...
INFO: [SCHED 204-61] Pipelining loop 'Loop 1'.
INFO: [HLS 200-1470] Pipelining result : Target II = NA, Final II = 1, Depth = 1, loop 'Loop 1'
INFO: [SCHED 204-11] Finished scheduling.
INFO: [HLS 200-111] Finished Scheduling: CPU user time: 0 seconds. CPU system time: 0 seconds. Elapsed time: 0.087 seconds; current allocated memory: 614.930 MB.
INFO: [BIND 205-100] Starting micro-architecture generation ...
INFO: [BIND 205-101] Performing variable lifetime analysis.
INFO: [BIND 205-101] Exploring resource sharing.
INFO: [BIND 205-101] Binding ...
INFO: [BIND 205-100] Finished micro-architecture generation.
INFO: [HLS 200-111] Finished Binding: CPU user time: 0 seconds. CPU system time: 0 seconds. Elapsed time: 0.064 seconds; current allocated memory: 615.207 MB.
INFO: [HLS 200-10] ----------------------------------------------------------------
INFO: [HLS 200-42] -- Implementing module 'conv2d_17_Pipeline_VITIS_LOOP_133_1_VITIS_LOOP_134_2_VITIS_LOOP_136_3' 
INFO: [HLS 200-10] ----------------------------------------------------------------
INFO: [SCHED 204-11] Starting scheduling ...
INFO: [SCHED 204-61] Pipelining loop 'VITIS_LOOP_133_1_VITIS_LOOP_134_2_VITIS_LOOP_136_3'.
INFO: [HLS 200-1470] Pipelining result : Target II = NA, Final II = 1, Depth = 3, loop 'VITIS_LOOP_133_1_VITIS_LOOP_134_2_VITIS_LOOP_136_3'
INFO: [SCHED 204-11] Finished scheduling.
INFO: [HLS 200-111] Finished Scheduling: CPU user time: 0 seconds. CPU system time: 0 seconds. Elapsed time: 0.098 seconds; current allocated memory: 615.957 MB.
INFO: [BIND 205-100] Starting micro-architecture generation ...
INFO: [BIND 205-101] Performing variable lifetime analysis.
INFO: [BIND 205-101] Exploring resource sharing.
INFO: [BIND 205-101] Binding ...
INFO: [BIND 205-100] Finished micro-architecture generation.
INFO: [HLS 200-111] Finished Binding: CPU user time: 0 seconds. CPU system time: 0 seconds. Elapsed time: 0.069 seconds; current allocated memory: 616.125 MB.
INFO: [HLS 200-10] ----------------------------------------------------------------
INFO: [HLS 200-42] -- Implementing module 'conv2d_9u_128u_3u_true_17_Pipeline_VITIS_LOOP_144_4' 
INFO: [HLS 200-10] ----------------------------------------------------------------
INFO: [SCHED 204-11] Starting scheduling ...
INFO: [SCHED 204-61] Pipelining loop 'VITIS_LOOP_144_4'.
INFO: [HLS 200-1470] Pipelining result : Target II = NA, Final II = 1, Depth = 2, loop 'VITIS_LOOP_144_4'
INFO: [SCHED 204-11] Finished scheduling.
INFO: [HLS 200-111] Finished Scheduling: CPU user time: 0 seconds. CPU system time: 0 seconds. Elapsed time: 0.089 seconds; current allocated memory: 616.637 MB.
INFO: [BIND 205-100] Starting micro-architecture generation ...
INFO: [BIND 205-101] Performing variable lifetime analysis.
INFO: [BIND 205-101] Exploring resource sharing.
INFO: [BIND 205-101] Binding ...
INFO: [BIND 205-100] Finished micro-architecture generation.
INFO: [HLS 200-111] Finished Binding: CPU user time: 0 seconds. CPU system time: 0 seconds. Elapsed time: 0.072 seconds; current allocated memory: 616.660 MB.
INFO: [HLS 200-10] ----------------------------------------------------------------
INFO: [HLS 200-42] -- Implementing module 'conv2d_9u_128u_3u_true_17' 
INFO: [HLS 200-10] ----------------------------------------------------------------
INFO: [SCHED 204-11] Starting scheduling ...
INFO: [SCHED 204-11] Finished scheduling.
INFO: [HLS 200-111] Finished Scheduling: CPU user time: 0 seconds. CPU system time: 0 seconds. Elapsed time: 1.398 seconds; current allocated memory: 616.945 MB.
INFO: [BIND 205-100] Starting micro-architecture generation ...
INFO: [BIND 205-101] Performing variable lifetime analysis.
INFO: [BIND 205-101] Exploring resource sharing.
INFO: [BIND 205-101] Binding ...
INFO: [BIND 205-100] Finished micro-architecture generation.
INFO: [HLS 200-111] Finished Binding: CPU user time: 0 seconds. CPU system time: 0 seconds. Elapsed time: 0.058 seconds; current allocated memory: 617.004 MB.
INFO: [HLS 200-10] ----------------------------------------------------------------
INFO: [HLS 200-42] -- Implementing module 'conv2d_layer_1u_2u_9u_128u_3u_true_5' 
INFO: [HLS 200-10] ----------------------------------------------------------------
INFO: [SCHED 204-11] Starting scheduling ...
INFO: [SCHED 204-11] Finished scheduling.
INFO: [HLS 200-111] Finished Scheduling: CPU user time: 0 seconds. CPU system time: 0 seconds. Elapsed time: 0.066 seconds; current allocated memory: 617.145 MB.
INFO: [BIND 205-100] Starting micro-architecture generation ...
INFO: [BIND 205-101] Performing variable lifetime analysis.
INFO: [BIND 205-101] Exploring resource sharing.
INFO: [BIND 205-101] Binding ...
INFO: [BIND 205-100] Finished micro-architecture generation.
INFO: [HLS 200-111] Finished Binding: CPU user time: 0 seconds. CPU system time: 0 seconds. Elapsed time: 0.064 seconds; current allocated memory: 617.277 MB.
INFO: [HLS 200-10] ----------------------------------------------------------------
INFO: [HLS 200-42] -- Implementing module 'conv2d_9u_128u_4u_true_10_Pipeline_1' 
INFO: [HLS 200-10] ----------------------------------------------------------------
INFO: [SCHED 204-11] Starting scheduling ...
INFO: [SCHED 204-61] Pipelining loop 'Loop 1'.
INFO: [HLS 200-1470] Pipelining result : Target II = NA, Final II = 1, Depth = 1, loop 'Loop 1'
INFO: [SCHED 204-11] Finished scheduling.
INFO: [HLS 200-111] Finished Scheduling: CPU user time: 1 seconds. CPU system time: 0 seconds. Elapsed time: 0.117 seconds; current allocated memory: 617.469 MB.
INFO: [BIND 205-100] Starting micro-architecture generation ...
INFO: [BIND 205-101] Performing variable lifetime analysis.
INFO: [BIND 205-101] Exploring resource sharing.
INFO: [BIND 205-101] Binding ...
INFO: [BIND 205-100] Finished micro-architecture generation.
INFO: [HLS 200-111] Finished Binding: CPU user time: 0 seconds. CPU system time: 0 seconds. Elapsed time: 0.064 seconds; current allocated memory: 617.586 MB.
INFO: [HLS 200-10] ----------------------------------------------------------------
INFO: [HLS 200-42] -- Implementing module 'conv2d10_Pipeline_VITIS_LOOP_133_1_VITIS_LOOP_134_2_VITIS_LOOP_136_3' 
INFO: [HLS 200-10] ----------------------------------------------------------------
INFO: [SCHED 204-11] Starting scheduling ...
INFO: [SCHED 204-61] Pipelining loop 'VITIS_LOOP_133_1_VITIS_LOOP_134_2_VITIS_LOOP_136_3'.
INFO: [HLS 200-1470] Pipelining result : Target II = NA, Final II = 1, Depth = 3, loop 'VITIS_LOOP_133_1_VITIS_LOOP_134_2_VITIS_LOOP_136_3'
INFO: [SCHED 204-11] Finished scheduling.
INFO: [HLS 200-111] Finished Scheduling: CPU user time: 0 seconds. CPU system time: 0 seconds. Elapsed time: 0.101 seconds; current allocated memory: 618.234 MB.
INFO: [BIND 205-100] Starting micro-architecture generation ...
INFO: [BIND 205-101] Performing variable lifetime analysis.
INFO: [BIND 205-101] Exploring resource sharing.
INFO: [BIND 205-101] Binding ...
INFO: [BIND 205-100] Finished micro-architecture generation.
INFO: [HLS 200-111] Finished Binding: CPU user time: 0 seconds. CPU system time: 0 seconds. Elapsed time: 0.065 seconds; current allocated memory: 618.234 MB.
INFO: [HLS 200-10] ----------------------------------------------------------------
INFO: [HLS 200-42] -- Implementing module 'conv2d_9u_128u_4u_true_10_Pipeline_VITIS_LOOP_144_4' 
INFO: [HLS 200-10] ----------------------------------------------------------------
INFO: [SCHED 204-11] Starting scheduling ...
INFO: [SCHED 204-61] Pipelining loop 'VITIS_LOOP_144_4'.
INFO: [HLS 200-1470] Pipelining result : Target II = NA, Final II = 1, Depth = 2, loop 'VITIS_LOOP_144_4'
INFO: [SCHED 204-11] Finished scheduling.
INFO: [HLS 200-111] Finished Scheduling: CPU user time: 0 seconds. CPU system time: 0 seconds. Elapsed time: 1.393 seconds; current allocated memory: 618.785 MB.
INFO: [BIND 205-100] Starting micro-architecture generation ...
INFO: [BIND 205-101] Performing variable lifetime analysis.
INFO: [BIND 205-101] Exploring resource sharing.
INFO: [BIND 205-101] Binding ...
INFO: [BIND 205-100] Finished micro-architecture generation.
INFO: [HLS 200-111] Finished Binding: CPU user time: 0 seconds. CPU system time: 0 seconds. Elapsed time: 0.066 seconds; current allocated memory: 618.895 MB.
INFO: [HLS 200-10] ----------------------------------------------------------------
INFO: [HLS 200-42] -- Implementing module 'conv2d_9u_128u_4u_true_10' 
INFO: [HLS 200-10] ----------------------------------------------------------------
INFO: [SCHED 204-11] Starting scheduling ...
INFO: [SCHED 204-11] Finished scheduling.
INFO: [HLS 200-111] Finished Scheduling: CPU user time: 0 seconds. CPU system time: 0 seconds. Elapsed time: 0.081 seconds; current allocated memory: 618.973 MB.
INFO: [BIND 205-100] Starting micro-architecture generation ...
INFO: [BIND 205-101] Performing variable lifetime analysis.
INFO: [BIND 205-101] Exploring resource sharing.
INFO: [BIND 205-101] Binding ...
INFO: [BIND 205-100] Finished micro-architecture generation.
INFO: [HLS 200-111] Finished Binding: CPU user time: 0 seconds. CPU system time: 0 seconds. Elapsed time: 0.076 seconds; current allocated memory: 619.074 MB.
INFO: [HLS 200-10] ----------------------------------------------------------------
INFO: [HLS 200-42] -- Implementing module 'conv2d_9u_128u_4u_true_29_Pipeline_1' 
INFO: [HLS 200-10] ----------------------------------------------------------------
INFO: [SCHED 204-11] Starting scheduling ...
INFO: [SCHED 204-61] Pipelining loop 'Loop 1'.
INFO: [HLS 200-1470] Pipelining result : Target II = NA, Final II = 1, Depth = 1, loop 'Loop 1'
INFO: [SCHED 204-11] Finished scheduling.
INFO: [HLS 200-111] Finished Scheduling: CPU user time: 0 seconds. CPU system time: 0 seconds. Elapsed time: 0.12 seconds; current allocated memory: 619.301 MB.
INFO: [BIND 205-100] Starting micro-architecture generation ...
INFO: [BIND 205-101] Performing variable lifetime analysis.
INFO: [BIND 205-101] Exploring resource sharing.
INFO: [BIND 205-101] Binding ...
INFO: [BIND 205-100] Finished micro-architecture generation.
INFO: [HLS 200-111] Finished Binding: CPU user time: 0 seconds. CPU system time: 0 seconds. Elapsed time: 0.068 seconds; current allocated memory: 619.301 MB.
INFO: [HLS 200-10] ----------------------------------------------------------------
INFO: [HLS 200-42] -- Implementing module 'conv2d_29_Pipeline_VITIS_LOOP_133_1_VITIS_LOOP_134_2_VITIS_LOOP_136_3' 
INFO: [HLS 200-10] ----------------------------------------------------------------
INFO: [SCHED 204-11] Starting scheduling ...
INFO: [SCHED 204-61] Pipelining loop 'VITIS_LOOP_133_1_VITIS_LOOP_134_2_VITIS_LOOP_136_3'.
INFO: [HLS 200-1470] Pipelining result : Target II = NA, Final II = 1, Depth = 3, loop 'VITIS_LOOP_133_1_VITIS_LOOP_134_2_VITIS_LOOP_136_3'
INFO: [SCHED 204-11] Finished scheduling.
INFO: [HLS 200-111] Finished Scheduling: CPU user time: 0 seconds. CPU system time: 0 seconds. Elapsed time: 0.1 seconds; current allocated memory: 619.895 MB.
INFO: [BIND 205-100] Starting micro-architecture generation ...
INFO: [BIND 205-101] Performing variable lifetime analysis.
INFO: [BIND 205-101] Exploring resource sharing.
INFO: [BIND 205-101] Binding ...
INFO: [BIND 205-100] Finished micro-architecture generation.
INFO: [HLS 200-111] Finished Binding: CPU user time: 0 seconds. CPU system time: 0 seconds. Elapsed time: 0.071 seconds; current allocated memory: 620.012 MB.
INFO: [HLS 200-10] ----------------------------------------------------------------
INFO: [HLS 200-42] -- Implementing module 'conv2d_9u_128u_4u_true_29_Pipeline_VITIS_LOOP_144_4' 
INFO: [HLS 200-10] ----------------------------------------------------------------
INFO: [SCHED 204-11] Starting scheduling ...
INFO: [SCHED 204-61] Pipelining loop 'VITIS_LOOP_144_4'.
INFO: [HLS 200-1470] Pipelining result : Target II = NA, Final II = 1, Depth = 2, loop 'VITIS_LOOP_144_4'
INFO: [SCHED 204-11] Finished scheduling.
INFO: [HLS 200-111] Finished Scheduling: CPU user time: 0 seconds. CPU system time: 0 seconds. Elapsed time: 1.361 seconds; current allocated memory: 620.379 MB.
INFO: [BIND 205-100] Starting micro-architecture generation ...
INFO: [BIND 205-101] Performing variable lifetime analysis.
INFO: [BIND 205-101] Exploring resource sharing.
INFO: [BIND 205-101] Binding ...
INFO: [BIND 205-100] Finished micro-architecture generation.
INFO: [HLS 200-111] Finished Binding: CPU user time: 0 seconds. CPU system time: 0 seconds. Elapsed time: 0.075 seconds; current allocated memory: 620.426 MB.
INFO: [HLS 200-10] ----------------------------------------------------------------
INFO: [HLS 200-42] -- Implementing module 'conv2d_9u_128u_4u_true_29' 
INFO: [HLS 200-10] ----------------------------------------------------------------
INFO: [SCHED 204-11] Starting scheduling ...
INFO: [SCHED 204-11] Finished scheduling.
INFO: [HLS 200-111] Finished Scheduling: CPU user time: 0 seconds. CPU system time: 1 seconds. Elapsed time: 0.082 seconds; current allocated memory: 620.543 MB.
INFO: [BIND 205-100] Starting micro-architecture generation ...
INFO: [BIND 205-101] Performing variable lifetime analysis.
INFO: [BIND 205-101] Exploring resource sharing.
INFO: [BIND 205-101] Binding ...
INFO: [BIND 205-100] Finished micro-architecture generation.
INFO: [HLS 200-111] Finished Binding: CPU user time: 0 seconds. CPU system time: 0 seconds. Elapsed time: 0.08 seconds; current allocated memory: 620.664 MB.
INFO: [HLS 200-10] ----------------------------------------------------------------
INFO: [HLS 200-42] -- Implementing module 'conv2d_layer_1u_2u_9u_128u_4u_true_4' 
INFO: [HLS 200-10] ----------------------------------------------------------------
INFO: [SCHED 204-11] Starting scheduling ...
INFO: [SCHED 204-11] Finished scheduling.
INFO: [HLS 200-111] Finished Scheduling: CPU user time: 0 seconds. CPU system time: 0 seconds. Elapsed time: 0.069 seconds; current allocated memory: 620.988 MB.
INFO: [BIND 205-100] Starting micro-architecture generation ...
INFO: [BIND 205-101] Performing variable lifetime analysis.
INFO: [BIND 205-101] Exploring resource sharing.
INFO: [BIND 205-101] Binding ...
INFO: [BIND 205-100] Finished micro-architecture generation.
INFO: [HLS 200-111] Finished Binding: CPU user time: 0 seconds. CPU system time: 0 seconds. Elapsed time: 0.075 seconds; current allocated memory: 621.043 MB.
INFO: [HLS 200-10] ----------------------------------------------------------------
INFO: [HLS 200-42] -- Implementing module 'conv2d_9u_128u_5u_true_12_Pipeline_1' 
INFO: [HLS 200-10] ----------------------------------------------------------------
INFO: [SCHED 204-11] Starting scheduling ...
INFO: [SCHED 204-61] Pipelining loop 'Loop 1'.
INFO: [HLS 200-1470] Pipelining result : Target II = NA, Final II = 1, Depth = 1, loop 'Loop 1'
INFO: [SCHED 204-11] Finished scheduling.
INFO: [HLS 200-111] Finished Scheduling: CPU user time: 0 seconds. CPU system time: 0 seconds. Elapsed time: 0.107 seconds; current allocated memory: 621.453 MB.
INFO: [BIND 205-100] Starting micro-architecture generation ...
INFO: [BIND 205-101] Performing variable lifetime analysis.
INFO: [BIND 205-101] Exploring resource sharing.
INFO: [BIND 205-101] Binding ...
INFO: [BIND 205-100] Finished micro-architecture generation.
INFO: [HLS 200-111] Finished Binding: CPU user time: 0 seconds. CPU system time: 0 seconds. Elapsed time: 0.087 seconds; current allocated memory: 621.453 MB.
INFO: [HLS 200-10] ----------------------------------------------------------------
INFO: [HLS 200-42] -- Implementing module 'conv2d12_Pipeline_VITIS_LOOP_133_1_VITIS_LOOP_134_2_VITIS_LOOP_136_3' 
INFO: [HLS 200-10] ----------------------------------------------------------------
INFO: [SCHED 204-11] Starting scheduling ...
INFO: [SCHED 204-61] Pipelining loop 'VITIS_LOOP_133_1_VITIS_LOOP_134_2_VITIS_LOOP_136_3'.
INFO: [HLS 200-1470] Pipelining result : Target II = NA, Final II = 1, Depth = 3, loop 'VITIS_LOOP_133_1_VITIS_LOOP_134_2_VITIS_LOOP_136_3'
INFO: [SCHED 204-11] Finished scheduling.
INFO: [HLS 200-111] Finished Scheduling: CPU user time: 0 seconds. CPU system time: 0 seconds. Elapsed time: 1.32 seconds; current allocated memory: 621.973 MB.
INFO: [BIND 205-100] Starting micro-architecture generation ...
INFO: [BIND 205-101] Performing variable lifetime analysis.
INFO: [BIND 205-101] Exploring resource sharing.
INFO: [BIND 205-101] Binding ...
INFO: [BIND 205-100] Finished micro-architecture generation.
INFO: [HLS 200-111] Finished Binding: CPU user time: 0 seconds. CPU system time: 0 seconds. Elapsed time: 0.086 seconds; current allocated memory: 622.402 MB.
INFO: [HLS 200-10] ----------------------------------------------------------------
INFO: [HLS 200-42] -- Implementing module 'conv2d_9u_128u_5u_true_12_Pipeline_VITIS_LOOP_144_4' 
INFO: [HLS 200-10] ----------------------------------------------------------------
INFO: [SCHED 204-11] Starting scheduling ...
INFO: [SCHED 204-61] Pipelining loop 'VITIS_LOOP_144_4'.
INFO: [HLS 200-1470] Pipelining result : Target II = NA, Final II = 1, Depth = 2, loop 'VITIS_LOOP_144_4'
INFO: [SCHED 204-11] Finished scheduling.
INFO: [HLS 200-111] Finished Scheduling: CPU user time: 0 seconds. CPU system time: 0 seconds. Elapsed time: 0.122 seconds; current allocated memory: 622.699 MB.
INFO: [BIND 205-100] Starting micro-architecture generation ...
INFO: [BIND 205-101] Performing variable lifetime analysis.
INFO: [BIND 205-101] Exploring resource sharing.
INFO: [BIND 205-101] Binding ...
INFO: [BIND 205-100] Finished micro-architecture generation.
INFO: [HLS 200-111] Finished Binding: CPU user time: 0 seconds. CPU system time: 0 seconds. Elapsed time: 0.092 seconds; current allocated memory: 622.762 MB.
INFO: [HLS 200-10] ----------------------------------------------------------------
INFO: [HLS 200-42] -- Implementing module 'conv2d_9u_128u_5u_true_12' 
INFO: [HLS 200-10] ----------------------------------------------------------------
INFO: [SCHED 204-11] Starting scheduling ...
INFO: [SCHED 204-11] Finished scheduling.
INFO: [HLS 200-111] Finished Scheduling: CPU user time: 0 seconds. CPU system time: 0 seconds. Elapsed time: 0.077 seconds; current allocated memory: 622.840 MB.
INFO: [BIND 205-100] Starting micro-architecture generation ...
INFO: [BIND 205-101] Performing variable lifetime analysis.
INFO: [BIND 205-101] Exploring resource sharing.
INFO: [BIND 205-101] Binding ...
INFO: [BIND 205-100] Finished micro-architecture generation.
INFO: [HLS 200-111] Finished Binding: CPU user time: 0 seconds. CPU system time: 0 seconds. Elapsed time: 0.072 seconds; current allocated memory: 623.027 MB.
INFO: [HLS 200-10] ----------------------------------------------------------------
INFO: [HLS 200-42] -- Implementing module 'conv2d_9u_128u_5u_true_311_Pipeline_1' 
INFO: [HLS 200-10] ----------------------------------------------------------------
INFO: [SCHED 204-11] Starting scheduling ...
INFO: [SCHED 204-61] Pipelining loop 'Loop 1'.
INFO: [HLS 200-1470] Pipelining result : Target II = NA, Final II = 1, Depth = 1, loop 'Loop 1'
INFO: [SCHED 204-11] Finished scheduling.
INFO: [HLS 200-111] Finished Scheduling: CPU user time: 0 seconds. CPU system time: 0 seconds. Elapsed time: 0.111 seconds; current allocated memory: 623.562 MB.
INFO: [BIND 205-100] Starting micro-architecture generation ...
INFO: [BIND 205-101] Performing variable lifetime analysis.
INFO: [BIND 205-101] Exploring resource sharing.
INFO: [BIND 205-101] Binding ...
INFO: [BIND 205-100] Finished micro-architecture generation.
INFO: [HLS 200-111] Finished Binding: CPU user time: 0 seconds. CPU system time: 0 seconds. Elapsed time: 0.082 seconds; current allocated memory: 623.562 MB.
INFO: [HLS 200-10] ----------------------------------------------------------------
INFO: [HLS 200-42] -- Implementing module 'conv2d_311_Pipeline_VITIS_LOOP_133_1_VITIS_LOOP_134_2_VITIS_LOOP_136_3' 
INFO: [HLS 200-10] ----------------------------------------------------------------
INFO: [SCHED 204-11] Starting scheduling ...
INFO: [SCHED 204-61] Pipelining loop 'VITIS_LOOP_133_1_VITIS_LOOP_134_2_VITIS_LOOP_136_3'.
INFO: [HLS 200-1470] Pipelining result : Target II = NA, Final II = 1, Depth = 3, loop 'VITIS_LOOP_133_1_VITIS_LOOP_134_2_VITIS_LOOP_136_3'
INFO: [SCHED 204-11] Finished scheduling.
INFO: [HLS 200-111] Finished Scheduling: CPU user time: 0 seconds. CPU system time: 0 seconds. Elapsed time: 1.283 seconds; current allocated memory: 623.957 MB.
INFO: [BIND 205-100] Starting micro-architecture generation ...
INFO: [BIND 205-101] Performing variable lifetime analysis.
INFO: [BIND 205-101] Exploring resource sharing.
INFO: [BIND 205-101] Binding ...
INFO: [BIND 205-100] Finished micro-architecture generation.
INFO: [HLS 200-111] Finished Binding: CPU user time: 0 seconds. CPU system time: 0 seconds. Elapsed time: 0.088 seconds; current allocated memory: 624.168 MB.
INFO: [HLS 200-10] ----------------------------------------------------------------
INFO: [HLS 200-42] -- Implementing module 'conv2d_9u_128u_5u_true_311_Pipeline_VITIS_LOOP_144_4' 
INFO: [HLS 200-10] ----------------------------------------------------------------
INFO: [SCHED 204-11] Starting scheduling ...
INFO: [SCHED 204-61] Pipelining loop 'VITIS_LOOP_144_4'.
INFO: [HLS 200-1470] Pipelining result : Target II = NA, Final II = 1, Depth = 2, loop 'VITIS_LOOP_144_4'
INFO: [SCHED 204-11] Finished scheduling.
INFO: [HLS 200-111] Finished Scheduling: CPU user time: 1 seconds. CPU system time: 0 seconds. Elapsed time: 0.125 seconds; current allocated memory: 624.406 MB.
INFO: [BIND 205-100] Starting micro-architecture generation ...
INFO: [BIND 205-101] Performing variable lifetime analysis.
INFO: [BIND 205-101] Exploring resource sharing.
INFO: [BIND 205-101] Binding ...
INFO: [BIND 205-100] Finished micro-architecture generation.
INFO: [HLS 200-111] Finished Binding: CPU user time: 0 seconds. CPU system time: 0 seconds. Elapsed time: 0.087 seconds; current allocated memory: 624.777 MB.
INFO: [HLS 200-10] ----------------------------------------------------------------
INFO: [HLS 200-42] -- Implementing module 'conv2d_9u_128u_5u_true_311' 
INFO: [HLS 200-10] ----------------------------------------------------------------
INFO: [SCHED 204-11] Starting scheduling ...
INFO: [SCHED 204-11] Finished scheduling.
INFO: [HLS 200-111] Finished Scheduling: CPU user time: 0 seconds. CPU system time: 0 seconds. Elapsed time: 0.086 seconds; current allocated memory: 624.949 MB.
INFO: [BIND 205-100] Starting micro-architecture generation ...
INFO: [BIND 205-101] Performing variable lifetime analysis.
INFO: [BIND 205-101] Exploring resource sharing.
INFO: [BIND 205-101] Binding ...
INFO: [BIND 205-100] Finished micro-architecture generation.
INFO: [HLS 200-111] Finished Binding: CPU user time: 0 seconds. CPU system time: 0 seconds. Elapsed time: 0.1 seconds; current allocated memory: 624.992 MB.
INFO: [HLS 200-10] ----------------------------------------------------------------
INFO: [HLS 200-42] -- Implementing module 'conv2d_layer_1u_2u_9u_128u_5u_true_3' 
INFO: [HLS 200-10] ----------------------------------------------------------------
INFO: [SCHED 204-11] Starting scheduling ...
INFO: [SCHED 204-11] Finished scheduling.
INFO: [HLS 200-111] Finished Scheduling: CPU user time: 0 seconds. CPU system time: 0 seconds. Elapsed time: 0.083 seconds; current allocated memory: 625.059 MB.
INFO: [BIND 205-100] Starting micro-architecture generation ...
INFO: [BIND 205-101] Performing variable lifetime analysis.
INFO: [BIND 205-101] Exploring resource sharing.
INFO: [BIND 205-101] Binding ...
INFO: [BIND 205-100] Finished micro-architecture generation.
INFO: [HLS 200-111] Finished Binding: CPU user time: 0 seconds. CPU system time: 0 seconds. Elapsed time: 0.08 seconds; current allocated memory: 625.246 MB.
INFO: [HLS 200-10] ----------------------------------------------------------------
INFO: [HLS 200-42] -- Implementing module 'reshape_concate_layer_1u_2u_9u_3u_4u_5u_s' 
INFO: [HLS 200-10] ----------------------------------------------------------------
INFO: [SCHED 204-11] Starting scheduling ...
INFO: [SCHED 204-61] Pipelining loop 'VITIS_LOOP_177_2'.
WARNING: [HLS 200-885] The II Violation in module 'reshape_concate_layer_1u_2u_9u_3u_4u_5u_s' (loop 'VITIS_LOOP_177_2'): Unable to schedule 'store' operation 0 bit ('dout_6_addr_1_write_ln183', Components.cpp:183) of variable 'd2_0_load', Components.cpp:183 on array 'dout_6' due to limited memory ports (II = 1). Please consider using a memory core with more ports or partitioning the array 'dout_6'.
Resolution: For help on HLS 200-885 see docs.xilinx.com/access/sources/dita/topic?Doc_Version=2024.2%20English&url=ug1448-hls-guidance&resourceid=200-885.html
INFO: [HLS 200-1470] Pipelining result : Target II = NA, Final II = 2, Depth = 4, loop 'VITIS_LOOP_177_2'
INFO: [SCHED 204-11] Finished scheduling.
INFO: [HLS 200-111] Finished Scheduling: CPU user time: 0 seconds. CPU system time: 0 seconds. Elapsed time: 1.295 seconds; current allocated memory: 626.316 MB.
INFO: [BIND 205-100] Starting micro-architecture generation ...
INFO: [BIND 205-101] Performing variable lifetime analysis.
INFO: [BIND 205-101] Exploring resource sharing.
INFO: [BIND 205-101] Binding ...
INFO: [BIND 205-100] Finished micro-architecture generation.
INFO: [HLS 200-111] Finished Binding: CPU user time: 0 seconds. CPU system time: 0 seconds. Elapsed time: 0.092 seconds; current allocated memory: 626.660 MB.
INFO: [HLS 200-10] ----------------------------------------------------------------
INFO: [HLS 200-42] -- Implementing module 'fully_connect_layer2_1u_36u_2u_int_int_int_Pipeline_VITIS_LOOP_96_1' 
INFO: [HLS 200-10] ----------------------------------------------------------------
INFO: [SCHED 204-11] Starting scheduling ...
INFO: [SCHED 204-61] Pipelining loop 'VITIS_LOOP_96_1'.
INFO: [HLS 200-1470] Pipelining result : Target II = NA, Final II = 1, Depth = 3, loop 'VITIS_LOOP_96_1'
INFO: [SCHED 204-11] Finished scheduling.
INFO: [HLS 200-111] Finished Scheduling: CPU user time: 0 seconds. CPU system time: 0 seconds. Elapsed time: 0.239 seconds; current allocated memory: 628.816 MB.
INFO: [BIND 205-100] Starting micro-architecture generation ...
INFO: [BIND 205-101] Performing variable lifetime analysis.
INFO: [BIND 205-101] Exploring resource sharing.
INFO: [BIND 205-101] Binding ...
INFO: [BIND 205-100] Finished micro-architecture generation.
INFO: [HLS 200-111] Finished Binding: CPU user time: 0 seconds. CPU system time: 0 seconds. Elapsed time: 0.132 seconds; current allocated memory: 629.434 MB.
INFO: [HLS 200-10] ----------------------------------------------------------------
INFO: [HLS 200-42] -- Implementing module 'fully_connect_layer2_1u_36u_2u_int_int_int_s' 
INFO: [HLS 200-10] ----------------------------------------------------------------
INFO: [SCHED 204-11] Starting scheduling ...
INFO: [SCHED 204-11] Finished scheduling.
INFO: [HLS 200-111] Finished Scheduling: CPU user time: 0 seconds. CPU system time: 0 seconds. Elapsed time: 0.137 seconds; current allocated memory: 629.703 MB.
INFO: [BIND 205-100] Starting micro-architecture generation ...
INFO: [BIND 205-101] Performing variable lifetime analysis.
INFO: [BIND 205-101] Exploring resource sharing.
INFO: [BIND 205-101] Binding ...
INFO: [BIND 205-100] Finished micro-architecture generation.
INFO: [HLS 200-111] Finished Binding: CPU user time: 0 seconds. CPU system time: 0 seconds. Elapsed time: 0.093 seconds; current allocated memory: 630.340 MB.
INFO: [HLS 200-10] ----------------------------------------------------------------
INFO: [HLS 200-42] -- Implementing module 'l_softmax_layer_1u_2u_Pipeline_VITIS_LOOP_202_2' 
INFO: [HLS 200-10] ----------------------------------------------------------------
INFO: [SCHED 204-11] Starting scheduling ...
INFO: [SCHED 204-61] Pipelining loop 'VITIS_LOOP_202_2'.
WARNING: [HLS 200-880] The II Violation in module 'l_softmax_layer_1u_2u_Pipeline_VITIS_LOOP_202_2' (loop 'VITIS_LOOP_202_2'): Unable to enforce a carried dependence constraint (II = 1, distance = 1, offset = 0) between 'store' operation 0 bit ('fsum_write_ln201', Components.cpp:201) of variable 'fsum', Components.cpp:204 on local variable 'fsum', Components.cpp:201 and 'load' operation 32 bit ('fsum_load_1', Components.cpp:204) on local variable 'fsum', Components.cpp:201.
Resolution: For help on HLS 200-880 see docs.xilinx.com/access/sources/dita/topic?Doc_Version=2024.2%20English&url=ug1448-hls-guidance&resourceid=200-880.html
WARNING: [HLS 200-880] The II Violation in module 'l_softmax_layer_1u_2u_Pipeline_VITIS_LOOP_202_2' (loop 'VITIS_LOOP_202_2'): Unable to enforce a carried dependence constraint (II = 2, distance = 1, offset = 0) between 'store' operation 0 bit ('fsum_write_ln201', Components.cpp:201) of variable 'fsum', Components.cpp:204 on local variable 'fsum', Components.cpp:201 and 'load' operation 32 bit ('fsum_load_1', Components.cpp:204) on local variable 'fsum', Components.cpp:201.
Resolution: For help on HLS 200-880 see docs.xilinx.com/access/sources/dita/topic?Doc_Version=2024.2%20English&url=ug1448-hls-guidance&resourceid=200-880.html
INFO: [HLS 200-1470] Pipelining result : Target II = NA, Final II = 3, Depth = 17, loop 'VITIS_LOOP_202_2'
INFO: [SCHED 204-11] Finished scheduling.
INFO: [HLS 200-111] Finished Scheduling: CPU user time: 0 seconds. CPU system time: 0 seconds. Elapsed time: 1.144 seconds; current allocated memory: 630.668 MB.
INFO: [BIND 205-100] Starting micro-architecture generation ...
INFO: [BIND 205-101] Performing variable lifetime analysis.
INFO: [BIND 205-101] Exploring resource sharing.
INFO: [BIND 205-101] Binding ...
INFO: [BIND 205-100] Finished micro-architecture generation.
INFO: [HLS 200-111] Finished Binding: CPU user time: 0 seconds. CPU system time: 0 seconds. Elapsed time: 0.098 seconds; current allocated memory: 630.734 MB.
INFO: [HLS 200-10] ----------------------------------------------------------------
INFO: [HLS 200-42] -- Implementing module 'l_softmax_layer_1u_2u_Pipeline_VITIS_LOOP_207_3' 
INFO: [HLS 200-10] ----------------------------------------------------------------
INFO: [SCHED 204-11] Starting scheduling ...
INFO: [SCHED 204-61] Pipelining loop 'VITIS_LOOP_207_3'.
INFO: [HLS 200-1470] Pipelining result : Target II = NA, Final II = 1, Depth = 6, loop 'VITIS_LOOP_207_3'
INFO: [SCHED 204-11] Finished scheduling.
INFO: [HLS 200-111] Finished Scheduling: CPU user time: 0 seconds. CPU system time: 0 seconds. Elapsed time: 0.131 seconds; current allocated memory: 630.848 MB.
INFO: [BIND 205-100] Starting micro-architecture generation ...
INFO: [BIND 205-101] Performing variable lifetime analysis.
INFO: [BIND 205-101] Exploring resource sharing.
INFO: [BIND 205-101] Binding ...
INFO: [BIND 205-100] Finished micro-architecture generation.
INFO: [HLS 200-111] Finished Binding: CPU user time: 0 seconds. CPU system time: 0 seconds. Elapsed time: 0.099 seconds; current allocated memory: 631.023 MB.
INFO: [HLS 200-10] ----------------------------------------------------------------
INFO: [HLS 200-42] -- Implementing module 'l_softmax_layer_1u_2u_s' 
INFO: [HLS 200-10] ----------------------------------------------------------------
INFO: [SCHED 204-11] Starting scheduling ...
INFO: [SCHED 204-11] Finished scheduling.
INFO: [HLS 200-111] Finished Scheduling: CPU user time: 0 seconds. CPU system time: 0 seconds. Elapsed time: 0.089 seconds; current allocated memory: 631.246 MB.
INFO: [BIND 205-100] Starting micro-architecture generation ...
INFO: [BIND 205-101] Performing variable lifetime analysis.
INFO: [BIND 205-101] Exploring resource sharing.
INFO: [BIND 205-101] Binding ...
INFO: [BIND 205-100] Finished micro-architecture generation.
INFO: [HLS 200-111] Finished Binding: CPU user time: 1 seconds. CPU system time: 0 seconds. Elapsed time: 0.084 seconds; current allocated memory: 631.371 MB.
INFO: [HLS 200-10] ----------------------------------------------------------------
INFO: [HLS 200-42] -- Implementing module 'CNN_1u_9u_2u_2u_2u_128u_s' 
INFO: [HLS 200-10] ----------------------------------------------------------------
INFO: [SCHED 204-11] Starting scheduling ...
INFO: [SCHED 204-11] Finished scheduling.
INFO: [HLS 200-111] Finished Scheduling: CPU user time: 0 seconds. CPU system time: 0 seconds. Elapsed time: 0.081 seconds; current allocated memory: 631.457 MB.
INFO: [BIND 205-100] Starting micro-architecture generation ...
INFO: [BIND 205-101] Performing variable lifetime analysis.
INFO: [BIND 205-101] Exploring resource sharing.
INFO: [BIND 205-101] Binding ...
INFO: [BIND 205-100] Finished micro-architecture generation.
INFO: [HLS 200-111] Finished Binding: CPU user time: 0 seconds. CPU system time: 0 seconds. Elapsed time: 1.288 seconds; current allocated memory: 631.836 MB.
INFO: [HLS 200-10] ----------------------------------------------------------------
INFO: [HLS 200-42] -- Implementing module 'CNN_top' 
INFO: [HLS 200-10] ----------------------------------------------------------------
INFO: [SCHED 204-11] Starting scheduling ...
INFO: [SCHED 204-11] Finished scheduling.
INFO: [HLS 200-111] Finished Scheduling: CPU user time: 0 seconds. CPU system time: 0 seconds. Elapsed time: 0.109 seconds; current allocated memory: 631.898 MB.
INFO: [BIND 205-100] Starting micro-architecture generation ...
INFO: [BIND 205-101] Performing variable lifetime analysis.
INFO: [BIND 205-101] Exploring resource sharing.
INFO: [BIND 205-101] Binding ...
INFO: [BIND 205-100] Finished micro-architecture generation.
INFO: [HLS 200-111] Finished Binding: CPU user time: 0 seconds. CPU system time: 0 seconds. Elapsed time: 0.089 seconds; current allocated memory: 631.984 MB.
INFO: [HLS 200-10] ----------------------------------------------------------------
INFO: [HLS 200-10] -- Generating RTL for module 'conv2d_9u_128u_3u_true_8_Pipeline_1' 
INFO: [HLS 200-10] ----------------------------------------------------------------
INFO: [RTGEN 206-100] Finished creating RTL model for 'conv2d_9u_128u_3u_true_8_Pipeline_1'.
INFO: [HLS 200-111] Finished Creating RTL model: CPU user time: 0 seconds. CPU system time: 0 seconds. Elapsed time: 0.139 seconds; current allocated memory: 633.352 MB.
INFO: [HLS 200-10] ----------------------------------------------------------------
INFO: [HLS 200-10] -- Generating RTL for module 'conv2d8_Pipeline_VITIS_LOOP_133_1_VITIS_LOOP_134_2_VITIS_LOOP_136_3' 
INFO: [HLS 200-10] ----------------------------------------------------------------
INFO: [SYN 201-210] Renamed object name 'conv2d8_Pipeline_VITIS_LOOP_133_1_VITIS_LOOP_134_2_VITIS_LOOP_136_3_fc_dout_46_ROM_AUTO_1R' to 'conv2d8_Pipeline_VITIS_LOOP_133_1_VITIS_LOOP_134_2_VITIS_LOOP_136_3_fc_dout_4bkb' due to the length limit 80
INFO: [HLS 200-1030] Apply Unified Pipeline Control on module 'conv2d8_Pipeline_VITIS_LOOP_133_1_VITIS_LOOP_134_2_VITIS_LOOP_136_3' pipeline 'VITIS_LOOP_133_1_VITIS_LOOP_134_2_VITIS_LOOP_136_3' pipeline type 'loop pipeline'
INFO: [RTGEN 206-100] Finished creating RTL model for 'conv2d8_Pipeline_VITIS_LOOP_133_1_VITIS_LOOP_134_2_VITIS_LOOP_136_3'.
INFO: [RTMG 210-279] Implementing memory 'CNN_top_conv2d8_Pipeline_VITIS_LOOP_133_1_VITIS_LOOP_134_2_VITIS_LOOP_136_3_fc_dout_4bkb' using auto ROMs.
INFO: [HLS 200-111] Finished Creating RTL model: CPU user time: 0 seconds. CPU system time: 0 seconds. Elapsed time: 0.166 seconds; current allocated memory: 635.695 MB.
INFO: [HLS 200-10] ----------------------------------------------------------------
INFO: [HLS 200-10] -- Generating RTL for module 'conv2d_9u_128u_3u_true_8_Pipeline_VITIS_LOOP_144_4' 
INFO: [HLS 200-10] ----------------------------------------------------------------
INFO: [HLS 200-1030] Apply Unified Pipeline Control on module 'conv2d_9u_128u_3u_true_8_Pipeline_VITIS_LOOP_144_4' pipeline 'VITIS_LOOP_144_4' pipeline type 'loop pipeline'
INFO: [RTGEN 206-100] Finished creating RTL model for 'conv2d_9u_128u_3u_true_8_Pipeline_VITIS_LOOP_144_4'.
INFO: [HLS 200-111] Finished Creating RTL model: CPU user time: 0 seconds. CPU system time: 0 seconds. Elapsed time: 0.195 seconds; current allocated memory: 637.422 MB.
INFO: [HLS 200-10] ----------------------------------------------------------------
INFO: [HLS 200-10] -- Generating RTL for module 'conv2d_9u_128u_3u_true_8' 
INFO: [HLS 200-10] ----------------------------------------------------------------
INFO: [RTGEN 206-100] Finished creating RTL model for 'conv2d_9u_128u_3u_true_8'.
INFO: [RTMG 210-278] Implementing memory 'CNN_top_conv2d_9u_128u_3u_true_8_sum_RAM_AUTO_1R1W' using auto RAMs.
INFO: [HLS 200-111] Finished Creating RTL model: CPU user time: 0 seconds. CPU system time: 0 seconds. Elapsed time: 0.169 seconds; current allocated memory: 639.055 MB.
INFO: [HLS 200-10] ----------------------------------------------------------------
INFO: [HLS 200-10] -- Generating RTL for module 'conv2d_9u_128u_3u_true_17_Pipeline_1' 
INFO: [HLS 200-10] ----------------------------------------------------------------
INFO: [RTGEN 206-100] Finished creating RTL model for 'conv2d_9u_128u_3u_true_17_Pipeline_1'.
INFO: [HLS 200-111] Finished Creating RTL model: CPU user time: 0 seconds. CPU system time: 0 seconds. Elapsed time: 0.129 seconds; current allocated memory: 639.652 MB.
INFO: [HLS 200-10] ----------------------------------------------------------------
INFO: [HLS 200-10] -- Generating RTL for module 'conv2d_17_Pipeline_VITIS_LOOP_133_1_VITIS_LOOP_134_2_VITIS_LOOP_136_3' 
INFO: [HLS 200-10] ----------------------------------------------------------------
INFO: [SYN 201-210] Renamed object name 'conv2d_17_Pipeline_VITIS_LOOP_133_1_VITIS_LOOP_134_2_VITIS_LOOP_136_3_fc_dout_1_ROM_AUTO_1R' to 'conv2d_17_Pipeline_VITIS_LOOP_133_1_VITIS_LOOP_134_2_VITIS_LOOP_136_3_fc_doutcud' due to the length limit 80
INFO: [HLS 200-1030] Apply Unified Pipeline Control on module 'conv2d_17_Pipeline_VITIS_LOOP_133_1_VITIS_LOOP_134_2_VITIS_LOOP_136_3' pipeline 'VITIS_LOOP_133_1_VITIS_LOOP_134_2_VITIS_LOOP_136_3' pipeline type 'loop pipeline'
INFO: [RTGEN 206-100] Finished creating RTL model for 'conv2d_17_Pipeline_VITIS_LOOP_133_1_VITIS_LOOP_134_2_VITIS_LOOP_136_3'.
INFO: [HLS 200-111] Finished Creating RTL model: CPU user time: 0 seconds. CPU system time: 0 seconds. Elapsed time: 0.142 seconds; current allocated memory: 640.594 MB.
INFO: [HLS 200-10] ----------------------------------------------------------------
INFO: [HLS 200-10] -- Generating RTL for module 'conv2d_9u_128u_3u_true_17_Pipeline_VITIS_LOOP_144_4' 
INFO: [HLS 200-10] ----------------------------------------------------------------
INFO: [HLS 200-1030] Apply Unified Pipeline Control on module 'conv2d_9u_128u_3u_true_17_Pipeline_VITIS_LOOP_144_4' pipeline 'VITIS_LOOP_144_4' pipeline type 'loop pipeline'
INFO: [RTGEN 206-100] Finished creating RTL model for 'conv2d_9u_128u_3u_true_17_Pipeline_VITIS_LOOP_144_4'.
INFO: [HLS 200-111] Finished Creating RTL model: CPU user time: 0 seconds. CPU system time: 0 seconds. Elapsed time: 0.198 seconds; current allocated memory: 642.551 MB.
INFO: [HLS 200-10] ----------------------------------------------------------------
INFO: [HLS 200-10] -- Generating RTL for module 'conv2d_9u_128u_3u_true_17' 
INFO: [HLS 200-10] ----------------------------------------------------------------
INFO: [RTGEN 206-100] Finished creating RTL model for 'conv2d_9u_128u_3u_true_17'.
INFO: [RTMG 210-278] Implementing memory 'CNN_top_conv2d_9u_128u_3u_true_17_sum_RAM_AUTO_1R1W' using auto RAMs.
INFO: [HLS 200-111] Finished Creating RTL model: CPU user time: 0 seconds. CPU system time: 1 seconds. Elapsed time: 0.175 seconds; current allocated memory: 644.234 MB.
INFO: [HLS 200-10] ----------------------------------------------------------------
INFO: [HLS 200-10] -- Generating RTL for module 'conv2d_layer_1u_2u_9u_128u_3u_true_5' 
INFO: [HLS 200-10] ----------------------------------------------------------------
INFO: [RTGEN 206-100] Finished creating RTL model for 'conv2d_layer_1u_2u_9u_128u_3u_true_5'.
INFO: [HLS 200-111] Finished Creating RTL model: CPU user time: 0 seconds. CPU system time: 0 seconds. Elapsed time: 0.116 seconds; current allocated memory: 644.965 MB.
INFO: [HLS 200-10] ----------------------------------------------------------------
INFO: [HLS 200-10] -- Generating RTL for module 'conv2d_9u_128u_4u_true_10_Pipeline_1' 
INFO: [HLS 200-10] ----------------------------------------------------------------
INFO: [RTGEN 206-100] Finished creating RTL model for 'conv2d_9u_128u_4u_true_10_Pipeline_1'.
INFO: [HLS 200-111] Finished Creating RTL model: CPU user time: 0 seconds. CPU system time: 0 seconds. Elapsed time: 0.121 seconds; current allocated memory: 645.746 MB.
INFO: [HLS 200-10] ----------------------------------------------------------------
INFO: [HLS 200-10] -- Generating RTL for module 'conv2d10_Pipeline_VITIS_LOOP_133_1_VITIS_LOOP_134_2_VITIS_LOOP_136_3' 
INFO: [HLS 200-10] ----------------------------------------------------------------
INFO: [SYN 201-210] Renamed object name 'conv2d10_Pipeline_VITIS_LOOP_133_1_VITIS_LOOP_134_2_VITIS_LOOP_136_3_fc_dout_ROM_AUTO_1R' to 'conv2d10_Pipeline_VITIS_LOOP_133_1_VITIS_LOOP_134_2_VITIS_LOOP_136_3_fc_dout_dEe' due to the length limit 80
INFO: [HLS 200-1030] Apply Unified Pipeline Control on module 'conv2d10_Pipeline_VITIS_LOOP_133_1_VITIS_LOOP_134_2_VITIS_LOOP_136_3' pipeline 'VITIS_LOOP_133_1_VITIS_LOOP_134_2_VITIS_LOOP_136_3' pipeline type 'loop pipeline'
INFO: [RTGEN 206-100] Finished creating RTL model for 'conv2d10_Pipeline_VITIS_LOOP_133_1_VITIS_LOOP_134_2_VITIS_LOOP_136_3'.
INFO: [HLS 200-111] Finished Creating RTL model: CPU user time: 0 seconds. CPU system time: 0 seconds. Elapsed time: 1.079 seconds; current allocated memory: 646.812 MB.
INFO: [HLS 200-10] ----------------------------------------------------------------
INFO: [HLS 200-10] -- Generating RTL for module 'conv2d_9u_128u_4u_true_10_Pipeline_VITIS_LOOP_144_4' 
INFO: [HLS 200-10] ----------------------------------------------------------------
INFO: [HLS 200-1030] Apply Unified Pipeline Control on module 'conv2d_9u_128u_4u_true_10_Pipeline_VITIS_LOOP_144_4' pipeline 'VITIS_LOOP_144_4' pipeline type 'loop pipeline'
INFO: [RTGEN 206-100] Finished creating RTL model for 'conv2d_9u_128u_4u_true_10_Pipeline_VITIS_LOOP_144_4'.
INFO: [HLS 200-111] Finished Creating RTL model: CPU user time: 0 seconds. CPU system time: 0 seconds. Elapsed time: 0.222 seconds; current allocated memory: 648.715 MB.
INFO: [HLS 200-10] ----------------------------------------------------------------
INFO: [HLS 200-10] -- Generating RTL for module 'conv2d_9u_128u_4u_true_10' 
INFO: [HLS 200-10] ----------------------------------------------------------------
INFO: [RTGEN 206-100] Finished creating RTL model for 'conv2d_9u_128u_4u_true_10'.
INFO: [RTMG 210-278] Implementing memory 'CNN_top_conv2d_9u_128u_4u_true_10_sum_RAM_AUTO_1R1W' using auto RAMs.
INFO: [HLS 200-111] Finished Creating RTL model: CPU user time: 1 seconds. CPU system time: 0 seconds. Elapsed time: 0.175 seconds; current allocated memory: 650.516 MB.
INFO: [HLS 200-10] ----------------------------------------------------------------
INFO: [HLS 200-10] -- Generating RTL for module 'conv2d_9u_128u_4u_true_29_Pipeline_1' 
INFO: [HLS 200-10] ----------------------------------------------------------------
INFO: [RTGEN 206-100] Finished creating RTL model for 'conv2d_9u_128u_4u_true_29_Pipeline_1'.
INFO: [HLS 200-111] Finished Creating RTL model: CPU user time: 0 seconds. CPU system time: 0 seconds. Elapsed time: 0.127 seconds; current allocated memory: 651.133 MB.
INFO: [HLS 200-10] ----------------------------------------------------------------
INFO: [HLS 200-10] -- Generating RTL for module 'conv2d_29_Pipeline_VITIS_LOOP_133_1_VITIS_LOOP_134_2_VITIS_LOOP_136_3' 
INFO: [HLS 200-10] ----------------------------------------------------------------
INFO: [SYN 201-210] Renamed object name 'conv2d_29_Pipeline_VITIS_LOOP_133_1_VITIS_LOOP_134_2_VITIS_LOOP_136_3_fc_dout_4_ROM_AUTO_1R' to 'conv2d_29_Pipeline_VITIS_LOOP_133_1_VITIS_LOOP_134_2_VITIS_LOOP_136_3_fc_douteOg' due to the length limit 80
INFO: [HLS 200-1030] Apply Unified Pipeline Control on module 'conv2d_29_Pipeline_VITIS_LOOP_133_1_VITIS_LOOP_134_2_VITIS_LOOP_136_3' pipeline 'VITIS_LOOP_133_1_VITIS_LOOP_134_2_VITIS_LOOP_136_3' pipeline type 'loop pipeline'
INFO: [RTGEN 206-100] Finished creating RTL model for 'conv2d_29_Pipeline_VITIS_LOOP_133_1_VITIS_LOOP_134_2_VITIS_LOOP_136_3'.
INFO: [HLS 200-111] Finished Creating RTL model: CPU user time: 0 seconds. CPU system time: 0 seconds. Elapsed time: 0.157 seconds; current allocated memory: 652.051 MB.
INFO: [HLS 200-10] ----------------------------------------------------------------
INFO: [HLS 200-10] -- Generating RTL for module 'conv2d_9u_128u_4u_true_29_Pipeline_VITIS_LOOP_144_4' 
INFO: [HLS 200-10] ----------------------------------------------------------------
INFO: [HLS 200-1030] Apply Unified Pipeline Control on module 'conv2d_9u_128u_4u_true_29_Pipeline_VITIS_LOOP_144_4' pipeline 'VITIS_LOOP_144_4' pipeline type 'loop pipeline'
INFO: [RTGEN 206-100] Finished creating RTL model for 'conv2d_9u_128u_4u_true_29_Pipeline_VITIS_LOOP_144_4'.
INFO: [HLS 200-111] Finished Creating RTL model: CPU user time: 0 seconds. CPU system time: 0 seconds. Elapsed time: 1.207 seconds; current allocated memory: 654.188 MB.
INFO: [HLS 200-10] ----------------------------------------------------------------
INFO: [HLS 200-10] -- Generating RTL for module 'conv2d_9u_128u_4u_true_29' 
INFO: [HLS 200-10] ----------------------------------------------------------------
INFO: [RTGEN 206-100] Finished creating RTL model for 'conv2d_9u_128u_4u_true_29'.
INFO: [RTMG 210-278] Implementing memory 'CNN_top_conv2d_9u_128u_4u_true_29_sum_RAM_AUTO_1R1W' using auto RAMs.
INFO: [HLS 200-111] Finished Creating RTL model: CPU user time: 0 seconds. CPU system time: 0 seconds. Elapsed time: 0.189 seconds; current allocated memory: 656.008 MB.
INFO: [HLS 200-10] ----------------------------------------------------------------
INFO: [HLS 200-10] -- Generating RTL for module 'conv2d_layer_1u_2u_9u_128u_4u_true_4' 
INFO: [HLS 200-10] ----------------------------------------------------------------
INFO: [RTGEN 206-100] Finished creating RTL model for 'conv2d_layer_1u_2u_9u_128u_4u_true_4'.
INFO: [HLS 200-111] Finished Creating RTL model: CPU user time: 0 seconds. CPU system time: 0 seconds. Elapsed time: 0.134 seconds; current allocated memory: 656.930 MB.
INFO: [HLS 200-10] ----------------------------------------------------------------
INFO: [HLS 200-10] -- Generating RTL for module 'conv2d_9u_128u_5u_true_12_Pipeline_1' 
INFO: [HLS 200-10] ----------------------------------------------------------------
INFO: [RTGEN 206-100] Finished creating RTL model for 'conv2d_9u_128u_5u_true_12_Pipeline_1'.
INFO: [HLS 200-111] Finished Creating RTL model: CPU user time: 0 seconds. CPU system time: 0 seconds. Elapsed time: 0.123 seconds; current allocated memory: 657.484 MB.
INFO: [HLS 200-10] ----------------------------------------------------------------
INFO: [HLS 200-10] -- Generating RTL for module 'conv2d12_Pipeline_VITIS_LOOP_133_1_VITIS_LOOP_134_2_VITIS_LOOP_136_3' 
INFO: [HLS 200-10] ----------------------------------------------------------------
INFO: [SYN 201-210] Renamed object name 'conv2d12_Pipeline_VITIS_LOOP_133_1_VITIS_LOOP_134_2_VITIS_LOOP_136_3_fc_dout_3_ROM_AUTO_1R' to 'conv2d12_Pipeline_VITIS_LOOP_133_1_VITIS_LOOP_134_2_VITIS_LOOP_136_3_fc_dout_fYi' due to the length limit 80
INFO: [HLS 200-1030] Apply Unified Pipeline Control on module 'conv2d12_Pipeline_VITIS_LOOP_133_1_VITIS_LOOP_134_2_VITIS_LOOP_136_3' pipeline 'VITIS_LOOP_133_1_VITIS_LOOP_134_2_VITIS_LOOP_136_3' pipeline type 'loop pipeline'
INFO: [RTGEN 206-100] Finished creating RTL model for 'conv2d12_Pipeline_VITIS_LOOP_133_1_VITIS_LOOP_134_2_VITIS_LOOP_136_3'.
INFO: [HLS 200-111] Finished Creating RTL model: CPU user time: 0 seconds. CPU system time: 0 seconds. Elapsed time: 0.168 seconds; current allocated memory: 658.312 MB.
INFO: [HLS 200-10] ----------------------------------------------------------------
INFO: [HLS 200-10] -- Generating RTL for module 'conv2d_9u_128u_5u_true_12_Pipeline_VITIS_LOOP_144_4' 
INFO: [HLS 200-10] ----------------------------------------------------------------
INFO: [HLS 200-1030] Apply Unified Pipeline Control on module 'conv2d_9u_128u_5u_true_12_Pipeline_VITIS_LOOP_144_4' pipeline 'VITIS_LOOP_144_4' pipeline type 'loop pipeline'
INFO: [RTGEN 206-100] Finished creating RTL model for 'conv2d_9u_128u_5u_true_12_Pipeline_VITIS_LOOP_144_4'.
INFO: [HLS 200-111] Finished Creating RTL model: CPU user time: 0 seconds. CPU system time: 0 seconds. Elapsed time: 0.219 seconds; current allocated memory: 660.574 MB.
INFO: [HLS 200-10] ----------------------------------------------------------------
INFO: [HLS 200-10] -- Generating RTL for module 'conv2d_9u_128u_5u_true_12' 
INFO: [HLS 200-10] ----------------------------------------------------------------
INFO: [RTGEN 206-100] Finished creating RTL model for 'conv2d_9u_128u_5u_true_12'.
INFO: [RTMG 210-278] Implementing memory 'CNN_top_conv2d_9u_128u_5u_true_12_sum_RAM_AUTO_1R1W' using auto RAMs.
INFO: [HLS 200-111] Finished Creating RTL model: CPU user time: 0 seconds. CPU system time: 0 seconds. Elapsed time: 1.04 seconds; current allocated memory: 662.027 MB.
INFO: [HLS 200-10] ----------------------------------------------------------------
INFO: [HLS 200-10] -- Generating RTL for module 'conv2d_9u_128u_5u_true_311_Pipeline_1' 
INFO: [HLS 200-10] ----------------------------------------------------------------
INFO: [RTGEN 206-100] Finished creating RTL model for 'conv2d_9u_128u_5u_true_311_Pipeline_1'.
INFO: [HLS 200-111] Finished Creating RTL model: CPU user time: 0 seconds. CPU system time: 0 seconds. Elapsed time: 0.123 seconds; current allocated memory: 663.047 MB.
INFO: [HLS 200-10] ----------------------------------------------------------------
INFO: [HLS 200-10] -- Generating RTL for module 'conv2d_311_Pipeline_VITIS_LOOP_133_1_VITIS_LOOP_134_2_VITIS_LOOP_136_3' 
INFO: [HLS 200-10] ----------------------------------------------------------------
INFO: [SYN 201-210] Renamed object name 'conv2d_311_Pipeline_VITIS_LOOP_133_1_VITIS_LOOP_134_2_VITIS_LOOP_136_3_fc_dout_2_ROM_AUTO_1R' to 'conv2d_311_Pipeline_VITIS_LOOP_133_1_VITIS_LOOP_134_2_VITIS_LOOP_136_3_fc_doug8j' due to the length limit 80
INFO: [HLS 200-1030] Apply Unified Pipeline Control on module 'conv2d_311_Pipeline_VITIS_LOOP_133_1_VITIS_LOOP_134_2_VITIS_LOOP_136_3' pipeline 'VITIS_LOOP_133_1_VITIS_LOOP_134_2_VITIS_LOOP_136_3' pipeline type 'loop pipeline'
INFO: [RTGEN 206-100] Finished creating RTL model for 'conv2d_311_Pipeline_VITIS_LOOP_133_1_VITIS_LOOP_134_2_VITIS_LOOP_136_3'.
INFO: [HLS 200-111] Finished Creating RTL model: CPU user time: 0 seconds. CPU system time: 1 seconds. Elapsed time: 0.144 seconds; current allocated memory: 664.266 MB.
INFO: [HLS 200-10] ----------------------------------------------------------------
INFO: [HLS 200-10] -- Generating RTL for module 'conv2d_9u_128u_5u_true_311_Pipeline_VITIS_LOOP_144_4' 
INFO: [HLS 200-10] ----------------------------------------------------------------
INFO: [HLS 200-1030] Apply Unified Pipeline Control on module 'conv2d_9u_128u_5u_true_311_Pipeline_VITIS_LOOP_144_4' pipeline 'VITIS_LOOP_144_4' pipeline type 'loop pipeline'
INFO: [RTGEN 206-100] Finished creating RTL model for 'conv2d_9u_128u_5u_true_311_Pipeline_VITIS_LOOP_144_4'.
INFO: [HLS 200-111] Finished Creating RTL model: CPU user time: 0 seconds. CPU system time: 0 seconds. Elapsed time: 0.217 seconds; current allocated memory: 666.180 MB.
INFO: [HLS 200-10] ----------------------------------------------------------------
INFO: [HLS 200-10] -- Generating RTL for module 'conv2d_9u_128u_5u_true_311' 
INFO: [HLS 200-10] ----------------------------------------------------------------
INFO: [RTGEN 206-100] Finished creating RTL model for 'conv2d_9u_128u_5u_true_311'.
INFO: [RTMG 210-278] Implementing memory 'CNN_top_conv2d_9u_128u_5u_true_311_sum_RAM_AUTO_1R1W' using auto RAMs.
INFO: [HLS 200-111] Finished Creating RTL model: CPU user time: 1 seconds. CPU system time: 0 seconds. Elapsed time: 0.17 seconds; current allocated memory: 668.461 MB.
INFO: [HLS 200-10] ----------------------------------------------------------------
INFO: [HLS 200-10] -- Generating RTL for module 'conv2d_layer_1u_2u_9u_128u_5u_true_3' 
INFO: [HLS 200-10] ----------------------------------------------------------------
INFO: [RTGEN 206-100] Finished creating RTL model for 'conv2d_layer_1u_2u_9u_128u_5u_true_3'.
INFO: [HLS 200-111] Finished Creating RTL model: CPU user time: 0 seconds. CPU system time: 0 seconds. Elapsed time: 0.118 seconds; current allocated memory: 669.043 MB.
INFO: [HLS 200-10] ----------------------------------------------------------------
INFO: [HLS 200-10] -- Generating RTL for module 'reshape_concate_layer_1u_2u_9u_3u_4u_5u_s' 
INFO: [HLS 200-10] ----------------------------------------------------------------
INFO: [HLS 200-1030] Apply Unified Pipeline Control on module 'reshape_concate_layer_1u_2u_9u_3u_4u_5u_s' pipeline 'VITIS_LOOP_177_2' pipeline type 'loop pipeline'
INFO: [RTGEN 206-100] Finished creating RTL model for 'reshape_concate_layer_1u_2u_9u_3u_4u_5u_s'.
INFO: [HLS 200-111] Finished Creating RTL model: CPU user time: 0 seconds. CPU system time: 0 seconds. Elapsed time: 1.142 seconds; current allocated memory: 670.801 MB.
INFO: [HLS 200-10] ----------------------------------------------------------------
INFO: [HLS 200-10] -- Generating RTL for module 'fully_connect_layer2_1u_36u_2u_int_int_int_Pipeline_VITIS_LOOP_96_1' 
INFO: [HLS 200-10] ----------------------------------------------------------------
INFO: [SYN 201-210] Renamed object name 'fully_connect_layer2_1u_36u_2u_int_int_int_Pipeline_VITIS_LOOP_96_1_fc2_coef_ROM_AUTO_1R' to 'fully_connect_layer2_1u_36u_2u_int_int_int_Pipeline_VITIS_LOOP_96_1_fc2_coef_hbi' due to the length limit 80
INFO: [HLS 200-1030] Apply Unified Pipeline Control on module 'fully_connect_layer2_1u_36u_2u_int_int_int_Pipeline_VITIS_LOOP_96_1' pipeline 'VITIS_LOOP_96_1' pipeline type 'loop pipeline'
INFO: [RTGEN 206-100] Generating core module 'mul_31ns_3ns_32_1_1': 36 instance(s).
INFO: [RTGEN 206-100] Finished creating RTL model for 'fully_connect_layer2_1u_36u_2u_int_int_int_Pipeline_VITIS_LOOP_96_1'.
INFO: [HLS 200-2168] Implementing memory 'CNN_top_fully_connect_layer2_1u_36u_2u_int_int_int_Pipeline_VITIS_LOOP_96_1_fc2_coef_hbi' using auto ROMs with 37 copies to ensure enough ports to satisfy II or latency constraints.
INFO: [HLS 200-111] Finished Creating RTL model: CPU user time: 0 seconds. CPU system time: 0 seconds. Elapsed time: 0.441 seconds; current allocated memory: 675.844 MB.
INFO: [HLS 200-10] ----------------------------------------------------------------
INFO: [HLS 200-10] -- Generating RTL for module 'fully_connect_layer2_1u_36u_2u_int_int_int_s' 
INFO: [HLS 200-10] ----------------------------------------------------------------
INFO: [RTGEN 206-100] Finished creating RTL model for 'fully_connect_layer2_1u_36u_2u_int_int_int_s'.
INFO: [HLS 200-111] Finished Creating RTL model: CPU user time: 0 seconds. CPU system time: 0 seconds. Elapsed time: 0.458 seconds; current allocated memory: 681.398 MB.
INFO: [HLS 200-10] ----------------------------------------------------------------
INFO: [HLS 200-10] -- Generating RTL for module 'l_softmax_layer_1u_2u_Pipeline_VITIS_LOOP_202_2' 
INFO: [HLS 200-10] ----------------------------------------------------------------
INFO: [HLS 200-1030] Apply Unified Pipeline Control on module 'l_softmax_layer_1u_2u_Pipeline_VITIS_LOOP_202_2' pipeline 'VITIS_LOOP_202_2' pipeline type 'loop pipeline'
INFO: [RTGEN 206-100] Generating core module 'faddfsub_32ns_32ns_32_4_full_dsp_1': 1 instance(s).
INFO: [RTGEN 206-100] Generating core module 'fexp_32ns_32ns_32_8_full_dsp_1': 1 instance(s).
INFO: [RTGEN 206-100] Generating core module 'sitofp_32ns_32_4_no_dsp_1': 1 instance(s).
INFO: [RTGEN 206-100] Finished creating RTL model for 'l_softmax_layer_1u_2u_Pipeline_VITIS_LOOP_202_2'.
INFO: [HLS 200-111] Finished Creating RTL model: CPU user time: 0 seconds. CPU system time: 0 seconds. Elapsed time: 0.236 seconds; current allocated memory: 683.504 MB.
INFO: [HLS 200-10] ----------------------------------------------------------------
INFO: [HLS 200-10] -- Generating RTL for module 'l_softmax_layer_1u_2u_Pipeline_VITIS_LOOP_207_3' 
INFO: [HLS 200-10] ----------------------------------------------------------------
INFO: [HLS 200-1030] Apply Unified Pipeline Control on module 'l_softmax_layer_1u_2u_Pipeline_VITIS_LOOP_207_3' pipeline 'VITIS_LOOP_207_3' pipeline type 'loop pipeline'
INFO: [RTGEN 206-100] Generating core module 'faddfsub_32ns_32ns_32_4_full_dsp_1': 1 instance(s).
INFO: [RTGEN 206-100] Finished creating RTL model for 'l_softmax_layer_1u_2u_Pipeline_VITIS_LOOP_207_3'.
INFO: [HLS 200-111] Finished Creating RTL model: CPU user time: 0 seconds. CPU system time: 0 seconds. Elapsed time: 0.197 seconds; current allocated memory: 684.238 MB.
INFO: [HLS 200-10] ----------------------------------------------------------------
INFO: [HLS 200-10] -- Generating RTL for module 'l_softmax_layer_1u_2u_s' 
INFO: [HLS 200-10] ----------------------------------------------------------------
INFO: [RTGEN 206-100] Generating core module 'faddfsub_32ns_32ns_32_4_full_dsp_1': 1 instance(s).
INFO: [RTGEN 206-100] Generating core module 'flog_32ns_32ns_32_9_full_dsp_1': 1 instance(s).
INFO: [RTGEN 206-100] Finished creating RTL model for 'l_softmax_layer_1u_2u_s'.
INFO: [RTMG 210-278] Implementing memory 'CNN_top_l_softmax_layer_1u_2u_s_vf_RAM_AUTO_1R1W' using auto RAMs.
INFO: [HLS 200-111] Finished Creating RTL model: CPU user time: 0 seconds. CPU system time: 0 seconds. Elapsed time: 0.601 seconds; current allocated memory: 685.426 MB.
INFO: [HLS 200-10] ----------------------------------------------------------------
INFO: [HLS 200-10] -- Generating RTL for module 'CNN_1u_9u_2u_2u_2u_128u_s' 
INFO: [HLS 200-10] ----------------------------------------------------------------
INFO: [RTGEN 206-100] Finished creating RTL model for 'CNN_1u_9u_2u_2u_2u_128u_s'.
INFO: [HLS 200-741] Implementing PIPO CNN_top_CNN_1u_9u_2u_2u_2u_128u_s_conv3_RAM_AUTO_1R1W using a single memory for all blocks
INFO: [RTMG 210-278] Implementing memory 'CNN_top_CNN_1u_9u_2u_2u_2u_128u_s_conv3_RAM_AUTO_1R1W_memcore' using auto RAMs.
INFO: [HLS 200-740] Implementing PIPO CNN_top_CNN_1u_9u_2u_2u_2u_128u_s_feature_in2_RAM_AUTO_1R1W using a separate memory for each block
INFO: [RTMG 210-278] Implementing memory 'CNN_top_CNN_1u_9u_2u_2u_2u_128u_s_feature_in2_RAM_AUTO_1R1W_memcore' using auto RAMs.
INFO: [HLS 200-741] Implementing PIPO CNN_top_CNN_1u_9u_2u_2u_2u_128u_s_fc2_dout_RAM_AUTO_1R1W using a single memory for all blocks
INFO: [RTMG 210-278] Implementing memory 'CNN_top_CNN_1u_9u_2u_2u_2u_128u_s_fc2_dout_RAM_AUTO_1R1W_memcore' using auto RAMs.
INFO: [HLS 200-111] Finished Creating RTL model: CPU user time: 1 seconds. CPU system time: 0 seconds. Elapsed time: 0.261 seconds; current allocated memory: 688.996 MB.
INFO: [HLS 200-10] ----------------------------------------------------------------
INFO: [HLS 200-10] -- Generating RTL for module 'CNN_top' 
INFO: [HLS 200-10] ----------------------------------------------------------------
INFO: [RTGEN 206-500] Setting interface mode on port 'CNN_top/din' to 'ap_memory'.
INFO: [RTGEN 206-500] Setting interface mode on port 'CNN_top/kernel3' to 'ap_memory'.
INFO: [RTGEN 206-500] Setting interface mode on port 'CNN_top/kernel4' to 'ap_memory'.
INFO: [RTGEN 206-500] Setting interface mode on port 'CNN_top/kernel5' to 'ap_memory'.
INFO: [RTGEN 206-500] Setting interface mode on port 'CNN_top/dout' to 'ap_memory'.
INFO: [RTGEN 206-500] Setting interface mode on function 'CNN_top' to 'ap_ctrl_hs'.
WARNING: [RTGEN 206-101] Port 'CNN_top/din_address0' has no fanin or fanout and is left dangling.
               Please use C simulation to confirm this function argument can be read from or written to.
WARNING: [RTGEN 206-101] Setting dangling out port 'CNN_top/din_address0' to 0.
WARNING: [RTGEN 206-101] Port 'CNN_top/din_ce0' has no fanin or fanout and is left dangling.
               Please use C simulation to confirm this function argument can be read from or written to.
WARNING: [RTGEN 206-101] Setting dangling out port 'CNN_top/din_ce0' to 0.
WARNING: [RTGEN 206-101] Port 'CNN_top/din_we0' has no fanin or fanout and is left dangling.
               Please use C simulation to confirm this function argument can be read from or written to.
WARNING: [RTGEN 206-101] Setting dangling out port 'CNN_top/din_we0' to 0.
WARNING: [RTGEN 206-101] Port 'CNN_top/din_d0' has no fanin or fanout and is left dangling.
               Please use C simulation to confirm this function argument can be read from or written to.
WARNING: [RTGEN 206-101] Setting dangling out port 'CNN_top/din_d0' to 0.
WARNING: [RTGEN 206-101] Port 'CNN_top/din_q0' has no fanin or fanout and is left dangling.
               Please use C simulation to confirm this function argument can be read from or written to.
WARNING: [RTGEN 206-101] Port 'CNN_top/din_address1' has no fanin or fanout and is left dangling.
               Please use C simulation to confirm this function argument can be read from or written to.
WARNING: [RTGEN 206-101] Setting dangling out port 'CNN_top/din_address1' to 0.
WARNING: [RTGEN 206-101] Port 'CNN_top/din_ce1' has no fanin or fanout and is left dangling.
               Please use C simulation to confirm this function argument can be read from or written to.
WARNING: [RTGEN 206-101] Setting dangling out port 'CNN_top/din_ce1' to 0.
WARNING: [RTGEN 206-101] Port 'CNN_top/din_we1' has no fanin or fanout and is left dangling.
               Please use C simulation to confirm this function argument can be read from or written to.
WARNING: [RTGEN 206-101] Setting dangling out port 'CNN_top/din_we1' to 0.
WARNING: [RTGEN 206-101] Port 'CNN_top/din_d1' has no fanin or fanout and is left dangling.
               Please use C simulation to confirm this function argument can be read from or written to.
WARNING: [RTGEN 206-101] Setting dangling out port 'CNN_top/din_d1' to 0.
WARNING: [RTGEN 206-101] Port 'CNN_top/din_q1' has no fanin or fanout and is left dangling.
               Please use C simulation to confirm this function argument can be read from or written to.
INFO: [RTGEN 206-100] Finished creating RTL model for 'CNN_top'.
INFO: [HLS 200-111] Finished Creating RTL model: CPU user time: 0 seconds. CPU system time: 0 seconds. Elapsed time: 1.763 seconds; current allocated memory: 690.582 MB.
INFO: [HLS 200-111] Finished Generating all RTL models: CPU user time: 0 seconds. CPU system time: 1 seconds. Elapsed time: 1.06 seconds; current allocated memory: 694.676 MB.
INFO: [HLS 200-111] Finished Updating report files: CPU user time: 1 seconds. CPU system time: 0 seconds. Elapsed time: 2.003 seconds; current allocated memory: 705.852 MB.
INFO: [VHDL 208-304] Generating VHDL RTL for CNN_top.
INFO: [VLOG 209-307] Generating Verilog RTL for CNN_top.
INFO: [HLS 200-789] **** Estimated Fmax: 138.77 MHz
INFO: [HLS 200-112] Total CPU user time: 11 seconds. Total CPU system time: 5 seconds. Total elapsed time: 71.184 seconds; peak allocated memory: 707.699 MB.
INFO: [v++ 60-791] Total elapsed time: 0h 1m 15s
