  **** HLS Build v2024.2 5238294
INFO: [HLS 200-2005] Using work_dir D:/sidejob/ethernet_NN/NN/hls_component/hls_component 
INFO: [HLS 200-1505] Using default flow_target 'vivado'
Resolution: For help on HLS 200-1505 see docs.xilinx.com/access/sources/dita/topic?Doc_Version=2024.2%20English&url=ug1448-hls-guidance&resourceid=200-1505.html
INFO: [HLS 200-1465] Applying ini 'syn.file=Components.h' from D:/sidejob/ethernet_NN/NN/hls_component/hls_config.cfg(8)
INFO: [HLS 200-10] Adding design file 'D:/sidejob/ethernet_NN/NN/hls_component/Components.h' to the project
INFO: [HLS 200-1465] Applying ini 'syn.file=Components.cpp' from D:/sidejob/ethernet_NN/NN/hls_component/hls_config.cfg(9)
INFO: [HLS 200-10] Adding design file 'D:/sidejob/ethernet_NN/NN/hls_component/Components.cpp' to the project
INFO: [HLS 200-1465] Applying ini 'syn.file=Coeff.h' from D:/sidejob/ethernet_NN/NN/hls_component/hls_config.cfg(10)
INFO: [HLS 200-10] Adding design file 'D:/sidejob/ethernet_NN/NN/hls_component/Coeff.h' to the project
INFO: [HLS 200-1465] Applying ini 'syn.file=ComponentStream.h' from D:/sidejob/ethernet_NN/NN/hls_component/hls_config.cfg(11)
INFO: [HLS 200-10] Adding design file 'D:/sidejob/ethernet_NN/NN/hls_component/ComponentStream.h' to the project
INFO: [HLS 200-1465] Applying ini 'syn.file=Type.h' from D:/sidejob/ethernet_NN/NN/hls_component/hls_config.cfg(12)
INFO: [HLS 200-10] Adding design file 'D:/sidejob/ethernet_NN/NN/hls_component/Type.h' to the project
INFO: [HLS 200-1465] Applying ini 'syn.file=ComponentsStream.cpp' from D:/sidejob/ethernet_NN/NN/hls_component/hls_config.cfg(13)
INFO: [HLS 200-10] Adding design file 'D:/sidejob/ethernet_NN/NN/hls_component/ComponentsStream.cpp' to the project
INFO: [HLS 200-1465] Applying ini 'syn.top=CNN_stream' from D:/sidejob/ethernet_NN/NN/hls_component/hls_config.cfg(7)
INFO: [HLS 200-1465] Applying ini 'flow_target=vivado' from D:/sidejob/ethernet_NN/NN/hls_component/hls_config.cfg(4)
INFO: [HLS 200-1505] Using flow_target 'vivado'
Resolution: For help on HLS 200-1505 see docs.xilinx.com/access/sources/dita/topic?Doc_Version=2024.2%20English&url=ug1448-hls-guidance&resourceid=200-1505.html
INFO: [HLS 200-1465] Applying ini 'part=xczu19eg-ffvc1760-2-i' from D:/sidejob/ethernet_NN/NN/hls_component/hls_config.cfg(1)
INFO: [HLS 200-1611] Setting target device to 'xczu19eg-ffvc1760-2-i'
INFO: [HLS 200-1465] Applying ini 'package.output.format=ip_catalog' from D:/sidejob/ethernet_NN/NN/hls_component/hls_config.cfg(5)
INFO: [HLS 200-111] Finished File checks and directory preparation: CPU user time: 1 seconds. CPU system time: 1 seconds. Elapsed time: 2.892 seconds; current allocated memory: 269.969 MB.
INFO: [HLS 200-10] Analyzing design file 'ComponentsStream.cpp' ... 
INFO: [HLS 200-10] Analyzing design file 'Components.cpp' ... 
WARNING: [HLS 214-113] Either use an argument of the function or declare the variable inside the dataflow loop body (Components.cpp:266:92)
Resolution: For help on HLS 214-113 see docs.xilinx.com/access/sources/dita/topic?Doc_Version=2024.2%20English&url=ug1448-hls-guidance&resourceid=214-113.html
WARNING: [HLS 214-113] Either use an argument of the function or declare the variable inside the dataflow loop body (Components.cpp:276:103)
Resolution: For help on HLS 214-113 see docs.xilinx.com/access/sources/dita/topic?Doc_Version=2024.2%20English&url=ug1448-hls-guidance&resourceid=214-113.html
WARNING: [HLS 200-471] Dataflow form checks found 2 issue(s) in file Components.cpp
Resolution: For help on HLS 200-471 see docs.xilinx.com/access/sources/dita/topic?Doc_Version=2024.2%20English&url=ug1448-hls-guidance&resourceid=200-471.html
INFO: [HLS 200-111] Finished Source Code Analysis and Preprocessing: CPU user time: 1 seconds. CPU system time: 0 seconds. Elapsed time: 31.42 seconds; current allocated memory: 279.797 MB.
INFO: [HLS 200-777] Using interface defaults for 'Vivado' flow target.
INFO: [HLS 200-1995] There were 3,986 instructions in the design after the 'Compile/Link' phase of compilation. See the Design Size Report for more details: D:/sidejob/ethernet_NN/NN/hls_component/hls_component/hls/syn/report/csynth_design_size.rpt
INFO: [HLS 200-1995] There were 4,366 instructions in the design after the 'Unroll/Inline (step 1)' phase of compilation. See the Design Size Report for more details: D:/sidejob/ethernet_NN/NN/hls_component/hls_component/hls/syn/report/csynth_design_size.rpt
INFO: [HLS 200-1995] There were 3,628 instructions in the design after the 'Unroll/Inline (step 2)' phase of compilation. See the Design Size Report for more details: D:/sidejob/ethernet_NN/NN/hls_component/hls_component/hls/syn/report/csynth_design_size.rpt
INFO: [HLS 200-1995] There were 3,472 instructions in the design after the 'Unroll/Inline (step 3)' phase of compilation. See the Design Size Report for more details: D:/sidejob/ethernet_NN/NN/hls_component/hls_component/hls/syn/report/csynth_design_size.rpt
INFO: [HLS 200-1995] There were 3,446 instructions in the design after the 'Unroll/Inline (step 4)' phase of compilation. See the Design Size Report for more details: D:/sidejob/ethernet_NN/NN/hls_component/hls_component/hls/syn/report/csynth_design_size.rpt
INFO: [HLS 200-1995] There were 6,736 instructions in the design after the 'Array/Struct (step 1)' phase of compilation. See the Design Size Report for more details: D:/sidejob/ethernet_NN/NN/hls_component/hls_component/hls/syn/report/csynth_design_size.rpt
INFO: [HLS 200-1995] There were 6,211 instructions in the design after the 'Array/Struct (step 2)' phase of compilation. See the Design Size Report for more details: D:/sidejob/ethernet_NN/NN/hls_component/hls_component/hls/syn/report/csynth_design_size.rpt
INFO: [HLS 200-1995] There were 6,286 instructions in the design after the 'Array/Struct (step 3)' phase of compilation. See the Design Size Report for more details: D:/sidejob/ethernet_NN/NN/hls_component/hls_component/hls/syn/report/csynth_design_size.rpt
INFO: [HLS 200-1995] There were 7,545 instructions in the design after the 'Array/Struct (step 4)' phase of compilation. See the Design Size Report for more details: D:/sidejob/ethernet_NN/NN/hls_component/hls_component/hls/syn/report/csynth_design_size.rpt
INFO: [HLS 200-1995] There were 7,570 instructions in the design after the 'Array/Struct (step 5)' phase of compilation. See the Design Size Report for more details: D:/sidejob/ethernet_NN/NN/hls_component/hls_component/hls/syn/report/csynth_design_size.rpt
INFO: [HLS 200-1995] There were 7,566 instructions in the design after the 'Performance (step 1)' phase of compilation. See the Design Size Report for more details: D:/sidejob/ethernet_NN/NN/hls_component/hls_component/hls/syn/report/csynth_design_size.rpt
INFO: [HLS 200-1995] There were 9,516 instructions in the design after the 'Performance (step 2)' phase of compilation. See the Design Size Report for more details: D:/sidejob/ethernet_NN/NN/hls_component/hls_component/hls/syn/report/csynth_design_size.rpt
INFO: [HLS 200-1995] There were 12,960 instructions in the design after the 'Performance (step 3)' phase of compilation. See the Design Size Report for more details: D:/sidejob/ethernet_NN/NN/hls_component/hls_component/hls/syn/report/csynth_design_size.rpt
INFO: [HLS 200-1995] There were 9,635 instructions in the design after the 'Performance (step 4)' phase of compilation. See the Design Size Report for more details: D:/sidejob/ethernet_NN/NN/hls_component/hls_component/hls/syn/report/csynth_design_size.rpt
INFO: [HLS 200-1995] There were 9,963 instructions in the design after the 'HW Transforms' phase of compilation. See the Design Size Report for more details: D:/sidejob/ethernet_NN/NN/hls_component/hls_component/hls/syn/report/csynth_design_size.rpt
INFO: [HLS 214-131] Inlining function 'exp_reduce_::exp(float)' into 'hls::exp(float)' (C:\scratch\2024.2\hls_product\495\2024.2\src\shared\hls\clib\hlsmath\src\c++\expfloat.cpp:17:9)
INFO: [HLS 214-131] Inlining function 'log_reduce::log(float)' into 'hls::log(float)' (C:\scratch\2024.2\hls_product\495\2024.2\src\shared\hls\clib\hlsmath\src\c++\logfloat.cpp:9:9)
INFO: [HLS 214-131] Inlining function 'hls::exp(float)' into 'l_softmax_layer_stream(hls::stream<int, 4> (&) [2], hls::stream<int, 0> (&) [2])' (./ComponentStream.h:273:17)
INFO: [HLS 214-131] Inlining function 'hls::log(float)' into 'l_softmax_layer_stream(hls::stream<int, 4> (&) [2], hls::stream<int, 0> (&) [2])' (./ComponentStream.h:275:12)
INFO: [HLS 214-186] Unrolling loop 'VITIS_LOOP_256_1' (./ComponentStream.h:256:23) in function 'fully_connect2_layer_stream' completely with a factor of 2 (./ComponentStream.h:254:0)
INFO: [HLS 214-186] Unrolling loop 'VITIS_LOOP_189_2' (./ComponentStream.h:189:27) in function 'conv2d_5_stream_layer<9u>' completely with a factor of 8 (./ComponentStream.h:186:0)
INFO: [HLS 214-186] Unrolling loop 'VITIS_LOOP_194_3' (./ComponentStream.h:194:27) in function 'conv2d_5_stream_layer<9u>' completely with a factor of 10 (./ComponentStream.h:186:0)
INFO: [HLS 214-186] Unrolling loop 'VITIS_LOOP_138_2' (./ComponentStream.h:138:27) in function 'conv2d_4_stream_layer<9u>' completely with a factor of 8 (./ComponentStream.h:135:0)
INFO: [HLS 214-186] Unrolling loop 'VITIS_LOOP_143_3' (./ComponentStream.h:143:27) in function 'conv2d_4_stream_layer<9u>' completely with a factor of 8 (./ComponentStream.h:135:0)
INFO: [HLS 214-186] Unrolling loop 'VITIS_LOOP_82_2' (./ComponentStream.h:82:26) in function 'conv2d_3_stream_layer<9u>' completely with a factor of 8 (./ComponentStream.h:79:0)
INFO: [HLS 214-186] Unrolling loop 'VITIS_LOOP_87_3' (./ComponentStream.h:87:26) in function 'conv2d_3_stream_layer<9u>' completely with a factor of 6 (./ComponentStream.h:79:0)
INFO: [HLS 214-186] Unrolling loop 'VITIS_LOOP_288_2' (./ComponentStream.h:288:27) in function 'data_dispatch_stream<9u>' completely with a factor of 8 (./ComponentStream.h:285:0)
INFO: [HLS 214-186] Unrolling loop 'VITIS_LOOP_60_2' (./ComponentStream.h:60:26) in function 'fully_connect_layer_stream<9u>' completely with a factor of 8 (./ComponentStream.h:57:0)
INFO: [HLS 214-178] Inlining function 'fp_struct<float>::fp_struct(float)' into 'int generic_cast_IEEE754<int, (ap_q_mode)6, float>(float, bool, hls::enable_if<std::numeric_limits<int>::is_signed, bool>::type)' (C:\scratch\2024.2\hls_product\495\2024.2\src\shared\hls\clib/hlsmath/include/FloatingPoint\hls_case_IEEE754.h:12:0)
INFO: [HLS 214-178] Inlining function 'fp_struct<float>::mantissa() const' into 'int generic_cast_IEEE754<int, (ap_q_mode)6, float>(float, bool, hls::enable_if<std::numeric_limits<int>::is_signed, bool>::type)' (C:\scratch\2024.2\hls_product\495\2024.2\src\shared\hls\clib/hlsmath/include/FloatingPoint\hls_case_IEEE754.h:12:0)
INFO: [HLS 214-178] Inlining function 'fp_struct<float>::expv() const' into 'int generic_cast_IEEE754<int, (ap_q_mode)6, float>(float, bool, hls::enable_if<std::numeric_limits<int>::is_signed, bool>::type)' (C:\scratch\2024.2\hls_product\495\2024.2\src\shared\hls\clib/hlsmath/include/FloatingPoint\hls_case_IEEE754.h:12:0)
INFO: [HLS 214-178] Inlining function 'fp_struct<float>::__signbit() const' into 'int generic_cast_IEEE754<int, (ap_q_mode)6, float>(float, bool, hls::enable_if<std::numeric_limits<int>::is_signed, bool>::type)' (C:\scratch\2024.2\hls_product\495\2024.2\src\shared\hls\clib/hlsmath/include/FloatingPoint\hls_case_IEEE754.h:12:0)
INFO: [HLS 214-178] Inlining function 'int generic_cast_IEEE754<int, (ap_q_mode)6, float>(float, bool, hls::enable_if<std::numeric_limits<int>::is_signed, bool>::type)' into 'int generic_cast_IEEE754<int, float>(float, bool)' (C:\scratch\2024.2\hls_product\495\2024.2\src\shared\hls\clib/hlsmath/include/FloatingPoint\hls_case_IEEE754.h:116:0)
INFO: [HLS 214-178] Inlining function 'int generic_cast_IEEE754<int, float>(float, bool)' into '__hls_fptosi_float_i32' (C:\scratch\2024.2\hls_product\495\2024.2\src\shared\hls\clib\hlsmath\src\lib_floatconversion.cpp:51:0)
INFO: [HLS 214-178] Inlining function '__hls_fptosi_float_i32' into 'l_softmax_layer_stream(hls::stream<int, 4> (&) [2], hls::stream<int, 0> (&) [2])' (./ComponentStream.h:268:0)
WARNING: [HLS 214-167] The program may have out of bound array access on variable 'pe' (./ComponentStream.h:69:32)
WARNING: [HLS 214-167] The program may have out of bound array access on variable 'pe' (./ComponentStream.h:101:39)
WARNING: [HLS 214-167] The program may have out of bound array access on variable '_ZL6conv_3' (./ComponentStream.h:101:65)
WARNING: [HLS 214-167] The program may have out of bound array access on variable 'pe' (./ComponentStream.h:153:39)
WARNING: [HLS 214-167] The program may have out of bound array access on variable '_ZL6conv_4' (./ComponentStream.h:153:65)
WARNING: [HLS 214-167] The program may have out of bound array access on variable 'pe' (./ComponentStream.h:204:39)
WARNING: [HLS 214-167] The program may have out of bound array access on variable '_ZL6conv_5' (./ComponentStream.h:204:65)
INFO: [HLS 214-248] Applying array_partition to 'proj_embedding': Complete partitioning on dimension 1. (ComponentsStream.cpp:12:33)
INFO: [HLS 214-248] Applying array_partition to 'proj_embedding3': Complete partitioning on dimension 1. (ComponentsStream.cpp:13:33)
INFO: [HLS 214-248] Applying array_partition to 'proj_embedding4': Complete partitioning on dimension 1. (ComponentsStream.cpp:14:33)
INFO: [HLS 214-248] Applying array_partition to 'proj_embedding5': Complete partitioning on dimension 1. (ComponentsStream.cpp:15:33)
INFO: [HLS 214-248] Applying array_partition to 'sum_out3': Complete partitioning on dimension 1. Complete partitioning on dimension 2. (ComponentsStream.cpp:17:26)
INFO: [HLS 214-248] Applying array_partition to 'sum_out4': Complete partitioning on dimension 1. Complete partitioning on dimension 2. (ComponentsStream.cpp:18:26)
INFO: [HLS 214-248] Applying array_partition to 'sum_out5': Complete partitioning on dimension 1. Complete partitioning on dimension 2. (ComponentsStream.cpp:19:26)
INFO: [HLS 214-248] Applying array_partition to 'conv_out3': Complete partitioning on dimension 1. Complete partitioning on dimension 2. (ComponentsStream.cpp:21:26)
INFO: [HLS 214-248] Applying array_partition to 'conv_out4': Complete partitioning on dimension 1. Complete partitioning on dimension 2. (ComponentsStream.cpp:22:26)
INFO: [HLS 214-248] Applying array_partition to 'conv_out5': Complete partitioning on dimension 1. Complete partitioning on dimension 2. (ComponentsStream.cpp:23:26)
INFO: [HLS 214-248] Applying array_partition to 'fc2_embedding': Complete partitioning on dimension 1. (ComponentsStream.cpp:26:26)
INFO: [HLS 214-248] Applying array_partition to 'dout': Complete partitioning on dimension 1. (ComponentsStream.cpp:5:0)
INFO: [HLS 214-241] Aggregating fifo (hls::stream) variable 'len_x_embedding' with compact=bit mode in 320-bits (ComponentsStream.cpp:9:31)
INFO: [HLS 214-241] Aggregating fifo (hls::stream) variable 'ipd_x_embedding' with compact=bit mode in 256-bits (ComponentsStream.cpp:10:31)
INFO: [HLS 214-241] Aggregating fifo (hls::stream) variable 'feature_embedding' with compact=bit mode in 576-bits (ComponentsStream.cpp:11:35)
INFO: [HLS 214-241] Aggregating fifo (hls::stream) variable 'proj_embedding_7' with compact=bit mode in 256-bits (ComponentsStream.cpp:12:33)
INFO: [HLS 214-241] Aggregating fifo (hls::stream) variable 'proj_embedding_6' with compact=bit mode in 256-bits (ComponentsStream.cpp:12:33)
INFO: [HLS 214-241] Aggregating fifo (hls::stream) variable 'proj_embedding_5' with compact=bit mode in 256-bits (ComponentsStream.cpp:12:33)
INFO: [HLS 214-241] Aggregating fifo (hls::stream) variable 'proj_embedding_4' with compact=bit mode in 256-bits (ComponentsStream.cpp:12:33)
INFO: [HLS 214-241] Aggregating fifo (hls::stream) variable 'proj_embedding_3' with compact=bit mode in 256-bits (ComponentsStream.cpp:12:33)
INFO: [HLS 214-241] Aggregating fifo (hls::stream) variable 'proj_embedding_2' with compact=bit mode in 256-bits (ComponentsStream.cpp:12:33)
INFO: [HLS 214-241] Aggregating fifo (hls::stream) variable 'proj_embedding_1' with compact=bit mode in 256-bits (ComponentsStream.cpp:12:33)
INFO: [HLS 214-241] Aggregating fifo (hls::stream) variable 'proj_embedding_0' with compact=bit mode in 256-bits (ComponentsStream.cpp:12:33)
INFO: [HLS 214-241] Aggregating fifo (hls::stream) variable 'proj_embedding3_7' with compact=bit mode in 256-bits (ComponentsStream.cpp:13:33)
INFO: [HLS 214-241] Aggregating fifo (hls::stream) variable 'proj_embedding3_6' with compact=bit mode in 256-bits (ComponentsStream.cpp:13:33)
INFO: [HLS 214-241] Aggregating fifo (hls::stream) variable 'proj_embedding3_5' with compact=bit mode in 256-bits (ComponentsStream.cpp:13:33)
INFO: [HLS 214-241] Aggregating fifo (hls::stream) variable 'proj_embedding3_4' with compact=bit mode in 256-bits (ComponentsStream.cpp:13:33)
INFO: [HLS 214-241] Aggregating fifo (hls::stream) variable 'proj_embedding3_3' with compact=bit mode in 256-bits (ComponentsStream.cpp:13:33)
INFO: [HLS 214-241] Aggregating fifo (hls::stream) variable 'proj_embedding3_2' with compact=bit mode in 256-bits (ComponentsStream.cpp:13:33)
INFO: [HLS 214-241] Aggregating fifo (hls::stream) variable 'proj_embedding3_1' with compact=bit mode in 256-bits (ComponentsStream.cpp:13:33)
INFO: [HLS 214-241] Aggregating fifo (hls::stream) variable 'proj_embedding3_0' with compact=bit mode in 256-bits (ComponentsStream.cpp:13:33)
INFO: [HLS 214-241] Aggregating fifo (hls::stream) variable 'proj_embedding4_7' with compact=bit mode in 256-bits (ComponentsStream.cpp:14:33)
INFO: [HLS 214-241] Aggregating fifo (hls::stream) variable 'proj_embedding4_6' with compact=bit mode in 256-bits (ComponentsStream.cpp:14:33)
INFO: [HLS 214-241] Aggregating fifo (hls::stream) variable 'proj_embedding4_5' with compact=bit mode in 256-bits (ComponentsStream.cpp:14:33)
INFO: [HLS 214-241] Aggregating fifo (hls::stream) variable 'proj_embedding4_4' with compact=bit mode in 256-bits (ComponentsStream.cpp:14:33)
INFO: [HLS 214-241] Aggregating fifo (hls::stream) variable 'proj_embedding4_3' with compact=bit mode in 256-bits (ComponentsStream.cpp:14:33)
INFO: [HLS 214-241] Aggregating fifo (hls::stream) variable 'proj_embedding4_2' with compact=bit mode in 256-bits (ComponentsStream.cpp:14:33)
INFO: [HLS 214-241] Aggregating fifo (hls::stream) variable 'proj_embedding4_1' with compact=bit mode in 256-bits (ComponentsStream.cpp:14:33)
INFO: [HLS 214-241] Aggregating fifo (hls::stream) variable 'proj_embedding4_0' with compact=bit mode in 256-bits (ComponentsStream.cpp:14:33)
INFO: [HLS 214-241] Aggregating fifo (hls::stream) variable 'proj_embedding5_7' with compact=bit mode in 256-bits (ComponentsStream.cpp:15:33)
INFO: [HLS 214-241] Aggregating fifo (hls::stream) variable 'proj_embedding5_6' with compact=bit mode in 256-bits (ComponentsStream.cpp:15:33)
INFO: [HLS 214-241] Aggregating fifo (hls::stream) variable 'proj_embedding5_5' with compact=bit mode in 256-bits (ComponentsStream.cpp:15:33)
INFO: [HLS 214-241] Aggregating fifo (hls::stream) variable 'proj_embedding5_4' with compact=bit mode in 256-bits (ComponentsStream.cpp:15:33)
INFO: [HLS 214-241] Aggregating fifo (hls::stream) variable 'proj_embedding5_3' with compact=bit mode in 256-bits (ComponentsStream.cpp:15:33)
INFO: [HLS 214-241] Aggregating fifo (hls::stream) variable 'proj_embedding5_2' with compact=bit mode in 256-bits (ComponentsStream.cpp:15:33)
INFO: [HLS 214-241] Aggregating fifo (hls::stream) variable 'proj_embedding5_1' with compact=bit mode in 256-bits (ComponentsStream.cpp:15:33)
INFO: [HLS 214-241] Aggregating fifo (hls::stream) variable 'proj_embedding5_0' with compact=bit mode in 256-bits (ComponentsStream.cpp:15:33)
INFO: [HLS 214-241] Aggregating fifo (hls::stream) variable 'feature2_embedding' with compact=bit mode in 1152-bits (ComponentsStream.cpp:25:36)
INFO: [HLS 214-241] Aggregating fifo (hls::stream) variable 'dout_1' with compact=bit mode in 32-bits (ComponentsStream.cpp:5:0)
INFO: [HLS 214-241] Aggregating fifo (hls::stream) variable 'dout_0' with compact=bit mode in 32-bits (ComponentsStream.cpp:5:0)
INFO: [HLS 214-376] automatically set the pipeline for Loop< VITIS_LOOP_271_1> at ./ComponentStream.h:271:23 
INFO: [HLS 214-376] automatically set the pipeline for Loop< VITIS_LOOP_276_2> at ./ComponentStream.h:276:23 
INFO: [HLS 214-376] automatically set the pipeline for Loop< VITIS_LOOP_260_2> at ./ComponentStream.h:260:27 
INFO: [HLS 214-376] automatically set the pipeline for Loop< VITIS_LOOP_238_1> at ./ComponentStream.h:238:23 
INFO: [HLS 214-376] automatically set the pipeline for Loop< VITIS_LOOP_242_2> at ./ComponentStream.h:242:23 
INFO: [HLS 214-376] automatically set the pipeline for Loop< VITIS_LOOP_246_3> at ./ComponentStream.h:246:23 
INFO: [HLS 214-376] automatically set the pipeline for Loop< VITIS_LOOP_222_2> at ./ComponentStream.h:222:27 
INFO: [HLS 214-376] automatically set the pipeline for Loop< VITIS_LOOP_227_4> at ./ComponentStream.h:227:27 
INFO: [HLS 214-376] automatically set the pipeline for Loop< VITIS_LOOP_202_4> at ./ComponentStream.h:202:31 
INFO: [HLS 214-376] automatically set the pipeline for Loop< VITIS_LOOP_209_6> at ./ComponentStream.h:209:31 
INFO: [HLS 214-376] automatically set the pipeline for Loop< VITIS_LOOP_171_2> at ./ComponentStream.h:171:27 
INFO: [HLS 214-376] automatically set the pipeline for Loop< VITIS_LOOP_177_4> at ./ComponentStream.h:177:27 
INFO: [HLS 214-376] automatically set the pipeline for Loop< VITIS_LOOP_151_4> at ./ComponentStream.h:151:31 
INFO: [HLS 214-376] automatically set the pipeline for Loop< VITIS_LOOP_158_6> at ./ComponentStream.h:158:31 
INFO: [HLS 214-376] automatically set the pipeline for Loop< VITIS_LOOP_120_2> at ./ComponentStream.h:120:27 
INFO: [HLS 214-376] automatically set the pipeline for Loop< VITIS_LOOP_126_4> at ./ComponentStream.h:126:27 
INFO: [HLS 214-376] automatically set the pipeline for Loop< VITIS_LOOP_99_4> at ./ComponentStream.h:99:30 
INFO: [HLS 214-376] automatically set the pipeline for Loop< VITIS_LOOP_106_6> at ./ComponentStream.h:106:31 
INFO: [HLS 214-376] automatically set the pipeline for Loop< VITIS_LOOP_287_1> at ./ComponentStream.h:287:23 
INFO: [HLS 214-376] automatically set the pipeline for Loop< VITIS_LOOP_63_3> at ./ComponentStream.h:63:30 
INFO: [HLS 214-376] automatically set the pipeline for Loop< VITIS_LOOP_44_1> at ./ComponentStream.h:44:22 
INFO: [HLS 214-376] automatically set the pipeline for Loop< VITIS_LOOP_28_1> at ./ComponentStream.h:28:22 
INFO: [HLS 214-376] automatically set the pipeline for Loop< VITIS_LOOP_14_1> at ./ComponentStream.h:14:22 
INFO: [HLS 214-291] Loop 'VITIS_LOOP_203_5' is marked as complete unroll implied by the pipeline pragma (./ComponentStream.h:203:35)
INFO: [HLS 214-291] Loop 'VITIS_LOOP_152_5' is marked as complete unroll implied by the pipeline pragma (./ComponentStream.h:152:35)
INFO: [HLS 214-291] Loop 'VITIS_LOOP_100_5' is marked as complete unroll implied by the pipeline pragma (./ComponentStream.h:100:35)
INFO: [HLS 214-291] Loop 'VITIS_LOOP_66_4' is marked as complete unroll implied by the pipeline pragma (./ComponentStream.h:66:34)
INFO: [HLS 214-291] Loop 'VITIS_LOOP_48_2' is marked as complete unroll implied by the pipeline pragma (./ComponentStream.h:48:26)
INFO: [HLS 214-186] Unrolling loop 'VITIS_LOOP_203_5' (./ComponentStream.h:203:35) in function 'conv2d_5_stream_layer<9u>' completely with a factor of 16 (./ComponentStream.h:186:0)
INFO: [HLS 214-186] Unrolling loop 'VITIS_LOOP_152_5' (./ComponentStream.h:152:35) in function 'conv2d_4_stream_layer<9u>' completely with a factor of 16 (./ComponentStream.h:135:0)
INFO: [HLS 214-186] Unrolling loop 'VITIS_LOOP_100_5' (./ComponentStream.h:100:35) in function 'conv2d_3_stream_layer<9u>' completely with a factor of 16 (./ComponentStream.h:79:0)
INFO: [HLS 214-186] Unrolling loop 'VITIS_LOOP_66_4' (./ComponentStream.h:66:34) in function 'fully_connect_layer_stream<9u>' completely with a factor of 18 (./ComponentStream.h:57:0)
INFO: [HLS 214-186] Unrolling loop 'VITIS_LOOP_48_2' (./ComponentStream.h:48:26) in function 'feature_concate_layer_stream<9u>' completely with a factor of 18 (./ComponentStream.h:43:0)
INFO: [HLS 214-449] Automatically partitioning array '_ZL15fc1_coef_stream' dimension 2 completely based on constant index. (./Coeff.h:31:0)
INFO: [HLS 214-449] Automatically partitioning array '_ZL26len_embedding_table_stream' dimension 2 completely based on constant index. (./Coeff.h:14:0)
INFO: [HLS 214-449] Automatically partitioning array '_ZL26ipd_embedding_table_stream' dimension 2 completely based on constant index. (./Coeff.h:18:0)
INFO: [HLS 214-449] Automatically partitioning array 'le' dimension 1 completely based on constant index. (./ComponentStream.h:45:19)
INFO: [HLS 214-449] Automatically partitioning array 'ie' dimension 1 completely based on constant index. (./ComponentStream.h:46:19)
INFO: [HLS 214-449] Automatically partitioning array 'fe' dimension 1 completely based on constant index. (./ComponentStream.h:47:23)
INFO: [HLS 214-449] Automatically partitioning array 'fe' dimension 1 completely based on constant index. (./ComponentStream.h:59:23)
INFO: [HLS 214-449] Automatically partitioning array 'pce' dimension 1 completely based on constant index.
INFO: [HLS 214-270] Inferring pragma 'array_partition type=complete dim=2' for array 'fc1_coef_stream' due to pipeline pragma (./Coeff.h:31:0)
INFO: [HLS 214-270] Inferring pragma 'array_partition type=complete dim=2' for array 'ipd_embedding_table_stream' due to pipeline pragma (./Coeff.h:18:0)
INFO: [HLS 214-270] Inferring pragma 'array_partition type=complete dim=2' for array 'len_embedding_table_stream' due to pipeline pragma (./Coeff.h:14:0)
INFO: [HLS 214-270] Inferring pragma 'array_partition type=complete dim=1' for array 'le' due to pipeline pragma (./ComponentStream.h:45:19)
INFO: [HLS 214-270] Inferring pragma 'array_partition type=complete dim=1' for array 'ie' due to pipeline pragma (./ComponentStream.h:46:19)
INFO: [HLS 214-270] Inferring pragma 'array_partition type=complete dim=1' for array 'fe' due to pipeline pragma (./ComponentStream.h:47:23)
INFO: [HLS 214-270] Inferring pragma 'array_partition type=complete dim=1' for array 'fe' due to pipeline pragma (./ComponentStream.h:59:23)
INFO: [HLS 214-270] Inferring pragma 'array_partition type=complete dim=1' for array 'pce' due to pipeline pragma
INFO: [HLS 214-270] Inferring pragma 'array_partition type=cyclic factor=3 dim=1' for array 'sum_out' due to pipeline pragma (./ComponentStream.h:118:9)
INFO: [HLS 214-270] Inferring pragma 'array_partition type=complete dim=1' for array 'sum_out' due to pipeline pragma (./ComponentStream.h:169:9)
INFO: [HLS 214-270] Inferring pragma 'array_partition type=complete dim=1' for array 'sum_out' due to pipeline pragma (./ComponentStream.h:220:9)
INFO: [HLS 214-248] Applying array_partition to '_ZL26len_embedding_table_stream': Complete partitioning on dimension 2. (./Coeff.h:14:0)
INFO: [HLS 214-248] Applying array_partition to '_ZL26ipd_embedding_table_stream': Complete partitioning on dimension 2. (./Coeff.h:18:0)
INFO: [HLS 214-248] Applying array_partition to '_ZL15fc1_coef_stream': Complete partitioning on dimension 2. (./Coeff.h:31:0)
INFO: [HLS 214-248] Applying array_partition to 'le': Complete partitioning on dimension 1. (./ComponentStream.h:45:19)
INFO: [HLS 214-248] Applying array_partition to 'ie': Complete partitioning on dimension 1. (./ComponentStream.h:46:19)
INFO: [HLS 214-248] Applying array_partition to 'fe': Complete partitioning on dimension 1. (./ComponentStream.h:47:23)
INFO: [HLS 214-248] Applying array_partition to 'fe': Complete partitioning on dimension 1. (./ComponentStream.h:59:23)
INFO: [HLS 214-248] Applying array_partition to 'pce': Complete partitioning on dimension 1.
INFO: [HLS 214-248] Applying array_partition to 'sum_out': Cyclic partitioning with factor 3 on dimension 1. (./ComponentStream.h:118:9)
INFO: [HLS 214-248] Applying array_partition to 'sum_out': Complete partitioning on dimension 1. (./ComponentStream.h:169:9)
INFO: [HLS 214-248] Applying array_partition to 'sum_out': Complete partitioning on dimension 1. (./ComponentStream.h:220:9)
INFO: [HLS 200-111] Finished Compiling Optimization and Transform: CPU user time: 2 seconds. CPU system time: 1 seconds. Elapsed time: 15.779 seconds; current allocated memory: 284.809 MB.
INFO: [HLS 200-111] Finished Checking Pragmas: CPU user time: 0 seconds. CPU system time: 0 seconds. Elapsed time: 0.01 seconds; current allocated memory: 284.809 MB.
INFO: [HLS 200-10] Starting code transformations ...
INFO: [HLS 200-111] Finished Standard Transforms: CPU user time: 1 seconds. CPU system time: 0 seconds. Elapsed time: 0.906 seconds; current allocated memory: 298.914 MB.
INFO: [HLS 200-10] Checking synthesizability ...
INFO: [HLS 200-111] Finished Checking Synthesizability: CPU user time: 1 seconds. CPU system time: 0 seconds. Elapsed time: 1.346 seconds; current allocated memory: 313.051 MB.
WARNING: [XFORM 203-731] Internal stream variable 'sum_out_in.8' is invalid: it has no data producer
WARNING: [XFORM 203-731] Internal stream variable 'sum_out_in.7' is invalid: it has no data producer
WARNING: [XFORM 203-731] Internal stream variable 'sum_out_in.6' is invalid: it has no data producer
WARNING: [XFORM 203-731] Internal stream variable 'sum_out_in.5' is invalid: it has no data producer
WARNING: [XFORM 203-731] Internal stream variable 'sum_out_in.4' is invalid: it has no data producer
WARNING: [XFORM 203-731] Internal stream variable 'sum_out_in.3' is invalid: it has no data producer
WARNING: [XFORM 203-731] Internal stream variable 'sum_out_in.2' is invalid: it has no data producer
WARNING: [XFORM 203-731] Internal stream variable 'sum_out_in.1' is invalid: it has no data producer
WARNING: [XFORM 203-731] Internal stream variable 'sum_out_in' is invalid: it has no data producer
WARNING: [XFORM 203-731] Internal stream variable 'sum_out3' (ComponentsStream.cpp:17) is invalid: it has no data producer
WARNING: [XFORM 203-731] Internal stream variable 'sum_out3.1' (ComponentsStream.cpp:17) is invalid: it has no data producer
WARNING: [XFORM 203-731] Internal stream variable 'sum_out3.2' (ComponentsStream.cpp:17) is invalid: it has no data producer
WARNING: [XFORM 203-731] Internal stream variable 'sum_out3.4' (ComponentsStream.cpp:17) is invalid: it has no data producer
WARNING: [XFORM 203-731] Internal stream variable 'sum_out3.5' (ComponentsStream.cpp:17) is invalid: it has no data producer
WARNING: [XFORM 203-731] Internal stream variable 'sum_out3.6' (ComponentsStream.cpp:17) is invalid: it has no data producer
WARNING: [XFORM 203-731] Internal stream variable 'sum_out3.7' (ComponentsStream.cpp:17) is invalid: it has no data producer
WARNING: [XFORM 203-731] Internal stream variable 'sum_out3.8' (ComponentsStream.cpp:17) is invalid: it has no data producer
WARNING: [XFORM 203-731] Internal stream variable 'sum_out3.11' (ComponentsStream.cpp:17) is invalid: it has no data producer
WARNING: [XFORM 203-731] Internal stream variable 'sum_out3.12' (ComponentsStream.cpp:17) is invalid: it has no data producer
WARNING: [XFORM 203-731] Internal stream variable 'sum_out3.13' (ComponentsStream.cpp:17) is invalid: it has no data producer
WARNING: [XFORM 203-731] Internal stream variable 'sum_out3.14' (ComponentsStream.cpp:17) is invalid: it has no data producer
WARNING: [XFORM 203-731] Internal stream variable 'sum_out3.19' (ComponentsStream.cpp:17) is invalid: it has no data producer
WARNING: [XFORM 203-731] Internal stream variable 'sum_out3.20' (ComponentsStream.cpp:17) is invalid: it has no data producer
WARNING: [XFORM 203-731] Internal stream variable 'sum_out3.26' (ComponentsStream.cpp:17) is invalid: it has no data producer
WARNING: [XFORM 203-731] Internal stream variable 'sum_out4' (ComponentsStream.cpp:18) is invalid: it has no data producer
WARNING: [XFORM 203-731] Internal stream variable 'sum_out4.1' (ComponentsStream.cpp:18) is invalid: it has no data producer
WARNING: [XFORM 203-731] Internal stream variable 'sum_out4.2' (ComponentsStream.cpp:18) is invalid: it has no data producer
WARNING: [XFORM 203-731] Internal stream variable 'sum_out4.3' (ComponentsStream.cpp:18) is invalid: it has no data producer
WARNING: [XFORM 203-731] Internal stream variable 'sum_out4.5' (ComponentsStream.cpp:18) is invalid: it has no data producer
WARNING: [XFORM 203-731] Internal stream variable 'sum_out4.6' (ComponentsStream.cpp:18) is invalid: it has no data producer
WARNING: [XFORM 203-731] Internal stream variable 'sum_out4.7' (ComponentsStream.cpp:18) is invalid: it has no data producer
WARNING: [XFORM 203-731] Internal stream variable 'sum_out4.8' (ComponentsStream.cpp:18) is invalid: it has no data producer
WARNING: [XFORM 203-731] Internal stream variable 'sum_out4.9' (ComponentsStream.cpp:18) is invalid: it has no data producer
WARNING: [XFORM 203-731] Internal stream variable 'sum_out4.10' (ComponentsStream.cpp:18) is invalid: it has no data producer
WARNING: [XFORM 203-731] Internal stream variable 'sum_out4.11' (ComponentsStream.cpp:18) is invalid: it has no data producer
WARNING: [XFORM 203-731] Internal stream variable 'sum_out4.14' (ComponentsStream.cpp:18) is invalid: it has no data producer
WARNING: [XFORM 203-731] Internal stream variable 'sum_out4.15' (ComponentsStream.cpp:18) is invalid: it has no data producer
WARNING: [XFORM 203-731] Internal stream variable 'sum_out4.16' (ComponentsStream.cpp:18) is invalid: it has no data producer
WARNING: [XFORM 203-731] Internal stream variable 'sum_out4.17' (ComponentsStream.cpp:18) is invalid: it has no data producer
WARNING: [XFORM 203-731] Internal stream variable 'sum_out4.18' (ComponentsStream.cpp:18) is invalid: it has no data producer
WARNING: [XFORM 203-731] Internal stream variable 'sum_out4.19' (ComponentsStream.cpp:18) is invalid: it has no data producer
WARNING: [XFORM 203-731] Internal stream variable 'sum_out4.23' (ComponentsStream.cpp:18) is invalid: it has no data producer
WARNING: [XFORM 203-731] Internal stream variable 'sum_out4.24' (ComponentsStream.cpp:18) is invalid: it has no data producer
WARNING: [XFORM 203-731] Internal stream variable 'sum_out4.25' (ComponentsStream.cpp:18) is invalid: it has no data producer
WARNING: [XFORM 203-731] Internal stream variable 'sum_out4.26' (ComponentsStream.cpp:18) is invalid: it has no data producer
WARNING: [XFORM 203-731] Internal stream variable 'sum_out4.27' (ComponentsStream.cpp:18) is invalid: it has no data producer
WARNING: [XFORM 203-731] Internal stream variable 'sum_out4.33' (ComponentsStream.cpp:18) is invalid: it has no data producer
WARNING: [XFORM 203-731] Internal stream variable 'sum_out4.34' (ComponentsStream.cpp:18) is invalid: it has no data producer
WARNING: [XFORM 203-731] Internal stream variable 'sum_out4.35' (ComponentsStream.cpp:18) is invalid: it has no data producer
WARNING: [XFORM 203-731] Internal stream variable 'sum_out4.42' (ComponentsStream.cpp:18) is invalid: it has no data producer
WARNING: [XFORM 203-731] Internal stream variable 'sum_out4.43' (ComponentsStream.cpp:18) is invalid: it has no data producer
WARNING: [XFORM 203-731] Internal stream variable 'sum_out4.51' (ComponentsStream.cpp:18) is invalid: it has no data producer
WARNING: [XFORM 203-731] Internal stream variable 'sum_out5' (ComponentsStream.cpp:19) is invalid: it has no data producer
WARNING: [XFORM 203-731] Internal stream variable 'sum_out5.1' (ComponentsStream.cpp:19) is invalid: it has no data producer
WARNING: [XFORM 203-731] Internal stream variable 'sum_out5.2' (ComponentsStream.cpp:19) is invalid: it has no data producer
WARNING: [XFORM 203-731] Internal stream variable 'sum_out5.3' (ComponentsStream.cpp:19) is invalid: it has no data producer
WARNING: [XFORM 203-731] Internal stream variable 'sum_out5.5' (ComponentsStream.cpp:19) is invalid: it has no data producer
WARNING: [XFORM 203-731] Internal stream variable 'sum_out5.6' (ComponentsStream.cpp:19) is invalid: it has no data producer
WARNING: [XFORM 203-731] Internal stream variable 'sum_out5.7' (ComponentsStream.cpp:19) is invalid: it has no data producer
WARNING: [XFORM 203-731] Internal stream variable 'sum_out5.8' (ComponentsStream.cpp:19) is invalid: it has no data producer
WARNING: [XFORM 203-731] Internal stream variable 'sum_out5.9' (ComponentsStream.cpp:19) is invalid: it has no data producer
WARNING: [XFORM 203-731] Internal stream variable 'sum_out5.10' (ComponentsStream.cpp:19) is invalid: it has no data producer
WARNING: [XFORM 203-731] Internal stream variable 'sum_out5.11' (ComponentsStream.cpp:19) is invalid: it has no data producer
WARNING: [XFORM 203-731] Internal stream variable 'sum_out5.12' (ComponentsStream.cpp:19) is invalid: it has no data producer
WARNING: [XFORM 203-731] Internal stream variable 'sum_out5.15' (ComponentsStream.cpp:19) is invalid: it has no data producer
WARNING: [XFORM 203-731] Internal stream variable 'sum_out5.16' (ComponentsStream.cpp:19) is invalid: it has no data producer
WARNING: [XFORM 203-731] Internal stream variable 'sum_out5.17' (ComponentsStream.cpp:19) is invalid: it has no data producer
WARNING: [XFORM 203-731] Internal stream variable 'sum_out5.18' (ComponentsStream.cpp:19) is invalid: it has no data producer
WARNING: [XFORM 203-731] Internal stream variable 'sum_out5.19' (ComponentsStream.cpp:19) is invalid: it has no data producer
WARNING: [XFORM 203-731] Internal stream variable 'sum_out5.20' (ComponentsStream.cpp:19) is invalid: it has no data producer
WARNING: [XFORM 203-731] Internal stream variable 'sum_out5.21' (ComponentsStream.cpp:19) is invalid: it has no data producer
WARNING: [XFORM 203-731] Internal stream variable 'sum_out5.25' (ComponentsStream.cpp:19) is invalid: it has no data producer
WARNING: [XFORM 203-731] Internal stream variable 'sum_out5.26' (ComponentsStream.cpp:19) is invalid: it has no data producer
WARNING: [XFORM 203-731] Internal stream variable 'sum_out5.27' (ComponentsStream.cpp:19) is invalid: it has no data producer
WARNING: [XFORM 203-731] Internal stream variable 'sum_out5.28' (ComponentsStream.cpp:19) is invalid: it has no data producer
WARNING: [XFORM 203-731] Internal stream variable 'sum_out5.29' (ComponentsStream.cpp:19) is invalid: it has no data producer
WARNING: [XFORM 203-731] Internal stream variable 'sum_out5.30' (ComponentsStream.cpp:19) is invalid: it has no data producer
WARNING: [XFORM 203-731] Internal stream variable 'sum_out5.35' (ComponentsStream.cpp:19) is invalid: it has no data producer
WARNING: [XFORM 203-731] Internal stream variable 'sum_out5.36' (ComponentsStream.cpp:19) is invalid: it has no data producer
WARNING: [XFORM 203-731] Internal stream variable 'sum_out5.37' (ComponentsStream.cpp:19) is invalid: it has no data producer
WARNING: [XFORM 203-731] Internal stream variable 'sum_out5.38' (ComponentsStream.cpp:19) is invalid: it has no data producer
WARNING: [XFORM 203-731] Internal stream variable 'sum_out5.39' (ComponentsStream.cpp:19) is invalid: it has no data producer
WARNING: [XFORM 203-731] Internal stream variable 'sum_out5.46' (ComponentsStream.cpp:19) is invalid: it has no data producer
WARNING: [XFORM 203-731] Internal stream variable 'sum_out5.47' (ComponentsStream.cpp:19) is invalid: it has no data producer
WARNING: [XFORM 203-731] Internal stream variable 'sum_out5.48' (ComponentsStream.cpp:19) is invalid: it has no data producer
WARNING: [XFORM 203-731] Internal stream variable 'sum_out5.56' (ComponentsStream.cpp:19) is invalid: it has no data producer
WARNING: [XFORM 203-731] Internal stream variable 'sum_out5.57' (ComponentsStream.cpp:19) is invalid: it has no data producer
WARNING: [XFORM 203-731] Internal stream variable 'sum_out5.66' (ComponentsStream.cpp:19) is invalid: it has no data producer
ERROR: [HLS 200-970] Internal stream 'sum_out3' (ComponentsStream.cpp:17) failed dataflow checking: it must be produced and consumed exactly once.
INFO: [HLS 200-992] Variable 'sum_out3' has read operations in process function 'conv2d_3_stream_layer_post<9u>' (./ComponentStream.h:118:27) (around ComponentsStream.cpp:35).
Resolution: For help on HLS 200-992 see docs.xilinx.com/access/sources/dita/topic?Doc_Version=2024.2%20English&url=ug1448-hls-guidance&resourceid=200-992.html
ERROR: [HLS 200-970] Internal stream 'sum_out3.1' (ComponentsStream.cpp:17) failed dataflow checking: it must be produced and consumed exactly once.
INFO: [HLS 200-992] Variable 'sum_out3.1' has read operations in process function 'conv2d_3_stream_layer_post<9u>' (./ComponentStream.h:118:27) (around ComponentsStream.cpp:35).
Resolution: For help on HLS 200-992 see docs.xilinx.com/access/sources/dita/topic?Doc_Version=2024.2%20English&url=ug1448-hls-guidance&resourceid=200-992.html
ERROR: [HLS 200-970] Internal stream 'sum_out3.2' (ComponentsStream.cpp:17) failed dataflow checking: it must be produced and consumed exactly once.
INFO: [HLS 200-992] Variable 'sum_out3.2' has read operations in process function 'conv2d_3_stream_layer_post<9u>' (./ComponentStream.h:118:27) (around ComponentsStream.cpp:35).
Resolution: For help on HLS 200-992 see docs.xilinx.com/access/sources/dita/topic?Doc_Version=2024.2%20English&url=ug1448-hls-guidance&resourceid=200-992.html
ERROR: [HLS 200-970] Internal stream 'sum_out3.4' (ComponentsStream.cpp:17) failed dataflow checking: it must be produced and consumed exactly once.
INFO: [HLS 200-992] Variable 'sum_out3.4' has read operations in process function 'conv2d_3_stream_layer_post<9u>' (./ComponentStream.h:118:27) (around ComponentsStream.cpp:35).
Resolution: For help on HLS 200-992 see docs.xilinx.com/access/sources/dita/topic?Doc_Version=2024.2%20English&url=ug1448-hls-guidance&resourceid=200-992.html
ERROR: [HLS 200-970] Internal stream 'sum_out3.5' (ComponentsStream.cpp:17) failed dataflow checking: it must be produced and consumed exactly once.
INFO: [HLS 200-992] Variable 'sum_out3.5' has read operations in process function 'conv2d_3_stream_layer_post<9u>' (./ComponentStream.h:118:27) (around ComponentsStream.cpp:35).
Resolution: For help on HLS 200-992 see docs.xilinx.com/access/sources/dita/topic?Doc_Version=2024.2%20English&url=ug1448-hls-guidance&resourceid=200-992.html
ERROR: [HLS 200-970] Internal stream 'sum_out3.6' (ComponentsStream.cpp:17) failed dataflow checking: it must be produced and consumed exactly once.
INFO: [HLS 200-992] Variable 'sum_out3.6' has read operations in process function 'conv2d_3_stream_layer_post<9u>' (./ComponentStream.h:118:27) (around ComponentsStream.cpp:35).
Resolution: For help on HLS 200-992 see docs.xilinx.com/access/sources/dita/topic?Doc_Version=2024.2%20English&url=ug1448-hls-guidance&resourceid=200-992.html
ERROR: [HLS 200-970] Internal stream 'sum_out3.7' (ComponentsStream.cpp:17) failed dataflow checking: it must be produced and consumed exactly once.
INFO: [HLS 200-992] Variable 'sum_out3.7' has read operations in process function 'conv2d_3_stream_layer_post<9u>' (./ComponentStream.h:118:27) (around ComponentsStream.cpp:35).
Resolution: For help on HLS 200-992 see docs.xilinx.com/access/sources/dita/topic?Doc_Version=2024.2%20English&url=ug1448-hls-guidance&resourceid=200-992.html
ERROR: [HLS 200-970] Internal stream 'sum_out3.8' (ComponentsStream.cpp:17) failed dataflow checking: it must be produced and consumed exactly once.
INFO: [HLS 200-992] Variable 'sum_out3.8' has read operations in process function 'conv2d_3_stream_layer_post<9u>' (./ComponentStream.h:118:27) (around ComponentsStream.cpp:35).
Resolution: For help on HLS 200-992 see docs.xilinx.com/access/sources/dita/topic?Doc_Version=2024.2%20English&url=ug1448-hls-guidance&resourceid=200-992.html
ERROR: [HLS 200-970] Internal stream 'sum_out3.11' (ComponentsStream.cpp:17) failed dataflow checking: it must be produced and consumed exactly once.
INFO: [HLS 200-992] Variable 'sum_out3.11' has read operations in process function 'conv2d_3_stream_layer_post<9u>' (./ComponentStream.h:118:27) (around ComponentsStream.cpp:35).
Resolution: For help on HLS 200-992 see docs.xilinx.com/access/sources/dita/topic?Doc_Version=2024.2%20English&url=ug1448-hls-guidance&resourceid=200-992.html
ERROR: [HLS 200-970] Internal stream 'sum_out3.12' (ComponentsStream.cpp:17) failed dataflow checking: it must be produced and consumed exactly once.
INFO: [HLS 200-992] Variable 'sum_out3.12' has read operations in process function 'conv2d_3_stream_layer_post<9u>' (./ComponentStream.h:118:27) (around ComponentsStream.cpp:35).
Resolution: For help on HLS 200-992 see docs.xilinx.com/access/sources/dita/topic?Doc_Version=2024.2%20English&url=ug1448-hls-guidance&resourceid=200-992.html
ERROR: [HLS 200-970] Internal stream 'sum_out3.13' (ComponentsStream.cpp:17) failed dataflow checking: it must be produced and consumed exactly once.
INFO: [HLS 200-992] Variable 'sum_out3.13' has read operations in process function 'conv2d_3_stream_layer_post<9u>' (./ComponentStream.h:118:27) (around ComponentsStream.cpp:35).
Resolution: For help on HLS 200-992 see docs.xilinx.com/access/sources/dita/topic?Doc_Version=2024.2%20English&url=ug1448-hls-guidance&resourceid=200-992.html
ERROR: [HLS 200-970] Internal stream 'sum_out3.14' (ComponentsStream.cpp:17) failed dataflow checking: it must be produced and consumed exactly once.
INFO: [HLS 200-992] Variable 'sum_out3.14' has read operations in process function 'conv2d_3_stream_layer_post<9u>' (./ComponentStream.h:118:27) (around ComponentsStream.cpp:35).
Resolution: For help on HLS 200-992 see docs.xilinx.com/access/sources/dita/topic?Doc_Version=2024.2%20English&url=ug1448-hls-guidance&resourceid=200-992.html
ERROR: [HLS 200-970] Internal stream 'sum_out3.19' (ComponentsStream.cpp:17) failed dataflow checking: it must be produced and consumed exactly once.
INFO: [HLS 200-992] Variable 'sum_out3.19' has read operations in process function 'conv2d_3_stream_layer_post<9u>' (./ComponentStream.h:118:27) (around ComponentsStream.cpp:35).
Resolution: For help on HLS 200-992 see docs.xilinx.com/access/sources/dita/topic?Doc_Version=2024.2%20English&url=ug1448-hls-guidance&resourceid=200-992.html
ERROR: [HLS 200-970] Internal stream 'sum_out3.20' (ComponentsStream.cpp:17) failed dataflow checking: it must be produced and consumed exactly once.
INFO: [HLS 200-992] Variable 'sum_out3.20' has read operations in process function 'conv2d_3_stream_layer_post<9u>' (./ComponentStream.h:118:27) (around ComponentsStream.cpp:35).
Resolution: For help on HLS 200-992 see docs.xilinx.com/access/sources/dita/topic?Doc_Version=2024.2%20English&url=ug1448-hls-guidance&resourceid=200-992.html
ERROR: [HLS 200-970] Internal stream 'sum_out3.26' (ComponentsStream.cpp:17) failed dataflow checking: it must be produced and consumed exactly once.
INFO: [HLS 200-992] Variable 'sum_out3.26' has read operations in process function 'conv2d_3_stream_layer_post<9u>' (./ComponentStream.h:118:27) (around ComponentsStream.cpp:35).
Resolution: For help on HLS 200-992 see docs.xilinx.com/access/sources/dita/topic?Doc_Version=2024.2%20English&url=ug1448-hls-guidance&resourceid=200-992.html
ERROR: [HLS 200-970] Internal stream 'sum_out4' (ComponentsStream.cpp:18) failed dataflow checking: it must be produced and consumed exactly once.
INFO: [HLS 200-992] Variable 'sum_out4' has read operations in process function 'conv2d_4_stream_layer_post<9u>' (./ComponentStream.h:169:27) (around ComponentsStream.cpp:38).
Resolution: For help on HLS 200-992 see docs.xilinx.com/access/sources/dita/topic?Doc_Version=2024.2%20English&url=ug1448-hls-guidance&resourceid=200-992.html
ERROR: [HLS 200-970] Internal stream 'sum_out4.1' (ComponentsStream.cpp:18) failed dataflow checking: it must be produced and consumed exactly once.
INFO: [HLS 200-992] Variable 'sum_out4.1' has read operations in process function 'conv2d_4_stream_layer_post<9u>' (./ComponentStream.h:169:27) (around ComponentsStream.cpp:38).
Resolution: For help on HLS 200-992 see docs.xilinx.com/access/sources/dita/topic?Doc_Version=2024.2%20English&url=ug1448-hls-guidance&resourceid=200-992.html
ERROR: [HLS 200-970] Internal stream 'sum_out4.2' (ComponentsStream.cpp:18) failed dataflow checking: it must be produced and consumed exactly once.
INFO: [HLS 200-992] Variable 'sum_out4.2' has read operations in process function 'conv2d_4_stream_layer_post<9u>' (./ComponentStream.h:169:27) (around ComponentsStream.cpp:38).
Resolution: For help on HLS 200-992 see docs.xilinx.com/access/sources/dita/topic?Doc_Version=2024.2%20English&url=ug1448-hls-guidance&resourceid=200-992.html
ERROR: [HLS 200-970] Internal stream 'sum_out4.3' (ComponentsStream.cpp:18) failed dataflow checking: it must be produced and consumed exactly once.
INFO: [HLS 200-992] Variable 'sum_out4.3' has read operations in process function 'conv2d_4_stream_layer_post<9u>' (./ComponentStream.h:169:27) (around ComponentsStream.cpp:38).
Resolution: For help on HLS 200-992 see docs.xilinx.com/access/sources/dita/topic?Doc_Version=2024.2%20English&url=ug1448-hls-guidance&resourceid=200-992.html
ERROR: [HLS 200-970] Internal stream 'sum_out4.5' (ComponentsStream.cpp:18) failed dataflow checking: it must be produced and consumed exactly once.
INFO: [HLS 200-992] Variable 'sum_out4.5' has read operations in process function 'conv2d_4_stream_layer_post<9u>' (./ComponentStream.h:169:27) (around ComponentsStream.cpp:38).
Resolution: For help on HLS 200-992 see docs.xilinx.com/access/sources/dita/topic?Doc_Version=2024.2%20English&url=ug1448-hls-guidance&resourceid=200-992.html
ERROR: [HLS 200-970] Internal stream 'sum_out4.6' (ComponentsStream.cpp:18) failed dataflow checking: it must be produced and consumed exactly once.
INFO: [HLS 200-992] Variable 'sum_out4.6' has read operations in process function 'conv2d_4_stream_layer_post<9u>' (./ComponentStream.h:169:27) (around ComponentsStream.cpp:38).
Resolution: For help on HLS 200-992 see docs.xilinx.com/access/sources/dita/topic?Doc_Version=2024.2%20English&url=ug1448-hls-guidance&resourceid=200-992.html
ERROR: [HLS 200-970] Internal stream 'sum_out4.7' (ComponentsStream.cpp:18) failed dataflow checking: it must be produced and consumed exactly once.
INFO: [HLS 200-992] Variable 'sum_out4.7' has read operations in process function 'conv2d_4_stream_layer_post<9u>' (./ComponentStream.h:169:27) (around ComponentsStream.cpp:38).
Resolution: For help on HLS 200-992 see docs.xilinx.com/access/sources/dita/topic?Doc_Version=2024.2%20English&url=ug1448-hls-guidance&resourceid=200-992.html
ERROR: [HLS 200-970] Internal stream 'sum_out4.8' (ComponentsStream.cpp:18) failed dataflow checking: it must be produced and consumed exactly once.
INFO: [HLS 200-992] Variable 'sum_out4.8' has read operations in process function 'conv2d_4_stream_layer_post<9u>' (./ComponentStream.h:169:27) (around ComponentsStream.cpp:38).
Resolution: For help on HLS 200-992 see docs.xilinx.com/access/sources/dita/topic?Doc_Version=2024.2%20English&url=ug1448-hls-guidance&resourceid=200-992.html
ERROR: [HLS 200-970] Internal stream 'sum_out4.9' (ComponentsStream.cpp:18) failed dataflow checking: it must be produced and consumed exactly once.
INFO: [HLS 200-992] Variable 'sum_out4.9' has read operations in process function 'conv2d_4_stream_layer_post<9u>' (./ComponentStream.h:169:27) (around ComponentsStream.cpp:38).
Resolution: For help on HLS 200-992 see docs.xilinx.com/access/sources/dita/topic?Doc_Version=2024.2%20English&url=ug1448-hls-guidance&resourceid=200-992.html
ERROR: [HLS 200-970] Internal stream 'sum_out4.10' (ComponentsStream.cpp:18) failed dataflow checking: it must be produced and consumed exactly once.
INFO: [HLS 200-992] Variable 'sum_out4.10' has read operations in process function 'conv2d_4_stream_layer_post<9u>' (./ComponentStream.h:169:27) (around ComponentsStream.cpp:38).
Resolution: For help on HLS 200-992 see docs.xilinx.com/access/sources/dita/topic?Doc_Version=2024.2%20English&url=ug1448-hls-guidance&resourceid=200-992.html
ERROR: [HLS 200-970] Internal stream 'sum_out4.11' (ComponentsStream.cpp:18) failed dataflow checking: it must be produced and consumed exactly once.
INFO: [HLS 200-992] Variable 'sum_out4.11' has read operations in process function 'conv2d_4_stream_layer_post<9u>' (./ComponentStream.h:169:27) (around ComponentsStream.cpp:38).
Resolution: For help on HLS 200-992 see docs.xilinx.com/access/sources/dita/topic?Doc_Version=2024.2%20English&url=ug1448-hls-guidance&resourceid=200-992.html
ERROR: [HLS 200-970] Internal stream 'sum_out4.14' (ComponentsStream.cpp:18) failed dataflow checking: it must be produced and consumed exactly once.
INFO: [HLS 200-992] Variable 'sum_out4.14' has read operations in process function 'conv2d_4_stream_layer_post<9u>' (./ComponentStream.h:169:27) (around ComponentsStream.cpp:38).
Resolution: For help on HLS 200-992 see docs.xilinx.com/access/sources/dita/topic?Doc_Version=2024.2%20English&url=ug1448-hls-guidance&resourceid=200-992.html
ERROR: [HLS 200-970] Internal stream 'sum_out4.15' (ComponentsStream.cpp:18) failed dataflow checking: it must be produced and consumed exactly once.
INFO: [HLS 200-992] Variable 'sum_out4.15' has read operations in process function 'conv2d_4_stream_layer_post<9u>' (./ComponentStream.h:169:27) (around ComponentsStream.cpp:38).
Resolution: For help on HLS 200-992 see docs.xilinx.com/access/sources/dita/topic?Doc_Version=2024.2%20English&url=ug1448-hls-guidance&resourceid=200-992.html
ERROR: [HLS 200-970] Internal stream 'sum_out4.16' (ComponentsStream.cpp:18) failed dataflow checking: it must be produced and consumed exactly once.
INFO: [HLS 200-992] Variable 'sum_out4.16' has read operations in process function 'conv2d_4_stream_layer_post<9u>' (./ComponentStream.h:169:27) (around ComponentsStream.cpp:38).
Resolution: For help on HLS 200-992 see docs.xilinx.com/access/sources/dita/topic?Doc_Version=2024.2%20English&url=ug1448-hls-guidance&resourceid=200-992.html
ERROR: [HLS 200-970] Internal stream 'sum_out4.17' (ComponentsStream.cpp:18) failed dataflow checking: it must be produced and consumed exactly once.
INFO: [HLS 200-992] Variable 'sum_out4.17' has read operations in process function 'conv2d_4_stream_layer_post<9u>' (./ComponentStream.h:169:27) (around ComponentsStream.cpp:38).
Resolution: For help on HLS 200-992 see docs.xilinx.com/access/sources/dita/topic?Doc_Version=2024.2%20English&url=ug1448-hls-guidance&resourceid=200-992.html
ERROR: [HLS 200-970] Internal stream 'sum_out4.18' (ComponentsStream.cpp:18) failed dataflow checking: it must be produced and consumed exactly once.
INFO: [HLS 200-992] Variable 'sum_out4.18' has read operations in process function 'conv2d_4_stream_layer_post<9u>' (./ComponentStream.h:169:27) (around ComponentsStream.cpp:38).
Resolution: For help on HLS 200-992 see docs.xilinx.com/access/sources/dita/topic?Doc_Version=2024.2%20English&url=ug1448-hls-guidance&resourceid=200-992.html
ERROR: [HLS 200-970] Internal stream 'sum_out4.19' (ComponentsStream.cpp:18) failed dataflow checking: it must be produced and consumed exactly once.
INFO: [HLS 200-992] Variable 'sum_out4.19' has read operations in process function 'conv2d_4_stream_layer_post<9u>' (./ComponentStream.h:169:27) (around ComponentsStream.cpp:38).
Resolution: For help on HLS 200-992 see docs.xilinx.com/access/sources/dita/topic?Doc_Version=2024.2%20English&url=ug1448-hls-guidance&resourceid=200-992.html
ERROR: [HLS 200-970] Internal stream 'sum_out4.23' (ComponentsStream.cpp:18) failed dataflow checking: it must be produced and consumed exactly once.
INFO: [HLS 200-992] Variable 'sum_out4.23' has read operations in process function 'conv2d_4_stream_layer_post<9u>' (./ComponentStream.h:169:27) (around ComponentsStream.cpp:38).
Resolution: For help on HLS 200-992 see docs.xilinx.com/access/sources/dita/topic?Doc_Version=2024.2%20English&url=ug1448-hls-guidance&resourceid=200-992.html
ERROR: [HLS 200-970] Internal stream 'sum_out4.24' (ComponentsStream.cpp:18) failed dataflow checking: it must be produced and consumed exactly once.
INFO: [HLS 200-992] Variable 'sum_out4.24' has read operations in process function 'conv2d_4_stream_layer_post<9u>' (./ComponentStream.h:169:27) (around ComponentsStream.cpp:38).
Resolution: For help on HLS 200-992 see docs.xilinx.com/access/sources/dita/topic?Doc_Version=2024.2%20English&url=ug1448-hls-guidance&resourceid=200-992.html
ERROR: [HLS 200-970] Internal stream 'sum_out4.25' (ComponentsStream.cpp:18) failed dataflow checking: it must be produced and consumed exactly once.
INFO: [HLS 200-992] Variable 'sum_out4.25' has read operations in process function 'conv2d_4_stream_layer_post<9u>' (./ComponentStream.h:169:27) (around ComponentsStream.cpp:38).
Resolution: For help on HLS 200-992 see docs.xilinx.com/access/sources/dita/topic?Doc_Version=2024.2%20English&url=ug1448-hls-guidance&resourceid=200-992.html
ERROR: [HLS 200-970] Internal stream 'sum_out4.26' (ComponentsStream.cpp:18) failed dataflow checking: it must be produced and consumed exactly once.
INFO: [HLS 200-992] Variable 'sum_out4.26' has read operations in process function 'conv2d_4_stream_layer_post<9u>' (./ComponentStream.h:169:27) (around ComponentsStream.cpp:38).
Resolution: For help on HLS 200-992 see docs.xilinx.com/access/sources/dita/topic?Doc_Version=2024.2%20English&url=ug1448-hls-guidance&resourceid=200-992.html
ERROR: [HLS 200-970] Internal stream 'sum_out4.27' (ComponentsStream.cpp:18) failed dataflow checking: it must be produced and consumed exactly once.
INFO: [HLS 200-992] Variable 'sum_out4.27' has read operations in process function 'conv2d_4_stream_layer_post<9u>' (./ComponentStream.h:169:27) (around ComponentsStream.cpp:38).
Resolution: For help on HLS 200-992 see docs.xilinx.com/access/sources/dita/topic?Doc_Version=2024.2%20English&url=ug1448-hls-guidance&resourceid=200-992.html
ERROR: [HLS 200-970] Internal stream 'sum_out4.33' (ComponentsStream.cpp:18) failed dataflow checking: it must be produced and consumed exactly once.
INFO: [HLS 200-992] Variable 'sum_out4.33' has read operations in process function 'conv2d_4_stream_layer_post<9u>' (./ComponentStream.h:169:27) (around ComponentsStream.cpp:38).
Resolution: For help on HLS 200-992 see docs.xilinx.com/access/sources/dita/topic?Doc_Version=2024.2%20English&url=ug1448-hls-guidance&resourceid=200-992.html
ERROR: [HLS 200-970] Internal stream 'sum_out4.34' (ComponentsStream.cpp:18) failed dataflow checking: it must be produced and consumed exactly once.
INFO: [HLS 200-992] Variable 'sum_out4.34' has read operations in process function 'conv2d_4_stream_layer_post<9u>' (./ComponentStream.h:169:27) (around ComponentsStream.cpp:38).
Resolution: For help on HLS 200-992 see docs.xilinx.com/access/sources/dita/topic?Doc_Version=2024.2%20English&url=ug1448-hls-guidance&resourceid=200-992.html
ERROR: [HLS 200-970] Internal stream 'sum_out4.35' (ComponentsStream.cpp:18) failed dataflow checking: it must be produced and consumed exactly once.
INFO: [HLS 200-992] Variable 'sum_out4.35' has read operations in process function 'conv2d_4_stream_layer_post<9u>' (./ComponentStream.h:169:27) (around ComponentsStream.cpp:38).
Resolution: For help on HLS 200-992 see docs.xilinx.com/access/sources/dita/topic?Doc_Version=2024.2%20English&url=ug1448-hls-guidance&resourceid=200-992.html
ERROR: [HLS 200-970] Internal stream 'sum_out4.42' (ComponentsStream.cpp:18) failed dataflow checking: it must be produced and consumed exactly once.
INFO: [HLS 200-992] Variable 'sum_out4.42' has read operations in process function 'conv2d_4_stream_layer_post<9u>' (./ComponentStream.h:169:27) (around ComponentsStream.cpp:38).
Resolution: For help on HLS 200-992 see docs.xilinx.com/access/sources/dita/topic?Doc_Version=2024.2%20English&url=ug1448-hls-guidance&resourceid=200-992.html
ERROR: [HLS 200-970] Internal stream 'sum_out4.43' (ComponentsStream.cpp:18) failed dataflow checking: it must be produced and consumed exactly once.
INFO: [HLS 200-992] Variable 'sum_out4.43' has read operations in process function 'conv2d_4_stream_layer_post<9u>' (./ComponentStream.h:169:27) (around ComponentsStream.cpp:38).
Resolution: For help on HLS 200-992 see docs.xilinx.com/access/sources/dita/topic?Doc_Version=2024.2%20English&url=ug1448-hls-guidance&resourceid=200-992.html
ERROR: [HLS 200-970] Internal stream 'sum_out4.51' (ComponentsStream.cpp:18) failed dataflow checking: it must be produced and consumed exactly once.
INFO: [HLS 200-992] Variable 'sum_out4.51' has read operations in process function 'conv2d_4_stream_layer_post<9u>' (./ComponentStream.h:169:27) (around ComponentsStream.cpp:38).
Resolution: For help on HLS 200-992 see docs.xilinx.com/access/sources/dita/topic?Doc_Version=2024.2%20English&url=ug1448-hls-guidance&resourceid=200-992.html
ERROR: [HLS 200-970] Internal stream 'sum_out5' (ComponentsStream.cpp:19) failed dataflow checking: it must be produced and consumed exactly once.
INFO: [HLS 200-992] Variable 'sum_out5' has read operations in process function 'conv2d_5_stream_layer_post<9u>' (./ComponentStream.h:220:27) (around ComponentsStream.cpp:19).
Resolution: For help on HLS 200-992 see docs.xilinx.com/access/sources/dita/topic?Doc_Version=2024.2%20English&url=ug1448-hls-guidance&resourceid=200-992.html
ERROR: [HLS 200-970] Internal stream 'sum_out5.1' (ComponentsStream.cpp:19) failed dataflow checking: it must be produced and consumed exactly once.
INFO: [HLS 200-992] Variable 'sum_out5.1' has read operations in process function 'conv2d_5_stream_layer_post<9u>' (./ComponentStream.h:220:27) (around ComponentsStream.cpp:19).
Resolution: For help on HLS 200-992 see docs.xilinx.com/access/sources/dita/topic?Doc_Version=2024.2%20English&url=ug1448-hls-guidance&resourceid=200-992.html
ERROR: [HLS 200-970] Internal stream 'sum_out5.2' (ComponentsStream.cpp:19) failed dataflow checking: it must be produced and consumed exactly once.
INFO: [HLS 200-992] Variable 'sum_out5.2' has read operations in process function 'conv2d_5_stream_layer_post<9u>' (./ComponentStream.h:220:27) (around ComponentsStream.cpp:19).
Resolution: For help on HLS 200-992 see docs.xilinx.com/access/sources/dita/topic?Doc_Version=2024.2%20English&url=ug1448-hls-guidance&resourceid=200-992.html
ERROR: [HLS 200-970] Internal stream 'sum_out5.3' (ComponentsStream.cpp:19) failed dataflow checking: it must be produced and consumed exactly once.
INFO: [HLS 200-992] Variable 'sum_out5.3' has read operations in process function 'conv2d_5_stream_layer_post<9u>' (./ComponentStream.h:220:27) (around ComponentsStream.cpp:19).
Resolution: For help on HLS 200-992 see docs.xilinx.com/access/sources/dita/topic?Doc_Version=2024.2%20English&url=ug1448-hls-guidance&resourceid=200-992.html
ERROR: [HLS 200-970] Internal stream 'sum_out5.5' (ComponentsStream.cpp:19) failed dataflow checking: it must be produced and consumed exactly once.
INFO: [HLS 200-992] Variable 'sum_out5.5' has read operations in process function 'conv2d_5_stream_layer_post<9u>' (./ComponentStream.h:220:27) (around ComponentsStream.cpp:19).
Resolution: For help on HLS 200-992 see docs.xilinx.com/access/sources/dita/topic?Doc_Version=2024.2%20English&url=ug1448-hls-guidance&resourceid=200-992.html
ERROR: [HLS 200-970] Internal stream 'sum_out5.6' (ComponentsStream.cpp:19) failed dataflow checking: it must be produced and consumed exactly once.
INFO: [HLS 200-992] Variable 'sum_out5.6' has read operations in process function 'conv2d_5_stream_layer_post<9u>' (./ComponentStream.h:220:27) (around ComponentsStream.cpp:19).
Resolution: For help on HLS 200-992 see docs.xilinx.com/access/sources/dita/topic?Doc_Version=2024.2%20English&url=ug1448-hls-guidance&resourceid=200-992.html
ERROR: [HLS 200-970] Internal stream 'sum_out5.7' (ComponentsStream.cpp:19) failed dataflow checking: it must be produced and consumed exactly once.
INFO: [HLS 200-992] Variable 'sum_out5.7' has read operations in process function 'conv2d_5_stream_layer_post<9u>' (./ComponentStream.h:220:27) (around ComponentsStream.cpp:19).
Resolution: For help on HLS 200-992 see docs.xilinx.com/access/sources/dita/topic?Doc_Version=2024.2%20English&url=ug1448-hls-guidance&resourceid=200-992.html
ERROR: [HLS 200-970] Internal stream 'sum_out5.8' (ComponentsStream.cpp:19) failed dataflow checking: it must be produced and consumed exactly once.
INFO: [HLS 200-992] Variable 'sum_out5.8' has read operations in process function 'conv2d_5_stream_layer_post<9u>' (./ComponentStream.h:220:27) (around ComponentsStream.cpp:19).
Resolution: For help on HLS 200-992 see docs.xilinx.com/access/sources/dita/topic?Doc_Version=2024.2%20English&url=ug1448-hls-guidance&resourceid=200-992.html
ERROR: [HLS 200-970] Internal stream 'sum_out5.9' (ComponentsStream.cpp:19) failed dataflow checking: it must be produced and consumed exactly once.
INFO: [HLS 200-992] Variable 'sum_out5.9' has read operations in process function 'conv2d_5_stream_layer_post<9u>' (./ComponentStream.h:220:27) (around ComponentsStream.cpp:19).
Resolution: For help on HLS 200-992 see docs.xilinx.com/access/sources/dita/topic?Doc_Version=2024.2%20English&url=ug1448-hls-guidance&resourceid=200-992.html
ERROR: [HLS 200-970] Internal stream 'sum_out5.10' (ComponentsStream.cpp:19) failed dataflow checking: it must be produced and consumed exactly once.
INFO: [HLS 200-992] Variable 'sum_out5.10' has read operations in process function 'conv2d_5_stream_layer_post<9u>' (./ComponentStream.h:220:27) (around ComponentsStream.cpp:19).
Resolution: For help on HLS 200-992 see docs.xilinx.com/access/sources/dita/topic?Doc_Version=2024.2%20English&url=ug1448-hls-guidance&resourceid=200-992.html
ERROR: [HLS 200-970] Internal stream 'sum_out5.11' (ComponentsStream.cpp:19) failed dataflow checking: it must be produced and consumed exactly once.
INFO: [HLS 200-992] Variable 'sum_out5.11' has read operations in process function 'conv2d_5_stream_layer_post<9u>' (./ComponentStream.h:220:27) (around ComponentsStream.cpp:19).
Resolution: For help on HLS 200-992 see docs.xilinx.com/access/sources/dita/topic?Doc_Version=2024.2%20English&url=ug1448-hls-guidance&resourceid=200-992.html
ERROR: [HLS 200-970] Internal stream 'sum_out5.12' (ComponentsStream.cpp:19) failed dataflow checking: it must be produced and consumed exactly once.
INFO: [HLS 200-992] Variable 'sum_out5.12' has read operations in process function 'conv2d_5_stream_layer_post<9u>' (./ComponentStream.h:220:27) (around ComponentsStream.cpp:19).
Resolution: For help on HLS 200-992 see docs.xilinx.com/access/sources/dita/topic?Doc_Version=2024.2%20English&url=ug1448-hls-guidance&resourceid=200-992.html
ERROR: [HLS 200-970] Internal stream 'sum_out5.15' (ComponentsStream.cpp:19) failed dataflow checking: it must be produced and consumed exactly once.
INFO: [HLS 200-992] Variable 'sum_out5.15' has read operations in process function 'conv2d_5_stream_layer_post<9u>' (./ComponentStream.h:220:27) (around ComponentsStream.cpp:19).
Resolution: For help on HLS 200-992 see docs.xilinx.com/access/sources/dita/topic?Doc_Version=2024.2%20English&url=ug1448-hls-guidance&resourceid=200-992.html
ERROR: [HLS 200-970] Internal stream 'sum_out5.16' (ComponentsStream.cpp:19) failed dataflow checking: it must be produced and consumed exactly once.
INFO: [HLS 200-992] Variable 'sum_out5.16' has read operations in process function 'conv2d_5_stream_layer_post<9u>' (./ComponentStream.h:220:27) (around ComponentsStream.cpp:19).
Resolution: For help on HLS 200-992 see docs.xilinx.com/access/sources/dita/topic?Doc_Version=2024.2%20English&url=ug1448-hls-guidance&resourceid=200-992.html
ERROR: [HLS 200-970] Internal stream 'sum_out5.17' (ComponentsStream.cpp:19) failed dataflow checking: it must be produced and consumed exactly once.
INFO: [HLS 200-992] Variable 'sum_out5.17' has read operations in process function 'conv2d_5_stream_layer_post<9u>' (./ComponentStream.h:220:27) (around ComponentsStream.cpp:19).
Resolution: For help on HLS 200-992 see docs.xilinx.com/access/sources/dita/topic?Doc_Version=2024.2%20English&url=ug1448-hls-guidance&resourceid=200-992.html
ERROR: [HLS 200-970] Internal stream 'sum_out5.18' (ComponentsStream.cpp:19) failed dataflow checking: it must be produced and consumed exactly once.
INFO: [HLS 200-992] Variable 'sum_out5.18' has read operations in process function 'conv2d_5_stream_layer_post<9u>' (./ComponentStream.h:220:27) (around ComponentsStream.cpp:19).
Resolution: For help on HLS 200-992 see docs.xilinx.com/access/sources/dita/topic?Doc_Version=2024.2%20English&url=ug1448-hls-guidance&resourceid=200-992.html
ERROR: [HLS 200-970] Internal stream 'sum_out5.19' (ComponentsStream.cpp:19) failed dataflow checking: it must be produced and consumed exactly once.
INFO: [HLS 200-992] Variable 'sum_out5.19' has read operations in process function 'conv2d_5_stream_layer_post<9u>' (./ComponentStream.h:220:27) (around ComponentsStream.cpp:19).
Resolution: For help on HLS 200-992 see docs.xilinx.com/access/sources/dita/topic?Doc_Version=2024.2%20English&url=ug1448-hls-guidance&resourceid=200-992.html
ERROR: [HLS 200-970] Internal stream 'sum_out5.20' (ComponentsStream.cpp:19) failed dataflow checking: it must be produced and consumed exactly once.
INFO: [HLS 200-992] Variable 'sum_out5.20' has read operations in process function 'conv2d_5_stream_layer_post<9u>' (./ComponentStream.h:220:27) (around ComponentsStream.cpp:19).
Resolution: For help on HLS 200-992 see docs.xilinx.com/access/sources/dita/topic?Doc_Version=2024.2%20English&url=ug1448-hls-guidance&resourceid=200-992.html
ERROR: [HLS 200-970] Internal stream 'sum_out5.21' (ComponentsStream.cpp:19) failed dataflow checking: it must be produced and consumed exactly once.
INFO: [HLS 200-992] Variable 'sum_out5.21' has read operations in process function 'conv2d_5_stream_layer_post<9u>' (./ComponentStream.h:220:27) (around ComponentsStream.cpp:19).
Resolution: For help on HLS 200-992 see docs.xilinx.com/access/sources/dita/topic?Doc_Version=2024.2%20English&url=ug1448-hls-guidance&resourceid=200-992.html
ERROR: [HLS 200-970] Internal stream 'sum_out5.25' (ComponentsStream.cpp:19) failed dataflow checking: it must be produced and consumed exactly once.
INFO: [HLS 200-992] Variable 'sum_out5.25' has read operations in process function 'conv2d_5_stream_layer_post<9u>' (./ComponentStream.h:220:27) (around ComponentsStream.cpp:19).
Resolution: For help on HLS 200-992 see docs.xilinx.com/access/sources/dita/topic?Doc_Version=2024.2%20English&url=ug1448-hls-guidance&resourceid=200-992.html
ERROR: [HLS 200-970] Internal stream 'sum_out5.26' (ComponentsStream.cpp:19) failed dataflow checking: it must be produced and consumed exactly once.
INFO: [HLS 200-992] Variable 'sum_out5.26' has read operations in process function 'conv2d_5_stream_layer_post<9u>' (./ComponentStream.h:220:27) (around ComponentsStream.cpp:19).
Resolution: For help on HLS 200-992 see docs.xilinx.com/access/sources/dita/topic?Doc_Version=2024.2%20English&url=ug1448-hls-guidance&resourceid=200-992.html
ERROR: [HLS 200-970] Internal stream 'sum_out5.27' (ComponentsStream.cpp:19) failed dataflow checking: it must be produced and consumed exactly once.
INFO: [HLS 200-992] Variable 'sum_out5.27' has read operations in process function 'conv2d_5_stream_layer_post<9u>' (./ComponentStream.h:220:27) (around ComponentsStream.cpp:19).
Resolution: For help on HLS 200-992 see docs.xilinx.com/access/sources/dita/topic?Doc_Version=2024.2%20English&url=ug1448-hls-guidance&resourceid=200-992.html
ERROR: [HLS 200-970] Internal stream 'sum_out5.28' (ComponentsStream.cpp:19) failed dataflow checking: it must be produced and consumed exactly once.
INFO: [HLS 200-992] Variable 'sum_out5.28' has read operations in process function 'conv2d_5_stream_layer_post<9u>' (./ComponentStream.h:220:27) (around ComponentsStream.cpp:19).
Resolution: For help on HLS 200-992 see docs.xilinx.com/access/sources/dita/topic?Doc_Version=2024.2%20English&url=ug1448-hls-guidance&resourceid=200-992.html
ERROR: [HLS 200-970] Internal stream 'sum_out5.29' (ComponentsStream.cpp:19) failed dataflow checking: it must be produced and consumed exactly once.
INFO: [HLS 200-992] Variable 'sum_out5.29' has read operations in process function 'conv2d_5_stream_layer_post<9u>' (./ComponentStream.h:220:27) (around ComponentsStream.cpp:19).
Resolution: For help on HLS 200-992 see docs.xilinx.com/access/sources/dita/topic?Doc_Version=2024.2%20English&url=ug1448-hls-guidance&resourceid=200-992.html
ERROR: [HLS 200-970] Internal stream 'sum_out5.30' (ComponentsStream.cpp:19) failed dataflow checking: it must be produced and consumed exactly once.
INFO: [HLS 200-992] Variable 'sum_out5.30' has read operations in process function 'conv2d_5_stream_layer_post<9u>' (./ComponentStream.h:220:27) (around ComponentsStream.cpp:19).
Resolution: For help on HLS 200-992 see docs.xilinx.com/access/sources/dita/topic?Doc_Version=2024.2%20English&url=ug1448-hls-guidance&resourceid=200-992.html
ERROR: [HLS 200-970] Internal stream 'sum_out5.35' (ComponentsStream.cpp:19) failed dataflow checking: it must be produced and consumed exactly once.
INFO: [HLS 200-992] Variable 'sum_out5.35' has read operations in process function 'conv2d_5_stream_layer_post<9u>' (./ComponentStream.h:220:27) (around ComponentsStream.cpp:19).
Resolution: For help on HLS 200-992 see docs.xilinx.com/access/sources/dita/topic?Doc_Version=2024.2%20English&url=ug1448-hls-guidance&resourceid=200-992.html
ERROR: [HLS 200-970] Internal stream 'sum_out5.36' (ComponentsStream.cpp:19) failed dataflow checking: it must be produced and consumed exactly once.
INFO: [HLS 200-992] Variable 'sum_out5.36' has read operations in process function 'conv2d_5_stream_layer_post<9u>' (./ComponentStream.h:220:27) (around ComponentsStream.cpp:19).
Resolution: For help on HLS 200-992 see docs.xilinx.com/access/sources/dita/topic?Doc_Version=2024.2%20English&url=ug1448-hls-guidance&resourceid=200-992.html
ERROR: [HLS 200-970] Internal stream 'sum_out5.37' (ComponentsStream.cpp:19) failed dataflow checking: it must be produced and consumed exactly once.
INFO: [HLS 200-992] Variable 'sum_out5.37' has read operations in process function 'conv2d_5_stream_layer_post<9u>' (./ComponentStream.h:220:27) (around ComponentsStream.cpp:19).
Resolution: For help on HLS 200-992 see docs.xilinx.com/access/sources/dita/topic?Doc_Version=2024.2%20English&url=ug1448-hls-guidance&resourceid=200-992.html
ERROR: [HLS 200-970] Internal stream 'sum_out5.38' (ComponentsStream.cpp:19) failed dataflow checking: it must be produced and consumed exactly once.
INFO: [HLS 200-992] Variable 'sum_out5.38' has read operations in process function 'conv2d_5_stream_layer_post<9u>' (./ComponentStream.h:220:27) (around ComponentsStream.cpp:19).
Resolution: For help on HLS 200-992 see docs.xilinx.com/access/sources/dita/topic?Doc_Version=2024.2%20English&url=ug1448-hls-guidance&resourceid=200-992.html
ERROR: [HLS 200-970] Internal stream 'sum_out5.39' (ComponentsStream.cpp:19) failed dataflow checking: it must be produced and consumed exactly once.
INFO: [HLS 200-992] Variable 'sum_out5.39' has read operations in process function 'conv2d_5_stream_layer_post<9u>' (./ComponentStream.h:220:27) (around ComponentsStream.cpp:19).
Resolution: For help on HLS 200-992 see docs.xilinx.com/access/sources/dita/topic?Doc_Version=2024.2%20English&url=ug1448-hls-guidance&resourceid=200-992.html
ERROR: [HLS 200-970] Internal stream 'sum_out5.46' (ComponentsStream.cpp:19) failed dataflow checking: it must be produced and consumed exactly once.
INFO: [HLS 200-992] Variable 'sum_out5.46' has read operations in process function 'conv2d_5_stream_layer_post<9u>' (./ComponentStream.h:220:27) (around ComponentsStream.cpp:19).
Resolution: For help on HLS 200-992 see docs.xilinx.com/access/sources/dita/topic?Doc_Version=2024.2%20English&url=ug1448-hls-guidance&resourceid=200-992.html
ERROR: [HLS 200-970] Internal stream 'sum_out5.47' (ComponentsStream.cpp:19) failed dataflow checking: it must be produced and consumed exactly once.
INFO: [HLS 200-992] Variable 'sum_out5.47' has read operations in process function 'conv2d_5_stream_layer_post<9u>' (./ComponentStream.h:220:27) (around ComponentsStream.cpp:19).
Resolution: For help on HLS 200-992 see docs.xilinx.com/access/sources/dita/topic?Doc_Version=2024.2%20English&url=ug1448-hls-guidance&resourceid=200-992.html
ERROR: [HLS 200-970] Internal stream 'sum_out5.48' (ComponentsStream.cpp:19) failed dataflow checking: it must be produced and consumed exactly once.
INFO: [HLS 200-992] Variable 'sum_out5.48' has read operations in process function 'conv2d_5_stream_layer_post<9u>' (./ComponentStream.h:220:27) (around ComponentsStream.cpp:19).
Resolution: For help on HLS 200-992 see docs.xilinx.com/access/sources/dita/topic?Doc_Version=2024.2%20English&url=ug1448-hls-guidance&resourceid=200-992.html
ERROR: [HLS 200-970] Internal stream 'sum_out5.56' (ComponentsStream.cpp:19) failed dataflow checking: it must be produced and consumed exactly once.
INFO: [HLS 200-992] Variable 'sum_out5.56' has read operations in process function 'conv2d_5_stream_layer_post<9u>' (./ComponentStream.h:220:27) (around ComponentsStream.cpp:19).
Resolution: For help on HLS 200-992 see docs.xilinx.com/access/sources/dita/topic?Doc_Version=2024.2%20English&url=ug1448-hls-guidance&resourceid=200-992.html
ERROR: [HLS 200-970] Internal stream 'sum_out5.57' (ComponentsStream.cpp:19) failed dataflow checking: it must be produced and consumed exactly once.
INFO: [HLS 200-992] Variable 'sum_out5.57' has read operations in process function 'conv2d_5_stream_layer_post<9u>' (./ComponentStream.h:220:27) (around ComponentsStream.cpp:19).
Resolution: For help on HLS 200-992 see docs.xilinx.com/access/sources/dita/topic?Doc_Version=2024.2%20English&url=ug1448-hls-guidance&resourceid=200-992.html
ERROR: [HLS 200-970] Internal stream 'sum_out5.66' (ComponentsStream.cpp:19) failed dataflow checking: it must be produced and consumed exactly once.
INFO: [HLS 200-992] Variable 'sum_out5.66' has read operations in process function 'conv2d_5_stream_layer_post<9u>' (./ComponentStream.h:220:27) (around ComponentsStream.cpp:19).
Resolution: For help on HLS 200-992 see docs.xilinx.com/access/sources/dita/topic?Doc_Version=2024.2%20English&url=ug1448-hls-guidance&resourceid=200-992.html
ERROR: [HLS 200-1715] Encountered problem during source synthesis
ERROR: [HLS 200-70] Pre-synthesis failed.
ERROR: 
INFO: [HLS 200-112] Total CPU user time: 10 seconds. Total CPU system time: 2 seconds. Total elapsed time: 78.029 seconds; peak allocated memory: 324.961 MB.
