# 
# Steps log generated by v++
# This log file contains a collection of steps that describe the kernel compilation flow
# Note: Some steps are tagged as internal, these steps are for debugging purposes and 
#       are not expected to be able to run independently.
# 

# The following environment variables are set when running v++
Environment variables :
------------------------------------------
ALLUSERSPROFILE=C:\ProgramData
APPDATA=C:\Users\bozhi\AppData\Roaming
arr.length=0
arr.Ubound=-1
CDSROOT=D:\Cadence\SPB_17.2
CDS_LIC_FILE=5280@localhost
CHARPOP=1
CMAKE_OBJECT_PATH_MAX=4096
CommonProgramFiles=C:\Program Files\Common Files
CommonProgramFiles(x86)=C:\Program Files (x86)\Common Files
CommonProgramW6432=C:\Program Files\Common Files
COMPUTERNAME=BOZHIDESKTOP
ComSpec=C:\WINDOWS\system32\cmd.exe
DriverData=C:\Windows\System32\Drivers\DriverData
EFC_11460_1592913036=1
HDI_APPROOT=D:/Xilinx/Vitis/2024.2
HDI_PROCESSOR=i686
HOME=D:\Cadence\Spb_data
HOMEDRIVE=C:
HOMEPATH=\Users\bozhi
HW_SERVER_DJTG_DISABLE=1
HW_SERVER_FTDIMGR_DISABLE=1
IDE_SKIP_SERVER_LICENSE=1
INT_VARIABLE_NAME=XILINX_PATH
ISL_IOSTREAMS_RSA=D:/Xilinx/Vitis/2024.2/tps/isl
JAVA_EXE=D:/Xilinx\Vitis\2024.2\tps\win64\jre11.0.16_1\bin\java.exe
JAVA_HOME=D:/Xilinx\Vitis\2024.2\tps\win64\jre11.0.16_1
KMP_DUPLICATE_LIB_OK=TRUE
LC_NUMERIC=C
LOCALAPPDATA=C:\Users\bozhi\AppData\Local
LOGONSERVER=\\BOZHIDESKTOP
LOPPER_DTC_FLAGS=-b 0 -@
NOSPLASH=false
NUMBER_OF_PROCESSORS=16
OneDrive=C:\Users\bozhi\OneDrive
OneDriveConsumer=C:\Users\bozhi\OneDrive
ORIGINAL_XDG_CURRENT_DESKTOP=undefined
OS=Windows_NT
PATH=D:/Xilinx/Vivado/2024.2/tps/win64/binutils-2.26/bin;D:/Xilinx/Vitis/2024.2/bin/../gnu/aarch64/nt/aarch64-linux/bin;D:/Xilinx/Vitis/2024.2/bin/../gnu/ppc64le/4.9.3/win64/bin;D:/Xilinx/Vitis/2024.2/bin/../gnu/aarch32/nt/gcc-arm-linux-gnueabi/bin;D:/Xilinx/Vitis/2024.2/tps/mingw/6.2.0/win64.o/nt/bin;D:/Xilinx/Vivado/2024.2\gnuwin\bin;D:/Xilinx/Vivado/2024.2\gnu\microblaze\nt\bin;D:/Xilinx/Vitis/2024.2/bin;D:/Xilinx/Vitis/2024.2/tps/win64/javafx-sdk-11.0.2/lib;D:/Xilinx/Vitis/2024.2/tps/win64/javafx-sdk-11.0.2/bin;D:/Xilinx/Vitis/2024.2/lib/win64.o;D:/Xilinx/Vitis/2024.2/tps/win64/jre11.0.16_1/bin/server;D:/Xilinx/Vitis/2024.2/tps/win64/jre11.0.16_1/bin;D:\Xilinx\Vitis\2024.2\tps\win64\lopper-1.1.0-packages\min_sdk\\usr\bin;D:/Xilinx\Vitis\2024.2\tps\win64\cmake-3.24.2\bin;D:/Xilinx\Vitis\2024.2\gnu\microblaze\nt\bin;D:/Xilinx\Vitis\2024.2\gnu\microblaze\linux_toolchain\nt64_le\bin;D:/Xilinx\Vitis\2024.2\gnu\aarch32\nt\gcc-arm-linux-gnueabi\bin;D:/Xilinx\Vitis\2024.2\gnu\aarch32\nt\gcc-arm-none-eabi\bin;D:/Xilinx\Vitis\2024.2\gnu\aarch64\nt\aarch64-linux\bin;D:/Xilinx\Vitis\2024.2\gnu\aarch64\nt\aarch64-none\bin;D:/Xilinx\Vitis\2024.2\gnu\armr5\nt\gcc-arm-none-eabi\bin;D:/Xilinx\Vitis\2024.2\gnuwin\bin;D:/Xilinx\Vitis\2024.2\tps\win64\python-3.8.3;D:/Xilinx\Vitis\2024.2\tps\win64\libxslt\bin;D:/Xilinx/Vivado/2024.2\bin;D:/Xilinx/Vitis/2024.2\gnu\arm\nt\bin;D:/Xilinx/Vitis/2024.2\gnu\microblaze\linux_toolchain\nt64_be\bin;D:/Xilinx/Vitis/2024.2\gnu\riscv\nt\riscv64-unknown-elf\bin;D:/Xilinx/Vivado/2024.2\tps\win64\python-3.8.3;D:/Xilinx/Vivado/2024.2\tps\win64\git-2.45.0\bin;D:/Xilinx/Vivado/2024.2\tps\win64\cmake-3.24.2\bin;D:/Xilinx/Vitis/2024.2\win64\tools\clang\bin;D:\Cadence\SPB_17.2\tools\bin;D:\Program Files (x86)\VMware\VMware Player\bin\;C:\WINDOWS\system32;C:\WINDOWS;C:\WINDOWS\System32\Wbem;C:\WINDOWS\System32\WindowsPowerShell\v1.0\;C:\WINDOWS\System32\OpenSSH\;C:\Program Files\Docker\Docker\resources\bin;C:\Program Files\PuTTY\;C:\Users\bozhi\AppData\Local\Microsoft\WindowsApps;C:\Users\bozhi\AppData\Local\Programs\Microsoft VS Code\bin;D:\intelFPGA_lite\23.1std\questa_fse\win64;;C:\Python27\;D:/Xilinx/Vitis/2024.2\tps\mingw\6.2.0\win64.o\nt\bin;D:/Xilinx/Vitis/2024.2\tps\mingw\6.2.0\win64.o\nt\libexec\gcc\x86_64-w64-mingw32\6.2.0
PATHEXT=.COM;.EXE;.BAT;.CMD;.VBS;.VBE;.JS;.JSE;.WSF;.WSH;.MSC
PROCESSOR_ARCHITECTURE=AMD64
PROCESSOR_IDENTIFIER=Intel64 Family 6 Model 183 Stepping 1, GenuineIntel
PROCESSOR_LEVEL=6
PROCESSOR_REVISION=b701
PRODVERSION_EXE=D:/Xilinx/Vitis/2024.2/bin/unwrapped/win64.o/prodversion.exe
ProgramData=C:\ProgramData
ProgramFiles=C:\Program Files
ProgramFiles(x86)=C:\Program Files (x86)
ProgramW6432=C:\Program Files
PROMPT=$P$G
PSModulePath=C:\Program Files\WindowsPowerShell\Modules;C:\WINDOWS\system32\WindowsPowerShell\v1.0\Modules
PUBLIC=C:\Users\Public
PYTHONPATH=;D:/Xilinx/Vitis/2024.2\cli;D:/Xilinx/Vitis/2024.2\cli\python-packages\win64;D:/Xilinx/Vitis/2024.2\cli\python-packages\site-packages;D:/Xilinx/Vitis/2024.2\cli\proto;D:/Xilinx/Vitis/2024.2\scripts\python_pkg;
python_path=;D:/Xilinx/Vitis/2024.2\cli;D:/Xilinx/Vitis/2024.2\cli\python-packages\win64;D:/Xilinx/Vitis/2024.2\cli\python-packages\site-packages;D:/Xilinx/Vitis/2024.2\cli\proto;D:/Xilinx/Vitis/2024.2\scripts\python_pkg;
QSYS_ROOTDIR=D:\intelFPGA_lite\23.1std\quartus\sopc_builder\bin
QUARTUS_ROOTDIR=D:\intelFPGA_lite\23.1std\quartus
RDI_APPROOT=D:/Xilinx/Vitis/2024.2
RDI_ARGS= -c --mode hls --config D:\sidejob\ethernet_NN\NN\hls_component\hls_config.cfg --work_dir hls_component
RDI_ARGS_FUNCTION=RDI_EXEC_DEFAULT
RDI_BASEROOT=D:/Xilinx/Vitis
RDI_BINDIR=D:/Xilinx/Vitis/2024.2/bin
RDI_BINROOT=D:/Xilinx/Vitis/2024.2/bin
RDI_BUILD=yes
RDI_CHECK_PROG=True
RDI_DATADIR=D:/Xilinx/Vitis/2024.2/data
RDI_INSTALLROOT=D:/Xilinx
RDI_INSTALLVER=2024.2
RDI_INSTALLVERSION=2024.2
RDI_JAVACEFROOT=D:/Xilinx/Vitis/2024.2/tps/win64/java-cef-95.0.4638.69
RDI_JAVAFXROOT=D:/Xilinx/Vitis/2024.2/tps/win64/javafx-sdk-11.0.2
RDI_JAVAROOT=D:/Xilinx/Vitis/2024.2/tps/win64/jre11.0.16_1
RDI_JAVA_VERSION=11.0.16_1
RDI_LIBDIR=D:/Xilinx/Vitis/2024.2/lib/win64.o
RDI_MINGW_LIB=D:/Xilinx/Vitis/2024.2\tps\mingw\6.2.0\win64.o\nt\bin;D:/Xilinx/Vitis/2024.2\tps\mingw\6.2.0\win64.o\nt\libexec\gcc\x86_64-w64-mingw32\6.2.0
RDI_OPT_EXT=.o
RDI_OS_ARCH=64
RDI_PLATFORM=win64
RDI_PREPEND_PATH=D:/Xilinx/Vitis/2024.2/bin
RDI_PROG=D:/Xilinx/Vitis/2024.2/bin/unwrapped/win64.o/v++.exe
RDI_PROGNAME=v++.exe
RDI_SESSION_INFO=D:\Xilinx\Vitis\2024.2\bin:BOZHIDESKTOP-2025-04-20周日_7-49-43.45
RDI_SHARED_DATA=D:/Xilinx/SharedData/2024.2/data
RDI_TPS_ROOT=D:/Xilinx/Vivado/2024.2/tps/win64
RDI_USE_JDK11=1
RDI_VERBOSE=False
RT_LIBPATH=D:/Xilinx/Vitis/2024.2/scripts/rt/data
RT_TCL_PATH=D:/Xilinx/Vitis/2024.2/scripts/rt/base_tcl/tcl
SDKROOT=D:\Xilinx\Vitis\2024.2\tps\win64\lopper-1.1.0-packages\min_sdk\
SESSIONNAME=Console
session_string=D:\sidejob\ethernet_NN\NN\hls_component:BOZHIDESKTOP-2025-04-22周二_7-19-44.89
SIGRITY_EDA_DIR=D:\Cadence\SPB_17.2
SOPC_KIT_NIOS2=D:\intelFPGA_lite\23.1std\nios2eds
supports_classic_ide=true
SWIG_LIB=D:\Xilinx\Vitis\2024.2\tps\win64\lopper-1.1.0-packages\min_sdk\\usr\lib\swig\4.2.1
SYNTH_COMMON=D:/Xilinx/Vitis/2024.2/scripts/rt/data
SystemDrive=C:
SystemRoot=C:\WINDOWS
TCL_LIBRARY=D:/Xilinx/Vitis/2024.2/tps/tcl/tcl8.6
TCMALLOC_LARGE_ALLOC_REPORT_THRESHOLD=4294967296
TEMP=C:\Users\bozhi\AppData\Local\Temp
THEIA_APP_PROJECT_PATH=D:\Xilinx\Vitis\2024.2\ide\electron-app\win64\resources\app
THEIA_DEFAULT_PLUGINS=local-dir:D:\Xilinx\Vitis\2024.2\ide\electron-app\win64\resources\app\plugins
THEIA_ELECTRON_TOKEN={"value":"4d16f091-997c-4d81-b818-ee84cf73f630"}
THEIA_ELECTRON_VERSION=15.5.7
THEIA_PLUGINS=local-dir:C:\Users\bozhi\.theia\plugins
TMP=C:\Users\bozhi\AppData\Local\Temp
tooldir=tps\win64\git-2.41.0
TOOLS_CLANG=D:/Xilinx/Vitis/2024.2\win64\tools\clang
TPS_CMAKE=D:/Xilinx/Vivado/2024.2\tps\win64\cmake-3.24.2
TPS_GIT=D:/Xilinx/Vivado/2024.2\tps\win64\git-2.45.0
TPS_LIBXSLT=D:/Xilinx/Vitis/2024.2\tps\win64\libxslt
TPS_PYTHON=D:/Xilinx/Vivado/2024.2\tps\win64\python-3.8.3
USERDOMAIN=BOZHIDESKTOP
USERDOMAIN_ROAMINGPROFILE=BOZHIDESKTOP
USERNAME=bozhi
USERPROFILE=C:\Users\bozhi
VITISNEW=true
VSCODE_API_VERSION=1.53.2
windir=C:\WINDOWS
XILINXD_LICENSE_FILE=C:\Users\bozhi\Downloads\Xilinx.lic
XILINX_HLS=D:/Xilinx/Vitis/2024.2
XILINX_PLANAHEAD=D:/Xilinx/Vitis/2024.2
XILINX_SDK=D:/Xilinx/Vitis/2024.2
XILINX_VCXX=D:/Xilinx/Vitis/2024.2/vcxx
XILINX_VERSION_DEFAULT=2024.2
XILINX_VERSION_VITIS=2024.2
XILINX_VITIS=D:/Xilinx\Vitis\2024.2
XILINX_VITIS_GIT=D:/Xilinx/Vivado/2024.2\tps\win64\git-2.45.0\bin
XILINX_VITIS_HLS_ENCAPSULATED=1
XILINX_VITIS_VERSION=Vitis v2024.2 (64-bit)
XILINX_VIVADO=D:/Xilinx/Vivado/2024.2
XILINX_VIVADO_HLS=D:/Xilinx/Vivado/2024.2
XIL_CHECK_TCL_DEBUG=False
XIL_NO_OVERRIDE=0
XIL_SUPPRESS_OVERRIDE_WARNINGS=1
XVREDIST=D:/Xilinx/Vitis/2024.2\tps\win64\xvcredist.exe
ZES_ENABLE_SYSMAN=1
_RDI_BINROOT=D:\Xilinx\Vitis\2024.2\bin
_RDI_CWD=D:\sidejob\ethernet_NN\NN\hls_component
_RDI_DONT_SET_XILINX_AS_PATH=True
_RDI_VERSION_PROG=v++
_valid=False
XILINX_CD_CONNECT_ID=51142
XILINX_CD_SESSION=b453a551-a3ea-49c9-abb5-cc134a2508ee


V++ command line:
------------------------------------------
D:/Xilinx/Vitis/2024.2/bin/unwrapped/win64.o/v++.exe -c --mode hls --config D:\sidejob\ethernet_NN\NN\hls_component\hls_config.cfg --work_dir hls_component 

FINAL PROGRAM OPTIONS
--compile
--config D:\sidejob\ethernet_NN\NN\hls_component\hls_config.cfg
--hls.flow_target vivado
--hls.package.output.format ip_catalog
--hls.package.output.syn false
--hls.syn.file Components.h
--hls.syn.file Components.cpp
--hls.syn.file Coeff.h
--hls.syn.top CNN
--mode hls
--part xczu19eg-ffvc1760-2-i
--target hw
--work_dir hls_component

PARSED COMMAND LINE OPTIONS
-c 
--mode hls 
--config D:\sidejob\ethernet_NN\NN\hls_component\hls_config.cfg 
--work_dir hls_component 

PARSED CONFIG FILE (1) OPTIONS
file: D:\sidejob\ethernet_NN\NN\hls_component\hls_config.cfg
part xczu19eg-ffvc1760-2-i 
hls.flow_target vivado 
hls.package.output.format ip_catalog 
hls.package.output.syn false 
hls.syn.file Components.h 
hls.syn.file Components.cpp 
hls.syn.file Coeff.h 
hls.syn.top CNN 


==========================================
new:  steps log generated by v++ for new launch 
timestamp: 22 Apr 2025 07:19:50

------------------------------------------
V++ command line :
------------------------------------------
D:/Xilinx/Vitis/2024.2/bin/unwrapped/win64.o/v++.exe -c --mode hls --config D:\sidejob\ethernet_NN\NN\hls_component\hls_config.cfg --work_dir hls_component 
  Options from -O    : 
  Options from *.ini : 
  Options from Hw Platform : 

==========================================
new:  steps log generated by v++ for new launch 
timestamp: 22 Apr 2025 07:27:10

------------------------------------------
V++ command line :
------------------------------------------
D:/Xilinx/Vitis/2024.2/bin/unwrapped/win64.o/v++.exe -c --mode hls --config D:\sidejob\ethernet_NN\NN\hls_component\hls_config.cfg --work_dir hls_component 
  Options from -O    : 
  Options from *.ini : 
  Options from Hw Platform : 

==========================================
new:  steps log generated by v++ for new launch 
timestamp: 22 Apr 2025 07:29:59

------------------------------------------
V++ command line :
------------------------------------------
D:/Xilinx/Vitis/2024.2/bin/unwrapped/win64.o/v++.exe -c --mode hls --config D:\sidejob\ethernet_NN\NN\hls_component\hls_config.cfg --work_dir hls_component 
  Options from -O    : 
  Options from *.ini : 
  Options from Hw Platform : 

==========================================
new:  steps log generated by v++ for new launch 
timestamp: 22 Apr 2025 07:35:49

------------------------------------------
V++ command line :
------------------------------------------
D:/Xilinx/Vitis/2024.2/bin/unwrapped/win64.o/v++.exe -c --mode hls --config D:\sidejob\ethernet_NN\NN\hls_component\hls_config.cfg --work_dir hls_component 
  Options from -O    : 
  Options from *.ini : 
  Options from Hw Platform : 

==========================================
new:  steps log generated by v++ for new launch 
timestamp: 22 Apr 2025 07:36:40

------------------------------------------
V++ command line :
------------------------------------------
D:/Xilinx/Vitis/2024.2/bin/unwrapped/win64.o/v++.exe -c --mode hls --config D:\sidejob\ethernet_NN\NN\hls_component\hls_config.cfg --work_dir hls_component 
  Options from -O    : 
  Options from *.ini : 
  Options from Hw Platform : 

==========================================
new:  steps log generated by v++ for new launch 
timestamp: 22 Apr 2025 07:40:11

------------------------------------------
VITIS-RUN command line :
------------------------------------------
D:/Xilinx/Vitis/2024.2/bin/unwrapped/win64.o/vitis-run.exe --mode hls --impl --config D:\sidejob\ethernet_NN\NN\hls_component\hls_config.cfg --work_dir hls_component 
  Options from -O    : 
  Options from *.ini : 
  Options from Hw Platform : 

==========================================
new:  steps log generated by v++ for new launch 
timestamp: 22 Apr 2025 07:41:54

------------------------------------------
VITIS-RUN command line :
------------------------------------------
D:/Xilinx/Vitis/2024.2/bin/unwrapped/win64.o/vitis-run.exe --mode hls --impl --config D:\sidejob\ethernet_NN\NN\hls_component\hls_config.cfg --work_dir hls_component 
  Options from -O    : 
  Options from *.ini : 
  Options from Hw Platform : 

==========================================
new:  steps log generated by v++ for new launch 
timestamp: 22 Apr 2025 07:49:36

------------------------------------------
V++ command line :
------------------------------------------
D:/Xilinx/Vitis/2024.2/bin/unwrapped/win64.o/v++.exe -c --mode hls --config D:\sidejob\ethernet_NN\NN\hls_component\hls_config.cfg --work_dir hls_component 
  Options from -O    : 
  Options from *.ini : 
  Options from Hw Platform : 

==========================================
new:  steps log generated by v++ for new launch 
timestamp: 22 Apr 2025 08:06:35

------------------------------------------
VITIS-RUN command line :
------------------------------------------
D:/Xilinx/Vitis/2024.2/bin/unwrapped/win64.o/vitis-run.exe --mode hls --impl --config D:\sidejob\ethernet_NN\NN\hls_component\hls_config.cfg --work_dir hls_component 
  Options from -O    : 
  Options from *.ini : 
  Options from Hw Platform : 

==========================================
new:  steps log generated by v++ for new launch 
timestamp: 22 Apr 2025 08:08:08

------------------------------------------
V++ command line :
------------------------------------------
D:/Xilinx/Vitis/2024.2/bin/unwrapped/win64.o/v++.exe -c --mode hls --config D:\sidejob\ethernet_NN\NN\hls_component\hls_config.cfg --work_dir hls_component 
  Options from -O    : 
  Options from *.ini : 
  Options from Hw Platform : 

==========================================
new:  steps log generated by v++ for new launch 
timestamp: 23 Apr 2025 08:26:07

------------------------------------------
V++ command line :
------------------------------------------
D:/Xilinx/Vitis/2024.2/bin/unwrapped/win64.o/v++.exe -c --mode hls --config D:\sidejob\ethernet_NN\NN\hls_component\hls_config.cfg --work_dir hls_component 
  Options from -O    : 
  Options from *.ini : 
  Options from Hw Platform : 

==========================================
new:  steps log generated by v++ for new launch 
timestamp: 23 Apr 2025 08:38:38

------------------------------------------
V++ command line :
------------------------------------------
D:/Xilinx/Vitis/2024.2/bin/unwrapped/win64.o/v++.exe -c --mode hls --config D:\sidejob\ethernet_NN\NN\hls_component\hls_config.cfg --work_dir hls_component 
  Options from -O    : 
  Options from *.ini : 
  Options from Hw Platform : 

==========================================
new:  steps log generated by v++ for new launch 
timestamp: 23 Apr 2025 08:51:13

------------------------------------------
V++ command line :
------------------------------------------
D:/Xilinx/Vitis/2024.2/bin/unwrapped/win64.o/v++.exe -c --mode hls --config D:\sidejob\ethernet_NN\NN\hls_component\hls_config.cfg --work_dir hls_component 
  Options from -O    : 
  Options from *.ini : 
  Options from Hw Platform : 

==========================================
new:  steps log generated by v++ for new launch 
timestamp: 23 Apr 2025 09:20:54

------------------------------------------
V++ command line :
------------------------------------------
D:/Xilinx/Vitis/2024.2/bin/unwrapped/win64.o/v++.exe -c --mode hls --config D:\sidejob\ethernet_NN\NN\hls_component\hls_config.cfg --work_dir hls_component 
  Options from -O    : 
  Options from *.ini : 
  Options from Hw Platform : 

==========================================
new:  steps log generated by v++ for new launch 
timestamp: 23 Apr 2025 09:22:34

------------------------------------------
V++ command line :
------------------------------------------
D:/Xilinx/Vitis/2024.2/bin/unwrapped/win64.o/v++.exe -c --mode hls --config D:\sidejob\ethernet_NN\NN\hls_component\hls_config.cfg --work_dir hls_component 
  Options from -O    : 
  Options from *.ini : 
  Options from Hw Platform : 

==========================================
new:  steps log generated by v++ for new launch 
timestamp: 23 Apr 2025 09:31:15

------------------------------------------
V++ command line :
------------------------------------------
D:/Xilinx/Vitis/2024.2/bin/unwrapped/win64.o/v++.exe -c --mode hls --config D:\sidejob\ethernet_NN\NN\hls_component\hls_config.cfg --work_dir hls_component 
  Options from -O    : 
  Options from *.ini : 
  Options from Hw Platform : 

==========================================
new:  steps log generated by v++ for new launch 
timestamp: 23 Apr 2025 09:39:33

------------------------------------------
V++ command line :
------------------------------------------
D:/Xilinx/Vitis/2024.2/bin/unwrapped/win64.o/v++.exe -c --mode hls --config D:\sidejob\ethernet_NN\NN\hls_component\hls_config.cfg --work_dir hls_component 
  Options from -O    : 
  Options from *.ini : 
  Options from Hw Platform : 

==========================================
new:  steps log generated by v++ for new launch 
timestamp: 23 Apr 2025 09:43:01

------------------------------------------
V++ command line :
------------------------------------------
D:/Xilinx/Vitis/2024.2/bin/unwrapped/win64.o/v++.exe -c --mode hls --config D:\sidejob\ethernet_NN\NN\hls_component\hls_config.cfg --work_dir hls_component 
  Options from -O    : 
  Options from *.ini : 
  Options from Hw Platform : 

==========================================
new:  steps log generated by v++ for new launch 
timestamp: 23 Apr 2025 09:57:39

------------------------------------------
V++ command line :
------------------------------------------
D:/Xilinx/Vitis/2024.2/bin/unwrapped/win64.o/v++.exe -c --mode hls --config D:\sidejob\ethernet_NN\NN\hls_component\hls_config.cfg --work_dir hls_component 
  Options from -O    : 
  Options from *.ini : 
  Options from Hw Platform : 

==========================================
new:  steps log generated by v++ for new launch 
timestamp: 23 Apr 2025 10:00:37

------------------------------------------
V++ command line :
------------------------------------------
D:/Xilinx/Vitis/2024.2/bin/unwrapped/win64.o/v++.exe -c --mode hls --config D:\sidejob\ethernet_NN\NN\hls_component\hls_config.cfg --work_dir hls_component 
  Options from -O    : 
  Options from *.ini : 
  Options from Hw Platform : 

==========================================
new:  steps log generated by v++ for new launch 
timestamp: 23 Apr 2025 10:03:51

------------------------------------------
V++ command line :
------------------------------------------
D:/Xilinx/Vitis/2024.2/bin/unwrapped/win64.o/v++.exe -c --mode hls --config D:\sidejob\ethernet_NN\NN\hls_component\hls_config.cfg --work_dir hls_component 
  Options from -O    : 
  Options from *.ini : 
  Options from Hw Platform : 

==========================================
new:  steps log generated by v++ for new launch 
timestamp: 23 Apr 2025 10:06:37

------------------------------------------
V++ command line :
------------------------------------------
D:/Xilinx/Vitis/2024.2/bin/unwrapped/win64.o/v++.exe -c --mode hls --config D:\sidejob\ethernet_NN\NN\hls_component\hls_config.cfg --work_dir hls_component 
  Options from -O    : 
  Options from *.ini : 
  Options from Hw Platform : 

==========================================
new:  steps log generated by v++ for new launch 
timestamp: 23 Apr 2025 10:12:37

------------------------------------------
V++ command line :
------------------------------------------
D:/Xilinx/Vitis/2024.2/bin/unwrapped/win64.o/v++.exe -c --mode hls --config D:\sidejob\ethernet_NN\NN\hls_component\hls_config.cfg --work_dir hls_component 
  Options from -O    : 
  Options from *.ini : 
  Options from Hw Platform : 

==========================================
new:  steps log generated by v++ for new launch 
timestamp: 24 Apr 2025 01:25:59

------------------------------------------
V++ command line :
------------------------------------------
D:/Xilinx/Vitis/2024.2/bin/unwrapped/win64.o/v++.exe -c --mode hls --config D:\sidejob\ethernet_NN\NN\hls_component\hls_config.cfg --work_dir hls_component 
  Options from -O    : 
  Options from *.ini : 
  Options from Hw Platform : 

==========================================
new:  steps log generated by v++ for new launch 
timestamp: 24 Apr 2025 02:00:52

------------------------------------------
V++ command line :
------------------------------------------
D:/Xilinx/Vitis/2024.2/bin/unwrapped/win64.o/v++.exe -c --mode hls --config D:\sidejob\ethernet_NN\NN\hls_component\hls_config.cfg --work_dir hls_component 
  Options from -O    : 
  Options from *.ini : 
  Options from Hw Platform : 

==========================================
new:  steps log generated by v++ for new launch 
timestamp: 24 Apr 2025 02:04:38

------------------------------------------
V++ command line :
------------------------------------------
D:/Xilinx/Vitis/2024.2/bin/unwrapped/win64.o/v++.exe -c --mode hls --config D:\sidejob\ethernet_NN\NN\hls_component\hls_config.cfg --work_dir hls_component 
  Options from -O    : 
  Options from *.ini : 
  Options from Hw Platform : 

==========================================
new:  steps log generated by v++ for new launch 
timestamp: 24 Apr 2025 02:12:06

------------------------------------------
V++ command line :
------------------------------------------
D:/Xilinx/Vitis/2024.2/bin/unwrapped/win64.o/v++.exe -c --mode hls --config D:\sidejob\ethernet_NN\NN\hls_component\hls_config.cfg --work_dir hls_component 
  Options from -O    : 
  Options from *.ini : 
  Options from Hw Platform : 

==========================================
new:  steps log generated by v++ for new launch 
timestamp: 24 Apr 2025 02:16:36

------------------------------------------
V++ command line :
------------------------------------------
D:/Xilinx/Vitis/2024.2/bin/unwrapped/win64.o/v++.exe -c --mode hls --config D:\sidejob\ethernet_NN\NN\hls_component\hls_config.cfg --work_dir hls_component 
  Options from -O    : 
  Options from *.ini : 
  Options from Hw Platform : 

==========================================
new:  steps log generated by v++ for new launch 
timestamp: 24 Apr 2025 02:21:22

------------------------------------------
V++ command line :
------------------------------------------
D:/Xilinx/Vitis/2024.2/bin/unwrapped/win64.o/v++.exe -c --mode hls --config D:\sidejob\ethernet_NN\NN\hls_component\hls_config.cfg --work_dir hls_component 
  Options from -O    : 
  Options from *.ini : 
  Options from Hw Platform : 

==========================================
new:  steps log generated by v++ for new launch 
timestamp: 24 Apr 2025 02:33:00

------------------------------------------
V++ command line :
------------------------------------------
D:/Xilinx/Vitis/2024.2/bin/unwrapped/win64.o/v++.exe -c --mode hls --config D:\sidejob\ethernet_NN\NN\hls_component\hls_config.cfg --work_dir hls_component 
  Options from -O    : 
  Options from *.ini : 
  Options from Hw Platform : 

==========================================
new:  steps log generated by v++ for new launch 
timestamp: 24 Apr 2025 02:39:28

------------------------------------------
V++ command line :
------------------------------------------
D:/Xilinx/Vitis/2024.2/bin/unwrapped/win64.o/v++.exe -c --mode hls --config D:\sidejob\ethernet_NN\NN\hls_component\hls_config.cfg --work_dir hls_component 
  Options from -O    : 
  Options from *.ini : 
  Options from Hw Platform : 

==========================================
new:  steps log generated by v++ for new launch 
timestamp: 24 Apr 2025 02:42:09

------------------------------------------
V++ command line :
------------------------------------------
D:/Xilinx/Vitis/2024.2/bin/unwrapped/win64.o/v++.exe -c --mode hls --config D:\sidejob\ethernet_NN\NN\hls_component\hls_config.cfg --work_dir hls_component 
  Options from -O    : 
  Options from *.ini : 
  Options from Hw Platform : 

==========================================
new:  steps log generated by v++ for new launch 
timestamp: 24 Apr 2025 02:45:00

------------------------------------------
V++ command line :
------------------------------------------
D:/Xilinx/Vitis/2024.2/bin/unwrapped/win64.o/v++.exe -c --mode hls --config D:\sidejob\ethernet_NN\NN\hls_component\hls_config.cfg --work_dir hls_component 
  Options from -O    : 
  Options from *.ini : 
  Options from Hw Platform : 

==========================================
new:  steps log generated by v++ for new launch 
timestamp: 24 Apr 2025 02:46:45

------------------------------------------
V++ command line :
------------------------------------------
D:/Xilinx/Vitis/2024.2/bin/unwrapped/win64.o/v++.exe -c --mode hls --config D:\sidejob\ethernet_NN\NN\hls_component\hls_config.cfg --work_dir hls_component 
  Options from -O    : 
  Options from *.ini : 
  Options from Hw Platform : 

==========================================
new:  steps log generated by v++ for new launch 
timestamp: 24 Apr 2025 02:54:16

------------------------------------------
V++ command line :
------------------------------------------
D:/Xilinx/Vitis/2024.2/bin/unwrapped/win64.o/v++.exe -c --mode hls --config D:\sidejob\ethernet_NN\NN\hls_component\hls_config.cfg --work_dir hls_component 
  Options from -O    : 
  Options from *.ini : 
  Options from Hw Platform : 

==========================================
new:  steps log generated by v++ for new launch 
timestamp: 24 Apr 2025 02:56:32

------------------------------------------
V++ command line :
------------------------------------------
D:/Xilinx/Vitis/2024.2/bin/unwrapped/win64.o/v++.exe -c --mode hls --config D:\sidejob\ethernet_NN\NN\hls_component\hls_config.cfg --work_dir hls_component 
  Options from -O    : 
  Options from *.ini : 
  Options from Hw Platform : 

==========================================
new:  steps log generated by v++ for new launch 
timestamp: 24 Apr 2025 02:58:16

------------------------------------------
V++ command line :
------------------------------------------
D:/Xilinx/Vitis/2024.2/bin/unwrapped/win64.o/v++.exe -c --mode hls --config D:\sidejob\ethernet_NN\NN\hls_component\hls_config.cfg --work_dir hls_component 
  Options from -O    : 
  Options from *.ini : 
  Options from Hw Platform : 

==========================================
new:  steps log generated by v++ for new launch 
timestamp: 24 Apr 2025 03:00:02

------------------------------------------
V++ command line :
------------------------------------------
D:/Xilinx/Vitis/2024.2/bin/unwrapped/win64.o/v++.exe -c --mode hls --config D:\sidejob\ethernet_NN\NN\hls_component\hls_config.cfg --work_dir hls_component 
  Options from -O    : 
  Options from *.ini : 
  Options from Hw Platform : 

==========================================
new:  steps log generated by v++ for new launch 
timestamp: 24 Apr 2025 03:02:30

------------------------------------------
V++ command line :
------------------------------------------
D:/Xilinx/Vitis/2024.2/bin/unwrapped/win64.o/v++.exe -c --mode hls --config D:\sidejob\ethernet_NN\NN\hls_component\hls_config.cfg --work_dir hls_component 
  Options from -O    : 
  Options from *.ini : 
  Options from Hw Platform : 

==========================================
new:  steps log generated by v++ for new launch 
timestamp: 25 Apr 2025 10:10:18

------------------------------------------
V++ command line :
------------------------------------------
D:/Xilinx/Vitis/2024.2/bin/unwrapped/win64.o/v++.exe -c --mode hls --config D:\sidejob\ethernet_NN\NN\hls_component\hls_config.cfg --work_dir hls_component 
  Options from -O    : 
  Options from *.ini : 
  Options from Hw Platform : 

==========================================
new:  steps log generated by v++ for new launch 
timestamp: 25 Apr 2025 10:11:34

------------------------------------------
V++ command line :
------------------------------------------
D:/Xilinx/Vitis/2024.2/bin/unwrapped/win64.o/v++.exe -c --mode hls --config D:\sidejob\ethernet_NN\NN\hls_component\hls_config.cfg --work_dir hls_component 
  Options from -O    : 
  Options from *.ini : 
  Options from Hw Platform : 

==========================================
new:  steps log generated by v++ for new launch 
timestamp: 25 Apr 2025 10:13:04

------------------------------------------
V++ command line :
------------------------------------------
D:/Xilinx/Vitis/2024.2/bin/unwrapped/win64.o/v++.exe -c --mode hls --config D:\sidejob\ethernet_NN\NN\hls_component\hls_config.cfg --work_dir hls_component 
  Options from -O    : 
  Options from *.ini : 
  Options from Hw Platform : 

==========================================
new:  steps log generated by v++ for new launch 
timestamp: 25 Apr 2025 10:21:41

------------------------------------------
V++ command line :
------------------------------------------
D:/Xilinx/Vitis/2024.2/bin/unwrapped/win64.o/v++.exe -c --mode hls --config D:\sidejob\ethernet_NN\NN\hls_component\hls_config.cfg --work_dir hls_component 
  Options from -O    : 
  Options from *.ini : 
  Options from Hw Platform : 

==========================================
new:  steps log generated by v++ for new launch 
timestamp: 25 Apr 2025 10:23:29

------------------------------------------
V++ command line :
------------------------------------------
D:/Xilinx/Vitis/2024.2/bin/unwrapped/win64.o/v++.exe -c --mode hls --config D:\sidejob\ethernet_NN\NN\hls_component\hls_config.cfg --work_dir hls_component 
  Options from -O    : 
  Options from *.ini : 
  Options from Hw Platform : 

==========================================
new:  steps log generated by v++ for new launch 
timestamp: 25 Apr 2025 10:24:15

------------------------------------------
V++ command line :
------------------------------------------
D:/Xilinx/Vitis/2024.2/bin/unwrapped/win64.o/v++.exe -c --mode hls --config D:\sidejob\ethernet_NN\NN\hls_component\hls_config.cfg --work_dir hls_component 
  Options from -O    : 
  Options from *.ini : 
  Options from Hw Platform : 

==========================================
new:  steps log generated by v++ for new launch 
timestamp: 25 Apr 2025 10:28:40

------------------------------------------
V++ command line :
------------------------------------------
D:/Xilinx/Vitis/2024.2/bin/unwrapped/win64.o/v++.exe -c --mode hls --config D:\sidejob\ethernet_NN\NN\hls_component\hls_config.cfg --work_dir hls_component 
  Options from -O    : 
  Options from *.ini : 
  Options from Hw Platform : 

==========================================
new:  steps log generated by v++ for new launch 
timestamp: 25 Apr 2025 10:29:19

------------------------------------------
V++ command line :
------------------------------------------
D:/Xilinx/Vitis/2024.2/bin/unwrapped/win64.o/v++.exe -c --mode hls --config D:\sidejob\ethernet_NN\NN\hls_component\hls_config.cfg --work_dir hls_component 
  Options from -O    : 
  Options from *.ini : 
  Options from Hw Platform : 

==========================================
new:  steps log generated by v++ for new launch 
timestamp: 25 Apr 2025 10:30:24

------------------------------------------
V++ command line :
------------------------------------------
D:/Xilinx/Vitis/2024.2/bin/unwrapped/win64.o/v++.exe -c --mode hls --config D:\sidejob\ethernet_NN\NN\hls_component\hls_config.cfg --work_dir hls_component 
  Options from -O    : 
  Options from *.ini : 
  Options from Hw Platform : 

==========================================
new:  steps log generated by v++ for new launch 
timestamp: 25 Apr 2025 10:31:35

------------------------------------------
V++ command line :
------------------------------------------
D:/Xilinx/Vitis/2024.2/bin/unwrapped/win64.o/v++.exe -c --mode hls --config D:\sidejob\ethernet_NN\NN\hls_component\hls_config.cfg --work_dir hls_component 
  Options from -O    : 
  Options from *.ini : 
  Options from Hw Platform : 

==========================================
new:  steps log generated by v++ for new launch 
timestamp: 26 Apr 2025 10:40:48

------------------------------------------
V++ command line :
------------------------------------------
D:/Xilinx/Vitis/2024.2/bin/unwrapped/win64.o/v++.exe -c --mode hls --config D:\sidejob\ethernet_NN\NN\hls_component\hls_config.cfg --work_dir hls_component 
  Options from -O    : 
  Options from *.ini : 
  Options from Hw Platform : 

==========================================
new:  steps log generated by v++ for new launch 
timestamp: 26 Apr 2025 10:48:24

------------------------------------------
V++ command line :
------------------------------------------
D:/Xilinx/Vitis/2024.2/bin/unwrapped/win64.o/v++.exe -c --mode hls --config D:\sidejob\ethernet_NN\NN\hls_component\hls_config.cfg --work_dir hls_component 
  Options from -O    : 
  Options from *.ini : 
  Options from Hw Platform : 

==========================================
new:  steps log generated by v++ for new launch 
timestamp: 26 Apr 2025 10:52:20

------------------------------------------
V++ command line :
------------------------------------------
D:/Xilinx/Vitis/2024.2/bin/unwrapped/win64.o/v++.exe -c --mode hls --config D:\sidejob\ethernet_NN\NN\hls_component\hls_config.cfg --work_dir hls_component 
  Options from -O    : 
  Options from *.ini : 
  Options from Hw Platform : 

==========================================
new:  steps log generated by v++ for new launch 
timestamp: 26 Apr 2025 11:00:05

------------------------------------------
V++ command line :
------------------------------------------
D:/Xilinx/Vitis/2024.2/bin/unwrapped/win64.o/v++.exe -c --mode hls --config D:\sidejob\ethernet_NN\NN\hls_component\hls_config.cfg --work_dir hls_component 
  Options from -O    : 
  Options from *.ini : 
  Options from Hw Platform : 

==========================================
new:  steps log generated by v++ for new launch 
timestamp: 26 Apr 2025 11:09:17

------------------------------------------
V++ command line :
------------------------------------------
D:/Xilinx/Vitis/2024.2/bin/unwrapped/win64.o/v++.exe -c --mode hls --config D:\sidejob\ethernet_NN\NN\hls_component\hls_config.cfg --work_dir hls_component 
  Options from -O    : 
  Options from *.ini : 
  Options from Hw Platform : 

==========================================
new:  steps log generated by v++ for new launch 
timestamp: 26 Apr 2025 12:20:27

------------------------------------------
V++ command line :
------------------------------------------
D:/Xilinx/Vitis/2024.2/bin/unwrapped/win64.o/v++.exe -c --mode hls --config D:\sidejob\ethernet_NN\NN\hls_component\hls_config.cfg --work_dir hls_component 
  Options from -O    : 
  Options from *.ini : 
  Options from Hw Platform : 

==========================================
new:  steps log generated by v++ for new launch 
timestamp: 26 Apr 2025 15:07:12

------------------------------------------
V++ command line :
------------------------------------------
D:/Xilinx/Vitis/2024.2/bin/unwrapped/win64.o/v++.exe -c --mode hls --config D:\sidejob\ethernet_NN\NN\hls_component\hls_config.cfg --work_dir hls_component 
  Options from -O    : 
  Options from *.ini : 
  Options from Hw Platform : 

==========================================
new:  steps log generated by v++ for new launch 
timestamp: 26 Apr 2025 15:13:48

------------------------------------------
V++ command line :
------------------------------------------
D:/Xilinx/Vitis/2024.2/bin/unwrapped/win64.o/v++.exe -c --mode hls --config D:\sidejob\ethernet_NN\NN\hls_component\hls_config.cfg --work_dir hls_component 
  Options from -O    : 
  Options from *.ini : 
  Options from Hw Platform : 

==========================================
new:  steps log generated by v++ for new launch 
timestamp: 26 Apr 2025 15:18:05

------------------------------------------
V++ command line :
------------------------------------------
D:/Xilinx/Vitis/2024.2/bin/unwrapped/win64.o/v++.exe -c --mode hls --config D:\sidejob\ethernet_NN\NN\hls_component\hls_config.cfg --work_dir hls_component 
  Options from -O    : 
  Options from *.ini : 
  Options from Hw Platform : 

==========================================
new:  steps log generated by v++ for new launch 
timestamp: 26 Apr 2025 15:21:34

------------------------------------------
V++ command line :
------------------------------------------
D:/Xilinx/Vitis/2024.2/bin/unwrapped/win64.o/v++.exe -c --mode hls --config D:\sidejob\ethernet_NN\NN\hls_component\hls_config.cfg --work_dir hls_component 
  Options from -O    : 
  Options from *.ini : 
  Options from Hw Platform : 

==========================================
new:  steps log generated by v++ for new launch 
timestamp: 26 Apr 2025 15:30:36

------------------------------------------
V++ command line :
------------------------------------------
D:/Xilinx/Vitis/2024.2/bin/unwrapped/win64.o/v++.exe -c --mode hls --config D:\sidejob\ethernet_NN\NN\hls_component\hls_config.cfg --work_dir hls_component 
  Options from -O    : 
  Options from *.ini : 
  Options from Hw Platform : 

==========================================
new:  steps log generated by v++ for new launch 
timestamp: 26 Apr 2025 15:35:15

------------------------------------------
V++ command line :
------------------------------------------
D:/Xilinx/Vitis/2024.2/bin/unwrapped/win64.o/v++.exe -c --mode hls --config D:\sidejob\ethernet_NN\NN\hls_component\hls_config.cfg --work_dir hls_component 
  Options from -O    : 
  Options from *.ini : 
  Options from Hw Platform : 

==========================================
new:  steps log generated by v++ for new launch 
timestamp: 26 Apr 2025 15:37:11

------------------------------------------
V++ command line :
------------------------------------------
D:/Xilinx/Vitis/2024.2/bin/unwrapped/win64.o/v++.exe -c --mode hls --config D:\sidejob\ethernet_NN\NN\hls_component\hls_config.cfg --work_dir hls_component 
  Options from -O    : 
  Options from *.ini : 
  Options from Hw Platform : 

==========================================
new:  steps log generated by v++ for new launch 
timestamp: 26 Apr 2025 15:40:08

------------------------------------------
V++ command line :
------------------------------------------
D:/Xilinx/Vitis/2024.2/bin/unwrapped/win64.o/v++.exe -c --mode hls --config D:\sidejob\ethernet_NN\NN\hls_component\hls_config.cfg --work_dir hls_component 
  Options from -O    : 
  Options from *.ini : 
  Options from Hw Platform : 

==========================================
new:  steps log generated by v++ for new launch 
timestamp: 26 Apr 2025 15:44:02

------------------------------------------
V++ command line :
------------------------------------------
D:/Xilinx/Vitis/2024.2/bin/unwrapped/win64.o/v++.exe -c --mode hls --config D:\sidejob\ethernet_NN\NN\hls_component\hls_config.cfg --work_dir hls_component 
  Options from -O    : 
  Options from *.ini : 
  Options from Hw Platform : 

==========================================
new:  steps log generated by v++ for new launch 
timestamp: 26 Apr 2025 15:47:19

------------------------------------------
V++ command line :
------------------------------------------
D:/Xilinx/Vitis/2024.2/bin/unwrapped/win64.o/v++.exe -c --mode hls --config D:\sidejob\ethernet_NN\NN\hls_component\hls_config.cfg --work_dir hls_component 
  Options from -O    : 
  Options from *.ini : 
  Options from Hw Platform : 

==========================================
new:  steps log generated by v++ for new launch 
timestamp: 26 Apr 2025 20:09:39

------------------------------------------
V++ command line :
------------------------------------------
D:/Xilinx/Vitis/2024.2/bin/unwrapped/win64.o/v++.exe -c --mode hls --config D:\sidejob\ethernet_NN\NN\hls_component\hls_config.cfg --work_dir hls_component 
  Options from -O    : 
  Options from *.ini : 
  Options from Hw Platform : 

==========================================
new:  steps log generated by v++ for new launch 
timestamp: 26 Apr 2025 20:10:58

------------------------------------------
V++ command line :
------------------------------------------
D:/Xilinx/Vitis/2024.2/bin/unwrapped/win64.o/v++.exe -c --mode hls --config D:\sidejob\ethernet_NN\NN\hls_component\hls_config.cfg --work_dir hls_component 
  Options from -O    : 
  Options from *.ini : 
  Options from Hw Platform : 

==========================================
new:  steps log generated by v++ for new launch 
timestamp: 26 Apr 2025 20:11:36

------------------------------------------
V++ command line :
------------------------------------------
D:/Xilinx/Vitis/2024.2/bin/unwrapped/win64.o/v++.exe -c --mode hls --config D:\sidejob\ethernet_NN\NN\hls_component\hls_config.cfg --work_dir hls_component 
  Options from -O    : 
  Options from *.ini : 
  Options from Hw Platform : 

==========================================
new:  steps log generated by v++ for new launch 
timestamp: 26 Apr 2025 20:21:41

------------------------------------------
V++ command line :
------------------------------------------
D:/Xilinx/Vitis/2024.2/bin/unwrapped/win64.o/v++.exe -c --mode hls --config D:\sidejob\ethernet_NN\NN\hls_component\hls_config.cfg --work_dir hls_component 
  Options from -O    : 
  Options from *.ini : 
  Options from Hw Platform : 

==========================================
new:  steps log generated by v++ for new launch 
timestamp: 26 Apr 2025 20:32:47

------------------------------------------
V++ command line :
------------------------------------------
D:/Xilinx/Vitis/2024.2/bin/unwrapped/win64.o/v++.exe -c --mode hls --config D:\sidejob\ethernet_NN\NN\hls_component\hls_config.cfg --work_dir hls_component 
  Options from -O    : 
  Options from *.ini : 
  Options from Hw Platform : 

==========================================
new:  steps log generated by v++ for new launch 
timestamp: 26 Apr 2025 20:38:40

------------------------------------------
V++ command line :
------------------------------------------
D:/Xilinx/Vitis/2024.2/bin/unwrapped/win64.o/v++.exe -c --mode hls --config D:\sidejob\ethernet_NN\NN\hls_component\hls_config.cfg --work_dir hls_component 
  Options from -O    : 
  Options from *.ini : 
  Options from Hw Platform : 

==========================================
new:  steps log generated by v++ for new launch 
timestamp: 26 Apr 2025 20:46:47

------------------------------------------
V++ command line :
------------------------------------------
D:/Xilinx/Vitis/2024.2/bin/unwrapped/win64.o/v++.exe -c --mode hls --config D:\sidejob\ethernet_NN\NN\hls_component\hls_config.cfg --work_dir hls_component 
  Options from -O    : 
  Options from *.ini : 
  Options from Hw Platform : 

==========================================
new:  steps log generated by v++ for new launch 
timestamp: 26 Apr 2025 20:50:04

------------------------------------------
V++ command line :
------------------------------------------
D:/Xilinx/Vitis/2024.2/bin/unwrapped/win64.o/v++.exe -c --mode hls --config D:\sidejob\ethernet_NN\NN\hls_component\hls_config.cfg --work_dir hls_component 
  Options from -O    : 
  Options from *.ini : 
  Options from Hw Platform : 

==========================================
new:  steps log generated by v++ for new launch 
timestamp: 26 Apr 2025 21:46:50

------------------------------------------
V++ command line :
------------------------------------------
D:/Xilinx/Vitis/2024.2/bin/unwrapped/win64.o/v++.exe -c --mode hls --config D:\sidejob\ethernet_NN\NN\hls_component\hls_config.cfg --work_dir hls_component 
  Options from -O    : 
  Options from *.ini : 
  Options from Hw Platform : 

==========================================
new:  steps log generated by v++ for new launch 
timestamp: 26 Apr 2025 21:50:17

------------------------------------------
V++ command line :
------------------------------------------
D:/Xilinx/Vitis/2024.2/bin/unwrapped/win64.o/v++.exe -c --mode hls --config D:\sidejob\ethernet_NN\NN\hls_component\hls_config.cfg --work_dir hls_component 
  Options from -O    : 
  Options from *.ini : 
  Options from Hw Platform : 

==========================================
new:  steps log generated by v++ for new launch 
timestamp: 26 Apr 2025 21:59:51

------------------------------------------
V++ command line :
------------------------------------------
D:/Xilinx/Vitis/2024.2/bin/unwrapped/win64.o/v++.exe -c --mode hls --config D:\sidejob\ethernet_NN\NN\hls_component\hls_config.cfg --work_dir hls_component 
  Options from -O    : 
  Options from *.ini : 
  Options from Hw Platform : 

==========================================
new:  steps log generated by v++ for new launch 
timestamp: 26 Apr 2025 22:11:45

------------------------------------------
V++ command line :
------------------------------------------
D:/Xilinx/Vitis/2024.2/bin/unwrapped/win64.o/v++.exe -c --mode hls --config D:\sidejob\ethernet_NN\NN\hls_component\hls_config.cfg --work_dir hls_component 
  Options from -O    : 
  Options from *.ini : 
  Options from Hw Platform : 

==========================================
new:  steps log generated by v++ for new launch 
timestamp: 26 Apr 2025 22:14:39

------------------------------------------
V++ command line :
------------------------------------------
D:/Xilinx/Vitis/2024.2/bin/unwrapped/win64.o/v++.exe -c --mode hls --config D:\sidejob\ethernet_NN\NN\hls_component\hls_config.cfg --work_dir hls_component 
  Options from -O    : 
  Options from *.ini : 
  Options from Hw Platform : 

==========================================
new:  steps log generated by v++ for new launch 
timestamp: 26 Apr 2025 22:18:40

------------------------------------------
V++ command line :
------------------------------------------
D:/Xilinx/Vitis/2024.2/bin/unwrapped/win64.o/v++.exe -c --mode hls --config D:\sidejob\ethernet_NN\NN\hls_component\hls_config.cfg --work_dir hls_component 
  Options from -O    : 
  Options from *.ini : 
  Options from Hw Platform : 

==========================================
new:  steps log generated by v++ for new launch 
timestamp: 26 Apr 2025 22:29:55

------------------------------------------
V++ command line :
------------------------------------------
D:/Xilinx/Vitis/2024.2/bin/unwrapped/win64.o/v++.exe -c --mode hls --config D:\sidejob\ethernet_NN\NN\hls_component\hls_config.cfg --work_dir hls_component 
  Options from -O    : 
  Options from *.ini : 
  Options from Hw Platform : 

==========================================
new:  steps log generated by v++ for new launch 
timestamp: 26 Apr 2025 22:32:21

------------------------------------------
V++ command line :
------------------------------------------
D:/Xilinx/Vitis/2024.2/bin/unwrapped/win64.o/v++.exe -c --mode hls --config D:\sidejob\ethernet_NN\NN\hls_component\hls_config.cfg --work_dir hls_component 
  Options from -O    : 
  Options from *.ini : 
  Options from Hw Platform : 

==========================================
new:  steps log generated by v++ for new launch 
timestamp: 26 Apr 2025 22:34:11

------------------------------------------
V++ command line :
------------------------------------------
D:/Xilinx/Vitis/2024.2/bin/unwrapped/win64.o/v++.exe -c --mode hls --config D:\sidejob\ethernet_NN\NN\hls_component\hls_config.cfg --work_dir hls_component 
  Options from -O    : 
  Options from *.ini : 
  Options from Hw Platform : 

==========================================
new:  steps log generated by v++ for new launch 
timestamp: 26 Apr 2025 22:44:30

------------------------------------------
V++ command line :
------------------------------------------
D:/Xilinx/Vitis/2024.2/bin/unwrapped/win64.o/v++.exe -c --mode hls --config D:\sidejob\ethernet_NN\NN\hls_component\hls_config.cfg --work_dir hls_component 
  Options from -O    : 
  Options from *.ini : 
  Options from Hw Platform : 

==========================================
new:  steps log generated by v++ for new launch 
timestamp: 26 Apr 2025 22:47:30

------------------------------------------
V++ command line :
------------------------------------------
D:/Xilinx/Vitis/2024.2/bin/unwrapped/win64.o/v++.exe -c --mode hls --config D:\sidejob\ethernet_NN\NN\hls_component\hls_config.cfg --work_dir hls_component 
  Options from -O    : 
  Options from *.ini : 
  Options from Hw Platform : 

==========================================
new:  steps log generated by v++ for new launch 
timestamp: 26 Apr 2025 23:00:23

------------------------------------------
V++ command line :
------------------------------------------
D:/Xilinx/Vitis/2024.2/bin/unwrapped/win64.o/v++.exe -c --mode hls --config D:\sidejob\ethernet_NN\NN\hls_component\hls_config.cfg --work_dir hls_component 
  Options from -O    : 
  Options from *.ini : 
  Options from Hw Platform : 

==========================================
new:  steps log generated by v++ for new launch 
timestamp: 26 Apr 2025 23:04:44

------------------------------------------
V++ command line :
------------------------------------------
D:/Xilinx/Vitis/2024.2/bin/unwrapped/win64.o/v++.exe -c --mode hls --config D:\sidejob\ethernet_NN\NN\hls_component\hls_config.cfg --work_dir hls_component 
  Options from -O    : 
  Options from *.ini : 
  Options from Hw Platform : 

==========================================
new:  steps log generated by v++ for new launch 
timestamp: 26 Apr 2025 23:11:22

------------------------------------------
V++ command line :
------------------------------------------
D:/Xilinx/Vitis/2024.2/bin/unwrapped/win64.o/v++.exe -c --mode hls --config D:\sidejob\ethernet_NN\NN\hls_component\hls_config.cfg --work_dir hls_component 
  Options from -O    : 
  Options from *.ini : 
  Options from Hw Platform : 

==========================================
new:  steps log generated by v++ for new launch 
timestamp: 26 Apr 2025 23:14:59

------------------------------------------
V++ command line :
------------------------------------------
D:/Xilinx/Vitis/2024.2/bin/unwrapped/win64.o/v++.exe -c --mode hls --config D:\sidejob\ethernet_NN\NN\hls_component\hls_config.cfg --work_dir hls_component 
  Options from -O    : 
  Options from *.ini : 
  Options from Hw Platform : 

==========================================
new:  steps log generated by v++ for new launch 
timestamp: 26 Apr 2025 23:21:32

------------------------------------------
VITIS-RUN command line :
------------------------------------------
D:/Xilinx/Vitis/2024.2/bin/unwrapped/win64.o/vitis-run.exe --mode hls --impl --config D:\sidejob\ethernet_NN\NN\hls_component\hls_config.cfg --work_dir hls_component 
  Options from -O    : 
  Options from *.ini : 
  Options from Hw Platform : 

==========================================
new:  steps log generated by v++ for new launch 
timestamp: 26 Apr 2025 23:26:14

------------------------------------------
V++ command line :
------------------------------------------
D:/Xilinx/Vitis/2024.2/bin/unwrapped/win64.o/v++.exe -c --mode hls --config D:\sidejob\ethernet_NN\NN\hls_component\hls_config.cfg --work_dir hls_component 
  Options from -O    : 
  Options from *.ini : 
  Options from Hw Platform : 

==========================================
new:  steps log generated by v++ for new launch 
timestamp: 27 Apr 2025 01:33:55

------------------------------------------
VITIS-RUN command line :
------------------------------------------
D:/Xilinx/Vitis/2024.2/bin/unwrapped/win64.o/vitis-run.exe --mode hls --impl --config D:\sidejob\ethernet_NN\NN\hls_component\hls_config.cfg --work_dir hls_component 
  Options from -O    : 
  Options from *.ini : 
  Options from Hw Platform : 

==========================================
new:  steps log generated by v++ for new launch 
timestamp: 27 Apr 2025 01:41:04

------------------------------------------
V++ command line :
------------------------------------------
D:/Xilinx/Vitis/2024.2/bin/unwrapped/win64.o/v++.exe -c --mode hls --config D:\sidejob\ethernet_NN\NN\hls_component\hls_config.cfg --work_dir hls_component 
  Options from -O    : 
  Options from *.ini : 
  Options from Hw Platform : 

==========================================
new:  steps log generated by v++ for new launch 
timestamp: 27 Apr 2025 01:56:18

------------------------------------------
VITIS-RUN command line :
------------------------------------------
D:/Xilinx/Vitis/2024.2/bin/unwrapped/win64.o/vitis-run.exe --mode hls --impl --config D:\sidejob\ethernet_NN\NN\hls_component\hls_config.cfg --work_dir hls_component 
  Options from -O    : 
  Options from *.ini : 
  Options from Hw Platform : 

==========================================
new:  steps log generated by v++ for new launch 
timestamp: 27 Apr 2025 01:58:52

------------------------------------------
V++ command line :
------------------------------------------
D:/Xilinx/Vitis/2024.2/bin/unwrapped/win64.o/v++.exe -c --mode hls --config D:\sidejob\ethernet_NN\NN\hls_component\hls_config.cfg --work_dir hls_component 
  Options from -O    : 
  Options from *.ini : 
  Options from Hw Platform : 

==========================================
new:  steps log generated by v++ for new launch 
timestamp: 27 Apr 2025 02:12:30

------------------------------------------
VITIS-RUN command line :
------------------------------------------
D:/Xilinx/Vitis/2024.2/bin/unwrapped/win64.o/vitis-run.exe --mode hls --impl --config D:\sidejob\ethernet_NN\NN\hls_component\hls_config.cfg --work_dir hls_component 
  Options from -O    : 
  Options from *.ini : 
  Options from Hw Platform : 

==========================================
new:  steps log generated by v++ for new launch 
timestamp: 27 Apr 2025 02:17:03

------------------------------------------
V++ command line :
------------------------------------------
D:/Xilinx/Vitis/2024.2/bin/unwrapped/win64.o/v++.exe -c --mode hls --config D:\sidejob\ethernet_NN\NN\hls_component\hls_config.cfg --work_dir hls_component 
  Options from -O    : 
  Options from *.ini : 
  Options from Hw Platform : 

==========================================
new:  steps log generated by v++ for new launch 
timestamp: 24 May 2025 04:03:16

------------------------------------------
V++ command line :
------------------------------------------
D:/Xilinx/Vitis/2024.2/bin/unwrapped/win64.o/v++.exe -c --mode hls --config D:\sidejob\ethernet_NN\NN\hls_component\hls_config.cfg --work_dir hls_component 
  Options from -O    : 
  Options from *.ini : 
  Options from Hw Platform : 

==========================================
new:  steps log generated by v++ for new launch 
timestamp: 23 Jul 2025 02:05:48

------------------------------------------
V++ command line :
------------------------------------------
D:/Xilinx/Vitis/2024.2/bin/unwrapped/win64.o/v++.exe -c --mode hls --config D:\sidejob\ethernet_NN\NN\hls_component\hls_config.cfg --work_dir hls_component 
  Options from -O    : 
  Options from *.ini : 
  Options from Hw Platform : 

==========================================
new:  steps log generated by v++ for new launch 
timestamp: 25 Jul 2025 01:11:30

------------------------------------------
V++ command line :
------------------------------------------
D:/Xilinx/Vitis/2024.2/bin/unwrapped/win64.o/v++.exe -c --mode hls --config D:\sidejob\ethernet_NN\NN\hls_component\hls_config.cfg --work_dir hls_component 
  Options from -O    : 
  Options from *.ini : 
  Options from Hw Platform : 

==========================================
new:  steps log generated by v++ for new launch 
timestamp: 25 Jul 2025 01:17:39

------------------------------------------
V++ command line :
------------------------------------------
D:/Xilinx/Vitis/2024.2/bin/unwrapped/win64.o/v++.exe -c --mode hls --config D:\sidejob\ethernet_NN\NN\hls_component\hls_config.cfg --work_dir hls_component 
  Options from -O    : 
  Options from *.ini : 
  Options from Hw Platform : 

==========================================
new:  steps log generated by v++ for new launch 
timestamp: 25 Jul 2025 01:26:02

------------------------------------------
V++ command line :
------------------------------------------
D:/Xilinx/Vitis/2024.2/bin/unwrapped/win64.o/v++.exe -c --mode hls --config D:\sidejob\ethernet_NN\NN\hls_component\hls_config.cfg --work_dir hls_component 
  Options from -O    : 
  Options from *.ini : 
  Options from Hw Platform : 

==========================================
new:  steps log generated by v++ for new launch 
timestamp: 25 Jul 2025 01:33:38

------------------------------------------
V++ command line :
------------------------------------------
D:/Xilinx/Vitis/2024.2/bin/unwrapped/win64.o/v++.exe -c --mode hls --config D:\sidejob\ethernet_NN\NN\hls_component\hls_config.cfg --work_dir hls_component 
  Options from -O    : 
  Options from *.ini : 
  Options from Hw Platform : 

==========================================
new:  steps log generated by v++ for new launch 
timestamp: 25 Jul 2025 01:35:15

------------------------------------------
V++ command line :
------------------------------------------
D:/Xilinx/Vitis/2024.2/bin/unwrapped/win64.o/v++.exe -c --mode hls --config D:\sidejob\ethernet_NN\NN\hls_component\hls_config.cfg --work_dir hls_component 
  Options from -O    : 
  Options from *.ini : 
  Options from Hw Platform : 

==========================================
new:  steps log generated by v++ for new launch 
timestamp: 25 Jul 2025 01:39:06

------------------------------------------
V++ command line :
------------------------------------------
D:/Xilinx/Vitis/2024.2/bin/unwrapped/win64.o/v++.exe -c --mode hls --config D:\sidejob\ethernet_NN\NN\hls_component\hls_config.cfg --work_dir hls_component 
  Options from -O    : 
  Options from *.ini : 
  Options from Hw Platform : 

==========================================
new:  steps log generated by v++ for new launch 
timestamp: 01 Aug 2025 07:15:21

------------------------------------------
V++ command line :
------------------------------------------
D:/Xilinx/Vitis/2024.2/bin/unwrapped/win64.o/v++.exe -c --mode hls --config D:\sidejob\ethernet_NN\NN\hls_component\hls_config.cfg --work_dir hls_component 
  Options from -O    : 
  Options from *.ini : 
  Options from Hw Platform : 

==========================================
new:  steps log generated by v++ for new launch 
timestamp: 01 Aug 2025 07:18:46

------------------------------------------
VITIS-RUN command line :
------------------------------------------
D:/Xilinx/Vitis/2024.2/bin/unwrapped/win64.o/vitis-run.exe --mode hls --package --config D:\sidejob\ethernet_NN\NN\hls_component\hls_config.cfg --work_dir hls_component 
  Options from -O    : 
  Options from *.ini : 
  Options from Hw Platform : 

==========================================
new:  steps log generated by v++ for new launch 
timestamp: 01 Aug 2025 07:21:27
