  **** HLS Build v2024.2 5238294
INFO: [HLS 200-2005] Using work_dir D:/sidejob/ethernet_NN/NN/hls_component/hls_component 
INFO: [HLS 200-1505] Using default flow_target 'vivado'
Resolution: For help on HLS 200-1505 see docs.xilinx.com/access/sources/dita/topic?Doc_Version=2024.2%20English&url=ug1448-hls-guidance&resourceid=200-1505.html
INFO: [HLS 200-1465] Applying ini 'syn.file=Components.h' from D:/sidejob/ethernet_NN/NN/hls_component/hls_config.cfg(7)
INFO: [HLS 200-10] Adding design file 'D:/sidejob/ethernet_NN/NN/hls_component/Components.h' to the project
INFO: [HLS 200-1465] Applying ini 'syn.file=Components.cpp' from D:/sidejob/ethernet_NN/NN/hls_component/hls_config.cfg(8)
INFO: [HLS 200-10] Adding design file 'D:/sidejob/ethernet_NN/NN/hls_component/Components.cpp' to the project
INFO: [HLS 200-1465] Applying ini 'syn.file=Coeff.h' from D:/sidejob/ethernet_NN/NN/hls_component/hls_config.cfg(9)
INFO: [HLS 200-10] Adding design file 'D:/sidejob/ethernet_NN/NN/hls_component/Coeff.h' to the project
INFO: [HLS 200-1465] Applying ini 'syn.top=CNN_top' from D:/sidejob/ethernet_NN/NN/hls_component/hls_config.cfg(10)
INFO: [HLS 200-1465] Applying ini 'flow_target=vivado' from D:/sidejob/ethernet_NN/NN/hls_component/hls_config.cfg(4)
INFO: [HLS 200-1505] Using flow_target 'vivado'
Resolution: For help on HLS 200-1505 see docs.xilinx.com/access/sources/dita/topic?Doc_Version=2024.2%20English&url=ug1448-hls-guidance&resourceid=200-1505.html
INFO: [HLS 200-1465] Applying ini 'part=xczu19eg-ffvc1760-2-i' from D:/sidejob/ethernet_NN/NN/hls_component/hls_config.cfg(1)
INFO: [HLS 200-1611] Setting target device to 'xczu19eg-ffvc1760-2-i'
INFO: [HLS 200-1465] Applying ini 'package.output.format=ip_catalog' from D:/sidejob/ethernet_NN/NN/hls_component/hls_config.cfg(5)
INFO: [HLS 200-111] Finished File checks and directory preparation: CPU user time: 1 seconds. CPU system time: 1 seconds. Elapsed time: 2.395 seconds; current allocated memory: 269.645 MB.
INFO: [HLS 200-10] Analyzing design file 'Components.cpp' ... 
WARNING: [HLS 207-5292] unused parameter 'din' (Components.cpp:8:20)
WARNING: [HLS 207-5292] unused parameter 'dout' (Components.cpp:8:30)
INFO: [HLS 200-111] Finished Source Code Analysis and Preprocessing: CPU user time: 1 seconds. CPU system time: 0 seconds. Elapsed time: 15.815 seconds; current allocated memory: 276.289 MB.
INFO: [HLS 200-777] Using interface defaults for 'Vivado' flow target.
INFO: [HLS 200-1995] There were 3,166 instructions in the design after the 'Compile/Link' phase of compilation. See the Design Size Report for more details: D:/sidejob/ethernet_NN/NN/hls_component/hls_component/hls/syn/report/csynth_design_size.rpt
INFO: [HLS 200-1995] There were 748 instructions in the design after the 'Unroll/Inline (step 1)' phase of compilation. See the Design Size Report for more details: D:/sidejob/ethernet_NN/NN/hls_component/hls_component/hls/syn/report/csynth_design_size.rpt
INFO: [HLS 200-1995] There were 475 instructions in the design after the 'Unroll/Inline (step 2)' phase of compilation. See the Design Size Report for more details: D:/sidejob/ethernet_NN/NN/hls_component/hls_component/hls/syn/report/csynth_design_size.rpt
INFO: [HLS 200-1995] There were 437 instructions in the design after the 'Unroll/Inline (step 3)' phase of compilation. See the Design Size Report for more details: D:/sidejob/ethernet_NN/NN/hls_component/hls_component/hls/syn/report/csynth_design_size.rpt
INFO: [HLS 200-1995] There were 379 instructions in the design after the 'Unroll/Inline (step 4)' phase of compilation. See the Design Size Report for more details: D:/sidejob/ethernet_NN/NN/hls_component/hls_component/hls/syn/report/csynth_design_size.rpt
INFO: [HLS 200-1995] There were 371 instructions in the design after the 'Array/Struct (step 1)' phase of compilation. See the Design Size Report for more details: D:/sidejob/ethernet_NN/NN/hls_component/hls_component/hls/syn/report/csynth_design_size.rpt
INFO: [HLS 200-1995] There were 371 instructions in the design after the 'Array/Struct (step 2)' phase of compilation. See the Design Size Report for more details: D:/sidejob/ethernet_NN/NN/hls_component/hls_component/hls/syn/report/csynth_design_size.rpt
INFO: [HLS 200-1995] There were 371 instructions in the design after the 'Array/Struct (step 3)' phase of compilation. See the Design Size Report for more details: D:/sidejob/ethernet_NN/NN/hls_component/hls_component/hls/syn/report/csynth_design_size.rpt
INFO: [HLS 200-1995] There were 371 instructions in the design after the 'Array/Struct (step 4)' phase of compilation. See the Design Size Report for more details: D:/sidejob/ethernet_NN/NN/hls_component/hls_component/hls/syn/report/csynth_design_size.rpt
INFO: [HLS 200-1995] There were 379 instructions in the design after the 'Array/Struct (step 5)' phase of compilation. See the Design Size Report for more details: D:/sidejob/ethernet_NN/NN/hls_component/hls_component/hls/syn/report/csynth_design_size.rpt
INFO: [HLS 200-1995] There were 379 instructions in the design after the 'Performance (step 1)' phase of compilation. See the Design Size Report for more details: D:/sidejob/ethernet_NN/NN/hls_component/hls_component/hls/syn/report/csynth_design_size.rpt
INFO: [HLS 200-1995] There were 661 instructions in the design after the 'Performance (step 2)' phase of compilation. See the Design Size Report for more details: D:/sidejob/ethernet_NN/NN/hls_component/hls_component/hls/syn/report/csynth_design_size.rpt
INFO: [HLS 200-1995] There were 1,847 instructions in the design after the 'Performance (step 3)' phase of compilation. See the Design Size Report for more details: D:/sidejob/ethernet_NN/NN/hls_component/hls_component/hls/syn/report/csynth_design_size.rpt
INFO: [HLS 200-1995] There were 1,212 instructions in the design after the 'Performance (step 4)' phase of compilation. See the Design Size Report for more details: D:/sidejob/ethernet_NN/NN/hls_component/hls_component/hls/syn/report/csynth_design_size.rpt
INFO: [HLS 200-1995] There were 1,222 instructions in the design after the 'HW Transforms (step 1)' phase of compilation. See the Design Size Report for more details: D:/sidejob/ethernet_NN/NN/hls_component/hls_component/hls/syn/report/csynth_design_size.rpt
INFO: [HLS 200-1995] There were 1,289 instructions in the design after the 'HW Transforms (step 2)' phase of compilation. See the Design Size Report for more details: D:/sidejob/ethernet_NN/NN/hls_component/hls_component/hls/syn/report/csynth_design_size.rpt
INFO: [HLS 214-131] Inlining function 'exp_reduce_::exp(float)' into 'hls::exp(float)' (C:\scratch\2024.2\hls_product\495\2024.2\src\shared\hls\clib\hlsmath\src\c++\expfloat.cpp:17:9)
INFO: [HLS 214-131] Inlining function 'log_reduce::log(float)' into 'hls::log(float)' (C:\scratch\2024.2\hls_product\495\2024.2\src\shared\hls\clib\hlsmath\src\c++\logfloat.cpp:9:9)
INFO: [HLS 214-131] Inlining function 'hls::exp(float)' into 'void l_softmax_layer<100u, 2u>(int (*) [2u], int (*) [2u])' (Components.cpp:171:21)
INFO: [HLS 214-131] Inlining function 'hls::log(float)' into 'void l_softmax_layer<100u, 2u>(int (*) [2u], int (*) [2u])' (Components.cpp:173:16)
INFO: [HLS 214-178] Inlining function 'void conv2d<9u, 128u, 3u, true>(int (*) [128u], int (*) [128u], int*)' into 'void conv2d_layer<100u, 2u, 9u, 128u, 3u, true>(int (*) [9u][128u], int (*) [3u][128u], int (*) [2u][((9u) - (3u)) + (1)])' (Components.cpp:126:0)
INFO: [HLS 214-178] Inlining function 'void conv2d<9u, 128u, 4u, true>(int (*) [128u], int (*) [128u], int*)' into 'void conv2d_layer<100u, 2u, 9u, 128u, 4u, true>(int (*) [9u][128u], int (*) [4u][128u], int (*) [2u][((9u) - (4u)) + (1)])' (Components.cpp:126:0)
INFO: [HLS 214-178] Inlining function 'void conv2d<9u, 128u, 5u, true>(int (*) [128u], int (*) [128u], int*)' into 'void conv2d_layer<100u, 2u, 9u, 128u, 5u, true>(int (*) [9u][128u], int (*) [5u][128u], int (*) [2u][((9u) - (5u)) + (1)])' (Components.cpp:126:0)
INFO: [HLS 214-178] Inlining function 'void fully_connect<36u, 2u, int, int, int>(int*, int const (*) [2u], int*)' into 'void fully_connect_layer2<100u, 36u, 2u, int, int, int>(int (*) [36u], int const (*) [2u], int (*) [2u])' (Components.cpp:93:0)
INFO: [HLS 214-178] Inlining function 'fp_struct<float>::fp_struct(float)' into 'int generic_cast_IEEE754<int, (ap_q_mode)6, float>(float, bool, hls::enable_if<std::numeric_limits<int>::is_signed, bool>::type)' (C:\scratch\2024.2\hls_product\495\2024.2\src\shared\hls\clib/hlsmath/include/FloatingPoint\hls_case_IEEE754.h:12:0)
INFO: [HLS 214-178] Inlining function 'fp_struct<float>::mantissa() const' into 'int generic_cast_IEEE754<int, (ap_q_mode)6, float>(float, bool, hls::enable_if<std::numeric_limits<int>::is_signed, bool>::type)' (C:\scratch\2024.2\hls_product\495\2024.2\src\shared\hls\clib/hlsmath/include/FloatingPoint\hls_case_IEEE754.h:12:0)
INFO: [HLS 214-178] Inlining function 'fp_struct<float>::expv() const' into 'int generic_cast_IEEE754<int, (ap_q_mode)6, float>(float, bool, hls::enable_if<std::numeric_limits<int>::is_signed, bool>::type)' (C:\scratch\2024.2\hls_product\495\2024.2\src\shared\hls\clib/hlsmath/include/FloatingPoint\hls_case_IEEE754.h:12:0)
INFO: [HLS 214-178] Inlining function 'fp_struct<float>::__signbit() const' into 'int generic_cast_IEEE754<int, (ap_q_mode)6, float>(float, bool, hls::enable_if<std::numeric_limits<int>::is_signed, bool>::type)' (C:\scratch\2024.2\hls_product\495\2024.2\src\shared\hls\clib/hlsmath/include/FloatingPoint\hls_case_IEEE754.h:12:0)
INFO: [HLS 214-178] Inlining function 'int generic_cast_IEEE754<int, (ap_q_mode)6, float>(float, bool, hls::enable_if<std::numeric_limits<int>::is_signed, bool>::type)' into 'int generic_cast_IEEE754<int, float>(float, bool)' (C:\scratch\2024.2\hls_product\495\2024.2\src\shared\hls\clib/hlsmath/include/FloatingPoint\hls_case_IEEE754.h:116:0)
INFO: [HLS 214-178] Inlining function 'int generic_cast_IEEE754<int, float>(float, bool)' into '__hls_fptosi_float_i32' (C:\scratch\2024.2\hls_product\495\2024.2\src\shared\hls\clib\hlsmath\src\lib_floatconversion.cpp:51:0)
INFO: [HLS 214-178] Inlining function '__hls_fptosi_float_i32' into 'void l_softmax_layer<100u, 2u>(int (*) [2u], int (*) [2u])' (Components.cpp:163:0)
INFO: [HLS 214-178] Inlining function 'void feature_separate_layer<100u, 9u, 2u>(int (*) [9u][2u], int (*) [9u], int (*) [9u])' into 'void CNN<100u, 9u, 2u, 2u, 2u, 128u>(int (*) [9u][2u], int (*) [3][128u], int (*) [4][128u], int (*) [5][128u], int (*) [2u])' (Components.cpp:183:0)
INFO: [HLS 214-178] Inlining function 'void conv2d_layer<100u, 2u, 9u, 128u, 3u, true>(int (*) [9u][128u], int (*) [3u][128u], int (*) [2u][((9u) - (3u)) + (1)])' into 'void CNN<100u, 9u, 2u, 2u, 2u, 128u>(int (*) [9u][2u], int (*) [3][128u], int (*) [4][128u], int (*) [5][128u], int (*) [2u])' (Components.cpp:183:0)
INFO: [HLS 214-178] Inlining function 'void conv2d_layer<100u, 2u, 9u, 128u, 4u, true>(int (*) [9u][128u], int (*) [4u][128u], int (*) [2u][((9u) - (4u)) + (1)])' into 'void CNN<100u, 9u, 2u, 2u, 2u, 128u>(int (*) [9u][2u], int (*) [3][128u], int (*) [4][128u], int (*) [5][128u], int (*) [2u])' (Components.cpp:183:0)
INFO: [HLS 214-178] Inlining function 'void conv2d_layer<100u, 2u, 9u, 128u, 5u, true>(int (*) [9u][128u], int (*) [5u][128u], int (*) [2u][((9u) - (5u)) + (1)])' into 'void CNN<100u, 9u, 2u, 2u, 2u, 128u>(int (*) [9u][2u], int (*) [3][128u], int (*) [4][128u], int (*) [5][128u], int (*) [2u])' (Components.cpp:183:0)
INFO: [HLS 214-178] Inlining function 'void reshape_concate_layer<100u, 2u, 9u, 3u, 4u, 5u>(int (*) [2u][((9u) - (3u)) + (1)], int (*) [2u][((9u) - (4u)) + (1)], int (*) [2u][((9u) - (5u)) + (1)], int (*) [(2u) * ((((((9u) * (3)) - (3u)) - (4u)) - (5u)) + (3))])' into 'void CNN<100u, 9u, 2u, 2u, 2u, 128u>(int (*) [9u][2u], int (*) [3][128u], int (*) [4][128u], int (*) [5][128u], int (*) [2u])' (Components.cpp:183:0)
INFO: [HLS 214-178] Inlining function 'void fully_connect_layer2<100u, 36u, 2u, int, int, int>(int (*) [36u], int const (*) [2u], int (*) [2u])' into 'void CNN<100u, 9u, 2u, 2u, 2u, 128u>(int (*) [9u][2u], int (*) [3][128u], int (*) [4][128u], int (*) [5][128u], int (*) [2u])' (Components.cpp:183:0)
INFO: [HLS 214-178] Inlining function 'void l_softmax_layer<100u, 2u>(int (*) [2u], int (*) [2u])' into 'void CNN<100u, 9u, 2u, 2u, 2u, 128u>(int (*) [9u][2u], int (*) [3][128u], int (*) [4][128u], int (*) [5][128u], int (*) [2u])' (Components.cpp:183:0)
WARNING: [HLS 214-167] The program may have out of bound array access on variable '_ZL8fc2_coef' (Components.cpp:73:29)
INFO: [HLS 214-376] automatically set the pipeline for Loop< VITIS_LOOP_107_3> at Components.cpp:107:31 
INFO: [HLS 214-376] automatically set the pipeline for Loop< unknown> at  
INFO: [HLS 214-376] automatically set the pipeline for Loop< VITIS_LOOP_113_4> at Components.cpp:113:23 
INFO: [HLS 214-376] automatically set the pipeline for Loop< VITIS_LOOP_144_2> at Components.cpp:144:27 
INFO: [HLS 214-376] automatically set the pipeline for Loop< VITIS_LOOP_68_1> at Components.cpp:68:22 
INFO: [HLS 214-376] automatically set the pipeline for Loop< VITIS_LOOP_167_1> at Components.cpp:167:23 
INFO: [HLS 214-291] Loop 'VITIS_LOOP_169_2' is marked as complete unroll implied by the pipeline pragma (Components.cpp:169:27)
INFO: [HLS 214-291] Loop 'VITIS_LOOP_174_3' is marked as complete unroll implied by the pipeline pragma (Components.cpp:174:27)
INFO: [HLS 214-291] Loop 'VITIS_LOOP_70_2' is marked as complete unroll implied by the pipeline pragma (Components.cpp:70:26)
INFO: [HLS 214-291] Loop 'VITIS_LOOP_145_3' is marked as complete unroll implied by the pipeline pragma (Components.cpp:145:31)
INFO: [HLS 214-291] Loop 'VITIS_LOOP_149_4' is marked as complete unroll implied by the pipeline pragma (Components.cpp:149:31)
INFO: [HLS 214-291] Loop 'VITIS_LOOP_153_5' is marked as complete unroll implied by the pipeline pragma (Components.cpp:153:31)
INFO: [HLS 214-291] Loop 'VITIS_LOOP_115_5' is marked as complete unroll implied by the pipeline pragma (Components.cpp:115:27)
INFO: [HLS 214-186] Unrolling loop 'VITIS_LOOP_169_2' (Components.cpp:169:27) in function 'CNN<100u, 9u, 2u, 2u, 2u, 128u>' completely with a factor of 2 (Components.cpp:183:0)
INFO: [HLS 214-186] Unrolling loop 'VITIS_LOOP_174_3' (Components.cpp:174:27) in function 'CNN<100u, 9u, 2u, 2u, 2u, 128u>' completely with a factor of 2 (Components.cpp:183:0)
INFO: [HLS 214-186] Unrolling loop 'VITIS_LOOP_70_2' (Components.cpp:70:26) in function 'CNN<100u, 9u, 2u, 2u, 2u, 128u>' completely with a factor of 36 (Components.cpp:183:0)
INFO: [HLS 214-186] Unrolling loop 'VITIS_LOOP_145_3' (Components.cpp:145:31) in function 'CNN<100u, 9u, 2u, 2u, 2u, 128u>' completely with a factor of 7 (Components.cpp:183:0)
INFO: [HLS 214-186] Unrolling loop 'VITIS_LOOP_149_4' (Components.cpp:149:31) in function 'CNN<100u, 9u, 2u, 2u, 2u, 128u>' completely with a factor of 6 (Components.cpp:183:0)
INFO: [HLS 214-186] Unrolling loop 'VITIS_LOOP_153_5' (Components.cpp:153:31) in function 'CNN<100u, 9u, 2u, 2u, 2u, 128u>' completely with a factor of 5 (Components.cpp:183:0)
INFO: [HLS 214-186] Unrolling loop 'VITIS_LOOP_115_5' (Components.cpp:115:27) in function 'CNN<100u, 9u, 2u, 2u, 2u, 128u>' completely with a factor of 5 (Components.cpp:183:0)
INFO: [HLS 214-186] Unrolling loop 'VITIS_LOOP_115_5' (Components.cpp:115:27) in function 'CNN<100u, 9u, 2u, 2u, 2u, 128u>' completely with a factor of 4 (Components.cpp:183:0)
INFO: [HLS 214-186] Unrolling loop 'VITIS_LOOP_115_5' (Components.cpp:115:27) in function 'CNN<100u, 9u, 2u, 2u, 2u, 128u>' completely with a factor of 3 (Components.cpp:183:0)
INFO: [HLS 214-437] Automatically disabling loop flattening for loop 'VITIS_LOOP_106_2'. (Components.cpp:106:27)
INFO: [HLS 214-270] Inferring pragma 'array_partition type=complete dim=1' for array 'sum.i.i' due to pipeline pragma (Components.cpp:104:9)
INFO: [HLS 214-270] Inferring pragma 'array_partition type=complete dim=1' for array 'sum.i.i5' due to pipeline pragma (Components.cpp:104:9)
INFO: [HLS 214-270] Inferring pragma 'array_partition type=complete dim=1' for array 'sum.i.i63' due to pipeline pragma (Components.cpp:104:9)
INFO: [HLS 214-270] Inferring pragma 'array_partition type=complete dim=3' for array 'conv3' due to pipeline pragma (Components.cpp:201:9)
INFO: [HLS 214-270] Inferring pragma 'array_partition type=complete dim=3' for array 'conv4' due to pipeline pragma (Components.cpp:202:9)
INFO: [HLS 214-270] Inferring pragma 'array_partition type=complete dim=3' for array 'conv5' due to pipeline pragma (Components.cpp:203:9)
INFO: [HLS 214-270] Inferring pragma 'array_partition type=cyclic factor=7 dim=2' for array 'feature_in2' due to pipeline pragma (Components.cpp:209:9)
INFO: [HLS 214-248] Applying array_partition to 'sum.i.i63': Complete partitioning on dimension 1. (Components.cpp:104:9)
INFO: [HLS 214-248] Applying array_partition to 'sum.i.i5': Complete partitioning on dimension 1. (Components.cpp:104:9)
INFO: [HLS 214-248] Applying array_partition to 'sum.i.i': Complete partitioning on dimension 1. (Components.cpp:104:9)
INFO: [HLS 214-248] Applying array_partition to 'conv3': Complete partitioning on dimension 3. (Components.cpp:201:9)
INFO: [HLS 214-248] Applying array_partition to 'conv4': Complete partitioning on dimension 3. (Components.cpp:202:9)
INFO: [HLS 214-248] Applying array_partition to 'conv5': Complete partitioning on dimension 3. (Components.cpp:203:9)
INFO: [HLS 214-248] Applying array_partition to 'feature_in2': Cyclic partitioning with factor 7 on dimension 2. (Components.cpp:209:9)
INFO: [HLS 200-111] Finished Compiling Optimization and Transform: CPU user time: 0 seconds. CPU system time: 0 seconds. Elapsed time: 27.766 seconds; current allocated memory: 278.266 MB.
INFO: [HLS 200-111] Finished Checking Pragmas: CPU user time: 0 seconds. CPU system time: 0 seconds. Elapsed time: 0.003 seconds; current allocated memory: 278.266 MB.
INFO: [HLS 200-10] Starting code transformations ...
INFO: [HLS 200-111] Finished Standard Transforms: CPU user time: 1 seconds. CPU system time: 0 seconds. Elapsed time: 0.112 seconds; current allocated memory: 285.758 MB.
INFO: [HLS 200-10] Checking synthesizability ...
INFO: [HLS 200-111] Finished Checking Synthesizability: CPU user time: 0 seconds. CPU system time: 0 seconds. Elapsed time: 0.08 seconds; current allocated memory: 289.328 MB.
INFO: [XFORM 203-11] Balancing expressions in function 'CNN<100u, 9u, 2u, 2u, 2u, 128u>' (Components.cpp:9:27)...10 expression(s) balanced.
INFO: [HLS 200-111] Finished Loop, function and other optimizations: CPU user time: 0 seconds. CPU system time: 0 seconds. Elapsed time: 0.227 seconds; current allocated memory: 315.590 MB.
INFO: [HLS 200-2061] Successfully converted nested loops 'VITIS_LOOP_95_1'(Components.cpp:95:22) and 'VITIS_LOOP_68_1'(Components.cpp:68:22) in function 'CNN<100u, 9u, 2u, 2u, 2u, 128u>' into perfectly nested loops.
INFO: [XFORM 203-541] Flattening a loop nest 'VITIS_LOOP_143_1' (Components.cpp:143:23) in function 'CNN<100u, 9u, 2u, 2u, 2u, 128u>'.
INFO: [XFORM 203-541] Flattening a loop nest 'VITIS_LOOP_95_1' (Components.cpp:95:22) in function 'CNN<100u, 9u, 2u, 2u, 2u, 128u>'.
INFO: [HLS 200-111] Finished Architecture Synthesis: CPU user time: 0 seconds. CPU system time: 0 seconds. Elapsed time: 0.225 seconds; current allocated memory: 413.875 MB.
INFO: [HLS 200-10] Starting hardware synthesis ...
INFO: [HLS 200-10] Synthesizing 'CNN_top' ...
WARNING: [SYN 201-103] Legalizing function name 'CNN<100u, 9u, 2u, 2u, 2u, 128u>_Pipeline_2' to 'CNN_100u_9u_2u_2u_2u_128u_Pipeline_2'.
WARNING: [SYN 201-103] Legalizing function name 'CNN<100u, 9u, 2u, 2u, 2u, 128u>_Pipeline_VITIS_LOOP_113_4' to 'CNN_100u_9u_2u_2u_2u_128u_Pipeline_VITIS_LOOP_113_4'.
WARNING: [SYN 201-103] Legalizing function name 'CNN<100u, 9u, 2u, 2u, 2u, 128u>_Outline_VITIS_LOOP_128_1' to 'CNN_100u_9u_2u_2u_2u_128u_Outline_VITIS_LOOP_128_1'.
WARNING: [SYN 201-103] Legalizing function name 'CNN<100u, 9u, 2u, 2u, 2u, 128u>_Pipeline_5' to 'CNN_100u_9u_2u_2u_2u_128u_Pipeline_5'.
WARNING: [SYN 201-103] Legalizing function name 'CNN<100u, 9u, 2u, 2u, 2u, 128u>_Pipeline_VITIS_LOOP_113_43' to 'CNN_100u_9u_2u_2u_2u_128u_Pipeline_VITIS_LOOP_113_43'.
WARNING: [SYN 201-103] Legalizing function name 'CNN<100u, 9u, 2u, 2u, 2u, 128u>_Outline_VITIS_LOOP_128_12' to 'CNN_100u_9u_2u_2u_2u_128u_Outline_VITIS_LOOP_128_12'.
WARNING: [SYN 201-103] Legalizing function name 'CNN<100u, 9u, 2u, 2u, 2u, 128u>_Pipeline_8' to 'CNN_100u_9u_2u_2u_2u_128u_Pipeline_8'.
WARNING: [SYN 201-103] Legalizing function name 'CNN<100u, 9u, 2u, 2u, 2u, 128u>_Pipeline_VITIS_LOOP_113_45' to 'CNN_100u_9u_2u_2u_2u_128u_Pipeline_VITIS_LOOP_113_45'.
WARNING: [SYN 201-103] Legalizing function name 'CNN<100u, 9u, 2u, 2u, 2u, 128u>_Outline_VITIS_LOOP_128_14' to 'CNN_100u_9u_2u_2u_2u_128u_Outline_VITIS_LOOP_128_14'.
WARNING: [SYN 201-103] Legalizing function name 'CNN<100u, 9u, 2u, 2u, 2u, 128u>_Pipeline_VITIS_LOOP_95_1_VITIS_LOOP_68_1' to 'CNN_100u_9u_2u_2u_2u_128u_Pipeline_VITIS_LOOP_95_1_VITIS_LOOP_68_1'.
WARNING: [SYN 201-103] Legalizing function name 'CNN<100u, 9u, 2u, 2u, 2u, 128u>_Pipeline_VITIS_LOOP_167_1' to 'CNN_100u_9u_2u_2u_2u_128u_Pipeline_VITIS_LOOP_167_1'.
WARNING: [SYN 201-103] Legalizing function name 'CNN<100u, 9u, 2u, 2u, 2u, 128u>' to 'CNN_100u_9u_2u_2u_2u_128u_s'.
INFO: [SYN 201-201] Setting up clock 'default' with a period of 10ns.
INFO: [HLS 200-10] ----------------------------------------------------------------
INFO: [HLS 200-42] -- Implementing module 'CNN_100u_9u_2u_2u_2u_128u_Pipeline_2' 
INFO: [HLS 200-10] ----------------------------------------------------------------
INFO: [SCHED 204-11] Starting scheduling ...
INFO: [SCHED 204-61] Pipelining loop 'Loop 1'.
INFO: [HLS 200-1470] Pipelining result : Target II = NA, Final II = 1, Depth = 1, loop 'Loop 1'
INFO: [SCHED 204-11] Finished scheduling.
INFO: [HLS 200-111] Finished Scheduling: CPU user time: 0 seconds. CPU system time: 0 seconds. Elapsed time: 0.424 seconds; current allocated memory: 417.559 MB.
INFO: [BIND 205-100] Starting micro-architecture generation ...
INFO: [BIND 205-101] Performing variable lifetime analysis.
INFO: [BIND 205-101] Exploring resource sharing.
INFO: [BIND 205-101] Binding ...
INFO: [BIND 205-100] Finished micro-architecture generation.
INFO: [HLS 200-111] Finished Binding: CPU user time: 0 seconds. CPU system time: 0 seconds. Elapsed time: 0.065 seconds; current allocated memory: 418.637 MB.
INFO: [HLS 200-10] ----------------------------------------------------------------
INFO: [HLS 200-42] -- Implementing module 'CNN_100u_9u_2u_2u_2u_128u_Pipeline_VITIS_LOOP_113_4' 
INFO: [HLS 200-10] ----------------------------------------------------------------
INFO: [SCHED 204-11] Starting scheduling ...
INFO: [SCHED 204-61] Pipelining loop 'VITIS_LOOP_113_4'.
INFO: [HLS 200-1470] Pipelining result : Target II = NA, Final II = 1, Depth = 2, loop 'VITIS_LOOP_113_4'
INFO: [SCHED 204-11] Finished scheduling.
INFO: [HLS 200-111] Finished Scheduling: CPU user time: 0 seconds. CPU system time: 0 seconds. Elapsed time: 0.087 seconds; current allocated memory: 419.043 MB.
INFO: [BIND 205-100] Starting micro-architecture generation ...
INFO: [BIND 205-101] Performing variable lifetime analysis.
INFO: [BIND 205-101] Exploring resource sharing.
INFO: [BIND 205-101] Binding ...
INFO: [BIND 205-100] Finished micro-architecture generation.
INFO: [HLS 200-111] Finished Binding: CPU user time: 0 seconds. CPU system time: 0 seconds. Elapsed time: 0.054 seconds; current allocated memory: 419.062 MB.
INFO: [HLS 200-10] ----------------------------------------------------------------
INFO: [HLS 200-42] -- Implementing module 'CNN_100u_9u_2u_2u_2u_128u_Outline_VITIS_LOOP_128_1' 
INFO: [HLS 200-10] ----------------------------------------------------------------
INFO: [SCHED 204-11] Starting scheduling ...
INFO: [SCHED 204-11] Finished scheduling.
INFO: [HLS 200-111] Finished Scheduling: CPU user time: 0 seconds. CPU system time: 0 seconds. Elapsed time: 0.081 seconds; current allocated memory: 419.445 MB.
INFO: [BIND 205-100] Starting micro-architecture generation ...
INFO: [BIND 205-101] Performing variable lifetime analysis.
INFO: [BIND 205-101] Exploring resource sharing.
INFO: [BIND 205-101] Binding ...
INFO: [BIND 205-100] Finished micro-architecture generation.
INFO: [HLS 200-111] Finished Binding: CPU user time: 0 seconds. CPU system time: 0 seconds. Elapsed time: 0.063 seconds; current allocated memory: 419.469 MB.
INFO: [HLS 200-10] ----------------------------------------------------------------
INFO: [HLS 200-42] -- Implementing module 'CNN_100u_9u_2u_2u_2u_128u_Pipeline_5' 
INFO: [HLS 200-10] ----------------------------------------------------------------
INFO: [SCHED 204-11] Starting scheduling ...
INFO: [SCHED 204-61] Pipelining loop 'Loop 1'.
INFO: [HLS 200-1470] Pipelining result : Target II = NA, Final II = 1, Depth = 1, loop 'Loop 1'
INFO: [SCHED 204-11] Finished scheduling.
INFO: [HLS 200-111] Finished Scheduling: CPU user time: 0 seconds. CPU system time: 0 seconds. Elapsed time: 0.099 seconds; current allocated memory: 419.840 MB.
INFO: [BIND 205-100] Starting micro-architecture generation ...
INFO: [BIND 205-101] Performing variable lifetime analysis.
INFO: [BIND 205-101] Exploring resource sharing.
INFO: [BIND 205-101] Binding ...
INFO: [BIND 205-100] Finished micro-architecture generation.
INFO: [HLS 200-111] Finished Binding: CPU user time: 0 seconds. CPU system time: 0 seconds. Elapsed time: 0.059 seconds; current allocated memory: 419.996 MB.
INFO: [HLS 200-10] ----------------------------------------------------------------
INFO: [HLS 200-42] -- Implementing module 'CNN_100u_9u_2u_2u_2u_128u_Pipeline_VITIS_LOOP_113_43' 
INFO: [HLS 200-10] ----------------------------------------------------------------
INFO: [SCHED 204-11] Starting scheduling ...
INFO: [SCHED 204-61] Pipelining loop 'VITIS_LOOP_113_4'.
INFO: [HLS 200-1470] Pipelining result : Target II = NA, Final II = 1, Depth = 2, loop 'VITIS_LOOP_113_4'
INFO: [SCHED 204-11] Finished scheduling.
INFO: [HLS 200-111] Finished Scheduling: CPU user time: 0 seconds. CPU system time: 0 seconds. Elapsed time: 0.085 seconds; current allocated memory: 420.184 MB.
INFO: [BIND 205-100] Starting micro-architecture generation ...
INFO: [BIND 205-101] Performing variable lifetime analysis.
INFO: [BIND 205-101] Exploring resource sharing.
INFO: [BIND 205-101] Binding ...
INFO: [BIND 205-100] Finished micro-architecture generation.
INFO: [HLS 200-111] Finished Binding: CPU user time: 0 seconds. CPU system time: 0 seconds. Elapsed time: 0.058 seconds; current allocated memory: 420.191 MB.
INFO: [HLS 200-10] ----------------------------------------------------------------
INFO: [HLS 200-42] -- Implementing module 'CNN_100u_9u_2u_2u_2u_128u_Outline_VITIS_LOOP_128_12' 
INFO: [HLS 200-10] ----------------------------------------------------------------
INFO: [SCHED 204-11] Starting scheduling ...
INFO: [SCHED 204-11] Finished scheduling.
INFO: [HLS 200-111] Finished Scheduling: CPU user time: 0 seconds. CPU system time: 0 seconds. Elapsed time: 0.075 seconds; current allocated memory: 420.488 MB.
INFO: [BIND 205-100] Starting micro-architecture generation ...
INFO: [BIND 205-101] Performing variable lifetime analysis.
INFO: [BIND 205-101] Exploring resource sharing.
INFO: [BIND 205-101] Binding ...
INFO: [BIND 205-100] Finished micro-architecture generation.
INFO: [HLS 200-111] Finished Binding: CPU user time: 0 seconds. CPU system time: 0 seconds. Elapsed time: 0.059 seconds; current allocated memory: 420.547 MB.
INFO: [HLS 200-10] ----------------------------------------------------------------
INFO: [HLS 200-42] -- Implementing module 'CNN_100u_9u_2u_2u_2u_128u_Pipeline_8' 
INFO: [HLS 200-10] ----------------------------------------------------------------
INFO: [SCHED 204-11] Starting scheduling ...
INFO: [SCHED 204-61] Pipelining loop 'Loop 1'.
INFO: [HLS 200-1470] Pipelining result : Target II = NA, Final II = 1, Depth = 1, loop 'Loop 1'
INFO: [SCHED 204-11] Finished scheduling.
INFO: [HLS 200-111] Finished Scheduling: CPU user time: 0 seconds. CPU system time: 0 seconds. Elapsed time: 1.42 seconds; current allocated memory: 420.938 MB.
INFO: [BIND 205-100] Starting micro-architecture generation ...
INFO: [BIND 205-101] Performing variable lifetime analysis.
INFO: [BIND 205-101] Exploring resource sharing.
INFO: [BIND 205-101] Binding ...
INFO: [BIND 205-100] Finished micro-architecture generation.
INFO: [HLS 200-111] Finished Binding: CPU user time: 0 seconds. CPU system time: 0 seconds. Elapsed time: 0.066 seconds; current allocated memory: 420.988 MB.
INFO: [HLS 200-10] ----------------------------------------------------------------
INFO: [HLS 200-42] -- Implementing module 'CNN_100u_9u_2u_2u_2u_128u_Pipeline_VITIS_LOOP_113_45' 
INFO: [HLS 200-10] ----------------------------------------------------------------
INFO: [SCHED 204-11] Starting scheduling ...
INFO: [SCHED 204-61] Pipelining loop 'VITIS_LOOP_113_4'.
INFO: [HLS 200-1470] Pipelining result : Target II = NA, Final II = 1, Depth = 2, loop 'VITIS_LOOP_113_4'
INFO: [SCHED 204-11] Finished scheduling.
INFO: [HLS 200-111] Finished Scheduling: CPU user time: 0 seconds. CPU system time: 0 seconds. Elapsed time: 0.09 seconds; current allocated memory: 421.258 MB.
INFO: [BIND 205-100] Starting micro-architecture generation ...
INFO: [BIND 205-101] Performing variable lifetime analysis.
INFO: [BIND 205-101] Exploring resource sharing.
INFO: [BIND 205-101] Binding ...
INFO: [BIND 205-100] Finished micro-architecture generation.
INFO: [HLS 200-111] Finished Binding: CPU user time: 1 seconds. CPU system time: 0 seconds. Elapsed time: 0.067 seconds; current allocated memory: 421.414 MB.
INFO: [HLS 200-10] ----------------------------------------------------------------
INFO: [HLS 200-42] -- Implementing module 'CNN_100u_9u_2u_2u_2u_128u_Outline_VITIS_LOOP_128_14' 
INFO: [HLS 200-10] ----------------------------------------------------------------
INFO: [SCHED 204-11] Starting scheduling ...
INFO: [SCHED 204-11] Finished scheduling.
INFO: [HLS 200-111] Finished Scheduling: CPU user time: 0 seconds. CPU system time: 0 seconds. Elapsed time: 0.072 seconds; current allocated memory: 421.812 MB.
INFO: [BIND 205-100] Starting micro-architecture generation ...
INFO: [BIND 205-101] Performing variable lifetime analysis.
INFO: [BIND 205-101] Exploring resource sharing.
INFO: [BIND 205-101] Binding ...
INFO: [BIND 205-100] Finished micro-architecture generation.
INFO: [HLS 200-111] Finished Binding: CPU user time: 0 seconds. CPU system time: 0 seconds. Elapsed time: 0.07 seconds; current allocated memory: 422.219 MB.
INFO: [HLS 200-10] ----------------------------------------------------------------
INFO: [HLS 200-42] -- Implementing module 'CNN_100u_9u_2u_2u_2u_128u_Pipeline_VITIS_LOOP_95_1_VITIS_LOOP_68_1' 
INFO: [HLS 200-10] ----------------------------------------------------------------
INFO: [SCHED 204-11] Starting scheduling ...
INFO: [SCHED 204-61] Pipelining loop 'VITIS_LOOP_95_1_VITIS_LOOP_68_1'.
INFO: [HLS 200-1470] Pipelining result : Target II = NA, Final II = 1, Depth = 1, loop 'VITIS_LOOP_95_1_VITIS_LOOP_68_1'
INFO: [SCHED 204-11] Finished scheduling.
INFO: [HLS 200-111] Finished Scheduling: CPU user time: 0 seconds. CPU system time: 0 seconds. Elapsed time: 0.104 seconds; current allocated memory: 422.488 MB.
INFO: [BIND 205-100] Starting micro-architecture generation ...
INFO: [BIND 205-101] Performing variable lifetime analysis.
INFO: [BIND 205-101] Exploring resource sharing.
INFO: [BIND 205-101] Binding ...
INFO: [BIND 205-100] Finished micro-architecture generation.
INFO: [HLS 200-111] Finished Binding: CPU user time: 0 seconds. CPU system time: 0 seconds. Elapsed time: 0.085 seconds; current allocated memory: 422.590 MB.
INFO: [HLS 200-10] ----------------------------------------------------------------
INFO: [HLS 200-42] -- Implementing module 'CNN_100u_9u_2u_2u_2u_128u_Pipeline_VITIS_LOOP_167_1' 
INFO: [HLS 200-10] ----------------------------------------------------------------
INFO: [SCHED 204-11] Starting scheduling ...
INFO: [SCHED 204-61] Pipelining loop 'VITIS_LOOP_167_1'.
INFO: [HLS 200-1470] Pipelining result : Target II = NA, Final II = 1, Depth = 35, loop 'VITIS_LOOP_167_1'
INFO: [SCHED 204-11] Finished scheduling.
INFO: [HLS 200-111] Finished Scheduling: CPU user time: 0 seconds. CPU system time: 0 seconds. Elapsed time: 0.114 seconds; current allocated memory: 423.031 MB.
INFO: [BIND 205-100] Starting micro-architecture generation ...
INFO: [BIND 205-101] Performing variable lifetime analysis.
INFO: [BIND 205-101] Exploring resource sharing.
INFO: [BIND 205-101] Binding ...
INFO: [BIND 205-100] Finished micro-architecture generation.
INFO: [HLS 200-111] Finished Binding: CPU user time: 0 seconds. CPU system time: 0 seconds. Elapsed time: 0.073 seconds; current allocated memory: 423.309 MB.
INFO: [HLS 200-10] ----------------------------------------------------------------
INFO: [HLS 200-42] -- Implementing module 'CNN_100u_9u_2u_2u_2u_128u_s' 
INFO: [HLS 200-10] ----------------------------------------------------------------
INFO: [SCHED 204-11] Starting scheduling ...
INFO: [SCHED 204-11] Finished scheduling.
INFO: [HLS 200-111] Finished Scheduling: CPU user time: 0 seconds. CPU system time: 0 seconds. Elapsed time: 0.081 seconds; current allocated memory: 423.336 MB.
INFO: [BIND 205-100] Starting micro-architecture generation ...
INFO: [BIND 205-101] Performing variable lifetime analysis.
INFO: [BIND 205-101] Exploring resource sharing.
INFO: [BIND 205-101] Binding ...
INFO: [BIND 205-100] Finished micro-architecture generation.
INFO: [HLS 200-111] Finished Binding: CPU user time: 0 seconds. CPU system time: 0 seconds. Elapsed time: 0.062 seconds; current allocated memory: 423.516 MB.
INFO: [HLS 200-10] ----------------------------------------------------------------
INFO: [HLS 200-42] -- Implementing module 'CNN_top' 
INFO: [HLS 200-10] ----------------------------------------------------------------
INFO: [SCHED 204-11] Starting scheduling ...
INFO: [SCHED 204-11] Finished scheduling.
INFO: [HLS 200-111] Finished Scheduling: CPU user time: 0 seconds. CPU system time: 0 seconds. Elapsed time: 0.08 seconds; current allocated memory: 423.555 MB.
INFO: [BIND 205-100] Starting micro-architecture generation ...
INFO: [BIND 205-101] Performing variable lifetime analysis.
INFO: [BIND 205-101] Exploring resource sharing.
INFO: [BIND 205-101] Binding ...
INFO: [BIND 205-100] Finished micro-architecture generation.
INFO: [HLS 200-111] Finished Binding: CPU user time: 0 seconds. CPU system time: 0 seconds. Elapsed time: 0.059 seconds; current allocated memory: 423.680 MB.
INFO: [HLS 200-10] ----------------------------------------------------------------
INFO: [HLS 200-10] -- Generating RTL for module 'CNN_100u_9u_2u_2u_2u_128u_Pipeline_2' 
INFO: [HLS 200-10] ----------------------------------------------------------------
INFO: [RTGEN 206-100] Finished creating RTL model for 'CNN_100u_9u_2u_2u_2u_128u_Pipeline_2'.
INFO: [HLS 200-111] Finished Creating RTL model: CPU user time: 0 seconds. CPU system time: 0 seconds. Elapsed time: 0.077 seconds; current allocated memory: 425.031 MB.
INFO: [HLS 200-10] ----------------------------------------------------------------
INFO: [HLS 200-10] -- Generating RTL for module 'CNN_100u_9u_2u_2u_2u_128u_Pipeline_VITIS_LOOP_113_4' 
INFO: [HLS 200-10] ----------------------------------------------------------------
INFO: [HLS 200-1030] Apply Unified Pipeline Control on module 'CNN_100u_9u_2u_2u_2u_128u_Pipeline_VITIS_LOOP_113_4' pipeline 'VITIS_LOOP_113_4' pipeline type 'loop pipeline'
INFO: [RTGEN 206-100] Finished creating RTL model for 'CNN_100u_9u_2u_2u_2u_128u_Pipeline_VITIS_LOOP_113_4'.
INFO: [HLS 200-111] Finished Creating RTL model: CPU user time: 0 seconds. CPU system time: 1 seconds. Elapsed time: 0.122 seconds; current allocated memory: 426.988 MB.
INFO: [HLS 200-10] ----------------------------------------------------------------
INFO: [HLS 200-10] -- Generating RTL for module 'CNN_100u_9u_2u_2u_2u_128u_Outline_VITIS_LOOP_128_1' 
INFO: [HLS 200-10] ----------------------------------------------------------------
INFO: [RTGEN 206-100] Generating core module 'sparsemux_7_2_32_1_1': 1 instance(s).
INFO: [RTGEN 206-100] Finished creating RTL model for 'CNN_100u_9u_2u_2u_2u_128u_Outline_VITIS_LOOP_128_1'.
INFO: [RTMG 210-278] Implementing memory 'CNN_top_CNN_100u_9u_2u_2u_2u_128u_Outline_VITIS_LOOP_128_1_conv3_6_RAM_AUTO_0R0W' using auto RAMs.
INFO: [RTMG 210-278] Implementing memory 'CNN_top_CNN_100u_9u_2u_2u_2u_128u_Outline_VITIS_LOOP_128_1_sum_9_RAM_AUTO_1R1W' using auto RAMs.
INFO: [HLS 200-111] Finished Creating RTL model: CPU user time: 0 seconds. CPU system time: 0 seconds. Elapsed time: 0.204 seconds; current allocated memory: 429.316 MB.
INFO: [HLS 200-10] ----------------------------------------------------------------
INFO: [HLS 200-10] -- Generating RTL for module 'CNN_100u_9u_2u_2u_2u_128u_Pipeline_5' 
INFO: [HLS 200-10] ----------------------------------------------------------------
INFO: [RTGEN 206-100] Finished creating RTL model for 'CNN_100u_9u_2u_2u_2u_128u_Pipeline_5'.
INFO: [HLS 200-111] Finished Creating RTL model: CPU user time: 0 seconds. CPU system time: 0 seconds. Elapsed time: 0.181 seconds; current allocated memory: 430.828 MB.
INFO: [HLS 200-10] ----------------------------------------------------------------
INFO: [HLS 200-10] -- Generating RTL for module 'CNN_100u_9u_2u_2u_2u_128u_Pipeline_VITIS_LOOP_113_43' 
INFO: [HLS 200-10] ----------------------------------------------------------------
INFO: [HLS 200-1030] Apply Unified Pipeline Control on module 'CNN_100u_9u_2u_2u_2u_128u_Pipeline_VITIS_LOOP_113_43' pipeline 'VITIS_LOOP_113_4' pipeline type 'loop pipeline'
INFO: [RTGEN 206-100] Finished creating RTL model for 'CNN_100u_9u_2u_2u_2u_128u_Pipeline_VITIS_LOOP_113_43'.
INFO: [HLS 200-111] Finished Creating RTL model: CPU user time: 0 seconds. CPU system time: 0 seconds. Elapsed time: 0.116 seconds; current allocated memory: 432.027 MB.
INFO: [HLS 200-10] ----------------------------------------------------------------
INFO: [HLS 200-10] -- Generating RTL for module 'CNN_100u_9u_2u_2u_2u_128u_Outline_VITIS_LOOP_128_12' 
INFO: [HLS 200-10] ----------------------------------------------------------------
INFO: [RTGEN 206-100] Generating core module 'sparsemux_9_2_32_1_1': 1 instance(s).
INFO: [RTGEN 206-100] Finished creating RTL model for 'CNN_100u_9u_2u_2u_2u_128u_Outline_VITIS_LOOP_128_12'.
INFO: [RTMG 210-278] Implementing memory 'CNN_top_CNN_100u_9u_2u_2u_2u_128u_Outline_VITIS_LOOP_128_12_conv4_5_RAM_AUTO_0R0W' using auto RAMs.
INFO: [RTMG 210-278] Implementing memory 'CNN_top_CNN_100u_9u_2u_2u_2u_128u_Outline_VITIS_LOOP_128_12_sum_7_RAM_AUTO_1R1W' using auto RAMs.
INFO: [HLS 200-111] Finished Creating RTL model: CPU user time: 0 seconds. CPU system time: 0 seconds. Elapsed time: 0.188 seconds; current allocated memory: 433.520 MB.
INFO: [HLS 200-10] ----------------------------------------------------------------
INFO: [HLS 200-10] -- Generating RTL for module 'CNN_100u_9u_2u_2u_2u_128u_Pipeline_8' 
INFO: [HLS 200-10] ----------------------------------------------------------------
INFO: [RTGEN 206-100] Finished creating RTL model for 'CNN_100u_9u_2u_2u_2u_128u_Pipeline_8'.
INFO: [HLS 200-111] Finished Creating RTL model: CPU user time: 0 seconds. CPU system time: 0 seconds. Elapsed time: 0.188 seconds; current allocated memory: 435.055 MB.
INFO: [HLS 200-10] ----------------------------------------------------------------
INFO: [HLS 200-10] -- Generating RTL for module 'CNN_100u_9u_2u_2u_2u_128u_Pipeline_VITIS_LOOP_113_45' 
INFO: [HLS 200-10] ----------------------------------------------------------------
INFO: [HLS 200-1030] Apply Unified Pipeline Control on module 'CNN_100u_9u_2u_2u_2u_128u_Pipeline_VITIS_LOOP_113_45' pipeline 'VITIS_LOOP_113_4' pipeline type 'loop pipeline'
INFO: [RTGEN 206-100] Finished creating RTL model for 'CNN_100u_9u_2u_2u_2u_128u_Pipeline_VITIS_LOOP_113_45'.
INFO: [HLS 200-111] Finished Creating RTL model: CPU user time: 0 seconds. CPU system time: 0 seconds. Elapsed time: 1.079 seconds; current allocated memory: 436.246 MB.
INFO: [HLS 200-10] ----------------------------------------------------------------
INFO: [HLS 200-10] -- Generating RTL for module 'CNN_100u_9u_2u_2u_2u_128u_Outline_VITIS_LOOP_128_14' 
INFO: [HLS 200-10] ----------------------------------------------------------------
INFO: [RTGEN 206-100] Generating core module 'sparsemux_11_3_32_1_1': 1 instance(s).
INFO: [RTGEN 206-100] Finished creating RTL model for 'CNN_100u_9u_2u_2u_2u_128u_Outline_VITIS_LOOP_128_14'.
INFO: [RTMG 210-278] Implementing memory 'CNN_top_CNN_100u_9u_2u_2u_2u_128u_Outline_VITIS_LOOP_128_14_conv5_4_RAM_AUTO_0R0W' using auto RAMs.
INFO: [RTMG 210-278] Implementing memory 'CNN_top_CNN_100u_9u_2u_2u_2u_128u_Outline_VITIS_LOOP_128_14_sum_4_RAM_AUTO_1R1W' using auto RAMs.
INFO: [HLS 200-111] Finished Creating RTL model: CPU user time: 0 seconds. CPU system time: 0 seconds. Elapsed time: 0.196 seconds; current allocated memory: 438.312 MB.
INFO: [HLS 200-10] ----------------------------------------------------------------
INFO: [HLS 200-10] -- Generating RTL for module 'CNN_100u_9u_2u_2u_2u_128u_Pipeline_VITIS_LOOP_95_1_VITIS_LOOP_68_1' 
INFO: [HLS 200-10] ----------------------------------------------------------------
INFO: [RTGEN 206-100] Finished creating RTL model for 'CNN_100u_9u_2u_2u_2u_128u_Pipeline_VITIS_LOOP_95_1_VITIS_LOOP_68_1'.
INFO: [HLS 200-111] Finished Creating RTL model: CPU user time: 1 seconds. CPU system time: 0 seconds. Elapsed time: 0.198 seconds; current allocated memory: 440.133 MB.
INFO: [HLS 200-10] ----------------------------------------------------------------
INFO: [HLS 200-10] -- Generating RTL for module 'CNN_100u_9u_2u_2u_2u_128u_Pipeline_VITIS_LOOP_167_1' 
INFO: [HLS 200-10] ----------------------------------------------------------------
INFO: [HLS 200-1030] Apply Unified Pipeline Control on module 'CNN_100u_9u_2u_2u_2u_128u_Pipeline_VITIS_LOOP_167_1' pipeline 'VITIS_LOOP_167_1' pipeline type 'loop pipeline'
INFO: [RTGEN 206-104] Estimated max fanout for 'CNN_100u_9u_2u_2u_2u_128u_Pipeline_VITIS_LOOP_167_1' is 5773 from HDL expression: (1'b0 == ap_block_pp0_stage0_11001)
INFO: [RTGEN 206-100] Generating core module 'fadd_32ns_32ns_32_4_full_dsp_1': 2 instance(s).
INFO: [RTGEN 206-100] Generating core module 'fexp_32ns_32ns_32_8_full_dsp_1': 2 instance(s).
INFO: [RTGEN 206-100] Generating core module 'flog_32ns_32ns_32_9_full_dsp_1': 1 instance(s).
INFO: [RTGEN 206-100] Generating core module 'fsub_32ns_32ns_32_4_full_dsp_1': 2 instance(s).
INFO: [RTGEN 206-100] Generating core module 'sitofp_32ns_32_4_no_dsp_1': 2 instance(s).
INFO: [RTGEN 206-100] Finished creating RTL model for 'CNN_100u_9u_2u_2u_2u_128u_Pipeline_VITIS_LOOP_167_1'.
INFO: [HLS 200-111] Finished Creating RTL model: CPU user time: 0 seconds. CPU system time: 0 seconds. Elapsed time: 0.324 seconds; current allocated memory: 442.234 MB.
INFO: [HLS 200-10] ----------------------------------------------------------------
INFO: [HLS 200-10] -- Generating RTL for module 'CNN_100u_9u_2u_2u_2u_128u_s' 
INFO: [HLS 200-10] ----------------------------------------------------------------
INFO: [RTGEN 206-100] Finished creating RTL model for 'CNN_100u_9u_2u_2u_2u_128u_s'.
INFO: [RTMG 210-278] Implementing memory 'CNN_top_CNN_100u_9u_2u_2u_2u_128u_s_fc2_dout_RAM_AUTO_1R1W' using auto RAMs.
INFO: [HLS 200-111] Finished Creating RTL model: CPU user time: 0 seconds. CPU system time: 0 seconds. Elapsed time: 0.203 seconds; current allocated memory: 444.102 MB.
INFO: [HLS 200-10] ----------------------------------------------------------------
INFO: [HLS 200-10] -- Generating RTL for module 'CNN_top' 
INFO: [HLS 200-10] ----------------------------------------------------------------
INFO: [RTGEN 206-500] Setting interface mode on port 'CNN_top/din' to 'ap_memory'.
INFO: [RTGEN 206-500] Setting interface mode on port 'CNN_top/kernel3' to 'ap_memory'.
INFO: [RTGEN 206-500] Setting interface mode on port 'CNN_top/kernel4' to 'ap_memory'.
INFO: [RTGEN 206-500] Setting interface mode on port 'CNN_top/kernel5' to 'ap_memory'.
INFO: [RTGEN 206-500] Setting interface mode on port 'CNN_top/dout' to 'ap_memory'.
INFO: [RTGEN 206-500] Setting interface mode on function 'CNN_top' to 'ap_ctrl_hs'.
WARNING: [RTGEN 206-101] Port 'CNN_top/din_address0' has no fanin or fanout and is left dangling.
               Please use C simulation to confirm this function argument can be read from or written to.
WARNING: [RTGEN 206-101] Setting dangling out port 'CNN_top/din_address0' to 0.
WARNING: [RTGEN 206-101] Port 'CNN_top/din_ce0' has no fanin or fanout and is left dangling.
               Please use C simulation to confirm this function argument can be read from or written to.
WARNING: [RTGEN 206-101] Setting dangling out port 'CNN_top/din_ce0' to 0.
WARNING: [RTGEN 206-101] Port 'CNN_top/din_we0' has no fanin or fanout and is left dangling.
               Please use C simulation to confirm this function argument can be read from or written to.
WARNING: [RTGEN 206-101] Setting dangling out port 'CNN_top/din_we0' to 0.
WARNING: [RTGEN 206-101] Port 'CNN_top/din_d0' has no fanin or fanout and is left dangling.
               Please use C simulation to confirm this function argument can be read from or written to.
WARNING: [RTGEN 206-101] Setting dangling out port 'CNN_top/din_d0' to 0.
WARNING: [RTGEN 206-101] Port 'CNN_top/din_q0' has no fanin or fanout and is left dangling.
               Please use C simulation to confirm this function argument can be read from or written to.
WARNING: [RTGEN 206-101] Port 'CNN_top/din_address1' has no fanin or fanout and is left dangling.
               Please use C simulation to confirm this function argument can be read from or written to.
WARNING: [RTGEN 206-101] Setting dangling out port 'CNN_top/din_address1' to 0.
WARNING: [RTGEN 206-101] Port 'CNN_top/din_ce1' has no fanin or fanout and is left dangling.
               Please use C simulation to confirm this function argument can be read from or written to.
WARNING: [RTGEN 206-101] Setting dangling out port 'CNN_top/din_ce1' to 0.
WARNING: [RTGEN 206-101] Port 'CNN_top/din_we1' has no fanin or fanout and is left dangling.
               Please use C simulation to confirm this function argument can be read from or written to.
WARNING: [RTGEN 206-101] Setting dangling out port 'CNN_top/din_we1' to 0.
WARNING: [RTGEN 206-101] Port 'CNN_top/din_d1' has no fanin or fanout and is left dangling.
               Please use C simulation to confirm this function argument can be read from or written to.
WARNING: [RTGEN 206-101] Setting dangling out port 'CNN_top/din_d1' to 0.
WARNING: [RTGEN 206-101] Port 'CNN_top/din_q1' has no fanin or fanout and is left dangling.
               Please use C simulation to confirm this function argument can be read from or written to.
WARNING: [RTGEN 206-101] Port 'CNN_top/kernel3_address0' has no fanin or fanout and is left dangling.
               Please use C simulation to confirm this function argument can be read from or written to.
WARNING: [RTGEN 206-101] Setting dangling out port 'CNN_top/kernel3_address0' to 0.
WARNING: [RTGEN 206-101] Port 'CNN_top/kernel3_ce0' has no fanin or fanout and is left dangling.
               Please use C simulation to confirm this function argument can be read from or written to.
WARNING: [RTGEN 206-101] Setting dangling out port 'CNN_top/kernel3_ce0' to 0.
WARNING: [RTGEN 206-101] Port 'CNN_top/kernel3_we0' has no fanin or fanout and is left dangling.
               Please use C simulation to confirm this function argument can be read from or written to.
WARNING: [RTGEN 206-101] Setting dangling out port 'CNN_top/kernel3_we0' to 0.
WARNING: [RTGEN 206-101] Port 'CNN_top/kernel3_d0' has no fanin or fanout and is left dangling.
               Please use C simulation to confirm this function argument can be read from or written to.
WARNING: [RTGEN 206-101] Setting dangling out port 'CNN_top/kernel3_d0' to 0.
WARNING: [RTGEN 206-101] Port 'CNN_top/kernel3_q0' has no fanin or fanout and is left dangling.
               Please use C simulation to confirm this function argument can be read from or written to.
WARNING: [RTGEN 206-101] Port 'CNN_top/kernel3_address1' has no fanin or fanout and is left dangling.
               Please use C simulation to confirm this function argument can be read from or written to.
WARNING: [RTGEN 206-101] Setting dangling out port 'CNN_top/kernel3_address1' to 0.
WARNING: [RTGEN 206-101] Port 'CNN_top/kernel3_ce1' has no fanin or fanout and is left dangling.
               Please use C simulation to confirm this function argument can be read from or written to.
WARNING: [RTGEN 206-101] Setting dangling out port 'CNN_top/kernel3_ce1' to 0.
WARNING: [RTGEN 206-101] Port 'CNN_top/kernel3_we1' has no fanin or fanout and is left dangling.
               Please use C simulation to confirm this function argument can be read from or written to.
WARNING: [RTGEN 206-101] Setting dangling out port 'CNN_top/kernel3_we1' to 0.
WARNING: [RTGEN 206-101] Port 'CNN_top/kernel3_d1' has no fanin or fanout and is left dangling.
               Please use C simulation to confirm this function argument can be read from or written to.
WARNING: [RTGEN 206-101] Setting dangling out port 'CNN_top/kernel3_d1' to 0.
WARNING: [RTGEN 206-101] Port 'CNN_top/kernel3_q1' has no fanin or fanout and is left dangling.
               Please use C simulation to confirm this function argument can be read from or written to.
WARNING: [RTGEN 206-101] Port 'CNN_top/kernel4_address0' has no fanin or fanout and is left dangling.
               Please use C simulation to confirm this function argument can be read from or written to.
WARNING: [RTGEN 206-101] Setting dangling out port 'CNN_top/kernel4_address0' to 0.
WARNING: [RTGEN 206-101] Port 'CNN_top/kernel4_ce0' has no fanin or fanout and is left dangling.
               Please use C simulation to confirm this function argument can be read from or written to.
WARNING: [RTGEN 206-101] Setting dangling out port 'CNN_top/kernel4_ce0' to 0.
WARNING: [RTGEN 206-101] Port 'CNN_top/kernel4_we0' has no fanin or fanout and is left dangling.
               Please use C simulation to confirm this function argument can be read from or written to.
WARNING: [RTGEN 206-101] Setting dangling out port 'CNN_top/kernel4_we0' to 0.
WARNING: [RTGEN 206-101] Port 'CNN_top/kernel4_d0' has no fanin or fanout and is left dangling.
               Please use C simulation to confirm this function argument can be read from or written to.
WARNING: [RTGEN 206-101] Setting dangling out port 'CNN_top/kernel4_d0' to 0.
WARNING: [RTGEN 206-101] Port 'CNN_top/kernel4_q0' has no fanin or fanout and is left dangling.
               Please use C simulation to confirm this function argument can be read from or written to.
WARNING: [RTGEN 206-101] Port 'CNN_top/kernel4_address1' has no fanin or fanout and is left dangling.
               Please use C simulation to confirm this function argument can be read from or written to.
WARNING: [RTGEN 206-101] Setting dangling out port 'CNN_top/kernel4_address1' to 0.
WARNING: [RTGEN 206-101] Port 'CNN_top/kernel4_ce1' has no fanin or fanout and is left dangling.
               Please use C simulation to confirm this function argument can be read from or written to.
WARNING: [RTGEN 206-101] Setting dangling out port 'CNN_top/kernel4_ce1' to 0.
WARNING: [RTGEN 206-101] Port 'CNN_top/kernel4_we1' has no fanin or fanout and is left dangling.
               Please use C simulation to confirm this function argument can be read from or written to.
WARNING: [RTGEN 206-101] Setting dangling out port 'CNN_top/kernel4_we1' to 0.
WARNING: [RTGEN 206-101] Port 'CNN_top/kernel4_d1' has no fanin or fanout and is left dangling.
               Please use C simulation to confirm this function argument can be read from or written to.
WARNING: [RTGEN 206-101] Setting dangling out port 'CNN_top/kernel4_d1' to 0.
WARNING: [RTGEN 206-101] Port 'CNN_top/kernel4_q1' has no fanin or fanout and is left dangling.
               Please use C simulation to confirm this function argument can be read from or written to.
WARNING: [RTGEN 206-101] Port 'CNN_top/kernel5_address0' has no fanin or fanout and is left dangling.
               Please use C simulation to confirm this function argument can be read from or written to.
WARNING: [RTGEN 206-101] Setting dangling out port 'CNN_top/kernel5_address0' to 0.
WARNING: [RTGEN 206-101] Port 'CNN_top/kernel5_ce0' has no fanin or fanout and is left dangling.
               Please use C simulation to confirm this function argument can be read from or written to.
WARNING: [RTGEN 206-101] Setting dangling out port 'CNN_top/kernel5_ce0' to 0.
WARNING: [RTGEN 206-101] Port 'CNN_top/kernel5_we0' has no fanin or fanout and is left dangling.
               Please use C simulation to confirm this function argument can be read from or written to.
WARNING: [RTGEN 206-101] Setting dangling out port 'CNN_top/kernel5_we0' to 0.
WARNING: [RTGEN 206-101] Port 'CNN_top/kernel5_d0' has no fanin or fanout and is left dangling.
               Please use C simulation to confirm this function argument can be read from or written to.
WARNING: [RTGEN 206-101] Setting dangling out port 'CNN_top/kernel5_d0' to 0.
WARNING: [RTGEN 206-101] Port 'CNN_top/kernel5_q0' has no fanin or fanout and is left dangling.
               Please use C simulation to confirm this function argument can be read from or written to.
WARNING: [RTGEN 206-101] Port 'CNN_top/kernel5_address1' has no fanin or fanout and is left dangling.
               Please use C simulation to confirm this function argument can be read from or written to.
WARNING: [RTGEN 206-101] Setting dangling out port 'CNN_top/kernel5_address1' to 0.
WARNING: [RTGEN 206-101] Port 'CNN_top/kernel5_ce1' has no fanin or fanout and is left dangling.
               Please use C simulation to confirm this function argument can be read from or written to.
WARNING: [RTGEN 206-101] Setting dangling out port 'CNN_top/kernel5_ce1' to 0.
WARNING: [RTGEN 206-101] Port 'CNN_top/kernel5_we1' has no fanin or fanout and is left dangling.
               Please use C simulation to confirm this function argument can be read from or written to.
WARNING: [RTGEN 206-101] Setting dangling out port 'CNN_top/kernel5_we1' to 0.
WARNING: [RTGEN 206-101] Port 'CNN_top/kernel5_d1' has no fanin or fanout and is left dangling.
               Please use C simulation to confirm this function argument can be read from or written to.
WARNING: [RTGEN 206-101] Setting dangling out port 'CNN_top/kernel5_d1' to 0.
WARNING: [RTGEN 206-101] Port 'CNN_top/kernel5_q1' has no fanin or fanout and is left dangling.
               Please use C simulation to confirm this function argument can be read from or written to.
INFO: [RTGEN 206-100] Finished creating RTL model for 'CNN_top'.
INFO: [HLS 200-111] Finished Creating RTL model: CPU user time: 0 seconds. CPU system time: 0 seconds. Elapsed time: 5.26 seconds; current allocated memory: 445.062 MB.
INFO: [HLS 200-111] Finished Generating all RTL models: CPU user time: 0 seconds. CPU system time: 1 seconds. Elapsed time: 0.773 seconds; current allocated memory: 447.109 MB.
INFO: [HLS 200-111] Finished Updating report files: CPU user time: 1 seconds. CPU system time: 0 seconds. Elapsed time: 1.253 seconds; current allocated memory: 454.238 MB.
INFO: [VHDL 208-304] Generating VHDL RTL for CNN_top.
INFO: [VLOG 209-307] Generating Verilog RTL for CNN_top.
INFO: [HLS 200-789] **** Estimated Fmax: 150.47 MHz
INFO: [HLS 200-112] Total CPU user time: 6 seconds. Total CPU system time: 3 seconds. Total elapsed time: 66.223 seconds; peak allocated memory: 455.434 MB.
INFO: [v++ 60-791] Total elapsed time: 0h 1m 10s
