  **** HLS Build v2024.2 5238294
INFO: [HLS 200-2005] Using work_dir D:/sidejob/ethernet_NN/NN/hls_component/hls_component 
INFO: [HLS 200-1505] Using default flow_target 'vivado'
Resolution: For help on HLS 200-1505 see docs.xilinx.com/access/sources/dita/topic?Doc_Version=2024.2%20English&url=ug1448-hls-guidance&resourceid=200-1505.html
INFO: [HLS 200-1465] Applying ini 'syn.file=Components.h' from D:/sidejob/ethernet_NN/NN/hls_component/hls_config.cfg(8)
INFO: [HLS 200-10] Adding design file 'D:/sidejob/ethernet_NN/NN/hls_component/Components.h' to the project
INFO: [HLS 200-1465] Applying ini 'syn.file=Components.cpp' from D:/sidejob/ethernet_NN/NN/hls_component/hls_config.cfg(9)
INFO: [HLS 200-10] Adding design file 'D:/sidejob/ethernet_NN/NN/hls_component/Components.cpp' to the project
INFO: [HLS 200-1465] Applying ini 'syn.file=Coeff.h' from D:/sidejob/ethernet_NN/NN/hls_component/hls_config.cfg(10)
INFO: [HLS 200-10] Adding design file 'D:/sidejob/ethernet_NN/NN/hls_component/Coeff.h' to the project
INFO: [HLS 200-1465] Applying ini 'syn.file=ComponentStream.h' from D:/sidejob/ethernet_NN/NN/hls_component/hls_config.cfg(11)
INFO: [HLS 200-10] Adding design file 'D:/sidejob/ethernet_NN/NN/hls_component/ComponentStream.h' to the project
INFO: [HLS 200-1465] Applying ini 'syn.file=Type.h' from D:/sidejob/ethernet_NN/NN/hls_component/hls_config.cfg(12)
INFO: [HLS 200-10] Adding design file 'D:/sidejob/ethernet_NN/NN/hls_component/Type.h' to the project
INFO: [HLS 200-1465] Applying ini 'syn.file=ComponentsStream.cpp' from D:/sidejob/ethernet_NN/NN/hls_component/hls_config.cfg(13)
INFO: [HLS 200-10] Adding design file 'D:/sidejob/ethernet_NN/NN/hls_component/ComponentsStream.cpp' to the project
INFO: [HLS 200-1465] Applying ini 'syn.top=CNN_stream' from D:/sidejob/ethernet_NN/NN/hls_component/hls_config.cfg(7)
INFO: [HLS 200-1465] Applying ini 'flow_target=vivado' from D:/sidejob/ethernet_NN/NN/hls_component/hls_config.cfg(4)
INFO: [HLS 200-1505] Using flow_target 'vivado'
Resolution: For help on HLS 200-1505 see docs.xilinx.com/access/sources/dita/topic?Doc_Version=2024.2%20English&url=ug1448-hls-guidance&resourceid=200-1505.html
INFO: [HLS 200-1465] Applying ini 'part=xczu19eg-ffvc1760-2-i' from D:/sidejob/ethernet_NN/NN/hls_component/hls_config.cfg(1)
INFO: [HLS 200-1611] Setting target device to 'xczu19eg-ffvc1760-2-i'
INFO: [HLS 200-1465] Applying ini 'package.output.format=ip_catalog' from D:/sidejob/ethernet_NN/NN/hls_component/hls_config.cfg(5)
INFO: [HLS 200-111] Finished File checks and directory preparation: CPU user time: 1 seconds. CPU system time: 1 seconds. Elapsed time: 2.159 seconds; current allocated memory: 270.098 MB.
INFO: [HLS 200-10] Analyzing design file 'ComponentsStream.cpp' ... 
ERROR: [HLS 207-3339] no matching function for call to 'reshape_concate_layer_stream' (ComponentsStream.cpp:43:5)
INFO: [HLS 207-4378] candidate function not viable: no known conversion from 'hls::stream<int, 4> [2][5]' to 'hls::stream<int> (&)[2][5]' for 3rd argument (./ComponentStream.h:229:6)
ERROR: [HLS 207-3339] no matching function for call to 'l_softmax_layer_stream' (ComponentsStream.cpp:46:5)
INFO: [HLS 207-4378] candidate function not viable: no known conversion from 'hls::stream<int> [2]' to 'hls::stream<int, 4> (&)[2]' for 2nd argument (./ComponentStream.h:262:6)
ERROR: [HLS 207-3727] member reference base type 'int' is not a structure or union (./ComponentStream.h:174:51)
INFO: [HLS 207-4235] in instantiation of function template specialization 'conv2d_4_stream_layer_post<9>' requested here (ComponentsStream.cpp:38:5)
ERROR: [HLS 207-3727] member reference base type 'int' is not a structure or union (./ComponentStream.h:222:51)
INFO: [HLS 207-4235] in instantiation of function template specialization 'conv2d_5_stream_layer_post<9>' requested here (ComponentsStream.cpp:41:5)
ERROR:  
INFO: [HLS 200-112] Total CPU user time: 1 seconds. Total CPU system time: 1 seconds. Total elapsed time: 4.569 seconds; peak allocated memory: 272.141 MB.
