  **** HLS Build v2024.2 5238294
INFO: [HLS 200-2005] Using work_dir D:/sidejob/ethernet_NN/NN/hls_component/hls_component 
INFO: [HLS 200-1505] Using default flow_target 'vivado'
Resolution: For help on HLS 200-1505 see docs.xilinx.com/access/sources/dita/topic?Doc_Version=2024.2%20English&url=ug1448-hls-guidance&resourceid=200-1505.html
INFO: [HLS 200-1465] Applying ini 'syn.file=Components.h' from D:/sidejob/ethernet_NN/NN/hls_component/hls_config.cfg(7)
INFO: [HLS 200-10] Adding design file 'D:/sidejob/ethernet_NN/NN/hls_component/Components.h' to the project
INFO: [HLS 200-1465] Applying ini 'syn.file=Components.cpp' from D:/sidejob/ethernet_NN/NN/hls_component/hls_config.cfg(8)
INFO: [HLS 200-10] Adding design file 'D:/sidejob/ethernet_NN/NN/hls_component/Components.cpp' to the project
INFO: [HLS 200-1465] Applying ini 'syn.file=Coeff.h' from D:/sidejob/ethernet_NN/NN/hls_component/hls_config.cfg(9)
INFO: [HLS 200-10] Adding design file 'D:/sidejob/ethernet_NN/NN/hls_component/Coeff.h' to the project
INFO: [HLS 200-1465] Applying ini 'syn.top=CNN_top' from D:/sidejob/ethernet_NN/NN/hls_component/hls_config.cfg(10)
INFO: [HLS 200-1465] Applying ini 'flow_target=vivado' from D:/sidejob/ethernet_NN/NN/hls_component/hls_config.cfg(4)
INFO: [HLS 200-1505] Using flow_target 'vivado'
Resolution: For help on HLS 200-1505 see docs.xilinx.com/access/sources/dita/topic?Doc_Version=2024.2%20English&url=ug1448-hls-guidance&resourceid=200-1505.html
INFO: [HLS 200-1465] Applying ini 'part=xczu19eg-ffvc1760-2-i' from D:/sidejob/ethernet_NN/NN/hls_component/hls_config.cfg(1)
INFO: [HLS 200-1611] Setting target device to 'xczu19eg-ffvc1760-2-i'
INFO: [HLS 200-1465] Applying ini 'package.output.format=ip_catalog' from D:/sidejob/ethernet_NN/NN/hls_component/hls_config.cfg(5)
INFO: [HLS 200-111] Finished File checks and directory preparation: CPU user time: 1 seconds. CPU system time: 1 seconds. Elapsed time: 2.302 seconds; current allocated memory: 269.426 MB.
INFO: [HLS 200-10] Analyzing design file 'Components.cpp' ... 
ERROR: [HLS 207-3339] no matching function for call to 'fully_connect_layer' (Components.cpp:189:5)
INFO: [HLS 207-4235] in instantiation of function template specialization 'CNN<100, 9, 2, 2, 2, 128>' requested here (Components.cpp:210:5)
INFO: [HLS 207-4378] candidate function not viable: no known conversion from 'const int [19][128]' to 'int (*)[128]' for 2nd argument (Components.cpp:79:6)
ERROR: [HLS 207-3339] no matching function for call to 'fully_connect_layer' (Components.cpp:203:5)
INFO: [HLS 207-4378] candidate function not viable: no known conversion from 'int [100][36]' to 'int (*)[9][36]' for 1st argument (Components.cpp:79:6)
ERROR: [HLS 207-3339] no matching function for call to 'feature_concate' (Components.cpp:59:23)
INFO: [HLS 207-4235] in instantiation of function template specialization 'feature_concate_layer<100, 9, 10, 8>' requested here (Components.cpp:186:5)
INFO: [HLS 207-4373] candidate function template not viable: requires 3 arguments, but 2 were provided (Components.cpp:42:6)
ERROR: [HLS 207-3339] no matching function for call to 'conv2d' (Components.cpp:120:26)
INFO: [HLS 207-4235] in instantiation of function template specialization 'conv2d_layer<100, 2, 9, 128, 3, true>' requested here (Components.cpp:195:5)
INFO: [HLS 207-4373] candidate function template not viable: requires 3 arguments, but 2 were provided (Components.cpp:92:6)
INFO: [HLS 207-4235] in instantiation of function template specialization 'conv2d_layer<100, 2, 9, 128, 4, true>' requested here (Components.cpp:196:5)
INFO: [HLS 207-4235] in instantiation of function template specialization 'conv2d_layer<100, 2, 9, 128, 5, true>' requested here (Components.cpp:197:5)
ERROR:  
INFO: [HLS 200-112] Total CPU user time: 1 seconds. Total CPU system time: 1 seconds. Total elapsed time: 4.957 seconds; peak allocated memory: 271.320 MB.
