  **** HLS Build v2024.2 5238294
INFO: [HLS 200-2005] Using work_dir D:/sidejob/ethernet_NN/NN/hls_component/hls_component 
INFO: [HLS 200-1505] Using default flow_target 'vivado'
Resolution: For help on HLS 200-1505 see docs.xilinx.com/access/sources/dita/topic?Doc_Version=2024.2%20English&url=ug1448-hls-guidance&resourceid=200-1505.html
INFO: [HLS 200-1465] Applying ini 'syn.file=Components.h' from D:/sidejob/ethernet_NN/NN/hls_component/hls_config.cfg(8)
INFO: [HLS 200-10] Adding design file 'D:/sidejob/ethernet_NN/NN/hls_component/Components.h' to the project
INFO: [HLS 200-1465] Applying ini 'syn.file=Components.cpp' from D:/sidejob/ethernet_NN/NN/hls_component/hls_config.cfg(9)
INFO: [HLS 200-10] Adding design file 'D:/sidejob/ethernet_NN/NN/hls_component/Components.cpp' to the project
INFO: [HLS 200-1465] Applying ini 'syn.file=Coeff.h' from D:/sidejob/ethernet_NN/NN/hls_component/hls_config.cfg(10)
INFO: [HLS 200-10] Adding design file 'D:/sidejob/ethernet_NN/NN/hls_component/Coeff.h' to the project
INFO: [HLS 200-1465] Applying ini 'syn.file=ComponentStream.h' from D:/sidejob/ethernet_NN/NN/hls_component/hls_config.cfg(11)
INFO: [HLS 200-10] Adding design file 'D:/sidejob/ethernet_NN/NN/hls_component/ComponentStream.h' to the project
INFO: [HLS 200-1465] Applying ini 'syn.file=Type.h' from D:/sidejob/ethernet_NN/NN/hls_component/hls_config.cfg(12)
INFO: [HLS 200-10] Adding design file 'D:/sidejob/ethernet_NN/NN/hls_component/Type.h' to the project
INFO: [HLS 200-1465] Applying ini 'syn.file=ComponentsStream.cpp' from D:/sidejob/ethernet_NN/NN/hls_component/hls_config.cfg(13)
INFO: [HLS 200-10] Adding design file 'D:/sidejob/ethernet_NN/NN/hls_component/ComponentsStream.cpp' to the project
INFO: [HLS 200-1465] Applying ini 'syn.top=CNN_stream' from D:/sidejob/ethernet_NN/NN/hls_component/hls_config.cfg(7)
INFO: [HLS 200-1465] Applying ini 'flow_target=vivado' from D:/sidejob/ethernet_NN/NN/hls_component/hls_config.cfg(4)
INFO: [HLS 200-1505] Using flow_target 'vivado'
Resolution: For help on HLS 200-1505 see docs.xilinx.com/access/sources/dita/topic?Doc_Version=2024.2%20English&url=ug1448-hls-guidance&resourceid=200-1505.html
INFO: [HLS 200-1465] Applying ini 'part=xczu19eg-ffvc1760-2-i' from D:/sidejob/ethernet_NN/NN/hls_component/hls_config.cfg(1)
INFO: [HLS 200-1611] Setting target device to 'xczu19eg-ffvc1760-2-i'
INFO: [HLS 200-1465] Applying ini 'clock=280mhz' from D:/sidejob/ethernet_NN/NN/hls_component/hls_config.cfg(14)
INFO: [SYN 201-201] Setting up clock 'default' with a period of 3.571ns.
INFO: [HLS 200-1465] Applying ini 'package.output.format=ip_catalog' from D:/sidejob/ethernet_NN/NN/hls_component/hls_config.cfg(5)
INFO: [HLS 200-111] Finished File checks and directory preparation: CPU user time: 1 seconds. CPU system time: 1 seconds. Elapsed time: 3.29 seconds; current allocated memory: 269.668 MB.
INFO: [HLS 200-10] Analyzing design file 'ComponentsStream.cpp' ... 
WARNING: [HLS 207-4838] 'extern' variable has an initializer (./Coeff.h:11:12)
WARNING: [HLS 207-4838] 'extern' variable has an initializer (./Coeff.h:15:18)
WARNING: [HLS 207-4838] 'extern' variable has an initializer (./Coeff.h:19:18)
WARNING: [HLS 207-4838] 'extern' variable has an initializer (./Coeff.h:23:12)
WARNING: [HLS 207-4838] 'extern' variable has an initializer (./Coeff.h:27:12)
WARNING: [HLS 207-4838] 'extern' variable has an initializer (./Coeff.h:32:24)
WARNING: [HLS 207-4838] 'extern' variable has an initializer (./Coeff.h:37:25)
WARNING: [HLS 207-4838] 'extern' variable has an initializer (./Coeff.h:42:19)
WARNING: [HLS 207-4838] 'extern' variable has an initializer (./Coeff.h:50:19)
WARNING: [HLS 207-4838] 'extern' variable has an initializer (./Coeff.h:58:19)
WARNING: [HLS 207-4838] 'extern' variable has an initializer (./Coeff.h:68:24)
WARNING: [HLS 207-4838] 'extern' variable has an initializer (./Coeff.h:72:12)
WARNING: [HLS 207-4838] 'extern' variable has an initializer (./Coeff.h:76:12)
WARNING: [HLS 207-4838] 'extern' variable has an initializer (./Coeff.h:80:12)
WARNING: [HLS 207-4838] 'extern' variable has an initializer (./Coeff.h:84:12)
WARNING: [HLS 207-5292] unused parameter 'dout' (ComponentsStream.cpp:57:50)
INFO: [HLS 200-10] Analyzing design file 'Components.cpp' ... 
WARNING: [HLS 207-4838] 'extern' variable has an initializer (./Coeff.h:11:12)
WARNING: [HLS 207-4838] 'extern' variable has an initializer (./Coeff.h:15:18)
WARNING: [HLS 207-4838] 'extern' variable has an initializer (./Coeff.h:19:18)
WARNING: [HLS 207-4838] 'extern' variable has an initializer (./Coeff.h:23:12)
WARNING: [HLS 207-4838] 'extern' variable has an initializer (./Coeff.h:27:12)
WARNING: [HLS 207-4838] 'extern' variable has an initializer (./Coeff.h:32:24)
WARNING: [HLS 207-4838] 'extern' variable has an initializer (./Coeff.h:37:25)
WARNING: [HLS 207-4838] 'extern' variable has an initializer (./Coeff.h:42:19)
WARNING: [HLS 207-4838] 'extern' variable has an initializer (./Coeff.h:50:19)
WARNING: [HLS 207-4838] 'extern' variable has an initializer (./Coeff.h:58:19)
WARNING: [HLS 207-4838] 'extern' variable has an initializer (./Coeff.h:68:24)
WARNING: [HLS 207-4838] 'extern' variable has an initializer (./Coeff.h:72:12)
WARNING: [HLS 207-4838] 'extern' variable has an initializer (./Coeff.h:76:12)
WARNING: [HLS 207-4838] 'extern' variable has an initializer (./Coeff.h:80:12)
WARNING: [HLS 207-4838] 'extern' variable has an initializer (./Coeff.h:84:12)
WARNING: [HLS 214-113] Either use an argument of the function or declare the variable inside the dataflow loop body (Components.cpp:266:92)
Resolution: For help on HLS 214-113 see docs.xilinx.com/access/sources/dita/topic?Doc_Version=2024.2%20English&url=ug1448-hls-guidance&resourceid=214-113.html
WARNING: [HLS 214-113] Either use an argument of the function or declare the variable inside the dataflow loop body (Components.cpp:276:103)
Resolution: For help on HLS 214-113 see docs.xilinx.com/access/sources/dita/topic?Doc_Version=2024.2%20English&url=ug1448-hls-guidance&resourceid=214-113.html
WARNING: [HLS 200-471] Dataflow form checks found 2 issue(s) in file Components.cpp
Resolution: For help on HLS 200-471 see docs.xilinx.com/access/sources/dita/topic?Doc_Version=2024.2%20English&url=ug1448-hls-guidance&resourceid=200-471.html
INFO: [HLS 200-111] Finished Source Code Analysis and Preprocessing: CPU user time: 2 seconds. CPU system time: 0 seconds. Elapsed time: 36.21 seconds; current allocated memory: 281.352 MB.
ERROR: Linking globals named 'ipd_embedding_table': symbol multiply defined!
ERROR: Error in llvm-link
INFO: [HLS 200-112] Total CPU user time: 3 seconds. Total CPU system time: 1 seconds. Total elapsed time: 39.904 seconds; peak allocated memory: 281.477 MB.
