  **** HLS Build v2024.2 5238294
INFO: [HLS 200-2005] Using work_dir D:/sidejob/ethernet_NN/NN/hls_component/hls_component 
INFO: [HLS 200-1505] Using default flow_target 'vivado'
Resolution: For help on HLS 200-1505 see docs.xilinx.com/access/sources/dita/topic?Doc_Version=2024.2%20English&url=ug1448-hls-guidance&resourceid=200-1505.html
INFO: [HLS 200-1465] Applying ini 'syn.file=Components.h' from D:/sidejob/ethernet_NN/NN/hls_component/hls_config.cfg(7)
INFO: [HLS 200-10] Adding design file 'D:/sidejob/ethernet_NN/NN/hls_component/Components.h' to the project
INFO: [HLS 200-1465] Applying ini 'syn.file=Components.cpp' from D:/sidejob/ethernet_NN/NN/hls_component/hls_config.cfg(8)
INFO: [HLS 200-10] Adding design file 'D:/sidejob/ethernet_NN/NN/hls_component/Components.cpp' to the project
INFO: [HLS 200-1465] Applying ini 'syn.file=Coeff.h' from D:/sidejob/ethernet_NN/NN/hls_component/hls_config.cfg(9)
INFO: [HLS 200-10] Adding design file 'D:/sidejob/ethernet_NN/NN/hls_component/Coeff.h' to the project
INFO: [HLS 200-1465] Applying ini 'syn.top=CNN_top' from D:/sidejob/ethernet_NN/NN/hls_component/hls_config.cfg(10)
INFO: [HLS 200-1465] Applying ini 'flow_target=vivado' from D:/sidejob/ethernet_NN/NN/hls_component/hls_config.cfg(4)
INFO: [HLS 200-1505] Using flow_target 'vivado'
Resolution: For help on HLS 200-1505 see docs.xilinx.com/access/sources/dita/topic?Doc_Version=2024.2%20English&url=ug1448-hls-guidance&resourceid=200-1505.html
INFO: [HLS 200-1465] Applying ini 'part=xczu19eg-ffvc1760-2-i' from D:/sidejob/ethernet_NN/NN/hls_component/hls_config.cfg(1)
INFO: [HLS 200-1611] Setting target device to 'xczu19eg-ffvc1760-2-i'
INFO: [HLS 200-1465] Applying ini 'package.output.format=ip_catalog' from D:/sidejob/ethernet_NN/NN/hls_component/hls_config.cfg(5)
INFO: [HLS 200-111] Finished File checks and directory preparation: CPU user time: 1 seconds. CPU system time: 1 seconds. Elapsed time: 2.708 seconds; current allocated memory: 269.652 MB.
INFO: [HLS 200-10] Analyzing design file 'Components.cpp' ... 
WARNING: [HLS 214-113] Either use an argument of the function or declare the variable inside the dataflow loop body (Components.cpp:242:92)
Resolution: For help on HLS 214-113 see docs.xilinx.com/access/sources/dita/topic?Doc_Version=2024.2%20English&url=ug1448-hls-guidance&resourceid=214-113.html
WARNING: [HLS 214-113] Either use an argument of the function or declare the variable inside the dataflow loop body (Components.cpp:250:103)
Resolution: For help on HLS 214-113 see docs.xilinx.com/access/sources/dita/topic?Doc_Version=2024.2%20English&url=ug1448-hls-guidance&resourceid=214-113.html
WARNING: [HLS 200-471] Dataflow form checks found 2 issue(s) in file Components.cpp
Resolution: For help on HLS 200-471 see docs.xilinx.com/access/sources/dita/topic?Doc_Version=2024.2%20English&url=ug1448-hls-guidance&resourceid=200-471.html
INFO: [HLS 200-111] Finished Source Code Analysis and Preprocessing: CPU user time: 1 seconds. CPU system time: 0 seconds. Elapsed time: 14.811 seconds; current allocated memory: 276.797 MB.
INFO: [HLS 200-777] Using interface defaults for 'Vivado' flow target.
INFO: [HLS 200-1995] There were 3,136 instructions in the design after the 'Compile/Link' phase of compilation. See the Design Size Report for more details: D:/sidejob/ethernet_NN/NN/hls_component/hls_component/hls/syn/report/csynth_design_size.rpt
INFO: [HLS 200-1995] There were 2,953 instructions in the design after the 'Unroll/Inline (step 1)' phase of compilation. See the Design Size Report for more details: D:/sidejob/ethernet_NN/NN/hls_component/hls_component/hls/syn/report/csynth_design_size.rpt
INFO: [HLS 200-1995] There were 2,719 instructions in the design after the 'Unroll/Inline (step 2)' phase of compilation. See the Design Size Report for more details: D:/sidejob/ethernet_NN/NN/hls_component/hls_component/hls/syn/report/csynth_design_size.rpt
INFO: [HLS 200-1995] There were 2,679 instructions in the design after the 'Unroll/Inline (step 3)' phase of compilation. See the Design Size Report for more details: D:/sidejob/ethernet_NN/NN/hls_component/hls_component/hls/syn/report/csynth_design_size.rpt
INFO: [HLS 200-1995] There were 2,651 instructions in the design after the 'Unroll/Inline (step 4)' phase of compilation. See the Design Size Report for more details: D:/sidejob/ethernet_NN/NN/hls_component/hls_component/hls/syn/report/csynth_design_size.rpt
INFO: [HLS 200-1995] There were 2,640 instructions in the design after the 'Array/Struct (step 1)' phase of compilation. See the Design Size Report for more details: D:/sidejob/ethernet_NN/NN/hls_component/hls_component/hls/syn/report/csynth_design_size.rpt
INFO: [HLS 200-1995] There were 2,640 instructions in the design after the 'Array/Struct (step 2)' phase of compilation. See the Design Size Report for more details: D:/sidejob/ethernet_NN/NN/hls_component/hls_component/hls/syn/report/csynth_design_size.rpt
INFO: [HLS 200-1995] There were 2,640 instructions in the design after the 'Array/Struct (step 3)' phase of compilation. See the Design Size Report for more details: D:/sidejob/ethernet_NN/NN/hls_component/hls_component/hls/syn/report/csynth_design_size.rpt
INFO: [HLS 200-1995] There were 2,640 instructions in the design after the 'Array/Struct (step 4)' phase of compilation. See the Design Size Report for more details: D:/sidejob/ethernet_NN/NN/hls_component/hls_component/hls/syn/report/csynth_design_size.rpt
INFO: [HLS 200-1995] There were 2,645 instructions in the design after the 'Array/Struct (step 5)' phase of compilation. See the Design Size Report for more details: D:/sidejob/ethernet_NN/NN/hls_component/hls_component/hls/syn/report/csynth_design_size.rpt
INFO: [HLS 200-1995] There were 2,645 instructions in the design after the 'Performance' phase of compilation. See the Design Size Report for more details: D:/sidejob/ethernet_NN/NN/hls_component/hls_component/hls/syn/report/csynth_design_size.rpt
INFO: [HLS 200-1995] There were 32,816 instructions in the design after the 'Performance (step 2)' phase of compilation. See the Design Size Report for more details: D:/sidejob/ethernet_NN/NN/hls_component/hls_component/hls/syn/report/csynth_design_size.rpt
INFO: [HLS 200-1995] There were 45,455 instructions in the design after the 'Performance (step 3)' phase of compilation. See the Design Size Report for more details: D:/sidejob/ethernet_NN/NN/hls_component/hls_component/hls/syn/report/csynth_design_size.rpt
INFO: [HLS 200-1995] There were 26,423 instructions in the design after the 'Performance (step 4)' phase of compilation. See the Design Size Report for more details: D:/sidejob/ethernet_NN/NN/hls_component/hls_component/hls/syn/report/csynth_design_size.rpt
INFO: [HLS 200-1995] There were 26,409 instructions in the design after the 'HW Transforms (step 1)' phase of compilation. See the Design Size Report for more details: D:/sidejob/ethernet_NN/NN/hls_component/hls_component/hls/syn/report/csynth_design_size.rpt
INFO: [HLS 200-1995] There were 26,445 instructions in the design after the 'HW Transforms (step 2)' phase of compilation. See the Design Size Report for more details: D:/sidejob/ethernet_NN/NN/hls_component/hls_component/hls/syn/report/csynth_design_size.rpt
INFO: [HLS 214-131] Inlining function 'exp_reduce_::exp(float)' into 'hls::exp(float)' (C:\scratch\2024.2\hls_product\495\2024.2\src\shared\hls\clib\hlsmath\src\c++\expfloat.cpp:17:9)
INFO: [HLS 214-131] Inlining function 'log_reduce::log(float)' into 'hls::log(float)' (C:\scratch\2024.2\hls_product\495\2024.2\src\shared\hls\clib\hlsmath\src\c++\logfloat.cpp:9:9)
INFO: [HLS 214-131] Inlining function 'hls::exp(float)' into 'void l_softmax_layer<100u, 2u>(int (*) [2u], int (*) [2u])' (Components.cpp:203:21)
INFO: [HLS 214-131] Inlining function 'hls::log(float)' into 'void l_softmax_layer<100u, 2u>(int (*) [2u], int (*) [2u])' (Components.cpp:205:16)
INFO: [HLS 214-359] Unrolling loop 'VITIS_LOOP_136_3' (Components.cpp:136:31) in function 'conv2d<9u, 128u, 5u, true>': changing partial unrolling into complete unrolling since the unrolling factor (=128) is no less than the loop trip count (=128). (Components.cpp:130:0)
INFO: [HLS 214-186] Unrolling loop 'VITIS_LOOP_136_3' (Components.cpp:136:31) in function 'conv2d<9u, 128u, 5u, true>' completely with a factor of 128 (Components.cpp:130:0)
INFO: [HLS 214-359] Unrolling loop 'VITIS_LOOP_136_3' (Components.cpp:136:31) in function 'conv2d<9u, 128u, 4u, true>': changing partial unrolling into complete unrolling since the unrolling factor (=128) is no less than the loop trip count (=128). (Components.cpp:130:0)
INFO: [HLS 214-186] Unrolling loop 'VITIS_LOOP_136_3' (Components.cpp:136:31) in function 'conv2d<9u, 128u, 4u, true>' completely with a factor of 128 (Components.cpp:130:0)
INFO: [HLS 214-359] Unrolling loop 'VITIS_LOOP_136_3' (Components.cpp:136:31) in function 'conv2d<9u, 128u, 3u, true>': changing partial unrolling into complete unrolling since the unrolling factor (=128) is no less than the loop trip count (=128). (Components.cpp:130:0)
INFO: [HLS 214-186] Unrolling loop 'VITIS_LOOP_136_3' (Components.cpp:136:31) in function 'conv2d<9u, 128u, 3u, true>' completely with a factor of 128 (Components.cpp:130:0)
INFO: [HLS 214-178] Inlining function 'void fully_connect<36u, 2u, int, int, int>(int*, int const (*) [2u], int*)' into 'void fully_connect_layer2<100u, 36u, 2u, int, int, int>(int (*) [36u], int const (*) [2u], int (*) [2u])' (Components.cpp:121:0)
INFO: [HLS 214-178] Inlining function 'fp_struct<float>::fp_struct(float)' into 'int generic_cast_IEEE754<int, (ap_q_mode)6, float>(float, bool, hls::enable_if<std::numeric_limits<int>::is_signed, bool>::type)' (C:\scratch\2024.2\hls_product\495\2024.2\src\shared\hls\clib/hlsmath/include/FloatingPoint\hls_case_IEEE754.h:12:0)
INFO: [HLS 214-178] Inlining function 'fp_struct<float>::mantissa() const' into 'int generic_cast_IEEE754<int, (ap_q_mode)6, float>(float, bool, hls::enable_if<std::numeric_limits<int>::is_signed, bool>::type)' (C:\scratch\2024.2\hls_product\495\2024.2\src\shared\hls\clib/hlsmath/include/FloatingPoint\hls_case_IEEE754.h:12:0)
INFO: [HLS 214-178] Inlining function 'fp_struct<float>::expv() const' into 'int generic_cast_IEEE754<int, (ap_q_mode)6, float>(float, bool, hls::enable_if<std::numeric_limits<int>::is_signed, bool>::type)' (C:\scratch\2024.2\hls_product\495\2024.2\src\shared\hls\clib/hlsmath/include/FloatingPoint\hls_case_IEEE754.h:12:0)
INFO: [HLS 214-178] Inlining function 'fp_struct<float>::__signbit() const' into 'int generic_cast_IEEE754<int, (ap_q_mode)6, float>(float, bool, hls::enable_if<std::numeric_limits<int>::is_signed, bool>::type)' (C:\scratch\2024.2\hls_product\495\2024.2\src\shared\hls\clib/hlsmath/include/FloatingPoint\hls_case_IEEE754.h:12:0)
INFO: [HLS 214-178] Inlining function 'int generic_cast_IEEE754<int, (ap_q_mode)6, float>(float, bool, hls::enable_if<std::numeric_limits<int>::is_signed, bool>::type)' into 'int generic_cast_IEEE754<int, float>(float, bool)' (C:\scratch\2024.2\hls_product\495\2024.2\src\shared\hls\clib/hlsmath/include/FloatingPoint\hls_case_IEEE754.h:116:0)
INFO: [HLS 214-178] Inlining function 'int generic_cast_IEEE754<int, float>(float, bool)' into '__hls_fptosi_float_i32' (C:\scratch\2024.2\hls_product\495\2024.2\src\shared\hls\clib\hlsmath\src\lib_floatconversion.cpp:51:0)
INFO: [HLS 214-178] Inlining function '__hls_fptosi_float_i32' into 'void l_softmax_layer<100u, 2u>(int (*) [2u], int (*) [2u])' (Components.cpp:195:0)
WARNING: [HLS 214-167] The program may have out of bound array access on variable '_ZL8fc2_coef' (Components.cpp:101:29)
INFO: [HLS 214-376] automatically set the pipeline for Loop< VITIS_LOOP_199_1> at Components.cpp:199:23 
INFO: [HLS 214-376] automatically set the pipeline for Loop< VITIS_LOOP_96_1> at Components.cpp:96:22 
INFO: [HLS 214-376] automatically set the pipeline for Loop< VITIS_LOOP_176_2> at Components.cpp:176:27 
INFO: [HLS 214-376] automatically set the pipeline for Loop< VITIS_LOOP_161_2> at Components.cpp:161:27 
INFO: [HLS 214-376] automatically set the pipeline for Loop< VITIS_LOOP_61_2> at Components.cpp:61:26 
INFO: [HLS 214-291] Loop 'VITIS_LOOP_201_2' is marked as complete unroll implied by the pipeline pragma (Components.cpp:201:27)
INFO: [HLS 214-291] Loop 'VITIS_LOOP_206_3' is marked as complete unroll implied by the pipeline pragma (Components.cpp:206:27)
INFO: [HLS 214-291] Loop 'VITIS_LOOP_98_2' is marked as complete unroll implied by the pipeline pragma (Components.cpp:98:26)
INFO: [HLS 214-291] Loop 'VITIS_LOOP_177_3' is marked as complete unroll implied by the pipeline pragma (Components.cpp:177:31)
INFO: [HLS 214-291] Loop 'VITIS_LOOP_181_4' is marked as complete unroll implied by the pipeline pragma (Components.cpp:181:31)
INFO: [HLS 214-291] Loop 'VITIS_LOOP_185_5' is marked as complete unroll implied by the pipeline pragma (Components.cpp:185:31)
INFO: [HLS 214-291] Loop 'VITIS_LOOP_145_4' is marked as complete unroll implied by the pipeline pragma (Components.cpp:145:23)
INFO: [HLS 214-291] Loop 'VITIS_LOOP_147_5' is marked as complete unroll implied by the pipeline pragma (Components.cpp:147:27)
INFO: [HLS 214-291] Loop 'VITIS_LOOP_133_1' is marked as complete unroll implied by the pipeline pragma (Components.cpp:133:23)
INFO: [HLS 214-291] Loop 'VITIS_LOOP_134_2' is marked as complete unroll implied by the pipeline pragma (Components.cpp:134:27)
INFO: [HLS 214-291] Loop 'anonymous' is marked as complete unroll implied by the pipeline pragma
INFO: [HLS 214-186] Unrolling loop 'VITIS_LOOP_201_2' (Components.cpp:201:27) in function 'l_softmax_layer<100u, 2u>' completely with a factor of 2 (Components.cpp:195:0)
INFO: [HLS 214-186] Unrolling loop 'VITIS_LOOP_206_3' (Components.cpp:206:27) in function 'l_softmax_layer<100u, 2u>' completely with a factor of 2 (Components.cpp:195:0)
INFO: [HLS 214-186] Unrolling loop 'VITIS_LOOP_98_2' (Components.cpp:98:26) in function 'fully_connect_layer2<100u, 36u, 2u, int, int, int>' completely with a factor of 36 (Components.cpp:121:0)
INFO: [HLS 214-186] Unrolling loop 'VITIS_LOOP_177_3' (Components.cpp:177:31) in function 'reshape_concate_layer<100u, 2u, 9u, 3u, 4u, 5u>' completely with a factor of 7 (Components.cpp:173:0)
INFO: [HLS 214-186] Unrolling loop 'VITIS_LOOP_181_4' (Components.cpp:181:31) in function 'reshape_concate_layer<100u, 2u, 9u, 3u, 4u, 5u>' completely with a factor of 6 (Components.cpp:173:0)
INFO: [HLS 214-186] Unrolling loop 'VITIS_LOOP_185_5' (Components.cpp:185:31) in function 'reshape_concate_layer<100u, 2u, 9u, 3u, 4u, 5u>' completely with a factor of 5 (Components.cpp:173:0)
INFO: [HLS 214-186] Unrolling loop 'VITIS_LOOP_145_4' (Components.cpp:145:23) in function 'conv2d<9u, 128u, 5u, true>' completely with a factor of 5 (Components.cpp:130:0)
INFO: [HLS 214-186] Unrolling loop 'VITIS_LOOP_147_5' (Components.cpp:147:27) in function 'conv2d<9u, 128u, 5u, true>' completely with a factor of 5 (Components.cpp:130:0)
INFO: [HLS 214-186] Unrolling loop 'VITIS_LOOP_133_1' (Components.cpp:133:23) in function 'conv2d<9u, 128u, 5u, true>' completely with a factor of 5 (Components.cpp:130:0)
INFO: [HLS 214-186] Unrolling loop 'VITIS_LOOP_134_2' (Components.cpp:134:27) in function 'conv2d<9u, 128u, 5u, true>' completely with a factor of 9 (Components.cpp:130:0)
INFO: [HLS 214-186] Unrolling loop 'anonymous' () in function 'conv2d<9u, 128u, 5u, true>' completely with a factor of 45 (Components.cpp:130:0)
INFO: [HLS 214-186] Unrolling loop 'VITIS_LOOP_145_4' (Components.cpp:145:23) in function 'conv2d<9u, 128u, 4u, true>' completely with a factor of 6 (Components.cpp:130:0)
INFO: [HLS 214-186] Unrolling loop 'VITIS_LOOP_147_5' (Components.cpp:147:27) in function 'conv2d<9u, 128u, 4u, true>' completely with a factor of 4 (Components.cpp:130:0)
INFO: [HLS 214-186] Unrolling loop 'VITIS_LOOP_133_1' (Components.cpp:133:23) in function 'conv2d<9u, 128u, 4u, true>' completely with a factor of 4 (Components.cpp:130:0)
INFO: [HLS 214-186] Unrolling loop 'VITIS_LOOP_134_2' (Components.cpp:134:27) in function 'conv2d<9u, 128u, 4u, true>' completely with a factor of 9 (Components.cpp:130:0)
INFO: [HLS 214-186] Unrolling loop 'anonymous' () in function 'conv2d<9u, 128u, 4u, true>' completely with a factor of 36 (Components.cpp:130:0)
INFO: [HLS 214-186] Unrolling loop 'VITIS_LOOP_145_4' (Components.cpp:145:23) in function 'conv2d<9u, 128u, 3u, true>' completely with a factor of 7 (Components.cpp:130:0)
INFO: [HLS 214-186] Unrolling loop 'VITIS_LOOP_147_5' (Components.cpp:147:27) in function 'conv2d<9u, 128u, 3u, true>' completely with a factor of 3 (Components.cpp:130:0)
INFO: [HLS 214-186] Unrolling loop 'VITIS_LOOP_133_1' (Components.cpp:133:23) in function 'conv2d<9u, 128u, 3u, true>' completely with a factor of 3 (Components.cpp:130:0)
INFO: [HLS 214-186] Unrolling loop 'VITIS_LOOP_134_2' (Components.cpp:134:27) in function 'conv2d<9u, 128u, 3u, true>' completely with a factor of 9 (Components.cpp:130:0)
INFO: [HLS 214-186] Unrolling loop 'anonymous' () in function 'conv2d<9u, 128u, 3u, true>' completely with a factor of 27 (Components.cpp:130:0)
INFO: [HLS 214-449] Automatically partitioning array 'fc_dout' dimension 2 completely based on constant index.
INFO: [HLS 214-449] Automatically partitioning array 'conv3' dimension 3 completely based on constant index. (Components.cpp:227:9)
INFO: [HLS 214-449] Automatically partitioning array 'conv4' dimension 3 completely based on constant index. (Components.cpp:228:9)
INFO: [HLS 214-449] Automatically partitioning array 'conv5' dimension 3 completely based on constant index. (Components.cpp:229:9)
INFO: [HLS 214-270] Inferring pragma 'array_partition type=complete dim=2' for array 'fc_dout' due to pipeline pragma
INFO: [HLS 214-270] Inferring pragma 'array_partition type=complete dim=3' for array 'conv3' due to pipeline pragma (Components.cpp:227:9)
INFO: [HLS 214-270] Inferring pragma 'array_partition type=complete dim=3' for array 'conv4' due to pipeline pragma (Components.cpp:228:9)
INFO: [HLS 214-270] Inferring pragma 'array_partition type=complete dim=3' for array 'conv5' due to pipeline pragma (Components.cpp:229:9)
INFO: [HLS 214-270] Inferring pragma 'array_partition type=cyclic factor=7 dim=2' for array 'feature_in2' due to pipeline pragma (Components.cpp:230:9)
INFO: [HLS 214-248] Applying array_partition to 'fc_dout': Complete partitioning on dimension 2.
INFO: [HLS 214-248] Applying array_partition to 'conv3': Complete partitioning on dimension 3. (Components.cpp:227:9)
INFO: [HLS 214-248] Applying array_partition to 'conv4': Complete partitioning on dimension 3. (Components.cpp:228:9)
INFO: [HLS 214-248] Applying array_partition to 'conv5': Complete partitioning on dimension 3. (Components.cpp:229:9)
INFO: [HLS 214-248] Applying array_partition to 'feature_in2': Cyclic partitioning with factor 7 on dimension 2. (Components.cpp:230:9)
INFO: [HLS 200-111] Finished Compiling Optimization and Transform: CPU user time: 1 seconds. CPU system time: 0 seconds. Elapsed time: 36.591 seconds; current allocated memory: 279.668 MB.
INFO: [HLS 200-111] Finished Checking Pragmas: CPU user time: 0 seconds. CPU system time: 0 seconds. Elapsed time: 0.003 seconds; current allocated memory: 279.668 MB.
INFO: [HLS 200-10] Starting code transformations ...
INFO: [HLS 200-111] Finished Standard Transforms: CPU user time: 1 seconds. CPU system time: 0 seconds. Elapsed time: 1.771 seconds; current allocated memory: 300.141 MB.
INFO: [HLS 200-10] Checking synthesizability ...
INFO: [HLS 200-111] Finished Checking Synthesizability: CPU user time: 1 seconds. CPU system time: 0 seconds. Elapsed time: 0.643 seconds; current allocated memory: 315.219 MB.
INFO: [XFORM 203-712] Applying dataflow to function 'CNN<100u, 9u, 2u, 2u, 2u, 128u>' (Components.cpp:227:1), detected/extracted 6 process function(s): 
	 'conv2d_layer<100u, 2u, 9u, 128u, 3u, true>'
	 'conv2d_layer<100u, 2u, 9u, 128u, 4u, true>'
	 'conv2d_layer<100u, 2u, 9u, 128u, 5u, true>'
	 'reshape_concate_layer<100u, 2u, 9u, 3u, 4u, 5u>'
	 'fully_connect_layer2<100u, 36u, 2u, int, int, int>'
	 'l_softmax_layer<100u, 2u>'.
INFO: [XFORM 203-11] Balancing expressions in function 'fully_connect_layer2<100u, 36u, 2u, int, int, int>' (Components.cpp:96:22)...36 expression(s) balanced.
INFO: [XFORM 203-11] Balancing expressions in function 'conv2d<9u, 128u, 4u, true>' (Components.cpp:139:14)...1649 expression(s) balanced.
INFO: [XFORM 203-11] Balancing expressions in function 'conv2d<9u, 128u, 3u, true>' (Components.cpp:139:14)...1518 expression(s) balanced.
INFO: [HLS 200-111] Finished Loop, function and other optimizations: CPU user time: 9 seconds. CPU system time: 0 seconds. Elapsed time: 8.916 seconds; current allocated memory: 350.332 MB.
INFO: [HLS 200-2061] Successfully converted nested loops 'VITIS_LOOP_175_1'(Components.cpp:175:23) and 'VITIS_LOOP_176_2'(Components.cpp:176:27) in function 'reshape_concate_layer<100u, 2u, 9u, 3u, 4u, 5u>' into perfectly nested loops.
INFO: [HLS 200-2061] Successfully converted nested loops 'VITIS_LOOP_123_1'(Components.cpp:123:23) and 'VITIS_LOOP_96_1'(Components.cpp:96:22) in function 'fully_connect_layer2<100u, 36u, 2u, int, int, int>' into perfectly nested loops.
INFO: [HLS 200-2061] Successfully converted nested loops 'VITIS_LOOP_160_1'(Components.cpp:160:23) and 'VITIS_LOOP_161_2'(Components.cpp:161:27) in function 'conv2d_layer<100u, 2u, 9u, 128u, 5u, true>' into perfectly nested loops.
INFO: [HLS 200-2061] Successfully converted nested loops 'VITIS_LOOP_160_1'(Components.cpp:160:23) and 'VITIS_LOOP_161_2'(Components.cpp:161:27) in function 'conv2d_layer<100u, 2u, 9u, 128u, 4u, true>' into perfectly nested loops.
INFO: [HLS 200-2061] Successfully converted nested loops 'VITIS_LOOP_160_1'(Components.cpp:160:23) and 'VITIS_LOOP_161_2'(Components.cpp:161:27) in function 'conv2d_layer<100u, 2u, 9u, 128u, 3u, true>' into perfectly nested loops.
INFO: [XFORM 203-541] Flattening a loop nest 'VITIS_LOOP_175_1' (Components.cpp:175:23) in function 'reshape_concate_layer<100u, 2u, 9u, 3u, 4u, 5u>'.
INFO: [XFORM 203-541] Flattening a loop nest 'VITIS_LOOP_123_1' (Components.cpp:123:23) in function 'fully_connect_layer2<100u, 36u, 2u, int, int, int>'.
INFO: [XFORM 203-541] Flattening a loop nest 'VITIS_LOOP_160_1' (Components.cpp:160:23) in function 'conv2d_layer<100u, 2u, 9u, 128u, 5u, true>'.
INFO: [XFORM 203-541] Flattening a loop nest 'VITIS_LOOP_160_1' (Components.cpp:160:23) in function 'conv2d_layer<100u, 2u, 9u, 128u, 4u, true>'.
INFO: [XFORM 203-541] Flattening a loop nest 'VITIS_LOOP_160_1' (Components.cpp:160:23) in function 'conv2d_layer<100u, 2u, 9u, 128u, 3u, true>'.
INFO: [HLS 200-111] Finished Architecture Synthesis: CPU user time: 0 seconds. CPU system time: 1 seconds. Elapsed time: 0.311 seconds; current allocated memory: 400.715 MB.
INFO: [HLS 200-10] Starting hardware synthesis ...
INFO: [HLS 200-10] Synthesizing 'CNN_top' ...
WARNING: [SYN 201-103] Legalizing function name 'conv2d_layer<100u, 2u, 9u, 128u, 3u, true>7' to 'conv2d_layer_100u_2u_9u_128u_3u_true_7'.
WARNING: [SYN 201-103] Legalizing function name 'conv2d_layer<100u, 2u, 9u, 128u, 4u, true>6' to 'conv2d_layer_100u_2u_9u_128u_4u_true_6'.
WARNING: [SYN 201-103] Legalizing function name 'conv2d_layer<100u, 2u, 9u, 128u, 5u, true>' to 'conv2d_layer_100u_2u_9u_128u_5u_true_s'.
WARNING: [SYN 201-103] Legalizing function name 'reshape_concate_layer<100u, 2u, 9u, 3u, 4u, 5u>' to 'reshape_concate_layer_100u_2u_9u_3u_4u_5u_s'.
WARNING: [SYN 201-103] Legalizing function name 'fully_connect_layer2<100u, 36u, 2u, int, int, int>' to 'fully_connect_layer2_100u_36u_2u_int_int_int_s'.
WARNING: [SYN 201-103] Legalizing function name 'l_softmax_layer<100u, 2u>2' to 'l_softmax_layer_100u_2u_2'.
WARNING: [SYN 201-103] Legalizing function name 'CNN<100u, 9u, 2u, 2u, 2u, 128u>' to 'CNN_100u_9u_2u_2u_2u_128u_s'.
INFO: [SYN 201-201] Setting up clock 'default' with a period of 10ns.
INFO: [HLS 200-10] ----------------------------------------------------------------
INFO: [HLS 200-42] -- Implementing module 'conv2d_layer_100u_2u_9u_128u_3u_true_7' 
INFO: [HLS 200-10] ----------------------------------------------------------------
INFO: [SCHED 204-11] Starting scheduling ...
INFO: [SCHED 204-61] Pipelining loop 'VITIS_LOOP_160_1_VITIS_LOOP_161_2'.
INFO: [HLS 200-1470] Pipelining result : Target II = NA, Final II = 1, Depth = 1, loop 'VITIS_LOOP_160_1_VITIS_LOOP_161_2'
INFO: [SCHED 204-11] Finished scheduling.
INFO: [HLS 200-111] Finished Scheduling: CPU user time: 0 seconds. CPU system time: 0 seconds. Elapsed time: 0.299 seconds; current allocated memory: 403.980 MB.
INFO: [BIND 205-100] Starting micro-architecture generation ...
INFO: [BIND 205-101] Performing variable lifetime analysis.
INFO: [BIND 205-101] Exploring resource sharing.
INFO: [BIND 205-101] Binding ...
INFO: [BIND 205-100] Finished micro-architecture generation.
INFO: [HLS 200-111] Finished Binding: CPU user time: 0 seconds. CPU system time: 0 seconds. Elapsed time: 0.055 seconds; current allocated memory: 405.090 MB.
INFO: [HLS 200-10] ----------------------------------------------------------------
INFO: [HLS 200-42] -- Implementing module 'conv2d_layer_100u_2u_9u_128u_4u_true_6' 
INFO: [HLS 200-10] ----------------------------------------------------------------
INFO: [SCHED 204-11] Starting scheduling ...
INFO: [SCHED 204-61] Pipelining loop 'VITIS_LOOP_160_1_VITIS_LOOP_161_2'.
INFO: [HLS 200-1470] Pipelining result : Target II = NA, Final II = 1, Depth = 1, loop 'VITIS_LOOP_160_1_VITIS_LOOP_161_2'
INFO: [SCHED 204-11] Finished scheduling.
INFO: [HLS 200-111] Finished Scheduling: CPU user time: 0 seconds. CPU system time: 0 seconds. Elapsed time: 0.086 seconds; current allocated memory: 405.137 MB.
INFO: [BIND 205-100] Starting micro-architecture generation ...
INFO: [BIND 205-101] Performing variable lifetime analysis.
INFO: [BIND 205-101] Exploring resource sharing.
INFO: [BIND 205-101] Binding ...
INFO: [BIND 205-100] Finished micro-architecture generation.
INFO: [HLS 200-111] Finished Binding: CPU user time: 0 seconds. CPU system time: 0 seconds. Elapsed time: 0.055 seconds; current allocated memory: 405.137 MB.
INFO: [HLS 200-10] ----------------------------------------------------------------
INFO: [HLS 200-42] -- Implementing module 'conv2d_layer_100u_2u_9u_128u_5u_true_s' 
INFO: [HLS 200-10] ----------------------------------------------------------------
INFO: [SCHED 204-11] Starting scheduling ...
INFO: [SCHED 204-61] Pipelining loop 'VITIS_LOOP_160_1_VITIS_LOOP_161_2'.
INFO: [HLS 200-1470] Pipelining result : Target II = NA, Final II = 1, Depth = 1, loop 'VITIS_LOOP_160_1_VITIS_LOOP_161_2'
INFO: [SCHED 204-11] Finished scheduling.
INFO: [HLS 200-111] Finished Scheduling: CPU user time: 0 seconds. CPU system time: 0 seconds. Elapsed time: 0.088 seconds; current allocated memory: 405.141 MB.
INFO: [BIND 205-100] Starting micro-architecture generation ...
INFO: [BIND 205-101] Performing variable lifetime analysis.
INFO: [BIND 205-101] Exploring resource sharing.
INFO: [BIND 205-101] Binding ...
INFO: [BIND 205-100] Finished micro-architecture generation.
INFO: [HLS 200-111] Finished Binding: CPU user time: 0 seconds. CPU system time: 0 seconds. Elapsed time: 0.067 seconds; current allocated memory: 405.141 MB.
INFO: [HLS 200-10] ----------------------------------------------------------------
INFO: [HLS 200-42] -- Implementing module 'reshape_concate_layer_100u_2u_9u_3u_4u_5u_s' 
INFO: [HLS 200-10] ----------------------------------------------------------------
INFO: [SCHED 204-11] Starting scheduling ...
INFO: [SCHED 204-61] Pipelining loop 'VITIS_LOOP_175_1_VITIS_LOOP_176_2'.
WARNING: [HLS 200-885] The II Violation in module 'reshape_concate_layer_100u_2u_9u_3u_4u_5u_s' (loop 'VITIS_LOOP_175_1_VITIS_LOOP_176_2'): Unable to schedule 'store' operation 0 bit ('dout_6_addr_1_write_ln182', Components.cpp:182) of variable 'd2_0_load', Components.cpp:182 on array 'dout_6' due to limited memory ports (II = 1). Please consider using a memory core with more ports or partitioning the array 'dout_6'.
Resolution: For help on HLS 200-885 see docs.xilinx.com/access/sources/dita/topic?Doc_Version=2024.2%20English&url=ug1448-hls-guidance&resourceid=200-885.html
INFO: [HLS 200-1470] Pipelining result : Target II = NA, Final II = 2, Depth = 4, loop 'VITIS_LOOP_175_1_VITIS_LOOP_176_2'
INFO: [SCHED 204-11] Finished scheduling.
INFO: [HLS 200-111] Finished Scheduling: CPU user time: 0 seconds. CPU system time: 0 seconds. Elapsed time: 1.506 seconds; current allocated memory: 405.234 MB.
INFO: [BIND 205-100] Starting micro-architecture generation ...
INFO: [BIND 205-101] Performing variable lifetime analysis.
INFO: [BIND 205-101] Exploring resource sharing.
INFO: [BIND 205-101] Binding ...
INFO: [BIND 205-100] Finished micro-architecture generation.
INFO: [HLS 200-111] Finished Binding: CPU user time: 0 seconds. CPU system time: 0 seconds. Elapsed time: 0.087 seconds; current allocated memory: 405.250 MB.
INFO: [HLS 200-10] ----------------------------------------------------------------
INFO: [HLS 200-42] -- Implementing module 'fully_connect_layer2_100u_36u_2u_int_int_int_s' 
INFO: [HLS 200-10] ----------------------------------------------------------------
INFO: [SCHED 204-11] Starting scheduling ...
INFO: [SCHED 204-61] Pipelining loop 'VITIS_LOOP_123_1_VITIS_LOOP_96_1'.
WARNING: [HLS 200-885] The II Violation in module 'fully_connect_layer2_100u_36u_2u_int_int_int_s' (loop 'VITIS_LOOP_123_1_VITIS_LOOP_96_1'): Unable to schedule 'load' operation 1 bit ('x_0_load_1', Components.cpp:99->Components.cpp:124) on array 'x_0' due to limited memory ports (II = 1). Please consider using a memory core with more ports or partitioning the array 'x_0'.
Resolution: For help on HLS 200-885 see docs.xilinx.com/access/sources/dita/topic?Doc_Version=2024.2%20English&url=ug1448-hls-guidance&resourceid=200-885.html
WARNING: [HLS 200-885] The II Violation in module 'fully_connect_layer2_100u_36u_2u_int_int_int_s' (loop 'VITIS_LOOP_123_1_VITIS_LOOP_96_1'): Unable to schedule 'load' operation 1 bit ('x_0_load_3', Components.cpp:99->Components.cpp:124) on array 'x_0' due to limited memory ports (II = 2). Please consider using a memory core with more ports or partitioning the array 'x_0'.
Resolution: For help on HLS 200-885 see docs.xilinx.com/access/sources/dita/topic?Doc_Version=2024.2%20English&url=ug1448-hls-guidance&resourceid=200-885.html
INFO: [HLS 200-1470] Pipelining result : Target II = NA, Final II = 3, Depth = 4, loop 'VITIS_LOOP_123_1_VITIS_LOOP_96_1'
INFO: [SCHED 204-11] Finished scheduling.
INFO: [HLS 200-111] Finished Scheduling: CPU user time: 0 seconds. CPU system time: 0 seconds. Elapsed time: 0.238 seconds; current allocated memory: 405.281 MB.
INFO: [BIND 205-100] Starting micro-architecture generation ...
INFO: [BIND 205-101] Performing variable lifetime analysis.
INFO: [BIND 205-101] Exploring resource sharing.
INFO: [BIND 205-101] Binding ...
INFO: [BIND 205-100] Finished micro-architecture generation.
INFO: [HLS 200-111] Finished Binding: CPU user time: 1 seconds. CPU system time: 0 seconds. Elapsed time: 0.118 seconds; current allocated memory: 405.281 MB.
INFO: [HLS 200-10] ----------------------------------------------------------------
INFO: [HLS 200-42] -- Implementing module 'l_softmax_layer_100u_2u_2' 
INFO: [HLS 200-10] ----------------------------------------------------------------
INFO: [SCHED 204-11] Starting scheduling ...
INFO: [SCHED 204-61] Pipelining loop 'VITIS_LOOP_199_1'.
INFO: [HLS 200-1470] Pipelining result : Target II = NA, Final II = 1, Depth = 35, loop 'VITIS_LOOP_199_1'
INFO: [SCHED 204-11] Finished scheduling.
INFO: [HLS 200-111] Finished Scheduling: CPU user time: 0 seconds. CPU system time: 0 seconds. Elapsed time: 0.183 seconds; current allocated memory: 405.281 MB.
INFO: [BIND 205-100] Starting micro-architecture generation ...
INFO: [BIND 205-101] Performing variable lifetime analysis.
INFO: [BIND 205-101] Exploring resource sharing.
INFO: [BIND 205-101] Binding ...
INFO: [BIND 205-100] Finished micro-architecture generation.
INFO: [HLS 200-111] Finished Binding: CPU user time: 0 seconds. CPU system time: 0 seconds. Elapsed time: 0.086 seconds; current allocated memory: 405.328 MB.
INFO: [HLS 200-10] ----------------------------------------------------------------
INFO: [HLS 200-42] -- Implementing module 'CNN_100u_9u_2u_2u_2u_128u_s' 
INFO: [HLS 200-10] ----------------------------------------------------------------
INFO: [SCHED 204-11] Starting scheduling ...
INFO: [SCHED 204-11] Finished scheduling.
INFO: [HLS 200-111] Finished Scheduling: CPU user time: 0 seconds. CPU system time: 0 seconds. Elapsed time: 1.213 seconds; current allocated memory: 405.391 MB.
INFO: [BIND 205-100] Starting micro-architecture generation ...
INFO: [BIND 205-101] Performing variable lifetime analysis.
INFO: [BIND 205-101] Exploring resource sharing.
INFO: [BIND 205-101] Binding ...
INFO: [BIND 205-100] Finished micro-architecture generation.
INFO: [HLS 200-111] Finished Binding: CPU user time: 0 seconds. CPU system time: 0 seconds. Elapsed time: 0.058 seconds; current allocated memory: 405.391 MB.
INFO: [HLS 200-10] ----------------------------------------------------------------
INFO: [HLS 200-42] -- Implementing module 'CNN_top' 
INFO: [HLS 200-10] ----------------------------------------------------------------
INFO: [SCHED 204-11] Starting scheduling ...
INFO: [SCHED 204-11] Finished scheduling.
INFO: [HLS 200-111] Finished Scheduling: CPU user time: 0 seconds. CPU system time: 0 seconds. Elapsed time: 0.072 seconds; current allocated memory: 405.391 MB.
INFO: [BIND 205-100] Starting micro-architecture generation ...
INFO: [BIND 205-101] Performing variable lifetime analysis.
INFO: [BIND 205-101] Exploring resource sharing.
INFO: [BIND 205-101] Binding ...
INFO: [BIND 205-100] Finished micro-architecture generation.
INFO: [HLS 200-111] Finished Binding: CPU user time: 0 seconds. CPU system time: 0 seconds. Elapsed time: 0.072 seconds; current allocated memory: 405.391 MB.
INFO: [HLS 200-10] ----------------------------------------------------------------
INFO: [HLS 200-10] -- Generating RTL for module 'conv2d_layer_100u_2u_9u_128u_3u_true_7' 
INFO: [HLS 200-10] ----------------------------------------------------------------
INFO: [RTGEN 206-100] Finished creating RTL model for 'conv2d_layer_100u_2u_9u_128u_3u_true_7'.
INFO: [HLS 200-111] Finished Creating RTL model: CPU user time: 0 seconds. CPU system time: 0 seconds. Elapsed time: 0.078 seconds; current allocated memory: 406.660 MB.
INFO: [HLS 200-10] ----------------------------------------------------------------
INFO: [HLS 200-10] -- Generating RTL for module 'conv2d_layer_100u_2u_9u_128u_4u_true_6' 
INFO: [HLS 200-10] ----------------------------------------------------------------
INFO: [RTGEN 206-100] Finished creating RTL model for 'conv2d_layer_100u_2u_9u_128u_4u_true_6'.
INFO: [HLS 200-111] Finished Creating RTL model: CPU user time: 0 seconds. CPU system time: 0 seconds. Elapsed time: 0.138 seconds; current allocated memory: 407.406 MB.
INFO: [HLS 200-10] ----------------------------------------------------------------
INFO: [HLS 200-10] -- Generating RTL for module 'conv2d_layer_100u_2u_9u_128u_5u_true_s' 
INFO: [HLS 200-10] ----------------------------------------------------------------
INFO: [RTGEN 206-100] Finished creating RTL model for 'conv2d_layer_100u_2u_9u_128u_5u_true_s'.
INFO: [HLS 200-111] Finished Creating RTL model: CPU user time: 0 seconds. CPU system time: 0 seconds. Elapsed time: 0.138 seconds; current allocated memory: 407.422 MB.
INFO: [HLS 200-10] ----------------------------------------------------------------
INFO: [HLS 200-10] -- Generating RTL for module 'reshape_concate_layer_100u_2u_9u_3u_4u_5u_s' 
INFO: [HLS 200-10] ----------------------------------------------------------------
INFO: [HLS 200-1030] Apply Unified Pipeline Control on module 'reshape_concate_layer_100u_2u_9u_3u_4u_5u_s' pipeline 'VITIS_LOOP_175_1_VITIS_LOOP_176_2' pipeline type 'loop pipeline'
INFO: [RTGEN 206-100] Finished creating RTL model for 'reshape_concate_layer_100u_2u_9u_3u_4u_5u_s'.
INFO: [HLS 200-111] Finished Creating RTL model: CPU user time: 0 seconds. CPU system time: 0 seconds. Elapsed time: 0.168 seconds; current allocated memory: 407.875 MB.
INFO: [HLS 200-10] ----------------------------------------------------------------
INFO: [HLS 200-10] -- Generating RTL for module 'fully_connect_layer2_100u_36u_2u_int_int_int_s' 
INFO: [HLS 200-10] ----------------------------------------------------------------
INFO: [HLS 200-1030] Apply Unified Pipeline Control on module 'fully_connect_layer2_100u_36u_2u_int_int_int_s' pipeline 'VITIS_LOOP_123_1_VITIS_LOOP_96_1' pipeline type 'loop pipeline'
INFO: [RTGEN 206-100] Finished creating RTL model for 'fully_connect_layer2_100u_36u_2u_int_int_int_s'.
INFO: [HLS 200-2168] Implementing memory 'CNN_top_fully_connect_layer2_100u_36u_2u_int_int_int_s_fc2_coef_ROM_AUTO_1R' using auto ROMs with 13 copies to ensure enough ports to satisfy II or latency constraints.
INFO: [HLS 200-111] Finished Creating RTL model: CPU user time: 0 seconds. CPU system time: 0 seconds. Elapsed time: 1.291 seconds; current allocated memory: 413.484 MB.
INFO: [HLS 200-10] ----------------------------------------------------------------
INFO: [HLS 200-10] -- Generating RTL for module 'l_softmax_layer_100u_2u_2' 
INFO: [HLS 200-10] ----------------------------------------------------------------
INFO: [HLS 200-1030] Apply Unified Pipeline Control on module 'l_softmax_layer_100u_2u_2' pipeline 'VITIS_LOOP_199_1' pipeline type 'loop pipeline'
INFO: [RTGEN 206-104] Estimated max fanout for 'l_softmax_layer_100u_2u_2' is 5922 from HDL expression: (1'b0 == ap_block_pp0_stage0_11001)
INFO: [RTGEN 206-100] Generating core module 'fadd_32ns_32ns_32_4_full_dsp_1': 2 instance(s).
INFO: [RTGEN 206-100] Generating core module 'fexp_32ns_32ns_32_8_full_dsp_1': 2 instance(s).
INFO: [RTGEN 206-100] Generating core module 'flog_32ns_32ns_32_9_full_dsp_1': 1 instance(s).
INFO: [RTGEN 206-100] Generating core module 'fsub_32ns_32ns_32_4_full_dsp_1': 2 instance(s).
INFO: [RTGEN 206-100] Generating core module 'sitofp_32ns_32_4_no_dsp_1': 2 instance(s).
INFO: [RTGEN 206-100] Finished creating RTL model for 'l_softmax_layer_100u_2u_2'.
INFO: [HLS 200-111] Finished Creating RTL model: CPU user time: 1 seconds. CPU system time: 0 seconds. Elapsed time: 0.741 seconds; current allocated memory: 421.199 MB.
INFO: [HLS 200-10] ----------------------------------------------------------------
INFO: [HLS 200-10] -- Generating RTL for module 'CNN_100u_9u_2u_2u_2u_128u_s' 
INFO: [HLS 200-10] ----------------------------------------------------------------
WARNING: [HLS 200-656] Deadlocks can occur since process conv2d_layer<100u, 2u, 9u, 128u, 3u, true>7 is instantiated in a dataflow region with ap_ctrl_none or without start propagation and contains an auto-rewind pipeline.
Resolution: For help on HLS 200-656 see docs.xilinx.com/access/sources/dita/topic?Doc_Version=2024.2%20English&url=ug1448-hls-guidance&resourceid=200-656.html
WARNING: [HLS 200-656] Deadlocks can occur since process conv2d_layer<100u, 2u, 9u, 128u, 4u, true>6 is instantiated in a dataflow region with ap_ctrl_none or without start propagation and contains an auto-rewind pipeline.
Resolution: For help on HLS 200-656 see docs.xilinx.com/access/sources/dita/topic?Doc_Version=2024.2%20English&url=ug1448-hls-guidance&resourceid=200-656.html
WARNING: [HLS 200-656] Deadlocks can occur since process conv2d_layer<100u, 2u, 9u, 128u, 5u, true> is instantiated in a dataflow region with ap_ctrl_none or without start propagation and contains an auto-rewind pipeline.
Resolution: For help on HLS 200-656 see docs.xilinx.com/access/sources/dita/topic?Doc_Version=2024.2%20English&url=ug1448-hls-guidance&resourceid=200-656.html
INFO: [RTGEN 206-100] Finished creating RTL model for 'CNN_100u_9u_2u_2u_2u_128u_s'.
INFO: [HLS 200-741] Implementing PIPO CNN_top_CNN_100u_9u_2u_2u_2u_128u_s_conv3_RAM_AUTO_1R1W using a single memory for all blocks
INFO: [RTMG 210-278] Implementing memory 'CNN_top_CNN_100u_9u_2u_2u_2u_128u_s_conv3_RAM_AUTO_1R1W_memcore' using auto RAMs.
INFO: [HLS 200-740] Implementing PIPO CNN_top_CNN_100u_9u_2u_2u_2u_128u_s_feature_in2_RAM_AUTO_1R1W using a separate memory for each block
INFO: [RTMG 210-278] Implementing memory 'CNN_top_CNN_100u_9u_2u_2u_2u_128u_s_feature_in2_RAM_AUTO_1R1W_memcore' using auto RAMs.
INFO: [HLS 200-740] Implementing PIPO CNN_top_CNN_100u_9u_2u_2u_2u_128u_s_fc2_dout_RAM_AUTO_1R1W using a separate memory for each block
INFO: [RTMG 210-278] Implementing memory 'CNN_top_CNN_100u_9u_2u_2u_2u_128u_s_fc2_dout_RAM_AUTO_1R1W_memcore' using auto RAMs.
INFO: [HLS 200-111] Finished Creating RTL model: CPU user time: 0 seconds. CPU system time: 0 seconds. Elapsed time: 1.135 seconds; current allocated memory: 425.234 MB.
INFO: [HLS 200-10] ----------------------------------------------------------------
INFO: [HLS 200-10] -- Generating RTL for module 'CNN_top' 
INFO: [HLS 200-10] ----------------------------------------------------------------
INFO: [RTGEN 206-500] Setting interface mode on port 'CNN_top/din' to 'ap_memory'.
INFO: [RTGEN 206-500] Setting interface mode on port 'CNN_top/kernel3' to 'ap_memory'.
INFO: [RTGEN 206-500] Setting interface mode on port 'CNN_top/kernel4' to 'ap_memory'.
INFO: [RTGEN 206-500] Setting interface mode on port 'CNN_top/kernel5' to 'ap_memory'.
INFO: [RTGEN 206-500] Setting interface mode on port 'CNN_top/dout' to 'ap_memory'.
INFO: [RTGEN 206-500] Setting interface mode on function 'CNN_top' to 'ap_ctrl_hs'.
WARNING: [RTGEN 206-101] Port 'CNN_top/din_address0' has no fanin or fanout and is left dangling.
               Please use C simulation to confirm this function argument can be read from or written to.
WARNING: [RTGEN 206-101] Setting dangling out port 'CNN_top/din_address0' to 0.
WARNING: [RTGEN 206-101] Port 'CNN_top/din_ce0' has no fanin or fanout and is left dangling.
               Please use C simulation to confirm this function argument can be read from or written to.
WARNING: [RTGEN 206-101] Setting dangling out port 'CNN_top/din_ce0' to 0.
WARNING: [RTGEN 206-101] Port 'CNN_top/din_we0' has no fanin or fanout and is left dangling.
               Please use C simulation to confirm this function argument can be read from or written to.
WARNING: [RTGEN 206-101] Setting dangling out port 'CNN_top/din_we0' to 0.
WARNING: [RTGEN 206-101] Port 'CNN_top/din_d0' has no fanin or fanout and is left dangling.
               Please use C simulation to confirm this function argument can be read from or written to.
WARNING: [RTGEN 206-101] Setting dangling out port 'CNN_top/din_d0' to 0.
WARNING: [RTGEN 206-101] Port 'CNN_top/din_q0' has no fanin or fanout and is left dangling.
               Please use C simulation to confirm this function argument can be read from or written to.
WARNING: [RTGEN 206-101] Port 'CNN_top/din_address1' has no fanin or fanout and is left dangling.
               Please use C simulation to confirm this function argument can be read from or written to.
WARNING: [RTGEN 206-101] Setting dangling out port 'CNN_top/din_address1' to 0.
WARNING: [RTGEN 206-101] Port 'CNN_top/din_ce1' has no fanin or fanout and is left dangling.
               Please use C simulation to confirm this function argument can be read from or written to.
WARNING: [RTGEN 206-101] Setting dangling out port 'CNN_top/din_ce1' to 0.
WARNING: [RTGEN 206-101] Port 'CNN_top/din_we1' has no fanin or fanout and is left dangling.
               Please use C simulation to confirm this function argument can be read from or written to.
WARNING: [RTGEN 206-101] Setting dangling out port 'CNN_top/din_we1' to 0.
WARNING: [RTGEN 206-101] Port 'CNN_top/din_d1' has no fanin or fanout and is left dangling.
               Please use C simulation to confirm this function argument can be read from or written to.
WARNING: [RTGEN 206-101] Setting dangling out port 'CNN_top/din_d1' to 0.
WARNING: [RTGEN 206-101] Port 'CNN_top/din_q1' has no fanin or fanout and is left dangling.
               Please use C simulation to confirm this function argument can be read from or written to.
WARNING: [RTGEN 206-101] Port 'CNN_top/kernel3_address0' has no fanin or fanout and is left dangling.
               Please use C simulation to confirm this function argument can be read from or written to.
WARNING: [RTGEN 206-101] Setting dangling out port 'CNN_top/kernel3_address0' to 0.
WARNING: [RTGEN 206-101] Port 'CNN_top/kernel3_ce0' has no fanin or fanout and is left dangling.
               Please use C simulation to confirm this function argument can be read from or written to.
WARNING: [RTGEN 206-101] Setting dangling out port 'CNN_top/kernel3_ce0' to 0.
WARNING: [RTGEN 206-101] Port 'CNN_top/kernel3_we0' has no fanin or fanout and is left dangling.
               Please use C simulation to confirm this function argument can be read from or written to.
WARNING: [RTGEN 206-101] Setting dangling out port 'CNN_top/kernel3_we0' to 0.
WARNING: [RTGEN 206-101] Port 'CNN_top/kernel3_d0' has no fanin or fanout and is left dangling.
               Please use C simulation to confirm this function argument can be read from or written to.
WARNING: [RTGEN 206-101] Setting dangling out port 'CNN_top/kernel3_d0' to 0.
WARNING: [RTGEN 206-101] Port 'CNN_top/kernel3_q0' has no fanin or fanout and is left dangling.
               Please use C simulation to confirm this function argument can be read from or written to.
WARNING: [RTGEN 206-101] Port 'CNN_top/kernel3_address1' has no fanin or fanout and is left dangling.
               Please use C simulation to confirm this function argument can be read from or written to.
WARNING: [RTGEN 206-101] Setting dangling out port 'CNN_top/kernel3_address1' to 0.
WARNING: [RTGEN 206-101] Port 'CNN_top/kernel3_ce1' has no fanin or fanout and is left dangling.
               Please use C simulation to confirm this function argument can be read from or written to.
WARNING: [RTGEN 206-101] Setting dangling out port 'CNN_top/kernel3_ce1' to 0.
WARNING: [RTGEN 206-101] Port 'CNN_top/kernel3_we1' has no fanin or fanout and is left dangling.
               Please use C simulation to confirm this function argument can be read from or written to.
WARNING: [RTGEN 206-101] Setting dangling out port 'CNN_top/kernel3_we1' to 0.
WARNING: [RTGEN 206-101] Port 'CNN_top/kernel3_d1' has no fanin or fanout and is left dangling.
               Please use C simulation to confirm this function argument can be read from or written to.
WARNING: [RTGEN 206-101] Setting dangling out port 'CNN_top/kernel3_d1' to 0.
WARNING: [RTGEN 206-101] Port 'CNN_top/kernel3_q1' has no fanin or fanout and is left dangling.
               Please use C simulation to confirm this function argument can be read from or written to.
WARNING: [RTGEN 206-101] Port 'CNN_top/kernel4_address0' has no fanin or fanout and is left dangling.
               Please use C simulation to confirm this function argument can be read from or written to.
WARNING: [RTGEN 206-101] Setting dangling out port 'CNN_top/kernel4_address0' to 0.
WARNING: [RTGEN 206-101] Port 'CNN_top/kernel4_ce0' has no fanin or fanout and is left dangling.
               Please use C simulation to confirm this function argument can be read from or written to.
WARNING: [RTGEN 206-101] Setting dangling out port 'CNN_top/kernel4_ce0' to 0.
WARNING: [RTGEN 206-101] Port 'CNN_top/kernel4_we0' has no fanin or fanout and is left dangling.
               Please use C simulation to confirm this function argument can be read from or written to.
WARNING: [RTGEN 206-101] Setting dangling out port 'CNN_top/kernel4_we0' to 0.
WARNING: [RTGEN 206-101] Port 'CNN_top/kernel4_d0' has no fanin or fanout and is left dangling.
               Please use C simulation to confirm this function argument can be read from or written to.
WARNING: [RTGEN 206-101] Setting dangling out port 'CNN_top/kernel4_d0' to 0.
WARNING: [RTGEN 206-101] Port 'CNN_top/kernel4_q0' has no fanin or fanout and is left dangling.
               Please use C simulation to confirm this function argument can be read from or written to.
WARNING: [RTGEN 206-101] Port 'CNN_top/kernel4_address1' has no fanin or fanout and is left dangling.
               Please use C simulation to confirm this function argument can be read from or written to.
WARNING: [RTGEN 206-101] Setting dangling out port 'CNN_top/kernel4_address1' to 0.
WARNING: [RTGEN 206-101] Port 'CNN_top/kernel4_ce1' has no fanin or fanout and is left dangling.
               Please use C simulation to confirm this function argument can be read from or written to.
WARNING: [RTGEN 206-101] Setting dangling out port 'CNN_top/kernel4_ce1' to 0.
WARNING: [RTGEN 206-101] Port 'CNN_top/kernel4_we1' has no fanin or fanout and is left dangling.
               Please use C simulation to confirm this function argument can be read from or written to.
WARNING: [RTGEN 206-101] Setting dangling out port 'CNN_top/kernel4_we1' to 0.
WARNING: [RTGEN 206-101] Port 'CNN_top/kernel4_d1' has no fanin or fanout and is left dangling.
               Please use C simulation to confirm this function argument can be read from or written to.
WARNING: [RTGEN 206-101] Setting dangling out port 'CNN_top/kernel4_d1' to 0.
WARNING: [RTGEN 206-101] Port 'CNN_top/kernel4_q1' has no fanin or fanout and is left dangling.
               Please use C simulation to confirm this function argument can be read from or written to.
WARNING: [RTGEN 206-101] Port 'CNN_top/kernel5_address0' has no fanin or fanout and is left dangling.
               Please use C simulation to confirm this function argument can be read from or written to.
WARNING: [RTGEN 206-101] Setting dangling out port 'CNN_top/kernel5_address0' to 0.
WARNING: [RTGEN 206-101] Port 'CNN_top/kernel5_ce0' has no fanin or fanout and is left dangling.
               Please use C simulation to confirm this function argument can be read from or written to.
WARNING: [RTGEN 206-101] Setting dangling out port 'CNN_top/kernel5_ce0' to 0.
WARNING: [RTGEN 206-101] Port 'CNN_top/kernel5_we0' has no fanin or fanout and is left dangling.
               Please use C simulation to confirm this function argument can be read from or written to.
WARNING: [RTGEN 206-101] Setting dangling out port 'CNN_top/kernel5_we0' to 0.
WARNING: [RTGEN 206-101] Port 'CNN_top/kernel5_d0' has no fanin or fanout and is left dangling.
               Please use C simulation to confirm this function argument can be read from or written to.
WARNING: [RTGEN 206-101] Setting dangling out port 'CNN_top/kernel5_d0' to 0.
WARNING: [RTGEN 206-101] Port 'CNN_top/kernel5_q0' has no fanin or fanout and is left dangling.
               Please use C simulation to confirm this function argument can be read from or written to.
WARNING: [RTGEN 206-101] Port 'CNN_top/kernel5_address1' has no fanin or fanout and is left dangling.
               Please use C simulation to confirm this function argument can be read from or written to.
WARNING: [RTGEN 206-101] Setting dangling out port 'CNN_top/kernel5_address1' to 0.
WARNING: [RTGEN 206-101] Port 'CNN_top/kernel5_ce1' has no fanin or fanout and is left dangling.
               Please use C simulation to confirm this function argument can be read from or written to.
WARNING: [RTGEN 206-101] Setting dangling out port 'CNN_top/kernel5_ce1' to 0.
WARNING: [RTGEN 206-101] Port 'CNN_top/kernel5_we1' has no fanin or fanout and is left dangling.
               Please use C simulation to confirm this function argument can be read from or written to.
WARNING: [RTGEN 206-101] Setting dangling out port 'CNN_top/kernel5_we1' to 0.
WARNING: [RTGEN 206-101] Port 'CNN_top/kernel5_d1' has no fanin or fanout and is left dangling.
               Please use C simulation to confirm this function argument can be read from or written to.
WARNING: [RTGEN 206-101] Setting dangling out port 'CNN_top/kernel5_d1' to 0.
WARNING: [RTGEN 206-101] Port 'CNN_top/kernel5_q1' has no fanin or fanout and is left dangling.
               Please use C simulation to confirm this function argument can be read from or written to.
INFO: [RTGEN 206-100] Finished creating RTL model for 'CNN_top'.
INFO: [HLS 200-111] Finished Creating RTL model: CPU user time: 0 seconds. CPU system time: 1 seconds. Elapsed time: 4.294 seconds; current allocated memory: 427.043 MB.
INFO: [HLS 200-111] Finished Generating all RTL models: CPU user time: 0 seconds. CPU system time: 0 seconds. Elapsed time: 0.523 seconds; current allocated memory: 430.305 MB.
INFO: [HLS 200-111] Finished Updating report files: CPU user time: 1 seconds. CPU system time: 0 seconds. Elapsed time: 1.017 seconds; current allocated memory: 437.129 MB.
INFO: [VHDL 208-304] Generating VHDL RTL for CNN_top.
INFO: [VLOG 209-307] Generating Verilog RTL for CNN_top.
INFO: [HLS 200-789] **** Estimated Fmax: 149.91 MHz
INFO: [HLS 200-112] Total CPU user time: 17 seconds. Total CPU system time: 3 seconds. Total elapsed time: 79.904 seconds; peak allocated memory: 438.082 MB.
INFO: [v++ 60-791] Total elapsed time: 0h 1m 24s
