  **** HLS Build v2024.2 5238294
INFO: [HLS 200-2005] Using work_dir D:/sidejob/ethernet_NN/NN/hls_component/hls_component 
INFO: [HLS 200-1505] Using default flow_target 'vivado'
Resolution: For help on HLS 200-1505 see docs.xilinx.com/access/sources/dita/topic?Doc_Version=2024.2%20English&url=ug1448-hls-guidance&resourceid=200-1505.html
INFO: [HLS 200-1465] Applying ini 'syn.file=Components.h' from D:/sidejob/ethernet_NN/NN/hls_component/hls_config.cfg(8)
INFO: [HLS 200-10] Adding design file 'D:/sidejob/ethernet_NN/NN/hls_component/Components.h' to the project
INFO: [HLS 200-1465] Applying ini 'syn.file=Components.cpp' from D:/sidejob/ethernet_NN/NN/hls_component/hls_config.cfg(9)
INFO: [HLS 200-10] Adding design file 'D:/sidejob/ethernet_NN/NN/hls_component/Components.cpp' to the project
INFO: [HLS 200-1465] Applying ini 'syn.file=Coeff.h' from D:/sidejob/ethernet_NN/NN/hls_component/hls_config.cfg(10)
INFO: [HLS 200-10] Adding design file 'D:/sidejob/ethernet_NN/NN/hls_component/Coeff.h' to the project
INFO: [HLS 200-1465] Applying ini 'syn.file=ComponentStream.h' from D:/sidejob/ethernet_NN/NN/hls_component/hls_config.cfg(11)
INFO: [HLS 200-10] Adding design file 'D:/sidejob/ethernet_NN/NN/hls_component/ComponentStream.h' to the project
INFO: [HLS 200-1465] Applying ini 'syn.file=Type.h' from D:/sidejob/ethernet_NN/NN/hls_component/hls_config.cfg(12)
INFO: [HLS 200-10] Adding design file 'D:/sidejob/ethernet_NN/NN/hls_component/Type.h' to the project
INFO: [HLS 200-1465] Applying ini 'syn.file=ComponentsStream.cpp' from D:/sidejob/ethernet_NN/NN/hls_component/hls_config.cfg(13)
INFO: [HLS 200-10] Adding design file 'D:/sidejob/ethernet_NN/NN/hls_component/ComponentsStream.cpp' to the project
INFO: [HLS 200-1465] Applying ini 'syn.top=CNN_stream' from D:/sidejob/ethernet_NN/NN/hls_component/hls_config.cfg(7)
INFO: [HLS 200-1465] Applying ini 'flow_target=vivado' from D:/sidejob/ethernet_NN/NN/hls_component/hls_config.cfg(4)
INFO: [HLS 200-1505] Using flow_target 'vivado'
Resolution: For help on HLS 200-1505 see docs.xilinx.com/access/sources/dita/topic?Doc_Version=2024.2%20English&url=ug1448-hls-guidance&resourceid=200-1505.html
INFO: [HLS 200-1465] Applying ini 'part=xczu19eg-ffvc1760-2-i' from D:/sidejob/ethernet_NN/NN/hls_component/hls_config.cfg(1)
INFO: [HLS 200-1611] Setting target device to 'xczu19eg-ffvc1760-2-i'
INFO: [HLS 200-1465] Applying ini 'clock=280mhz' from D:/sidejob/ethernet_NN/NN/hls_component/hls_config.cfg(14)
INFO: [SYN 201-201] Setting up clock 'default' with a period of 3.571ns.
INFO: [HLS 200-1465] Applying ini 'package.output.format=ip_catalog' from D:/sidejob/ethernet_NN/NN/hls_component/hls_config.cfg(5)
INFO: [HLS 200-111] Finished File checks and directory preparation: CPU user time: 1 seconds. CPU system time: 1 seconds. Elapsed time: 2.138 seconds; current allocated memory: 270.113 MB.
INFO: [HLS 200-10] Analyzing design file 'ComponentsStream.cpp' ... 
WARNING: [HLS 207-5292] unused parameter 'dout' (ComponentsStream.cpp:57:50)
INFO: [HLS 200-10] Analyzing design file 'Components.cpp' ... 
WARNING: [HLS 214-113] Either use an argument of the function or declare the variable inside the dataflow loop body (Components.cpp:266:92)
Resolution: For help on HLS 214-113 see docs.xilinx.com/access/sources/dita/topic?Doc_Version=2024.2%20English&url=ug1448-hls-guidance&resourceid=214-113.html
WARNING: [HLS 214-113] Either use an argument of the function or declare the variable inside the dataflow loop body (Components.cpp:276:103)
Resolution: For help on HLS 214-113 see docs.xilinx.com/access/sources/dita/topic?Doc_Version=2024.2%20English&url=ug1448-hls-guidance&resourceid=214-113.html
WARNING: [HLS 200-471] Dataflow form checks found 2 issue(s) in file Components.cpp
Resolution: For help on HLS 200-471 see docs.xilinx.com/access/sources/dita/topic?Doc_Version=2024.2%20English&url=ug1448-hls-guidance&resourceid=200-471.html
INFO: [HLS 200-111] Finished Source Code Analysis and Preprocessing: CPU user time: 1 seconds. CPU system time: 0 seconds. Elapsed time: 29.807 seconds; current allocated memory: 280.570 MB.
INFO: [HLS 200-777] Using interface defaults for 'Vivado' flow target.
INFO: [HLS 200-1995] There were 2,320 instructions in the design after the 'Compile/Link' phase of compilation. See the Design Size Report for more details: D:/sidejob/ethernet_NN/NN/hls_component/hls_component/hls/syn/report/csynth_design_size.rpt
INFO: [HLS 200-1995] There were 83,685 instructions in the design after the 'Unroll/Inline (step 1)' phase of compilation. See the Design Size Report for more details: D:/sidejob/ethernet_NN/NN/hls_component/hls_component/hls/syn/report/csynth_design_size.rpt
INFO: [HLS 200-1995] There were 5,647 instructions in the design after the 'Unroll/Inline (step 2)' phase of compilation. See the Design Size Report for more details: D:/sidejob/ethernet_NN/NN/hls_component/hls_component/hls/syn/report/csynth_design_size.rpt
INFO: [HLS 200-1995] There were 2,631 instructions in the design after the 'Unroll/Inline (step 3)' phase of compilation. See the Design Size Report for more details: D:/sidejob/ethernet_NN/NN/hls_component/hls_component/hls/syn/report/csynth_design_size.rpt
INFO: [HLS 200-1995] There were 2,622 instructions in the design after the 'Unroll/Inline (step 4)' phase of compilation. See the Design Size Report for more details: D:/sidejob/ethernet_NN/NN/hls_component/hls_component/hls/syn/report/csynth_design_size.rpt
INFO: [HLS 200-1995] There were 9,262 instructions in the design after the 'Array/Struct (step 1)' phase of compilation. See the Design Size Report for more details: D:/sidejob/ethernet_NN/NN/hls_component/hls_component/hls/syn/report/csynth_design_size.rpt
INFO: [HLS 200-1995] There were 4,803 instructions in the design after the 'Array/Struct (step 2)' phase of compilation. See the Design Size Report for more details: D:/sidejob/ethernet_NN/NN/hls_component/hls_component/hls/syn/report/csynth_design_size.rpt
INFO: [HLS 200-1995] There were 5,133 instructions in the design after the 'Array/Struct (step 3)' phase of compilation. See the Design Size Report for more details: D:/sidejob/ethernet_NN/NN/hls_component/hls_component/hls/syn/report/csynth_design_size.rpt
INFO: [HLS 200-1995] There were 7,979 instructions in the design after the 'Array/Struct (step 4)' phase of compilation. See the Design Size Report for more details: D:/sidejob/ethernet_NN/NN/hls_component/hls_component/hls/syn/report/csynth_design_size.rpt
INFO: [HLS 200-1995] There were 7,865 instructions in the design after the 'Array/Struct (step 5)' phase of compilation. See the Design Size Report for more details: D:/sidejob/ethernet_NN/NN/hls_component/hls_component/hls/syn/report/csynth_design_size.rpt
INFO: [HLS 200-1995] There were 7,865 instructions in the design after the 'Performance (step 1)' phase of compilation. See the Design Size Report for more details: D:/sidejob/ethernet_NN/NN/hls_component/hls_component/hls/syn/report/csynth_design_size.rpt
INFO: [HLS 200-1995] There were 7,865 instructions in the design after the 'Performance (step 2)' phase of compilation. See the Design Size Report for more details: D:/sidejob/ethernet_NN/NN/hls_component/hls_component/hls/syn/report/csynth_design_size.rpt
INFO: [HLS 200-1995] There were 9,197 instructions in the design after the 'Performance (step 3)' phase of compilation. See the Design Size Report for more details: D:/sidejob/ethernet_NN/NN/hls_component/hls_component/hls/syn/report/csynth_design_size.rpt
INFO: [HLS 200-1995] There were 7,883 instructions in the design after the 'Performance (step 4)' phase of compilation. See the Design Size Report for more details: D:/sidejob/ethernet_NN/NN/hls_component/hls_component/hls/syn/report/csynth_design_size.rpt
INFO: [HLS 200-1995] There were 8,274 instructions in the design after the 'HW Transforms (step 1)' phase of compilation. See the Design Size Report for more details: D:/sidejob/ethernet_NN/NN/hls_component/hls_component/hls/syn/report/csynth_design_size.rpt
INFO: [HLS 200-1995] There were 10,143 instructions in the design after the 'HW Transforms (step 2)' phase of compilation. See the Design Size Report for more details: D:/sidejob/ethernet_NN/NN/hls_component/hls_component/hls/syn/report/csynth_design_size.rpt
INFO: [HLS 214-131] Inlining function 'exp_reduce_::exp(float)' into 'hls::exp(float)' (C:\scratch\2024.2\hls_product\495\2024.2\src\shared\hls\clib\hlsmath\src\c++\expfloat.cpp:17:9)
INFO: [HLS 214-131] Inlining function 'log_reduce::log(float)' into 'hls::log(float)' (C:\scratch\2024.2\hls_product\495\2024.2\src\shared\hls\clib\hlsmath\src\c++\logfloat.cpp:9:9)
INFO: [HLS 214-131] Inlining function 'hls::exp(float)' into 'l_softmax_layer_stream(hls::stream<int, 4> (&) [2], ap_uint<8>*)' (./ComponentStream.h:338:17)
INFO: [HLS 214-131] Inlining function 'hls::log(float)' into 'l_softmax_layer_stream(hls::stream<int, 4> (&) [2], ap_uint<8>*)' (./ComponentStream.h:340:12)
INFO: [HLS 214-241] Aggregating axis (array-to-stream) variable 'din' with compact=bit mode in 8-bits (ComponentsStream.cpp:5:0)
INFO: [HLS 214-291] Loop 'VITIS_LOOP_341_2' is marked as complete unroll implied by the pipeline pragma (./ComponentStream.h:341:23)
INFO: [HLS 214-291] Loop 'VITIS_LOOP_335_1' is marked as complete unroll implied by the pipeline pragma (./ComponentStream.h:335:23)
INFO: [HLS 214-291] Loop 'VITIS_LOOP_284_3' is marked as complete unroll implied by the pipeline pragma (./ComponentStream.h:284:23)
INFO: [HLS 214-291] Loop 'VITIS_LOOP_285_4' is marked as complete unroll implied by the pipeline pragma (./ComponentStream.h:285:27)
INFO: [HLS 214-291] Loop 'VITIS_LOOP_278_1' is marked as complete unroll implied by the pipeline pragma (./ComponentStream.h:278:23)
INFO: [HLS 214-291] Loop 'VITIS_LOOP_279_2' is marked as complete unroll implied by the pipeline pragma (./ComponentStream.h:279:27)
INFO: [HLS 214-291] Loop 'VITIS_LOOP_243_2' is marked as complete unroll implied by the pipeline pragma (./ComponentStream.h:243:27)
INFO: [HLS 214-291] Loop 'VITIS_LOOP_248_3' is marked as complete unroll implied by the pipeline pragma (./ComponentStream.h:248:27)
INFO: [HLS 214-291] Loop 'VITIS_LOOP_256_4' is marked as complete unroll implied by the pipeline pragma (./ComponentStream.h:256:35)
INFO: [HLS 214-291] Loop 'VITIS_LOOP_257_5' is marked as complete unroll implied by the pipeline pragma (./ComponentStream.h:257:39)
INFO: [HLS 214-291] Loop 'VITIS_LOOP_263_6' is marked as complete unroll implied by the pipeline pragma (./ComponentStream.h:263:35)
INFO: [HLS 214-291] Loop 'VITIS_LOOP_227_3' is marked as complete unroll implied by the pipeline pragma (./ComponentStream.h:227:23)
INFO: [HLS 214-291] Loop 'VITIS_LOOP_228_4' is marked as complete unroll implied by the pipeline pragma (./ComponentStream.h:228:27)
INFO: [HLS 214-291] Loop 'VITIS_LOOP_220_1' is marked as complete unroll implied by the pipeline pragma (./ComponentStream.h:220:23)
INFO: [HLS 214-291] Loop 'VITIS_LOOP_221_2' is marked as complete unroll implied by the pipeline pragma (./ComponentStream.h:221:27)
INFO: [HLS 214-291] Loop 'VITIS_LOOP_185_2' is marked as complete unroll implied by the pipeline pragma (./ComponentStream.h:185:27)
INFO: [HLS 214-291] Loop 'VITIS_LOOP_190_3' is marked as complete unroll implied by the pipeline pragma (./ComponentStream.h:190:27)
INFO: [HLS 214-291] Loop 'VITIS_LOOP_198_4' is marked as complete unroll implied by the pipeline pragma (./ComponentStream.h:198:35)
INFO: [HLS 214-291] Loop 'VITIS_LOOP_199_5' is marked as complete unroll implied by the pipeline pragma (./ComponentStream.h:199:39)
INFO: [HLS 214-291] Loop 'VITIS_LOOP_205_6' is marked as complete unroll implied by the pipeline pragma (./ComponentStream.h:205:35)
INFO: [HLS 214-291] Loop 'VITIS_LOOP_169_3' is marked as complete unroll implied by the pipeline pragma (./ComponentStream.h:169:23)
INFO: [HLS 214-291] Loop 'VITIS_LOOP_170_4' is marked as complete unroll implied by the pipeline pragma (./ComponentStream.h:170:27)
INFO: [HLS 214-291] Loop 'VITIS_LOOP_162_1' is marked as complete unroll implied by the pipeline pragma (./ComponentStream.h:162:23)
INFO: [HLS 214-291] Loop 'VITIS_LOOP_163_2' is marked as complete unroll implied by the pipeline pragma (./ComponentStream.h:163:27)
INFO: [HLS 214-291] Loop 'VITIS_LOOP_127_2' is marked as complete unroll implied by the pipeline pragma (./ComponentStream.h:127:27)
INFO: [HLS 214-291] Loop 'VITIS_LOOP_132_3' is marked as complete unroll implied by the pipeline pragma (./ComponentStream.h:132:27)
INFO: [HLS 214-291] Loop 'VITIS_LOOP_140_4' is marked as complete unroll implied by the pipeline pragma (./ComponentStream.h:140:35)
INFO: [HLS 214-291] Loop 'VITIS_LOOP_141_5' is marked as complete unroll implied by the pipeline pragma (./ComponentStream.h:141:39)
INFO: [HLS 214-291] Loop 'VITIS_LOOP_147_6' is marked as complete unroll implied by the pipeline pragma (./ComponentStream.h:147:35)
INFO: [HLS 214-291] Loop 'VITIS_LOOP_98_2' is marked as complete unroll implied by the pipeline pragma (./ComponentStream.h:98:26)
INFO: [HLS 214-291] Loop 'VITIS_LOOP_101_3' is marked as complete unroll implied by the pipeline pragma (./ComponentStream.h:101:31)
INFO: [HLS 214-291] Loop 'VITIS_LOOP_105_4' is marked as complete unroll implied by the pipeline pragma (./ComponentStream.h:105:35)
INFO: [HLS 214-291] Loop 'VITIS_LOOP_18_1' is marked as complete unroll implied by the pipeline pragma (./ComponentStream.h:18:19)
INFO: [HLS 214-186] Unrolling loop 'VITIS_LOOP_341_2' (./ComponentStream.h:341:23) in function 'l_softmax_layer_stream' completely with a factor of 2 (./ComponentStream.h:331:0)
INFO: [HLS 214-186] Unrolling loop 'VITIS_LOOP_335_1' (./ComponentStream.h:335:23) in function 'l_softmax_layer_stream' completely with a factor of 2 (./ComponentStream.h:331:0)
INFO: [HLS 214-186] Unrolling loop 'VITIS_LOOP_318_1' (./ComponentStream.h:318:23) in function 'fully_connect2_layer_stream' completely with a factor of 2 (./ComponentStream.h:316:0)
INFO: [HLS 214-186] Unrolling loop 'VITIS_LOOP_322_2' (./ComponentStream.h:322:27) in function 'fully_connect2_layer_stream' completely with a factor of 36 (./ComponentStream.h:316:0)
INFO: [HLS 214-186] Unrolling loop 'VITIS_LOOP_307_3' (./ComponentStream.h:307:23) in function 'reshape_concate_layer_stream' completely with a factor of 5 (./ComponentStream.h:295:0)
INFO: [HLS 214-186] Unrolling loop 'VITIS_LOOP_302_2' (./ComponentStream.h:302:23) in function 'reshape_concate_layer_stream' completely with a factor of 6 (./ComponentStream.h:295:0)
INFO: [HLS 214-186] Unrolling loop 'VITIS_LOOP_297_1' (./ComponentStream.h:297:23) in function 'reshape_concate_layer_stream' completely with a factor of 7 (./ComponentStream.h:295:0)
INFO: [HLS 214-186] Unrolling loop 'VITIS_LOOP_284_3' (./ComponentStream.h:284:23) in function 'conv2d_5_stream_layer_post<9u>' completely with a factor of 2 (./ComponentStream.h:275:0)
INFO: [HLS 214-186] Unrolling loop 'VITIS_LOOP_285_4' (./ComponentStream.h:285:27) in function 'conv2d_5_stream_layer_post<9u>' completely with a factor of 5 (./ComponentStream.h:275:0)
INFO: [HLS 214-186] Unrolling loop 'VITIS_LOOP_278_1' (./ComponentStream.h:278:23) in function 'conv2d_5_stream_layer_post<9u>' completely with a factor of 9 (./ComponentStream.h:275:0)
INFO: [HLS 214-186] Unrolling loop 'VITIS_LOOP_279_2' (./ComponentStream.h:279:27) in function 'conv2d_5_stream_layer_post<9u>' completely with a factor of 10 (./ComponentStream.h:275:0)
INFO: [HLS 214-188] Unrolling loop 'VITIS_LOOP_239_1' (./ComponentStream.h:239:23) in function 'conv2d_5_stream_layer<9u>' partially with a factor of 3 (./ComponentStream.h:238:0)
INFO: [HLS 214-186] Unrolling loop 'VITIS_LOOP_243_2' (./ComponentStream.h:243:27) in function 'conv2d_5_stream_layer<9u>' completely with a factor of 8 (./ComponentStream.h:238:0)
INFO: [HLS 214-186] Unrolling loop 'VITIS_LOOP_248_3' (./ComponentStream.h:248:27) in function 'conv2d_5_stream_layer<9u>' completely with a factor of 10 (./ComponentStream.h:238:0)
INFO: [HLS 214-186] Unrolling loop 'VITIS_LOOP_263_6' (./ComponentStream.h:263:35) in function 'conv2d_5_stream_layer<9u>' completely with a factor of 8 (./ComponentStream.h:238:0)
INFO: [HLS 214-186] Unrolling loop 'VITIS_LOOP_256_4' (./ComponentStream.h:256:35) in function 'conv2d_5_stream_layer<9u>' completely with a factor of 8 (./ComponentStream.h:238:0)
INFO: [HLS 214-186] Unrolling loop 'VITIS_LOOP_257_5' (./ComponentStream.h:257:39) in function 'conv2d_5_stream_layer<9u>' completely with a factor of 16 (./ComponentStream.h:238:0)
INFO: [HLS 214-186] Unrolling loop 'VITIS_LOOP_227_3' (./ComponentStream.h:227:23) in function 'conv2d_4_stream_layer_post<9u>' completely with a factor of 2 (./ComponentStream.h:217:0)
INFO: [HLS 214-186] Unrolling loop 'VITIS_LOOP_228_4' (./ComponentStream.h:228:27) in function 'conv2d_4_stream_layer_post<9u>' completely with a factor of 6 (./ComponentStream.h:217:0)
INFO: [HLS 214-186] Unrolling loop 'VITIS_LOOP_220_1' (./ComponentStream.h:220:23) in function 'conv2d_4_stream_layer_post<9u>' completely with a factor of 9 (./ComponentStream.h:217:0)
INFO: [HLS 214-186] Unrolling loop 'VITIS_LOOP_221_2' (./ComponentStream.h:221:27) in function 'conv2d_4_stream_layer_post<9u>' completely with a factor of 8 (./ComponentStream.h:217:0)
INFO: [HLS 214-188] Unrolling loop 'VITIS_LOOP_181_1' (./ComponentStream.h:181:23) in function 'conv2d_4_stream_layer<9u>' partially with a factor of 3 (./ComponentStream.h:180:0)
INFO: [HLS 214-186] Unrolling loop 'VITIS_LOOP_185_2' (./ComponentStream.h:185:27) in function 'conv2d_4_stream_layer<9u>' completely with a factor of 8 (./ComponentStream.h:180:0)
INFO: [HLS 214-186] Unrolling loop 'VITIS_LOOP_190_3' (./ComponentStream.h:190:27) in function 'conv2d_4_stream_layer<9u>' completely with a factor of 8 (./ComponentStream.h:180:0)
INFO: [HLS 214-186] Unrolling loop 'VITIS_LOOP_205_6' (./ComponentStream.h:205:35) in function 'conv2d_4_stream_layer<9u>' completely with a factor of 8 (./ComponentStream.h:180:0)
INFO: [HLS 214-186] Unrolling loop 'VITIS_LOOP_198_4' (./ComponentStream.h:198:35) in function 'conv2d_4_stream_layer<9u>' completely with a factor of 8 (./ComponentStream.h:180:0)
INFO: [HLS 214-186] Unrolling loop 'VITIS_LOOP_199_5' (./ComponentStream.h:199:39) in function 'conv2d_4_stream_layer<9u>' completely with a factor of 16 (./ComponentStream.h:180:0)
INFO: [HLS 214-186] Unrolling loop 'VITIS_LOOP_169_3' (./ComponentStream.h:169:23) in function 'conv2d_3_stream_layer_post<9u>' completely with a factor of 2 (./ComponentStream.h:159:0)
INFO: [HLS 214-186] Unrolling loop 'VITIS_LOOP_170_4' (./ComponentStream.h:170:27) in function 'conv2d_3_stream_layer_post<9u>' completely with a factor of 7 (./ComponentStream.h:159:0)
INFO: [HLS 214-186] Unrolling loop 'VITIS_LOOP_162_1' (./ComponentStream.h:162:23) in function 'conv2d_3_stream_layer_post<9u>' completely with a factor of 9 (./ComponentStream.h:159:0)
INFO: [HLS 214-186] Unrolling loop 'VITIS_LOOP_163_2' (./ComponentStream.h:163:27) in function 'conv2d_3_stream_layer_post<9u>' completely with a factor of 6 (./ComponentStream.h:159:0)
INFO: [HLS 214-188] Unrolling loop 'VITIS_LOOP_123_1' (./ComponentStream.h:123:23) in function 'conv2d_3_stream_layer<9u>' partially with a factor of 3 (./ComponentStream.h:122:0)
INFO: [HLS 214-186] Unrolling loop 'VITIS_LOOP_127_2' (./ComponentStream.h:127:27) in function 'conv2d_3_stream_layer<9u>' completely with a factor of 8 (./ComponentStream.h:122:0)
INFO: [HLS 214-186] Unrolling loop 'VITIS_LOOP_132_3' (./ComponentStream.h:132:27) in function 'conv2d_3_stream_layer<9u>' completely with a factor of 6 (./ComponentStream.h:122:0)
INFO: [HLS 214-186] Unrolling loop 'VITIS_LOOP_147_6' (./ComponentStream.h:147:35) in function 'conv2d_3_stream_layer<9u>' completely with a factor of 8 (./ComponentStream.h:122:0)
INFO: [HLS 214-186] Unrolling loop 'VITIS_LOOP_140_4' (./ComponentStream.h:140:35) in function 'conv2d_3_stream_layer<9u>' completely with a factor of 8 (./ComponentStream.h:122:0)
INFO: [HLS 214-186] Unrolling loop 'VITIS_LOOP_141_5' (./ComponentStream.h:141:39) in function 'conv2d_3_stream_layer<9u>' completely with a factor of 16 (./ComponentStream.h:122:0)
INFO: [HLS 214-188] Unrolling loop 'VITIS_LOOP_94_1' (./ComponentStream.h:94:22) in function 'fully_connect_layer_stream3<9u>' partially with a factor of 3 (./ComponentStream.h:93:0)
INFO: [HLS 214-186] Unrolling loop 'VITIS_LOOP_98_2' (./ComponentStream.h:98:26) in function 'fully_connect_layer_stream3<9u>' completely with a factor of 8 (./ComponentStream.h:93:0)
INFO: [HLS 214-186] Unrolling loop 'VITIS_LOOP_101_3' (./ComponentStream.h:101:31) in function 'fully_connect_layer_stream3<9u>' completely with a factor of 16 (./ComponentStream.h:93:0)
INFO: [HLS 214-186] Unrolling loop 'VITIS_LOOP_105_4' (./ComponentStream.h:105:35) in function 'fully_connect_layer_stream3<9u>' completely with a factor of 18 (./ComponentStream.h:93:0)
INFO: [HLS 214-186] Unrolling loop 'VITIS_LOOP_50_1' (./ComponentStream.h:50:22) in function 'feature_concate_layer_stream<9u>' completely with a factor of 9 (./ComponentStream.h:49:0)
INFO: [HLS 214-186] Unrolling loop 'VITIS_LOOP_55_2' (./ComponentStream.h:55:26) in function 'feature_concate_layer_stream<9u>' completely with a factor of 18 (./ComponentStream.h:49:0)
INFO: [HLS 214-186] Unrolling loop 'VITIS_LOOP_33_1' (./ComponentStream.h:33:22) in function 'embedding_layer_stream<9u>' completely with a factor of 9 (./ComponentStream.h:32:0)
INFO: [HLS 214-186] Unrolling loop 'VITIS_LOOP_18_1' (./ComponentStream.h:18:19) in function 'feature_separate_layer_stream<9u>' completely with a factor of 9 (./ComponentStream.h:15:0)
INFO: [HLS 214-178] Inlining function 'ap_uint<8>::ap_uint(float)' into 'l_softmax_layer_stream(hls::stream<int, 4> (&) [2], ap_uint<8>*)' (./ComponentStream.h:331:0)
INFO: [HLS 214-248] Applying array_partition to 'len_x': Complete partitioning on dimension 1. (ComponentsStream.cpp:13:29)
INFO: [HLS 214-248] Applying array_partition to 'ipd_x': Complete partitioning on dimension 1. (ComponentsStream.cpp:13:39)
INFO: [HLS 214-248] Applying array_partition to 'len_x_embedding': Complete partitioning on dimension 1. (ComponentsStream.cpp:14:31)
INFO: [HLS 214-248] Applying array_partition to 'ipd_x_embedding': Complete partitioning on dimension 1. (ComponentsStream.cpp:15:31)
INFO: [HLS 214-248] Applying array_partition to 'feature_embedding': Complete partitioning on dimension 1. (ComponentsStream.cpp:16:35)
INFO: [HLS 214-248] Applying array_partition to 'proj_embedding3': Complete partitioning on dimension 1. Complete partitioning on dimension 2. (ComponentsStream.cpp:18:33)
INFO: [HLS 214-248] Applying array_partition to 'proj_embedding4': Complete partitioning on dimension 1. Complete partitioning on dimension 2. (ComponentsStream.cpp:19:33)
INFO: [HLS 214-248] Applying array_partition to 'proj_embedding5': Complete partitioning on dimension 1. Complete partitioning on dimension 2. (ComponentsStream.cpp:20:33)
INFO: [HLS 214-248] Applying array_partition to 'sum_out3': Complete partitioning on dimension 1. Complete partitioning on dimension 2. (ComponentsStream.cpp:22:26)
INFO: [HLS 214-248] Applying array_partition to 'sum_out4': Complete partitioning on dimension 1. Complete partitioning on dimension 2. (ComponentsStream.cpp:23:26)
INFO: [HLS 214-248] Applying array_partition to 'sum_out5': Complete partitioning on dimension 1. Complete partitioning on dimension 2. (ComponentsStream.cpp:24:26)
INFO: [HLS 214-248] Applying array_partition to 'conv_out3': Complete partitioning on dimension 1. Complete partitioning on dimension 2. (ComponentsStream.cpp:26:26)
INFO: [HLS 214-248] Applying array_partition to 'conv_out4': Complete partitioning on dimension 1. Complete partitioning on dimension 2. (ComponentsStream.cpp:27:26)
INFO: [HLS 214-248] Applying array_partition to 'conv_out5': Complete partitioning on dimension 1. Complete partitioning on dimension 2. (ComponentsStream.cpp:28:26)
INFO: [HLS 214-248] Applying array_partition to 'fc2_embedding': Complete partitioning on dimension 1. (ComponentsStream.cpp:31:26)
INFO: [HLS 214-241] Aggregating fifo (hls::stream) variable 'feature2_embedding' with compact=bit mode in 1152-bits (ComponentsStream.cpp:30:36)
INFO: [HLS 214-241] Aggregating fifo (hls::stream) variable 'len_x_embedding_0' with compact=bit mode in 320-bits (ComponentsStream.cpp:14:31)
INFO: [HLS 214-241] Aggregating fifo (hls::stream) variable 'len_x_embedding_1' with compact=bit mode in 320-bits (ComponentsStream.cpp:14:31)
INFO: [HLS 214-241] Aggregating fifo (hls::stream) variable 'len_x_embedding_2' with compact=bit mode in 320-bits (ComponentsStream.cpp:14:31)
INFO: [HLS 214-241] Aggregating fifo (hls::stream) variable 'len_x_embedding_3' with compact=bit mode in 320-bits (ComponentsStream.cpp:14:31)
INFO: [HLS 214-241] Aggregating fifo (hls::stream) variable 'len_x_embedding_4' with compact=bit mode in 320-bits (ComponentsStream.cpp:14:31)
INFO: [HLS 214-241] Aggregating fifo (hls::stream) variable 'len_x_embedding_5' with compact=bit mode in 320-bits (ComponentsStream.cpp:14:31)
INFO: [HLS 214-241] Aggregating fifo (hls::stream) variable 'len_x_embedding_6' with compact=bit mode in 320-bits (ComponentsStream.cpp:14:31)
INFO: [HLS 214-241] Aggregating fifo (hls::stream) variable 'len_x_embedding_7' with compact=bit mode in 320-bits (ComponentsStream.cpp:14:31)
INFO: [HLS 214-241] Aggregating fifo (hls::stream) variable 'len_x_embedding_8' with compact=bit mode in 320-bits (ComponentsStream.cpp:14:31)
INFO: [HLS 214-241] Aggregating fifo (hls::stream) variable 'ipd_x_embedding_0' with compact=bit mode in 256-bits (ComponentsStream.cpp:15:31)
INFO: [HLS 214-241] Aggregating fifo (hls::stream) variable 'ipd_x_embedding_1' with compact=bit mode in 256-bits (ComponentsStream.cpp:15:31)
INFO: [HLS 214-241] Aggregating fifo (hls::stream) variable 'ipd_x_embedding_2' with compact=bit mode in 256-bits (ComponentsStream.cpp:15:31)
INFO: [HLS 214-241] Aggregating fifo (hls::stream) variable 'ipd_x_embedding_3' with compact=bit mode in 256-bits (ComponentsStream.cpp:15:31)
INFO: [HLS 214-241] Aggregating fifo (hls::stream) variable 'ipd_x_embedding_4' with compact=bit mode in 256-bits (ComponentsStream.cpp:15:31)
INFO: [HLS 214-241] Aggregating fifo (hls::stream) variable 'ipd_x_embedding_5' with compact=bit mode in 256-bits (ComponentsStream.cpp:15:31)
INFO: [HLS 214-241] Aggregating fifo (hls::stream) variable 'ipd_x_embedding_6' with compact=bit mode in 256-bits (ComponentsStream.cpp:15:31)
INFO: [HLS 214-241] Aggregating fifo (hls::stream) variable 'ipd_x_embedding_7' with compact=bit mode in 256-bits (ComponentsStream.cpp:15:31)
INFO: [HLS 214-241] Aggregating fifo (hls::stream) variable 'ipd_x_embedding_8' with compact=bit mode in 256-bits (ComponentsStream.cpp:15:31)
INFO: [HLS 214-241] Aggregating fifo (hls::stream) variable 'feature_embedding_0' with compact=bit mode in 576-bits (ComponentsStream.cpp:16:35)
INFO: [HLS 214-241] Aggregating fifo (hls::stream) variable 'feature_embedding_1' with compact=bit mode in 576-bits (ComponentsStream.cpp:16:35)
INFO: [HLS 214-241] Aggregating fifo (hls::stream) variable 'feature_embedding_2' with compact=bit mode in 576-bits (ComponentsStream.cpp:16:35)
INFO: [HLS 214-241] Aggregating fifo (hls::stream) variable 'feature_embedding_3' with compact=bit mode in 576-bits (ComponentsStream.cpp:16:35)
INFO: [HLS 214-241] Aggregating fifo (hls::stream) variable 'feature_embedding_4' with compact=bit mode in 576-bits (ComponentsStream.cpp:16:35)
INFO: [HLS 214-241] Aggregating fifo (hls::stream) variable 'feature_embedding_5' with compact=bit mode in 576-bits (ComponentsStream.cpp:16:35)
INFO: [HLS 214-241] Aggregating fifo (hls::stream) variable 'feature_embedding_6' with compact=bit mode in 576-bits (ComponentsStream.cpp:16:35)
INFO: [HLS 214-241] Aggregating fifo (hls::stream) variable 'feature_embedding_7' with compact=bit mode in 576-bits (ComponentsStream.cpp:16:35)
INFO: [HLS 214-241] Aggregating fifo (hls::stream) variable 'feature_embedding_8' with compact=bit mode in 576-bits (ComponentsStream.cpp:16:35)
INFO: [HLS 214-241] Aggregating fifo (hls::stream) variable 'proj_embedding3_0_0' with compact=bit mode in 256-bits (ComponentsStream.cpp:18:33)
INFO: [HLS 214-241] Aggregating fifo (hls::stream) variable 'proj_embedding3_0_1' with compact=bit mode in 256-bits (ComponentsStream.cpp:18:33)
INFO: [HLS 214-241] Aggregating fifo (hls::stream) variable 'proj_embedding3_0_2' with compact=bit mode in 256-bits (ComponentsStream.cpp:18:33)
INFO: [HLS 214-241] Aggregating fifo (hls::stream) variable 'proj_embedding3_1_0' with compact=bit mode in 256-bits (ComponentsStream.cpp:18:33)
INFO: [HLS 214-241] Aggregating fifo (hls::stream) variable 'proj_embedding3_1_1' with compact=bit mode in 256-bits (ComponentsStream.cpp:18:33)
INFO: [HLS 214-241] Aggregating fifo (hls::stream) variable 'proj_embedding3_1_2' with compact=bit mode in 256-bits (ComponentsStream.cpp:18:33)
INFO: [HLS 214-241] Aggregating fifo (hls::stream) variable 'proj_embedding3_2_0' with compact=bit mode in 256-bits (ComponentsStream.cpp:18:33)
INFO: [HLS 214-241] Aggregating fifo (hls::stream) variable 'proj_embedding3_2_1' with compact=bit mode in 256-bits (ComponentsStream.cpp:18:33)
INFO: [HLS 214-241] Aggregating fifo (hls::stream) variable 'proj_embedding3_2_2' with compact=bit mode in 256-bits (ComponentsStream.cpp:18:33)
INFO: [HLS 214-241] Aggregating fifo (hls::stream) variable 'proj_embedding3_3_0' with compact=bit mode in 256-bits (ComponentsStream.cpp:18:33)
INFO: [HLS 214-241] Aggregating fifo (hls::stream) variable 'proj_embedding3_3_1' with compact=bit mode in 256-bits (ComponentsStream.cpp:18:33)
INFO: [HLS 214-241] Aggregating fifo (hls::stream) variable 'proj_embedding3_3_2' with compact=bit mode in 256-bits (ComponentsStream.cpp:18:33)
INFO: [HLS 214-241] Aggregating fifo (hls::stream) variable 'proj_embedding3_4_0' with compact=bit mode in 256-bits (ComponentsStream.cpp:18:33)
INFO: [HLS 214-241] Aggregating fifo (hls::stream) variable 'proj_embedding3_4_1' with compact=bit mode in 256-bits (ComponentsStream.cpp:18:33)
INFO: [HLS 214-241] Aggregating fifo (hls::stream) variable 'proj_embedding3_4_2' with compact=bit mode in 256-bits (ComponentsStream.cpp:18:33)
INFO: [HLS 214-241] Aggregating fifo (hls::stream) variable 'proj_embedding3_5_0' with compact=bit mode in 256-bits (ComponentsStream.cpp:18:33)
INFO: [HLS 214-241] Aggregating fifo (hls::stream) variable 'proj_embedding3_5_1' with compact=bit mode in 256-bits (ComponentsStream.cpp:18:33)
INFO: [HLS 214-241] Aggregating fifo (hls::stream) variable 'proj_embedding3_5_2' with compact=bit mode in 256-bits (ComponentsStream.cpp:18:33)
INFO: [HLS 214-241] Aggregating fifo (hls::stream) variable 'proj_embedding3_6_0' with compact=bit mode in 256-bits (ComponentsStream.cpp:18:33)
INFO: [HLS 214-241] Aggregating fifo (hls::stream) variable 'proj_embedding3_6_1' with compact=bit mode in 256-bits (ComponentsStream.cpp:18:33)
INFO: [HLS 214-241] Aggregating fifo (hls::stream) variable 'proj_embedding3_6_2' with compact=bit mode in 256-bits (ComponentsStream.cpp:18:33)
INFO: [HLS 214-241] Aggregating fifo (hls::stream) variable 'proj_embedding3_7_0' with compact=bit mode in 256-bits (ComponentsStream.cpp:18:33)
INFO: [HLS 214-241] Aggregating fifo (hls::stream) variable 'proj_embedding3_7_1' with compact=bit mode in 256-bits (ComponentsStream.cpp:18:33)
INFO: [HLS 214-241] Aggregating fifo (hls::stream) variable 'proj_embedding3_7_2' with compact=bit mode in 256-bits (ComponentsStream.cpp:18:33)
INFO: [HLS 214-241] Aggregating fifo (hls::stream) variable 'proj_embedding4_0_0' with compact=bit mode in 256-bits (ComponentsStream.cpp:19:33)
INFO: [HLS 214-241] Aggregating fifo (hls::stream) variable 'proj_embedding4_0_1' with compact=bit mode in 256-bits (ComponentsStream.cpp:19:33)
INFO: [HLS 214-241] Aggregating fifo (hls::stream) variable 'proj_embedding4_0_2' with compact=bit mode in 256-bits (ComponentsStream.cpp:19:33)
INFO: [HLS 214-241] Aggregating fifo (hls::stream) variable 'proj_embedding4_1_0' with compact=bit mode in 256-bits (ComponentsStream.cpp:19:33)
INFO: [HLS 214-241] Aggregating fifo (hls::stream) variable 'proj_embedding4_1_1' with compact=bit mode in 256-bits (ComponentsStream.cpp:19:33)
INFO: [HLS 214-241] Aggregating fifo (hls::stream) variable 'proj_embedding4_1_2' with compact=bit mode in 256-bits (ComponentsStream.cpp:19:33)
INFO: [HLS 214-241] Aggregating fifo (hls::stream) variable 'proj_embedding4_2_0' with compact=bit mode in 256-bits (ComponentsStream.cpp:19:33)
INFO: [HLS 214-241] Aggregating fifo (hls::stream) variable 'proj_embedding4_2_1' with compact=bit mode in 256-bits (ComponentsStream.cpp:19:33)
INFO: [HLS 214-241] Aggregating fifo (hls::stream) variable 'proj_embedding4_2_2' with compact=bit mode in 256-bits (ComponentsStream.cpp:19:33)
INFO: [HLS 214-241] Aggregating fifo (hls::stream) variable 'proj_embedding4_3_0' with compact=bit mode in 256-bits (ComponentsStream.cpp:19:33)
INFO: [HLS 214-241] Aggregating fifo (hls::stream) variable 'proj_embedding4_3_1' with compact=bit mode in 256-bits (ComponentsStream.cpp:19:33)
INFO: [HLS 214-241] Aggregating fifo (hls::stream) variable 'proj_embedding4_3_2' with compact=bit mode in 256-bits (ComponentsStream.cpp:19:33)
INFO: [HLS 214-241] Aggregating fifo (hls::stream) variable 'proj_embedding4_4_0' with compact=bit mode in 256-bits (ComponentsStream.cpp:19:33)
INFO: [HLS 214-241] Aggregating fifo (hls::stream) variable 'proj_embedding4_4_1' with compact=bit mode in 256-bits (ComponentsStream.cpp:19:33)
INFO: [HLS 214-241] Aggregating fifo (hls::stream) variable 'proj_embedding4_4_2' with compact=bit mode in 256-bits (ComponentsStream.cpp:19:33)
INFO: [HLS 214-241] Aggregating fifo (hls::stream) variable 'proj_embedding4_5_0' with compact=bit mode in 256-bits (ComponentsStream.cpp:19:33)
INFO: [HLS 214-241] Aggregating fifo (hls::stream) variable 'proj_embedding4_5_1' with compact=bit mode in 256-bits (ComponentsStream.cpp:19:33)
INFO: [HLS 214-241] Aggregating fifo (hls::stream) variable 'proj_embedding4_5_2' with compact=bit mode in 256-bits (ComponentsStream.cpp:19:33)
INFO: [HLS 214-241] Aggregating fifo (hls::stream) variable 'proj_embedding4_6_0' with compact=bit mode in 256-bits (ComponentsStream.cpp:19:33)
INFO: [HLS 214-241] Aggregating fifo (hls::stream) variable 'proj_embedding4_6_1' with compact=bit mode in 256-bits (ComponentsStream.cpp:19:33)
INFO: [HLS 214-241] Aggregating fifo (hls::stream) variable 'proj_embedding4_6_2' with compact=bit mode in 256-bits (ComponentsStream.cpp:19:33)
INFO: [HLS 214-241] Aggregating fifo (hls::stream) variable 'proj_embedding4_7_0' with compact=bit mode in 256-bits (ComponentsStream.cpp:19:33)
INFO: [HLS 214-241] Aggregating fifo (hls::stream) variable 'proj_embedding4_7_1' with compact=bit mode in 256-bits (ComponentsStream.cpp:19:33)
INFO: [HLS 214-241] Aggregating fifo (hls::stream) variable 'proj_embedding4_7_2' with compact=bit mode in 256-bits (ComponentsStream.cpp:19:33)
INFO: [HLS 214-241] Aggregating fifo (hls::stream) variable 'proj_embedding5_0_0' with compact=bit mode in 256-bits (ComponentsStream.cpp:20:33)
INFO: [HLS 214-241] Aggregating fifo (hls::stream) variable 'proj_embedding5_0_1' with compact=bit mode in 256-bits (ComponentsStream.cpp:20:33)
INFO: [HLS 214-241] Aggregating fifo (hls::stream) variable 'proj_embedding5_0_2' with compact=bit mode in 256-bits (ComponentsStream.cpp:20:33)
INFO: [HLS 214-241] Aggregating fifo (hls::stream) variable 'proj_embedding5_1_0' with compact=bit mode in 256-bits (ComponentsStream.cpp:20:33)
INFO: [HLS 214-241] Aggregating fifo (hls::stream) variable 'proj_embedding5_1_1' with compact=bit mode in 256-bits (ComponentsStream.cpp:20:33)
INFO: [HLS 214-241] Aggregating fifo (hls::stream) variable 'proj_embedding5_1_2' with compact=bit mode in 256-bits (ComponentsStream.cpp:20:33)
INFO: [HLS 214-241] Aggregating fifo (hls::stream) variable 'proj_embedding5_2_0' with compact=bit mode in 256-bits (ComponentsStream.cpp:20:33)
INFO: [HLS 214-241] Aggregating fifo (hls::stream) variable 'proj_embedding5_2_1' with compact=bit mode in 256-bits (ComponentsStream.cpp:20:33)
INFO: [HLS 214-241] Aggregating fifo (hls::stream) variable 'proj_embedding5_2_2' with compact=bit mode in 256-bits (ComponentsStream.cpp:20:33)
INFO: [HLS 214-241] Aggregating fifo (hls::stream) variable 'proj_embedding5_3_0' with compact=bit mode in 256-bits (ComponentsStream.cpp:20:33)
INFO: [HLS 214-241] Aggregating fifo (hls::stream) variable 'proj_embedding5_3_1' with compact=bit mode in 256-bits (ComponentsStream.cpp:20:33)
INFO: [HLS 214-241] Aggregating fifo (hls::stream) variable 'proj_embedding5_3_2' with compact=bit mode in 256-bits (ComponentsStream.cpp:20:33)
INFO: [HLS 214-241] Aggregating fifo (hls::stream) variable 'proj_embedding5_4_0' with compact=bit mode in 256-bits (ComponentsStream.cpp:20:33)
INFO: [HLS 214-241] Aggregating fifo (hls::stream) variable 'proj_embedding5_4_1' with compact=bit mode in 256-bits (ComponentsStream.cpp:20:33)
INFO: [HLS 214-241] Aggregating fifo (hls::stream) variable 'proj_embedding5_4_2' with compact=bit mode in 256-bits (ComponentsStream.cpp:20:33)
INFO: [HLS 214-241] Aggregating fifo (hls::stream) variable 'proj_embedding5_5_0' with compact=bit mode in 256-bits (ComponentsStream.cpp:20:33)
INFO: [HLS 214-241] Aggregating fifo (hls::stream) variable 'proj_embedding5_5_1' with compact=bit mode in 256-bits (ComponentsStream.cpp:20:33)
INFO: [HLS 214-241] Aggregating fifo (hls::stream) variable 'proj_embedding5_5_2' with compact=bit mode in 256-bits (ComponentsStream.cpp:20:33)
INFO: [HLS 214-241] Aggregating fifo (hls::stream) variable 'proj_embedding5_6_0' with compact=bit mode in 256-bits (ComponentsStream.cpp:20:33)
INFO: [HLS 214-241] Aggregating fifo (hls::stream) variable 'proj_embedding5_6_1' with compact=bit mode in 256-bits (ComponentsStream.cpp:20:33)
INFO: [HLS 214-241] Aggregating fifo (hls::stream) variable 'proj_embedding5_6_2' with compact=bit mode in 256-bits (ComponentsStream.cpp:20:33)
INFO: [HLS 214-241] Aggregating fifo (hls::stream) variable 'proj_embedding5_7_0' with compact=bit mode in 256-bits (ComponentsStream.cpp:20:33)
INFO: [HLS 214-241] Aggregating fifo (hls::stream) variable 'proj_embedding5_7_1' with compact=bit mode in 256-bits (ComponentsStream.cpp:20:33)
INFO: [HLS 214-241] Aggregating fifo (hls::stream) variable 'proj_embedding5_7_2' with compact=bit mode in 256-bits (ComponentsStream.cpp:20:33)
INFO: [HLS 214-248] Applying array_reshape to 'din': Complete reshaping on dimension 1. Complete reshaping on dimension 2. (ComponentsStream.cpp:5:0)
INFO: [HLS 214-248] Applying array_reshape to 'dout': Complete reshaping on dimension 1. (ComponentsStream.cpp:5:0)
INFO: [HLS 214-449] Automatically partitioning array '_ZL26len_embedding_table_stream' dimension 2 completely based on constant index. (./Coeff.h:14:0)
INFO: [HLS 214-449] Automatically partitioning array '_ZL26ipd_embedding_table_stream' dimension 2 completely based on constant index. (./Coeff.h:18:0)
INFO: [HLS 214-270] Inferring pragma 'array_partition type=complete dim=2' for array 'ipd_embedding_table_stream' due to pipeline pragma (./Coeff.h:18:0)
INFO: [HLS 214-270] Inferring pragma 'array_partition type=complete dim=2' for array 'len_embedding_table_stream' due to pipeline pragma (./Coeff.h:14:0)
INFO: [HLS 214-248] Applying array_partition to '_ZL26len_embedding_table_stream': Complete partitioning on dimension 2. (./Coeff.h:14:0)
INFO: [HLS 214-248] Applying array_partition to '_ZL26ipd_embedding_table_stream': Complete partitioning on dimension 2. (./Coeff.h:18:0)
WARNING: [HLS 214-142] Implementing stream: may cause mismatch if read and write accesses are not in sequential order on port 'din' (ComponentsStream.cpp:5:0)
Resolution: For help on HLS 214-142 see docs.xilinx.com/access/sources/dita/topic?Doc_Version=2024.2%20English&url=ug1448-hls-guidance&resourceid=214-142.html
WARNING: [HLS 214-142] Implementing stream: may cause mismatch if read and write accesses are not in sequential order on port 'dout' (ComponentsStream.cpp:5:0)
Resolution: For help on HLS 214-142 see docs.xilinx.com/access/sources/dita/topic?Doc_Version=2024.2%20English&url=ug1448-hls-guidance&resourceid=214-142.html
INFO: [HLS 200-111] Finished Compiling Optimization and Transform: CPU user time: 5 seconds. CPU system time: 0 seconds. Elapsed time: 25.972 seconds; current allocated memory: 299.555 MB.
INFO: [HLS 200-111] Finished Checking Pragmas: CPU user time: 0 seconds. CPU system time: 0 seconds. Elapsed time: 0.005 seconds; current allocated memory: 299.555 MB.
INFO: [HLS 200-10] Starting code transformations ...
INFO: [HLS 200-111] Finished Standard Transforms: CPU user time: 0 seconds. CPU system time: 0 seconds. Elapsed time: 0.555 seconds; current allocated memory: 310.043 MB.
INFO: [HLS 200-10] Checking synthesizability ...
ERROR: [SYNCHK 200-92] Port 'dout' (ComponentsStream.cpp:5) of function 'CNN_stream' cannot be set to a AXIS 
ERROR: [SYNCHK 200-92] as it has both write (./ComponentStream.h:343:10) and read (./ComponentStream.h:343:10) operations.
INFO: [SYNCHK 200-10] 1 error(s), 0 warning(s).
ERROR: [HLS 200-70] Synthesizability check failed.
ERROR: 
INFO: [HLS 200-112] Total CPU user time: 9 seconds. Total CPU system time: 1 seconds. Total elapsed time: 60.094 seconds; peak allocated memory: 321.297 MB.
