D:\sidejob\ethernet_NN\NN\hls_component\hls_component\hls\.autopilot\db\ComponentsStream.pp.0.cpp:2268:5: warning: Added loop label VITIS_LOOP_676_1:   [xilinx-label-all-loops]
    for (unsigned i = low; i != high+1; ++i) {
    ^~~
    VITIS_LOOP_676_1: 
D:\sidejob\ethernet_NN\NN\hls_component\hls_component\hls\.autopilot\db\ComponentsStream.pp.0.cpp:2268:5: note: FIX-IT applied suggested code changes
D:\sidejob\ethernet_NN\NN\hls_component\hls_component\hls\.autopilot\db\ComponentsStream.pp.0.cpp:2282:5: warning: Added loop label VITIS_LOOP_690_1:   [xilinx-label-all-loops]
    for (unsigned i = low; i != high+1; ++i) {
    ^~~
    VITIS_LOOP_690_1: 
D:\sidejob\ethernet_NN\NN\hls_component\hls_component\hls\.autopilot\db\ComponentsStream.pp.0.cpp:2282:5: note: FIX-IT applied suggested code changes
D:\sidejob\ethernet_NN\NN\hls_component\hls_component\hls\.autopilot\db\ComponentsStream.pp.0.cpp:2296:5: warning: Added loop label VITIS_LOOP_704_1:   [xilinx-label-all-loops]
    for (unsigned i = low; i != high+1; ++i) {
    ^~~
    VITIS_LOOP_704_1: 
D:\sidejob\ethernet_NN\NN\hls_component\hls_component\hls\.autopilot\db\ComponentsStream.pp.0.cpp:2296:5: note: FIX-IT applied suggested code changes
D:\sidejob\ethernet_NN\NN\hls_component\hls_component\hls\.autopilot\db\ComponentsStream.pp.0.cpp:3918:7: warning: Added loop label VITIS_LOOP_1248_1:   [xilinx-label-all-loops]
      for (i = 0; i < __N - 1; ++i) {
      ^~~
      VITIS_LOOP_1248_1: 
D:\sidejob\ethernet_NN\NN\hls_component\hls_component\hls\.autopilot\db\ComponentsStream.pp.0.cpp:3918:7: note: FIX-IT applied suggested code changes
D:\sidejob\ethernet_NN\NN\hls_component\hls_component\hls\.autopilot\db\ComponentsStream.pp.0.cpp:13018:72: error: Invalid Directive: for current device, ROM_1P + LUTRAM is invalid combination for BIND_STORAGE's option 'type + impl' [clang-diagnostic-error]
#pragma HLS BIND_STORAGE variable=fourth_order_double::sin_cos_K0 type=ROM_1P impl=LUTRAM
                                                                       ^
D:\sidejob\ethernet_NN\NN\hls_component\hls_component\hls\.autopilot\db\ComponentsStream.pp.0.cpp:13019:72: error: Invalid Directive: for current device, ROM_1P + LUTRAM is invalid combination for BIND_STORAGE's option 'type + impl' [clang-diagnostic-error]
#pragma HLS BIND_STORAGE variable=fourth_order_double::sin_cos_K1 type=ROM_1P impl=LUTRAM
                                                                       ^
D:\sidejob\ethernet_NN\NN\hls_component\hls_component\hls\.autopilot\db\ComponentsStream.pp.0.cpp:13020:72: error: Invalid Directive: for current device, ROM_1P + LUTRAM is invalid combination for BIND_STORAGE's option 'type + impl' [clang-diagnostic-error]
#pragma HLS BIND_STORAGE variable=fourth_order_double::sin_cos_K2 type=ROM_1P impl=LUTRAM
                                                                       ^
D:\sidejob\ethernet_NN\NN\hls_component\hls_component\hls\.autopilot\db\ComponentsStream.pp.0.cpp:13021:72: error: Invalid Directive: for current device, ROM_1P + LUTRAM is invalid combination for BIND_STORAGE's option 'type + impl' [clang-diagnostic-error]
#pragma HLS BIND_STORAGE variable=fourth_order_double::sin_cos_K3 type=ROM_1P impl=LUTRAM
                                                                       ^
D:\sidejob\ethernet_NN\NN\hls_component\hls_component\hls\.autopilot\db\ComponentsStream.pp.0.cpp:13022:72: error: Invalid Directive: for current device, ROM_1P + LUTRAM is invalid combination for BIND_STORAGE's option 'type + impl' [clang-diagnostic-error]
#pragma HLS BIND_STORAGE variable=fourth_order_double::sin_cos_K4 type=ROM_1P impl=LUTRAM
                                                                       ^
D:\sidejob\ethernet_NN\NN\hls_component\hls_component\hls\.autopilot\db\ComponentsStream.pp.0.cpp:13052:68: error: Invalid Directive: for current device, ROM_1P + LUTRAM is invalid combination for BIND_STORAGE's option 'type + impl' [clang-diagnostic-error]
#pragma HLS BIND_STORAGE variable=fourth_order_double::cos_K0 type=ROM_1P impl=LUTRAM
                                                                   ^
D:\sidejob\ethernet_NN\NN\hls_component\hls_component\hls\.autopilot\db\ComponentsStream.pp.0.cpp:13053:68: error: Invalid Directive: for current device, ROM_1P + LUTRAM is invalid combination for BIND_STORAGE's option 'type + impl' [clang-diagnostic-error]
#pragma HLS BIND_STORAGE variable=fourth_order_double::cos_K1 type=ROM_1P impl=LUTRAM
                                                                   ^
D:\sidejob\ethernet_NN\NN\hls_component\hls_component\hls\.autopilot\db\ComponentsStream.pp.0.cpp:13054:68: error: Invalid Directive: for current device, ROM_1P + LUTRAM is invalid combination for BIND_STORAGE's option 'type + impl' [clang-diagnostic-error]
#pragma HLS BIND_STORAGE variable=fourth_order_double::cos_K2 type=ROM_1P impl=LUTRAM
                                                                   ^
D:\sidejob\ethernet_NN\NN\hls_component\hls_component\hls\.autopilot\db\ComponentsStream.pp.0.cpp:13055:68: error: Invalid Directive: for current device, ROM_1P + LUTRAM is invalid combination for BIND_STORAGE's option 'type + impl' [clang-diagnostic-error]
#pragma HLS BIND_STORAGE variable=fourth_order_double::cos_K3 type=ROM_1P impl=LUTRAM
                                                                   ^
D:\sidejob\ethernet_NN\NN\hls_component\hls_component\hls\.autopilot\db\ComponentsStream.pp.0.cpp:13056:68: error: Invalid Directive: for current device, ROM_1P + LUTRAM is invalid combination for BIND_STORAGE's option 'type + impl' [clang-diagnostic-error]
#pragma HLS BIND_STORAGE variable=fourth_order_double::cos_K4 type=ROM_1P impl=LUTRAM
                                                                   ^
D:\sidejob\ethernet_NN\NN\hls_component\hls_component\hls\.autopilot\db\ComponentsStream.pp.0.cpp:13057:68: error: Invalid Directive: for current device, ROM_1P + LUTRAM is invalid combination for BIND_STORAGE's option 'type + impl' [clang-diagnostic-error]
#pragma HLS BIND_STORAGE variable=fourth_order_double::sin_K0 type=ROM_1P impl=LUTRAM
                                                                   ^
D:\sidejob\ethernet_NN\NN\hls_component\hls_component\hls\.autopilot\db\ComponentsStream.pp.0.cpp:13058:68: error: Invalid Directive: for current device, ROM_1P + LUTRAM is invalid combination for BIND_STORAGE's option 'type + impl' [clang-diagnostic-error]
#pragma HLS BIND_STORAGE variable=fourth_order_double::sin_K1 type=ROM_1P impl=LUTRAM
                                                                   ^
D:\sidejob\ethernet_NN\NN\hls_component\hls_component\hls\.autopilot\db\ComponentsStream.pp.0.cpp:13059:68: error: Invalid Directive: for current device, ROM_1P + LUTRAM is invalid combination for BIND_STORAGE's option 'type + impl' [clang-diagnostic-error]
#pragma HLS BIND_STORAGE variable=fourth_order_double::sin_K2 type=ROM_1P impl=LUTRAM
                                                                   ^
D:\sidejob\ethernet_NN\NN\hls_component\hls_component\hls\.autopilot\db\ComponentsStream.pp.0.cpp:13060:68: error: Invalid Directive: for current device, ROM_1P + LUTRAM is invalid combination for BIND_STORAGE's option 'type + impl' [clang-diagnostic-error]
#pragma HLS BIND_STORAGE variable=fourth_order_double::sin_K3 type=ROM_1P impl=LUTRAM
                                                                   ^
D:\sidejob\ethernet_NN\NN\hls_component\hls_component\hls\.autopilot\db\ComponentsStream.pp.0.cpp:13061:68: error: Invalid Directive: for current device, ROM_1P + LUTRAM is invalid combination for BIND_STORAGE's option 'type + impl' [clang-diagnostic-error]
#pragma HLS BIND_STORAGE variable=fourth_order_double::sin_K4 type=ROM_1P impl=LUTRAM
                                                                   ^
D:\sidejob\ethernet_NN\NN\hls_component\hls_component\hls\.autopilot\db\ComponentsStream.pp.0.cpp:13111:71: error: Invalid Directive: for current device, ROM_1P + LUTRAM is invalid combination for BIND_STORAGE's option 'type + impl' [clang-diagnostic-error]
#pragma HLS BIND_STORAGE variable=second_order_float::sin_cos_K0 type=ROM_1P impl=LUTRAM
                                                                      ^
D:\sidejob\ethernet_NN\NN\hls_component\hls_component\hls\.autopilot\db\ComponentsStream.pp.0.cpp:13112:71: error: Invalid Directive: for current device, ROM_1P + LUTRAM is invalid combination for BIND_STORAGE's option 'type + impl' [clang-diagnostic-error]
#pragma HLS BIND_STORAGE variable=second_order_float::sin_cos_K1 type=ROM_1P impl=LUTRAM
                                                                      ^
D:\sidejob\ethernet_NN\NN\hls_component\hls_component\hls\.autopilot\db\ComponentsStream.pp.0.cpp:13113:71: error: Invalid Directive: for current device, ROM_1P + LUTRAM is invalid combination for BIND_STORAGE's option 'type + impl' [clang-diagnostic-error]
#pragma HLS BIND_STORAGE variable=second_order_float::sin_cos_K2 type=ROM_1P impl=LUTRAM
                                                                      ^
D:\sidejob\ethernet_NN\NN\hls_component\hls_component\hls\.autopilot\db\ComponentsStream.pp.0.cpp:13140:67: error: Invalid Directive: for current device, ROM_1P + LUTRAM is invalid combination for BIND_STORAGE's option 'type + impl' [clang-diagnostic-error]
#pragma HLS BIND_STORAGE variable=second_order_float::cos_K0 type=ROM_1P impl=LUTRAM
                                                                  ^
D:\sidejob\ethernet_NN\NN\hls_component\hls_component\hls\.autopilot\db\ComponentsStream.pp.0.cpp:13141:67: error: Invalid Directive: for current device, ROM_1P + LUTRAM is invalid combination for BIND_STORAGE's option 'type + impl' [clang-diagnostic-error]
#pragma HLS BIND_STORAGE variable=second_order_float::cos_K1 type=ROM_1P impl=LUTRAM
                                                                  ^
D:\sidejob\ethernet_NN\NN\hls_component\hls_component\hls\.autopilot\db\ComponentsStream.pp.0.cpp:13142:67: error: Invalid Directive: for current device, ROM_1P + LUTRAM is invalid combination for BIND_STORAGE's option 'type + impl' [clang-diagnostic-error]
#pragma HLS BIND_STORAGE variable=second_order_float::cos_K2 type=ROM_1P impl=LUTRAM
                                                                  ^
D:\sidejob\ethernet_NN\NN\hls_component\hls_component\hls\.autopilot\db\ComponentsStream.pp.0.cpp:13143:67: error: Invalid Directive: for current device, ROM_1P + LUTRAM is invalid combination for BIND_STORAGE's option 'type + impl' [clang-diagnostic-error]
#pragma HLS BIND_STORAGE variable=second_order_float::sin_K0 type=ROM_1P impl=LUTRAM
                                                                  ^
D:\sidejob\ethernet_NN\NN\hls_component\hls_component\hls\.autopilot\db\ComponentsStream.pp.0.cpp:13144:67: error: Invalid Directive: for current device, ROM_1P + LUTRAM is invalid combination for BIND_STORAGE's option 'type + impl' [clang-diagnostic-error]
#pragma HLS BIND_STORAGE variable=second_order_float::sin_K1 type=ROM_1P impl=LUTRAM
                                                                  ^
D:\sidejob\ethernet_NN\NN\hls_component\hls_component\hls\.autopilot\db\ComponentsStream.pp.0.cpp:13145:67: error: Invalid Directive: for current device, ROM_1P + LUTRAM is invalid combination for BIND_STORAGE's option 'type + impl' [clang-diagnostic-error]
#pragma HLS BIND_STORAGE variable=second_order_float::sin_K2 type=ROM_1P impl=LUTRAM
                                                                  ^
D:\sidejob\ethernet_NN\NN\hls_component\hls_component\hls\.autopilot\db\ComponentsStream.pp.0.cpp:13181:73: error: Invalid Directive: for current device, ROM_1P + LUTRAM is invalid combination for BIND_STORAGE's option 'type + impl' [clang-diagnostic-error]
#pragma HLS BIND_STORAGE variable=first_order_fixed_16::sin_cos_K0 type=ROM_1P impl=LUTRAM
                                                                        ^
D:\sidejob\ethernet_NN\NN\hls_component\hls_component\hls\.autopilot\db\ComponentsStream.pp.0.cpp:13182:73: error: Invalid Directive: for current device, ROM_1P + LUTRAM is invalid combination for BIND_STORAGE's option 'type + impl' [clang-diagnostic-error]
#pragma HLS BIND_STORAGE variable=first_order_fixed_16::sin_cos_K1 type=ROM_1P impl=LUTRAM
                                                                        ^
D:\sidejob\ethernet_NN\NN\hls_component\hls_component\hls\.autopilot\db\ComponentsStream.pp.0.cpp:13456:5: warning: Added loop label VITIS_LOOP_61_1:   [xilinx-label-all-loops]
    for (int n=0; n<Nmax; n++){
    ^~~
    VITIS_LOOP_61_1: 
D:\sidejob\ethernet_NN\NN\hls_component\hls_component\hls\.autopilot\db\ComponentsStream.pp.0.cpp:13456:5: note: FIX-IT applied suggested code changes
D:\sidejob\ethernet_NN\NN\hls_component\hls_component\hls\.autopilot\db\ComponentsStream.pp.0.cpp:13502:5: warning: Added loop label VITIS_LOOP_117_1:   [xilinx-label-all-loops]
    for (int n=0; n<Nmax; n++){
    ^~~
    VITIS_LOOP_117_1: 
D:\sidejob\ethernet_NN\NN\hls_component\hls_component\hls\.autopilot\db\ComponentsStream.pp.0.cpp:13502:5: note: FIX-IT applied suggested code changes
D:\sidejob\ethernet_NN\NN\hls_component\hls_component\hls\.autopilot\db\ComponentsStream.pp.0.cpp:13665:9: warning: Added loop label VITIS_LOOP_289_1:   [xilinx-label-all-loops]
        for(int i=0;i<W-1;i++){
        ^~~
        VITIS_LOOP_289_1: 
D:\sidejob\ethernet_NN\NN\hls_component\hls_component\hls\.autopilot\db\ComponentsStream.pp.0.cpp:13665:9: note: FIX-IT applied suggested code changes
D:\sidejob\ethernet_NN\NN\hls_component\hls_component\hls\.autopilot\db\ComponentsStream.pp.0.cpp:13817:9: warning: Added loop label VITIS_LOOP_449_1:   [xilinx-label-all-loops]
        for(int i=0;i<W-1;i++){
        ^~~
        VITIS_LOOP_449_1: 
D:\sidejob\ethernet_NN\NN\hls_component\hls_component\hls\.autopilot\db\ComponentsStream.pp.0.cpp:13817:9: note: FIX-IT applied suggested code changes
D:\sidejob\ethernet_NN\NN\hls_component\hls_component\hls\.autopilot\db\ComponentsStream.pp.0.cpp:13997:5: warning: Added loop label VITIS_LOOP_629_1:   [xilinx-label-all-loops]
    for(int i=0;i<W+1;i++){
    ^~~
    VITIS_LOOP_629_1: 
D:\sidejob\ethernet_NN\NN\hls_component\hls_component\hls\.autopilot\db\ComponentsStream.pp.0.cpp:13997:5: note: FIX-IT applied suggested code changes
D:\sidejob\ethernet_NN\NN\hls_component\hls_component\hls\.autopilot\db\ComponentsStream.pp.0.cpp:14001:5: warning: Added loop label VITIS_LOOP_633_2:   [xilinx-label-all-loops]
    for(int i=0;i<W+1;i++){
    ^~~
    VITIS_LOOP_633_2: 
D:\sidejob\ethernet_NN\NN\hls_component\hls_component\hls\.autopilot\db\ComponentsStream.pp.0.cpp:14001:5: note: FIX-IT applied suggested code changes
D:\sidejob\ethernet_NN\NN\hls_component\hls_component\hls\.autopilot\db\ComponentsStream.pp.0.cpp:14111:5: warning: Added loop label VITIS_LOOP_743_1:   [xilinx-label-all-loops]
    for (int n=0; n<Nmax; n++){
    ^~~
    VITIS_LOOP_743_1: 
D:\sidejob\ethernet_NN\NN\hls_component\hls_component\hls\.autopilot\db\ComponentsStream.pp.0.cpp:14111:5: note: FIX-IT applied suggested code changes
D:\sidejob\ethernet_NN\NN\hls_component\hls_component\hls\.autopilot\db\ComponentsStream.pp.0.cpp:14201:7: warning: Added loop label VITIS_LOOP_840_1:   [xilinx-label-all-loops]
      for(int i=0;i<W-1;i++){
      ^~~
      VITIS_LOOP_840_1: 
D:\sidejob\ethernet_NN\NN\hls_component\hls_component\hls\.autopilot\db\ComponentsStream.pp.0.cpp:14201:7: note: FIX-IT applied suggested code changes
D:\sidejob\ethernet_NN\NN\hls_component\hls_component\hls\.autopilot\db\ComponentsStream.pp.0.cpp:14220:7: warning: Added loop label VITIS_LOOP_859_2:   [xilinx-label-all-loops]
      for(int i=0;i<W-1;i++){
      ^~~
      VITIS_LOOP_859_2: 
D:\sidejob\ethernet_NN\NN\hls_component\hls_component\hls\.autopilot\db\ComponentsStream.pp.0.cpp:14220:7: note: FIX-IT applied suggested code changes
D:\sidejob\ethernet_NN\NN\hls_component\hls_component\hls\.autopilot\db\ComponentsStream.pp.0.cpp:14510:5: warning: Added loop label VITIS_LOOP_1173_1:   [xilinx-label-all-loops]
    for(int i=0; i<Nmax; i++) {
    ^~~
    VITIS_LOOP_1173_1: 
D:\sidejob\ethernet_NN\NN\hls_component\hls_component\hls\.autopilot\db\ComponentsStream.pp.0.cpp:14510:5: note: FIX-IT applied suggested code changes
D:\sidejob\ethernet_NN\NN\hls_component\hls_component\hls\.autopilot\db\ComponentsStream.pp.0.cpp:14593:5: warning: Added loop label VITIS_LOOP_1256_1:   [xilinx-label-all-loops]
    for(int i=0; i<Nmax; i++) {
    ^~~
    VITIS_LOOP_1256_1: 
D:\sidejob\ethernet_NN\NN\hls_component\hls_component\hls\.autopilot\db\ComponentsStream.pp.0.cpp:14593:5: note: FIX-IT applied suggested code changes
D:\sidejob\ethernet_NN\NN\hls_component\hls_component\hls\.autopilot\db\ComponentsStream.pp.0.cpp:14999:13: warning: Added loop label VITIS_LOOP_68_1:   [xilinx-label-all-loops]
            for (int j = 3; j >= I_+1; j--) {
            ^~~
            VITIS_LOOP_68_1: 
D:\sidejob\ethernet_NN\NN\hls_component\hls_component\hls\.autopilot\db\ComponentsStream.pp.0.cpp:14999:13: note: FIX-IT applied suggested code changes
D:\sidejob\ethernet_NN\NN\hls_component\hls_component\hls\.autopilot\db\ComponentsStream.pp.0.cpp:15005:17: warning: Added loop label VITIS_LOOP_74_2:   [xilinx-label-all-loops]
                for (int j = 3; j >= I_+1; j--){
                ^~~
                VITIS_LOOP_74_2: 
D:\sidejob\ethernet_NN\NN\hls_component\hls_component\hls\.autopilot\db\ComponentsStream.pp.0.cpp:15005:17: note: FIX-IT applied suggested code changes
D:\sidejob\ethernet_NN\NN\hls_component\hls_component\hls\.autopilot\db\ComponentsStream.pp.0.cpp:15009:17: warning: Added loop label VITIS_LOOP_78_3:   [xilinx-label-all-loops]
                for (int j = I_; j >= 0; j--){
                ^~~
                VITIS_LOOP_78_3: 
D:\sidejob\ethernet_NN\NN\hls_component\hls_component\hls\.autopilot\db\ComponentsStream.pp.0.cpp:15009:17: note: FIX-IT applied suggested code changes
D:\sidejob\ethernet_NN\NN\hls_component\hls_component\hls\.autopilot\db\ComponentsStream.pp.0.cpp:15057:13: warning: Added loop label VITIS_LOOP_145_4:   [xilinx-label-all-loops]
            for (int j = 9; j >= I_+4; j--) {
            ^~~
            VITIS_LOOP_145_4: 
D:\sidejob\ethernet_NN\NN\hls_component\hls_component\hls\.autopilot\db\ComponentsStream.pp.0.cpp:15057:13: note: FIX-IT applied suggested code changes
D:\sidejob\ethernet_NN\NN\hls_component\hls_component\hls\.autopilot\db\ComponentsStream.pp.0.cpp:15063:17: warning: Added loop label VITIS_LOOP_151_5:   [xilinx-label-all-loops]
                for (int j = 9; j >= I_+4; j--){
                ^~~
                VITIS_LOOP_151_5: 
D:\sidejob\ethernet_NN\NN\hls_component\hls_component\hls\.autopilot\db\ComponentsStream.pp.0.cpp:15063:17: note: FIX-IT applied suggested code changes
D:\sidejob\ethernet_NN\NN\hls_component\hls_component\hls\.autopilot\db\ComponentsStream.pp.0.cpp:15067:17: warning: Added loop label VITIS_LOOP_155_6:   [xilinx-label-all-loops]
                for (int j = I_+3; j >= 0; j--){
                ^~~
                VITIS_LOOP_155_6: 
D:\sidejob\ethernet_NN\NN\hls_component\hls_component\hls\.autopilot\db\ComponentsStream.pp.0.cpp:15067:17: note: FIX-IT applied suggested code changes
D:\sidejob\ethernet_NN\NN\hls_component\hls_component\hls\.autopilot\db\ComponentsStream.pp.0.cpp:15082:9: warning: Added loop label VITIS_LOOP_170_7:   [xilinx-label-all-loops]
        for (int j = 14; j < 22; j++){
        ^~~
        VITIS_LOOP_170_7: 
D:\sidejob\ethernet_NN\NN\hls_component\hls_component\hls\.autopilot\db\ComponentsStream.pp.0.cpp:15082:9: note: FIX-IT applied suggested code changes
D:\sidejob\ethernet_NN\NN\hls_component\hls_component\hls\.autopilot\db\ComponentsStream.pp.0.cpp:15090:17: warning: Added loop label VITIS_LOOP_178_8:   [xilinx-label-all-loops]
                for (int j = 0; j < 22; j++){
                ^~~
                VITIS_LOOP_178_8: 
D:\sidejob\ethernet_NN\NN\hls_component\hls_component\hls\.autopilot\db\ComponentsStream.pp.0.cpp:15090:17: note: FIX-IT applied suggested code changes
D:\sidejob\ethernet_NN\NN\hls_component\hls_component\hls\.autopilot\db\ComponentsStream.pp.0.cpp:15155:13: warning: Added loop label VITIS_LOOP_243_9:   [xilinx-label-all-loops]
            for (int j = 21; j >= I_+10; j--) {
            ^~~
            VITIS_LOOP_243_9: 
D:\sidejob\ethernet_NN\NN\hls_component\hls_component\hls\.autopilot\db\ComponentsStream.pp.0.cpp:15155:13: note: FIX-IT applied suggested code changes
D:\sidejob\ethernet_NN\NN\hls_component\hls_component\hls\.autopilot\db\ComponentsStream.pp.0.cpp:15161:17: warning: Added loop label VITIS_LOOP_249_10:   [xilinx-label-all-loops]
                for (int j = 21; j >= I_+10; j--) {
                ^~~
                VITIS_LOOP_249_10: 
D:\sidejob\ethernet_NN\NN\hls_component\hls_component\hls\.autopilot\db\ComponentsStream.pp.0.cpp:15161:17: note: FIX-IT applied suggested code changes
D:\sidejob\ethernet_NN\NN\hls_component\hls_component\hls\.autopilot\db\ComponentsStream.pp.0.cpp:15165:17: warning: Added loop label VITIS_LOOP_253_11:   [xilinx-label-all-loops]
                for (int j = I_+9; j >= 0; j--) {
                ^~~
                VITIS_LOOP_253_11: 
D:\sidejob\ethernet_NN\NN\hls_component\hls_component\hls\.autopilot\db\ComponentsStream.pp.0.cpp:15165:17: note: FIX-IT applied suggested code changes
D:\sidejob\ethernet_NN\NN\hls_component\hls_component\hls\.autopilot\db\ComponentsStream.pp.0.cpp:15180:9: warning: Added loop label VITIS_LOOP_268_12:   [xilinx-label-all-loops]
        for (int j = 27; j < 46; j++){
        ^~~
        VITIS_LOOP_268_12: 
D:\sidejob\ethernet_NN\NN\hls_component\hls_component\hls\.autopilot\db\ComponentsStream.pp.0.cpp:15180:9: note: FIX-IT applied suggested code changes
D:\sidejob\ethernet_NN\NN\hls_component\hls_component\hls\.autopilot\db\ComponentsStream.pp.0.cpp:15188:17: warning: Added loop label VITIS_LOOP_276_13:   [xilinx-label-all-loops]
                for (int j = 0; j < 46; j++) {
                ^~~
                VITIS_LOOP_276_13: 
D:\sidejob\ethernet_NN\NN\hls_component\hls_component\hls\.autopilot\db\ComponentsStream.pp.0.cpp:15188:17: note: FIX-IT applied suggested code changes
D:\sidejob\ethernet_NN\NN\hls_component\hls_component\hls\.autopilot\db\ComponentsStream.pp.0.cpp:15417:13: warning: Added loop label VITIS_LOOP_505_14:   [xilinx-label-all-loops]
            for (int j = 45; j >= I_+22; j--) {
            ^~~
            VITIS_LOOP_505_14: 
D:\sidejob\ethernet_NN\NN\hls_component\hls_component\hls\.autopilot\db\ComponentsStream.pp.0.cpp:15417:13: note: FIX-IT applied suggested code changes
D:\sidejob\ethernet_NN\NN\hls_component\hls_component\hls\.autopilot\db\ComponentsStream.pp.0.cpp:15423:17: warning: Added loop label VITIS_LOOP_511_15:   [xilinx-label-all-loops]
                for (int j = 45; j >= I_+22; j--){
                ^~~
                VITIS_LOOP_511_15: 
D:\sidejob\ethernet_NN\NN\hls_component\hls_component\hls\.autopilot\db\ComponentsStream.pp.0.cpp:15423:17: note: FIX-IT applied suggested code changes
D:\sidejob\ethernet_NN\NN\hls_component\hls_component\hls\.autopilot\db\ComponentsStream.pp.0.cpp:15427:17: warning: Added loop label VITIS_LOOP_515_16:   [xilinx-label-all-loops]
                for (int j = I_+21; j >= 0; j--) {
                ^~~
                VITIS_LOOP_515_16: 
D:\sidejob\ethernet_NN\NN\hls_component\hls_component\hls\.autopilot\db\ComponentsStream.pp.0.cpp:15427:17: note: FIX-IT applied suggested code changes
D:\sidejob\ethernet_NN\NN\hls_component\hls_component\hls\.autopilot\db\ComponentsStream.pp.0.cpp:15437:9: warning: Added loop label VITIS_LOOP_525_17:   [xilinx-label-all-loops]
        for (int j = 32-F_; j < 32+I_; j++){
        ^~~
        VITIS_LOOP_525_17: 
D:\sidejob\ethernet_NN\NN\hls_component\hls_component\hls\.autopilot\db\ComponentsStream.pp.0.cpp:15437:9: note: FIX-IT applied suggested code changes
D:\sidejob\ethernet_NN\NN\hls_component\hls_component\hls\.autopilot\db\ComponentsStream.pp.0.cpp:15441:9: warning: Added loop label VITIS_LOOP_529_18:   [xilinx-label-all-loops]
        for (int j = 32+I_; j <= 64; j++){
        ^~~
        VITIS_LOOP_529_18: 
D:\sidejob\ethernet_NN\NN\hls_component\hls_component\hls\.autopilot\db\ComponentsStream.pp.0.cpp:15441:9: note: FIX-IT applied suggested code changes
D:\sidejob\ethernet_NN\NN\hls_component\hls_component\hls\.autopilot\db\ComponentsStream.pp.0.cpp:15451:9: warning: Added loop label VITIS_LOOP_539_19:   [xilinx-label-all-loops]
        for (int j = 37; j < 64; j++) {
        ^~~
        VITIS_LOOP_539_19: 
D:\sidejob\ethernet_NN\NN\hls_component\hls_component\hls\.autopilot\db\ComponentsStream.pp.0.cpp:15451:9: note: FIX-IT applied suggested code changes
D:\sidejob\ethernet_NN\NN\hls_component\hls_component\hls\.autopilot\db\ComponentsStream.pp.0.cpp:15459:17: warning: Added loop label VITIS_LOOP_547_20:   [xilinx-label-all-loops]
                for (int j = 0; j < 64; j++){
                ^~~
                VITIS_LOOP_547_20: 
D:\sidejob\ethernet_NN\NN\hls_component\hls_component\hls\.autopilot\db\ComponentsStream.pp.0.cpp:15459:17: note: FIX-IT applied suggested code changes
D:\sidejob\ethernet_NN\NN\hls_component\hls_component\hls\.autopilot\db\ComponentsStream.pp.0.cpp:15820:13: warning: Added loop label VITIS_LOOP_908_21:   [xilinx-label-all-loops]
            for (int j = 63; j >= I_+31; j--) {
            ^~~
            VITIS_LOOP_908_21: 
D:\sidejob\ethernet_NN\NN\hls_component\hls_component\hls\.autopilot\db\ComponentsStream.pp.0.cpp:15820:13: note: FIX-IT applied suggested code changes
D:\sidejob\ethernet_NN\NN\hls_component\hls_component\hls\.autopilot\db\ComponentsStream.pp.0.cpp:15826:17: warning: Added loop label VITIS_LOOP_914_22:   [xilinx-label-all-loops]
                for (int j = 63; j >= I_+31; j--) {
                ^~~
                VITIS_LOOP_914_22: 
D:\sidejob\ethernet_NN\NN\hls_component\hls_component\hls\.autopilot\db\ComponentsStream.pp.0.cpp:15826:17: note: FIX-IT applied suggested code changes
D:\sidejob\ethernet_NN\NN\hls_component\hls_component\hls\.autopilot\db\ComponentsStream.pp.0.cpp:15830:17: warning: Added loop label VITIS_LOOP_918_23:   [xilinx-label-all-loops]
                for (int j = I_+30; j >= 0; j--) {
                ^~~
                VITIS_LOOP_918_23: 
D:\sidejob\ethernet_NN\NN\hls_component\hls_component\hls\.autopilot\db\ComponentsStream.pp.0.cpp:15830:17: note: FIX-IT applied suggested code changes
D:\sidejob\ethernet_NN\NN\hls_component\hls_component\hls\.autopilot\db\ComponentsStream.pp.0.cpp:15946:13: warning: Added loop label VITIS_LOOP_1034_1:   [xilinx-label-all-loops]
            for (int j = 4; j >= I_+1; j--) {
            ^~~
            VITIS_LOOP_1034_1: 
D:\sidejob\ethernet_NN\NN\hls_component\hls_component\hls\.autopilot\db\ComponentsStream.pp.0.cpp:15946:13: note: FIX-IT applied suggested code changes
D:\sidejob\ethernet_NN\NN\hls_component\hls_component\hls\.autopilot\db\ComponentsStream.pp.0.cpp:15952:17: warning: Added loop label VITIS_LOOP_1040_2:   [xilinx-label-all-loops]
                for (int j = 4; j >= I_+1; j--) {
                ^~~
                VITIS_LOOP_1040_2: 
D:\sidejob\ethernet_NN\NN\hls_component\hls_component\hls\.autopilot\db\ComponentsStream.pp.0.cpp:15952:17: note: FIX-IT applied suggested code changes
D:\sidejob\ethernet_NN\NN\hls_component\hls_component\hls\.autopilot\db\ComponentsStream.pp.0.cpp:15956:17: warning: Added loop label VITIS_LOOP_1044_3:   [xilinx-label-all-loops]
                for (int j = I_; j >= 0; j--) {
                ^~~
                VITIS_LOOP_1044_3: 
D:\sidejob\ethernet_NN\NN\hls_component\hls_component\hls\.autopilot\db\ComponentsStream.pp.0.cpp:15956:17: note: FIX-IT applied suggested code changes
D:\sidejob\ethernet_NN\NN\hls_component\hls_component\hls\.autopilot\db\ComponentsStream.pp.0.cpp:16043:13: warning: Added loop label VITIS_LOOP_1131_4:   [xilinx-label-all-loops]
            for (int j = 10; j >= I_+4; j--) {
            ^~~
            VITIS_LOOP_1131_4: 
D:\sidejob\ethernet_NN\NN\hls_component\hls_component\hls\.autopilot\db\ComponentsStream.pp.0.cpp:16043:13: note: FIX-IT applied suggested code changes
D:\sidejob\ethernet_NN\NN\hls_component\hls_component\hls\.autopilot\db\ComponentsStream.pp.0.cpp:16049:17: warning: Added loop label VITIS_LOOP_1137_5:   [xilinx-label-all-loops]
                for (int j = 10; j >= I_+4; j--) {
                ^~~
                VITIS_LOOP_1137_5: 
D:\sidejob\ethernet_NN\NN\hls_component\hls_component\hls\.autopilot\db\ComponentsStream.pp.0.cpp:16049:17: note: FIX-IT applied suggested code changes
D:\sidejob\ethernet_NN\NN\hls_component\hls_component\hls\.autopilot\db\ComponentsStream.pp.0.cpp:16053:17: warning: Added loop label VITIS_LOOP_1141_6:   [xilinx-label-all-loops]
                for (int j = I_+3; j >= 0; j--) {
                ^~~
                VITIS_LOOP_1141_6: 
D:\sidejob\ethernet_NN\NN\hls_component\hls_component\hls\.autopilot\db\ComponentsStream.pp.0.cpp:16053:17: note: FIX-IT applied suggested code changes
D:\sidejob\ethernet_NN\NN\hls_component\hls_component\hls\.autopilot\db\ComponentsStream.pp.0.cpp:16072:9: warning: Added loop label VITIS_LOOP_1160_7:   [xilinx-label-all-loops]
        for (int j = wf+3; j < w-1; j++) {
        ^~~
        VITIS_LOOP_1160_7: 
D:\sidejob\ethernet_NN\NN\hls_component\hls_component\hls\.autopilot\db\ComponentsStream.pp.0.cpp:16072:9: note: FIX-IT applied suggested code changes
D:\sidejob\ethernet_NN\NN\hls_component\hls_component\hls\.autopilot\db\ComponentsStream.pp.0.cpp:16079:17: warning: Added loop label VITIS_LOOP_1167_8:   [xilinx-label-all-loops]
                for (int j = 0; j < 22; j++) {
                ^~~
                VITIS_LOOP_1167_8: 
D:\sidejob\ethernet_NN\NN\hls_component\hls_component\hls\.autopilot\db\ComponentsStream.pp.0.cpp:16079:17: note: FIX-IT applied suggested code changes
D:\sidejob\ethernet_NN\NN\hls_component\hls_component\hls\.autopilot\db\ComponentsStream.pp.0.cpp:16195:13: warning: Added loop label VITIS_LOOP_1283_9:   [xilinx-label-all-loops]
            for (int j = 22; j >= I_+10; j--) {
            ^~~
            VITIS_LOOP_1283_9: 
D:\sidejob\ethernet_NN\NN\hls_component\hls_component\hls\.autopilot\db\ComponentsStream.pp.0.cpp:16195:13: note: FIX-IT applied suggested code changes
D:\sidejob\ethernet_NN\NN\hls_component\hls_component\hls\.autopilot\db\ComponentsStream.pp.0.cpp:16201:17: warning: Added loop label VITIS_LOOP_1289_10:   [xilinx-label-all-loops]
                for (int j = 22; j >= I_+10; j--){
                ^~~
                VITIS_LOOP_1289_10: 
D:\sidejob\ethernet_NN\NN\hls_component\hls_component\hls\.autopilot\db\ComponentsStream.pp.0.cpp:16201:17: note: FIX-IT applied suggested code changes
D:\sidejob\ethernet_NN\NN\hls_component\hls_component\hls\.autopilot\db\ComponentsStream.pp.0.cpp:16205:17: warning: Added loop label VITIS_LOOP_1293_11:   [xilinx-label-all-loops]
                for (int j = I_+9; j >= 0; j--) {
                ^~~
                VITIS_LOOP_1293_11: 
D:\sidejob\ethernet_NN\NN\hls_component\hls_component\hls\.autopilot\db\ComponentsStream.pp.0.cpp:16205:17: note: FIX-IT applied suggested code changes
D:\sidejob\ethernet_NN\NN\hls_component\hls_component\hls\.autopilot\db\ComponentsStream.pp.0.cpp:16225:9: warning: Added loop label VITIS_LOOP_1313_12:   [xilinx-label-all-loops]
        for (int j = wf+4; j < w-1; j++){
        ^~~
        VITIS_LOOP_1313_12: 
D:\sidejob\ethernet_NN\NN\hls_component\hls_component\hls\.autopilot\db\ComponentsStream.pp.0.cpp:16225:9: note: FIX-IT applied suggested code changes
D:\sidejob\ethernet_NN\NN\hls_component\hls_component\hls\.autopilot\db\ComponentsStream.pp.0.cpp:16232:17: warning: Added loop label VITIS_LOOP_1320_13:   [xilinx-label-all-loops]
                for (int j = 0; j < 46; j++) {
                ^~~
                VITIS_LOOP_1320_13: 
D:\sidejob\ethernet_NN\NN\hls_component\hls_component\hls\.autopilot\db\ComponentsStream.pp.0.cpp:16232:17: note: FIX-IT applied suggested code changes
D:\sidejob\ethernet_NN\NN\hls_component\hls_component\hls\.autopilot\db\ComponentsStream.pp.0.cpp:16494:13: warning: Added loop label VITIS_LOOP_1582_14:   [xilinx-label-all-loops]
            for (int j = 46; j >= I_+22; j--) {
            ^~~
            VITIS_LOOP_1582_14: 
D:\sidejob\ethernet_NN\NN\hls_component\hls_component\hls\.autopilot\db\ComponentsStream.pp.0.cpp:16494:13: note: FIX-IT applied suggested code changes
D:\sidejob\ethernet_NN\NN\hls_component\hls_component\hls\.autopilot\db\ComponentsStream.pp.0.cpp:16500:17: warning: Added loop label VITIS_LOOP_1588_15:   [xilinx-label-all-loops]
                for (int j = 46; j >= I_+22; j--) {
                ^~~
                VITIS_LOOP_1588_15: 
D:\sidejob\ethernet_NN\NN\hls_component\hls_component\hls\.autopilot\db\ComponentsStream.pp.0.cpp:16500:17: note: FIX-IT applied suggested code changes
D:\sidejob\ethernet_NN\NN\hls_component\hls_component\hls\.autopilot\db\ComponentsStream.pp.0.cpp:16504:17: warning: Added loop label VITIS_LOOP_1592_16:   [xilinx-label-all-loops]
                for (int j = I_+21; j >= 0; j--) {
                ^~~
                VITIS_LOOP_1592_16: 
D:\sidejob\ethernet_NN\NN\hls_component\hls_component\hls\.autopilot\db\ComponentsStream.pp.0.cpp:16504:17: note: FIX-IT applied suggested code changes
D:\sidejob\ethernet_NN\NN\hls_component\hls_component\hls\.autopilot\db\ComponentsStream.pp.0.cpp:16528:9: warning: Added loop label VITIS_LOOP_1616_17:   [xilinx-label-all-loops]
        for (int j = wf+5; j < w-1; j++){
        ^~~
        VITIS_LOOP_1616_17: 
D:\sidejob\ethernet_NN\NN\hls_component\hls_component\hls\.autopilot\db\ComponentsStream.pp.0.cpp:16528:9: note: FIX-IT applied suggested code changes
D:\sidejob\ethernet_NN\NN\hls_component\hls_component\hls\.autopilot\db\ComponentsStream.pp.0.cpp:16535:17: warning: Added loop label VITIS_LOOP_1623_18:   [xilinx-label-all-loops]
                for (int j = 0; j < 64; j++) {
                ^~~
                VITIS_LOOP_1623_18: 
D:\sidejob\ethernet_NN\NN\hls_component\hls_component\hls\.autopilot\db\ComponentsStream.pp.0.cpp:16535:17: note: FIX-IT applied suggested code changes
D:\sidejob\ethernet_NN\NN\hls_component\hls_component\hls\.autopilot\db\ComponentsStream.pp.0.cpp:16965:13: warning: Added loop label VITIS_LOOP_2053_19:   [xilinx-label-all-loops]
            for (int j = 64; j >= I_+31; j--) {
            ^~~
            VITIS_LOOP_2053_19: 
D:\sidejob\ethernet_NN\NN\hls_component\hls_component\hls\.autopilot\db\ComponentsStream.pp.0.cpp:16965:13: note: FIX-IT applied suggested code changes
D:\sidejob\ethernet_NN\NN\hls_component\hls_component\hls\.autopilot\db\ComponentsStream.pp.0.cpp:16971:17: warning: Added loop label VITIS_LOOP_2059_20:   [xilinx-label-all-loops]
                for (int j = 64; j >= I_+31; j--) {
                ^~~
                VITIS_LOOP_2059_20: 
D:\sidejob\ethernet_NN\NN\hls_component\hls_component\hls\.autopilot\db\ComponentsStream.pp.0.cpp:16971:17: note: FIX-IT applied suggested code changes
D:\sidejob\ethernet_NN\NN\hls_component\hls_component\hls\.autopilot\db\ComponentsStream.pp.0.cpp:16975:17: warning: Added loop label VITIS_LOOP_2063_21:   [xilinx-label-all-loops]
                for (int j = I_+30; j >= 0; j--) {
                ^~~
                VITIS_LOOP_2063_21: 
D:\sidejob\ethernet_NN\NN\hls_component\hls_component\hls\.autopilot\db\ComponentsStream.pp.0.cpp:16975:17: note: FIX-IT applied suggested code changes
D:\sidejob\ethernet_NN\NN\hls_component\hls_component\hls\.autopilot\db\ComponentsStream.pp.0.cpp:17105:13: warning: Added loop label VITIS_LOOP_2193_1:   [xilinx-label-all-loops]
            for(int j=3; j>=I+1; j--) {
            ^~~
            VITIS_LOOP_2193_1: 
D:\sidejob\ethernet_NN\NN\hls_component\hls_component\hls\.autopilot\db\ComponentsStream.pp.0.cpp:17105:13: note: FIX-IT applied suggested code changes
D:\sidejob\ethernet_NN\NN\hls_component\hls_component\hls\.autopilot\db\ComponentsStream.pp.0.cpp:17112:17: warning: Added loop label VITIS_LOOP_2200_2:   [xilinx-label-all-loops]
                for(int j=3; j>=I+1; j--) {
                ^~~
                VITIS_LOOP_2200_2: 
D:\sidejob\ethernet_NN\NN\hls_component\hls_component\hls\.autopilot\db\ComponentsStream.pp.0.cpp:17112:17: note: FIX-IT applied suggested code changes
D:\sidejob\ethernet_NN\NN\hls_component\hls_component\hls\.autopilot\db\ComponentsStream.pp.0.cpp:17116:17: warning: Added loop label VITIS_LOOP_2204_3:   [xilinx-label-all-loops]
                for(int j=I; j>=0; j--) {
                ^~~
                VITIS_LOOP_2204_3: 
D:\sidejob\ethernet_NN\NN\hls_component\hls_component\hls\.autopilot\db\ComponentsStream.pp.0.cpp:17116:17: note: FIX-IT applied suggested code changes
D:\sidejob\ethernet_NN\NN\hls_component\hls_component\hls\.autopilot\db\ComponentsStream.pp.0.cpp:17163:13: warning: Added loop label VITIS_LOOP_2251_4:   [xilinx-label-all-loops]
            for(int j=7; j>=3+I; j--) {
            ^~~
            VITIS_LOOP_2251_4: 
D:\sidejob\ethernet_NN\NN\hls_component\hls_component\hls\.autopilot\db\ComponentsStream.pp.0.cpp:17163:13: note: FIX-IT applied suggested code changes
D:\sidejob\ethernet_NN\NN\hls_component\hls_component\hls\.autopilot\db\ComponentsStream.pp.0.cpp:17170:17: warning: Added loop label VITIS_LOOP_2258_5:   [xilinx-label-all-loops]
                for(int j=7; j>=3+I; j--) {
                ^~~
                VITIS_LOOP_2258_5: 
D:\sidejob\ethernet_NN\NN\hls_component\hls_component\hls\.autopilot\db\ComponentsStream.pp.0.cpp:17170:17: note: FIX-IT applied suggested code changes
D:\sidejob\ethernet_NN\NN\hls_component\hls_component\hls\.autopilot\db\ComponentsStream.pp.0.cpp:17174:17: warning: Added loop label VITIS_LOOP_2262_6:   [xilinx-label-all-loops]
                for(int j=I+2; j>=0; j--) {
                ^~~
                VITIS_LOOP_2262_6: 
D:\sidejob\ethernet_NN\NN\hls_component\hls_component\hls\.autopilot\db\ComponentsStream.pp.0.cpp:17174:17: note: FIX-IT applied suggested code changes
D:\sidejob\ethernet_NN\NN\hls_component\hls_component\hls\.autopilot\db\ComponentsStream.pp.0.cpp:17192:9: warning: Added loop label VITIS_LOOP_2280_7:   [xilinx-label-all-loops]
        for(int j=11; j<16; j++) {
        ^~~
        VITIS_LOOP_2280_7: 
D:\sidejob\ethernet_NN\NN\hls_component\hls_component\hls\.autopilot\db\ComponentsStream.pp.0.cpp:17192:9: note: FIX-IT applied suggested code changes
D:\sidejob\ethernet_NN\NN\hls_component\hls_component\hls\.autopilot\db\ComponentsStream.pp.0.cpp:17247:13: warning: Added loop label VITIS_LOOP_2335_8:   [xilinx-label-all-loops]
            for(int j=15; j>=7+I; j--) {
            ^~~
            VITIS_LOOP_2335_8: 
D:\sidejob\ethernet_NN\NN\hls_component\hls_component\hls\.autopilot\db\ComponentsStream.pp.0.cpp:17247:13: note: FIX-IT applied suggested code changes
D:\sidejob\ethernet_NN\NN\hls_component\hls_component\hls\.autopilot\db\ComponentsStream.pp.0.cpp:17254:17: warning: Added loop label VITIS_LOOP_2342_9:   [xilinx-label-all-loops]
                for(int j=15; j>=7+I; j--) {
                ^~~
                VITIS_LOOP_2342_9: 
D:\sidejob\ethernet_NN\NN\hls_component\hls_component\hls\.autopilot\db\ComponentsStream.pp.0.cpp:17254:17: note: FIX-IT applied suggested code changes
D:\sidejob\ethernet_NN\NN\hls_component\hls_component\hls\.autopilot\db\ComponentsStream.pp.0.cpp:17258:17: warning: Added loop label VITIS_LOOP_2346_10:   [xilinx-label-all-loops]
                for(int j=6+I; j>=0; j--) {
                ^~~
                VITIS_LOOP_2346_10: 
D:\sidejob\ethernet_NN\NN\hls_component\hls_component\hls\.autopilot\db\ComponentsStream.pp.0.cpp:17258:17: note: FIX-IT applied suggested code changes
D:\sidejob\ethernet_NN\NN\hls_component\hls_component\hls\.autopilot\db\ComponentsStream.pp.0.cpp:17276:9: warning: Added loop label VITIS_LOOP_2364_11:   [xilinx-label-all-loops]
        for(int j=20; j<32; j++) {
        ^~~
        VITIS_LOOP_2364_11: 
D:\sidejob\ethernet_NN\NN\hls_component\hls_component\hls\.autopilot\db\ComponentsStream.pp.0.cpp:17276:9: note: FIX-IT applied suggested code changes
D:\sidejob\ethernet_NN\NN\hls_component\hls_component\hls\.autopilot\db\ComponentsStream.pp.0.cpp:17365:13: warning: Added loop label VITIS_LOOP_2453_12:   [xilinx-label-all-loops]
            for(int j=31; j>=I+15; j--) {
            ^~~
            VITIS_LOOP_2453_12: 
D:\sidejob\ethernet_NN\NN\hls_component\hls_component\hls\.autopilot\db\ComponentsStream.pp.0.cpp:17365:13: note: FIX-IT applied suggested code changes
D:\sidejob\ethernet_NN\NN\hls_component\hls_component\hls\.autopilot\db\ComponentsStream.pp.0.cpp:17372:17: warning: Added loop label VITIS_LOOP_2460_13:   [xilinx-label-all-loops]
                for(int j=31; j>=I+15; j--) {
                ^~~
                VITIS_LOOP_2460_13: 
D:\sidejob\ethernet_NN\NN\hls_component\hls_component\hls\.autopilot\db\ComponentsStream.pp.0.cpp:17372:17: note: FIX-IT applied suggested code changes
D:\sidejob\ethernet_NN\NN\hls_component\hls_component\hls\.autopilot\db\ComponentsStream.pp.0.cpp:17376:17: warning: Added loop label VITIS_LOOP_2464_14:   [xilinx-label-all-loops]
                for(int j=I+14; j>=0; j--) {
                ^~~
                VITIS_LOOP_2464_14: 
D:\sidejob\ethernet_NN\NN\hls_component\hls_component\hls\.autopilot\db\ComponentsStream.pp.0.cpp:17376:17: note: FIX-IT applied suggested code changes
D:\sidejob\ethernet_NN\NN\hls_component\hls_component\hls\.autopilot\db\ComponentsStream.pp.0.cpp:17386:9: warning: Added loop label VITIS_LOOP_2474_15:   [xilinx-label-all-loops]
        for(int j=32-F; j<32+I; j++) {
        ^~~
        VITIS_LOOP_2474_15: 
D:\sidejob\ethernet_NN\NN\hls_component\hls_component\hls\.autopilot\db\ComponentsStream.pp.0.cpp:17386:9: note: FIX-IT applied suggested code changes
D:\sidejob\ethernet_NN\NN\hls_component\hls_component\hls\.autopilot\db\ComponentsStream.pp.0.cpp:17390:9: warning: Added loop label VITIS_LOOP_2478_16:   [xilinx-label-all-loops]
        for(int j=32+I; j<=64; j++) {
        ^~~
        VITIS_LOOP_2478_16: 
D:\sidejob\ethernet_NN\NN\hls_component\hls_component\hls\.autopilot\db\ComponentsStream.pp.0.cpp:17390:9: note: FIX-IT applied suggested code changes
D:\sidejob\ethernet_NN\NN\hls_component\hls_component\hls\.autopilot\db\ComponentsStream.pp.0.cpp:17401:9: warning: Added loop label VITIS_LOOP_2489_17:   [xilinx-label-all-loops]
        for(int j=37; j<64; j++) {
        ^~~
        VITIS_LOOP_2489_17: 
D:\sidejob\ethernet_NN\NN\hls_component\hls_component\hls\.autopilot\db\ComponentsStream.pp.0.cpp:17401:9: note: FIX-IT applied suggested code changes
D:\sidejob\ethernet_NN\NN\hls_component\hls_component\hls\.autopilot\db\ComponentsStream.pp.0.cpp:17409:17: warning: Added loop label VITIS_LOOP_2497_18:   [xilinx-label-all-loops]
                for(int j=0; j<64; j++) {
                ^~~
                VITIS_LOOP_2497_18: 
D:\sidejob\ethernet_NN\NN\hls_component\hls_component\hls\.autopilot\db\ComponentsStream.pp.0.cpp:17409:17: note: FIX-IT applied suggested code changes
D:\sidejob\ethernet_NN\NN\hls_component\hls_component\hls\.autopilot\db\ComponentsStream.pp.0.cpp:17734:13: warning: Added loop label VITIS_LOOP_2822_19:   [xilinx-label-all-loops]
            for(int j=63; j>=I+31; j--) {
            ^~~
            VITIS_LOOP_2822_19: 
D:\sidejob\ethernet_NN\NN\hls_component\hls_component\hls\.autopilot\db\ComponentsStream.pp.0.cpp:17734:13: note: FIX-IT applied suggested code changes
D:\sidejob\ethernet_NN\NN\hls_component\hls_component\hls\.autopilot\db\ComponentsStream.pp.0.cpp:17741:17: warning: Added loop label VITIS_LOOP_2829_20:   [xilinx-label-all-loops]
                for(int j=63; j>=I+31; j--) {
                ^~~
                VITIS_LOOP_2829_20: 
D:\sidejob\ethernet_NN\NN\hls_component\hls_component\hls\.autopilot\db\ComponentsStream.pp.0.cpp:17741:17: note: FIX-IT applied suggested code changes
D:\sidejob\ethernet_NN\NN\hls_component\hls_component\hls\.autopilot\db\ComponentsStream.pp.0.cpp:17745:17: warning: Added loop label VITIS_LOOP_2833_21:   [xilinx-label-all-loops]
                for(int j=I+30; j>=0; j--) {
                ^~~
                VITIS_LOOP_2833_21: 
D:\sidejob\ethernet_NN\NN\hls_component\hls_component\hls\.autopilot\db\ComponentsStream.pp.0.cpp:17745:17: note: FIX-IT applied suggested code changes
D:\sidejob\ethernet_NN\NN\hls_component\hls_component\hls\.autopilot\db\ComponentsStream.pp.0.cpp:17833:4: warning: Added loop label VITIS_LOOP_2921_1:   [xilinx-label-all-loops]
   for(int j = 5; j>=I_+2; j--) {
   ^~~
   VITIS_LOOP_2921_1: 
D:\sidejob\ethernet_NN\NN\hls_component\hls_component\hls\.autopilot\db\ComponentsStream.pp.0.cpp:17833:4: note: FIX-IT applied suggested code changes
D:\sidejob\ethernet_NN\NN\hls_component\hls_component\hls\.autopilot\db\ComponentsStream.pp.0.cpp:17840:5: warning: Added loop label VITIS_LOOP_2928_2:   [xilinx-label-all-loops]
    for(int j = 5; j>=I_+2; j--) {
    ^~~
    VITIS_LOOP_2928_2: 
D:\sidejob\ethernet_NN\NN\hls_component\hls_component\hls\.autopilot\db\ComponentsStream.pp.0.cpp:17840:5: note: FIX-IT applied suggested code changes
D:\sidejob\ethernet_NN\NN\hls_component\hls_component\hls\.autopilot\db\ComponentsStream.pp.0.cpp:17844:5: warning: Added loop label VITIS_LOOP_2932_3:   [xilinx-label-all-loops]
    for(int j = I_+1; j>=0; j--) {
    ^~~
    VITIS_LOOP_2932_3: 
D:\sidejob\ethernet_NN\NN\hls_component\hls_component\hls\.autopilot\db\ComponentsStream.pp.0.cpp:17844:5: note: FIX-IT applied suggested code changes
D:\sidejob\ethernet_NN\NN\hls_component\hls_component\hls\.autopilot\db\ComponentsStream.pp.0.cpp:17859:3: warning: Added loop label VITIS_LOOP_2947_4:   [xilinx-label-all-loops]
  for(int j = 11; j >=7; j--) {
  ^~~
  VITIS_LOOP_2947_4: 
D:\sidejob\ethernet_NN\NN\hls_component\hls_component\hls\.autopilot\db\ComponentsStream.pp.0.cpp:17859:3: note: FIX-IT applied suggested code changes
D:\sidejob\ethernet_NN\NN\hls_component\hls_component\hls\.autopilot\db\ComponentsStream.pp.0.cpp:17891:4: warning: Added loop label VITIS_LOOP_2979_5:   [xilinx-label-all-loops]
   for(int j = 11; j >= I_+5; j--) {
   ^~~
   VITIS_LOOP_2979_5: 
D:\sidejob\ethernet_NN\NN\hls_component\hls_component\hls\.autopilot\db\ComponentsStream.pp.0.cpp:17891:4: note: FIX-IT applied suggested code changes
D:\sidejob\ethernet_NN\NN\hls_component\hls_component\hls\.autopilot\db\ComponentsStream.pp.0.cpp:17898:5: warning: Added loop label VITIS_LOOP_2986_6:   [xilinx-label-all-loops]
    for(int j = 11; j>= I_+5; j--) {
    ^~~
    VITIS_LOOP_2986_6: 
D:\sidejob\ethernet_NN\NN\hls_component\hls_component\hls\.autopilot\db\ComponentsStream.pp.0.cpp:17898:5: note: FIX-IT applied suggested code changes
D:\sidejob\ethernet_NN\NN\hls_component\hls_component\hls\.autopilot\db\ComponentsStream.pp.0.cpp:17902:5: warning: Added loop label VITIS_LOOP_2990_7:   [xilinx-label-all-loops]
    for(int j = I_+4; j>=0; j--) {
    ^~~
    VITIS_LOOP_2990_7: 
D:\sidejob\ethernet_NN\NN\hls_component\hls_component\hls\.autopilot\db\ComponentsStream.pp.0.cpp:17902:5: note: FIX-IT applied suggested code changes
D:\sidejob\ethernet_NN\NN\hls_component\hls_component\hls\.autopilot\db\ComponentsStream.pp.0.cpp:17917:3: warning: Added loop label VITIS_LOOP_3005_8:   [xilinx-label-all-loops]
  for(int j = 25; j>=15; j--) {
  ^~~
  VITIS_LOOP_3005_8: 
D:\sidejob\ethernet_NN\NN\hls_component\hls_component\hls\.autopilot\db\ComponentsStream.pp.0.cpp:17917:3: note: FIX-IT applied suggested code changes
D:\sidejob\ethernet_NN\NN\hls_component\hls_component\hls\.autopilot\db\ComponentsStream.pp.0.cpp:17967:4: warning: Added loop label VITIS_LOOP_3055_9:   [xilinx-label-all-loops]
   for(int j = 25; j>= I_+12; j--) {
   ^~~
   VITIS_LOOP_3055_9: 
D:\sidejob\ethernet_NN\NN\hls_component\hls_component\hls\.autopilot\db\ComponentsStream.pp.0.cpp:17967:4: note: FIX-IT applied suggested code changes
D:\sidejob\ethernet_NN\NN\hls_component\hls_component\hls\.autopilot\db\ComponentsStream.pp.0.cpp:17974:5: warning: Added loop label VITIS_LOOP_3062_10:   [xilinx-label-all-loops]
    for(int j = 25; j>=I_+12; j--) {
    ^~~
    VITIS_LOOP_3062_10: 
D:\sidejob\ethernet_NN\NN\hls_component\hls_component\hls\.autopilot\db\ComponentsStream.pp.0.cpp:17974:5: note: FIX-IT applied suggested code changes
D:\sidejob\ethernet_NN\NN\hls_component\hls_component\hls\.autopilot\db\ComponentsStream.pp.0.cpp:17978:5: warning: Added loop label VITIS_LOOP_3066_11:   [xilinx-label-all-loops]
    for(int j = I_+11; j>=0; j--) {
    ^~~
    VITIS_LOOP_3066_11: 
D:\sidejob\ethernet_NN\NN\hls_component\hls_component\hls\.autopilot\db\ComponentsStream.pp.0.cpp:17978:5: note: FIX-IT applied suggested code changes
D:\sidejob\ethernet_NN\NN\hls_component\hls_component\hls\.autopilot\db\ComponentsStream.pp.0.cpp:17993:3: warning: Added loop label VITIS_LOOP_3081_12:   [xilinx-label-all-loops]
  for(int j = 51; j >= 29; j--) {
  ^~~
  VITIS_LOOP_3081_12: 
D:\sidejob\ethernet_NN\NN\hls_component\hls_component\hls\.autopilot\db\ComponentsStream.pp.0.cpp:17993:3: note: FIX-IT applied suggested code changes
D:\sidejob\ethernet_NN\NN\hls_component\hls_component\hls\.autopilot\db\ComponentsStream.pp.0.cpp:18130:4: warning: Added loop label VITIS_LOOP_3218_13:   [xilinx-label-all-loops]
   for(int j = 51; j >= 25 + I_; j--) {
   ^~~
   VITIS_LOOP_3218_13: 
D:\sidejob\ethernet_NN\NN\hls_component\hls_component\hls\.autopilot\db\ComponentsStream.pp.0.cpp:18130:4: note: FIX-IT applied suggested code changes
D:\sidejob\ethernet_NN\NN\hls_component\hls_component\hls\.autopilot\db\ComponentsStream.pp.0.cpp:18137:5: warning: Added loop label VITIS_LOOP_3225_14:   [xilinx-label-all-loops]
    for(int j = 51; j>=25 + I_; j--) {
    ^~~
    VITIS_LOOP_3225_14: 
D:\sidejob\ethernet_NN\NN\hls_component\hls_component\hls\.autopilot\db\ComponentsStream.pp.0.cpp:18137:5: note: FIX-IT applied suggested code changes
D:\sidejob\ethernet_NN\NN\hls_component\hls_component\hls\.autopilot\db\ComponentsStream.pp.0.cpp:18141:5: warning: Added loop label VITIS_LOOP_3229_15:   [xilinx-label-all-loops]
    for(int j = 24 + I_; j >= 0; j--) {
    ^~~
    VITIS_LOOP_3229_15: 
D:\sidejob\ethernet_NN\NN\hls_component\hls_component\hls\.autopilot\db\ComponentsStream.pp.0.cpp:18141:5: note: FIX-IT applied suggested code changes
D:\sidejob\ethernet_NN\NN\hls_component\hls_component\hls\.autopilot\db\ComponentsStream.pp.0.cpp:18156:3: warning: Added loop label VITIS_LOOP_3244_16:   [xilinx-label-all-loops]
  for(int j = 63; j >= 36; j--) {
  ^~~
  VITIS_LOOP_3244_16: 
D:\sidejob\ethernet_NN\NN\hls_component\hls_component\hls\.autopilot\db\ComponentsStream.pp.0.cpp:18156:3: note: FIX-IT applied suggested code changes
D:\sidejob\ethernet_NN\NN\hls_component\hls_component\hls\.autopilot\db\ComponentsStream.pp.0.cpp:18316:4: warning: Added loop label VITIS_LOOP_3404_17:   [xilinx-label-all-loops]
   for(int j = 63; j >= 31 + I_; j--) {
   ^~~
   VITIS_LOOP_3404_17: 
D:\sidejob\ethernet_NN\NN\hls_component\hls_component\hls\.autopilot\db\ComponentsStream.pp.0.cpp:18316:4: note: FIX-IT applied suggested code changes
D:\sidejob\ethernet_NN\NN\hls_component\hls_component\hls\.autopilot\db\ComponentsStream.pp.0.cpp:18323:5: warning: Added loop label VITIS_LOOP_3411_18:   [xilinx-label-all-loops]
    for(int j = 63; j >= 31 + I_; j--) {
    ^~~
    VITIS_LOOP_3411_18: 
D:\sidejob\ethernet_NN\NN\hls_component\hls_component\hls\.autopilot\db\ComponentsStream.pp.0.cpp:18323:5: note: FIX-IT applied suggested code changes
D:\sidejob\ethernet_NN\NN\hls_component\hls_component\hls\.autopilot\db\ComponentsStream.pp.0.cpp:18327:5: warning: Added loop label VITIS_LOOP_3415_19:   [xilinx-label-all-loops]
    for(int j = 30 + I_; j >= 0; j--) {
    ^~~
    VITIS_LOOP_3415_19: 
D:\sidejob\ethernet_NN\NN\hls_component\hls_component\hls\.autopilot\db\ComponentsStream.pp.0.cpp:18327:5: note: FIX-IT applied suggested code changes
D:\sidejob\ethernet_NN\NN\hls_component\hls_component\hls\.autopilot\db\ComponentsStream.pp.0.cpp:19042:13: warning: Added loop label VITIS_LOOP_703_1:   [xilinx-label-all-loops]
            for (b_exp = I_-1; b_exp >= -F_; b_exp--) {
            ^~~
            VITIS_LOOP_703_1: 
D:\sidejob\ethernet_NN\NN\hls_component\hls_component\hls\.autopilot\db\ComponentsStream.pp.0.cpp:19042:13: note: FIX-IT applied suggested code changes
D:\sidejob\ethernet_NN\NN\hls_component\hls_component\hls\.autopilot\db\ComponentsStream.pp.0.cpp:19260:13: warning: Added loop label VITIS_LOOP_921_1:   [xilinx-label-all-loops]
            for (b_exp = I_-1; b_exp >= -F_; b_exp--) {
            ^~~
            VITIS_LOOP_921_1: 
D:\sidejob\ethernet_NN\NN\hls_component\hls_component\hls\.autopilot\db\ComponentsStream.pp.0.cpp:19260:13: note: FIX-IT applied suggested code changes
D:\sidejob\ethernet_NN\NN\hls_component\hls_component\hls\.autopilot\db\ComponentsStream.pp.0.cpp:19677:13: warning: Added loop label VITIS_LOOP_1345_1:   [xilinx-label-all-loops]
            for (b_exp = I_-1; b_exp >= -F_; b_exp--) {
            ^~~
            VITIS_LOOP_1345_1: 
D:\sidejob\ethernet_NN\NN\hls_component\hls_component\hls\.autopilot\db\ComponentsStream.pp.0.cpp:19677:13: note: FIX-IT applied suggested code changes
D:\sidejob\ethernet_NN\NN\hls_component\hls_component\hls\.autopilot\db\ComponentsStream.pp.0.cpp:19997:9: warning: Added loop label VITIS_LOOP_240_1:   [xilinx-label-all-loops]
        for ( int pos = msbr-1; pos >= 0; pos-- ) {
        ^~~
        VITIS_LOOP_240_1: 
D:\sidejob\ethernet_NN\NN\hls_component\hls_component\hls\.autopilot\db\ComponentsStream.pp.0.cpp:19997:9: note: FIX-IT applied suggested code changes
D:\sidejob\ethernet_NN\NN\hls_component\hls_component\hls\.autopilot\db\ComponentsStream.pp.0.cpp:20025:9: warning: Added loop label VITIS_LOOP_268_2:   [xilinx-label-all-loops]
        for ( int pos = -1; pos >= -F_-1; pos-- ) {
        ^~~
        VITIS_LOOP_268_2: 
D:\sidejob\ethernet_NN\NN\hls_component\hls_component\hls\.autopilot\db\ComponentsStream.pp.0.cpp:20025:9: note: FIX-IT applied suggested code changes
D:\sidejob\ethernet_NN\NN\hls_component\hls_component\hls\.autopilot\db\ComponentsStream.pp.0.cpp:20727:13: warning: Added loop label VITIS_LOOP_48_1:   [xilinx-label-all-loops]
            for (int j = 0; j < W_-1; j++){
            ^~~
            VITIS_LOOP_48_1: 
D:\sidejob\ethernet_NN\NN\hls_component\hls_component\hls\.autopilot\db\ComponentsStream.pp.0.cpp:20727:13: note: FIX-IT applied suggested code changes
D:\sidejob\ethernet_NN\NN\hls_component\hls_component\hls\.autopilot\db\ComponentsStream.pp.0.cpp:20780:5: warning: Added loop label VITIS_LOOP_109_2:   [xilinx-label-all-loops]
    for (int j = F_l+F_+I_m-1; j < F_l+W_+5; j++){
    ^~~
    VITIS_LOOP_109_2: 
D:\sidejob\ethernet_NN\NN\hls_component\hls_component\hls\.autopilot\db\ComponentsStream.pp.0.cpp:20780:5: note: FIX-IT applied suggested code changes
D:\sidejob\ethernet_NN\NN\hls_component\hls_component\hls\.autopilot\db\ComponentsStream.pp.0.cpp:20794:13: warning: Added loop label VITIS_LOOP_123_3:   [xilinx-label-all-loops]
            for (int j = WO_m-1; j >= W_-1; j--) {
            ^~~
            VITIS_LOOP_123_3: 
D:\sidejob\ethernet_NN\NN\hls_component\hls_component\hls\.autopilot\db\ComponentsStream.pp.0.cpp:20794:13: note: FIX-IT applied suggested code changes
D:\sidejob\ethernet_NN\NN\hls_component\hls_component\hls\.autopilot\db\ComponentsStream.pp.0.cpp:20824:13: warning: Added loop label VITIS_LOOP_153_4:   [xilinx-label-all-loops]
            for (int j = W_-2; j >= 0; j--){
            ^~~
            VITIS_LOOP_153_4: 
D:\sidejob\ethernet_NN\NN\hls_component\hls_component\hls\.autopilot\db\ComponentsStream.pp.0.cpp:20824:13: note: FIX-IT applied suggested code changes
D:\sidejob\ethernet_NN\NN\hls_component\hls_component\hls\.autopilot\db\ComponentsStream.pp.0.cpp:20909:12: warning: Added loop label VITIS_LOOP_281_1:   [xilinx-label-all-loops]
           for(int i = wf_log+we_log-2; i > WI_e - 2; --i) {
           ^~~
           VITIS_LOOP_281_1: 
D:\sidejob\ethernet_NN\NN\hls_component\hls_component\hls\.autopilot\db\ComponentsStream.pp.0.cpp:20909:12: note: FIX-IT applied suggested code changes
D:\sidejob\ethernet_NN\NN\hls_component\hls_component\hls\.autopilot\db\ComponentsStream.pp.0.cpp:20929:16: warning: Added loop label VITIS_LOOP_301_2:   [xilinx-label-all-loops]
               for (int j = WO_e-1; j >= W_-1; j--) {
               ^~~
               VITIS_LOOP_301_2: 
D:\sidejob\ethernet_NN\NN\hls_component\hls_component\hls\.autopilot\db\ComponentsStream.pp.0.cpp:20929:16: note: FIX-IT applied suggested code changes
D:\sidejob\ethernet_NN\NN\hls_component\hls_component\hls\.autopilot\db\ComponentsStream.pp.0.cpp:20943:20: warning: Added loop label VITIS_LOOP_315_3:   [xilinx-label-all-loops]
                   for(int i = 0; i < W_-1; ++i) {
                   ^~~
                   VITIS_LOOP_315_3: 
D:\sidejob\ethernet_NN\NN\hls_component\hls_component\hls\.autopilot\db\ComponentsStream.pp.0.cpp:20943:20: note: FIX-IT applied suggested code changes
D:\sidejob\ethernet_NN\NN\hls_component\hls_component\hls\.autopilot\db\ComponentsStream.pp.0.cpp:21036:12: warning: Added loop label VITIS_LOOP_433_1:   [xilinx-label-all-loops]
           for (int j =WO_d-1; j >= W_-1; j--) {
           ^~~
           VITIS_LOOP_433_1: 
D:\sidejob\ethernet_NN\NN\hls_component\hls_component\hls\.autopilot\db\ComponentsStream.pp.0.cpp:21036:12: note: FIX-IT applied suggested code changes
D:\sidejob\ethernet_NN\NN\hls_component\hls_component\hls\.autopilot\db\ComponentsStream.pp.0.cpp:21050:15: warning: Added loop label VITIS_LOOP_447_2:   [xilinx-label-all-loops]
              for(int i = 0; i < W_-1; ++i) {
              ^~~
              VITIS_LOOP_447_2: 
D:\sidejob\ethernet_NN\NN\hls_component\hls_component\hls\.autopilot\db\ComponentsStream.pp.0.cpp:21050:15: note: FIX-IT applied suggested code changes
D:\sidejob\ethernet_NN\NN\hls_component\hls_component\hls\.autopilot\db\ComponentsStream.pp.0.cpp:21170:13: warning: Added loop label VITIS_LOOP_33_1:   [xilinx-label-all-loops]
            for (int i = 0; i < W_-1; i++){
            ^~~
            VITIS_LOOP_33_1: 
D:\sidejob\ethernet_NN\NN\hls_component\hls_component\hls\.autopilot\db\ComponentsStream.pp.0.cpp:21170:13: note: FIX-IT applied suggested code changes
D:\sidejob\ethernet_NN\NN\hls_component\hls_component\hls\.autopilot\db\ComponentsStream.pp.0.cpp:21294:13: warning: Added loop label VITIS_LOOP_183_1:   [xilinx-label-all-loops]
            for (int i = 0; i < W_-1; i++){
            ^~~
            VITIS_LOOP_183_1: 
D:\sidejob\ethernet_NN\NN\hls_component\hls_component\hls\.autopilot\db\ComponentsStream.pp.0.cpp:21294:13: note: FIX-IT applied suggested code changes
D:\sidejob\ethernet_NN\NN\hls_component\hls_component\hls\.autopilot\db\ComponentsStream.pp.0.cpp:21349:13: warning: Added loop label VITIS_LOOP_248_1:   [xilinx-label-all-loops]
            for (int i = 0; i < W_-1; i++){
            ^~~
            VITIS_LOOP_248_1: 
D:\sidejob\ethernet_NN\NN\hls_component\hls_component\hls\.autopilot\db\ComponentsStream.pp.0.cpp:21349:13: note: FIX-IT applied suggested code changes
D:\sidejob\ethernet_NN\NN\hls_component\hls_component\hls\.autopilot\db\ComponentsStream.pp.0.cpp:21868:2: warning: Added loop label VITIS_LOOP_16_1:   [xilinx-label-all-loops]
 for (int i=0; i<W_;i++)
 ^~~
 VITIS_LOOP_16_1: 
D:\sidejob\ethernet_NN\NN\hls_component\hls_component\hls\.autopilot\db\ComponentsStream.pp.0.cpp:21868:2: note: FIX-IT applied suggested code changes
D:\sidejob\ethernet_NN\NN\hls_component\hls_component\hls\.autopilot\db\ComponentsStream.pp.0.cpp:21879:2: warning: Added loop label VITIS_LOOP_27_1:   [xilinx-label-all-loops]
 for (int i=0; i<W_;i++)
 ^~~
 VITIS_LOOP_27_1: 
D:\sidejob\ethernet_NN\NN\hls_component\hls_component\hls\.autopilot\db\ComponentsStream.pp.0.cpp:21879:2: note: FIX-IT applied suggested code changes
D:\sidejob\ethernet_NN\NN\hls_component\hls_component\hls\.autopilot\db\ComponentsStream.pp.0.cpp:21890:2: warning: Added loop label VITIS_LOOP_38_1:   [xilinx-label-all-loops]
 for (int i=0; i<I_;i++)
 ^~~
 VITIS_LOOP_38_1: 
D:\sidejob\ethernet_NN\NN\hls_component\hls_component\hls\.autopilot\db\ComponentsStream.pp.0.cpp:21890:2: note: FIX-IT applied suggested code changes
D:\sidejob\ethernet_NN\NN\hls_component\hls_component\hls\.autopilot\db\ComponentsStream.pp.0.cpp:21901:2: warning: Added loop label VITIS_LOOP_49_1:   [xilinx-label-all-loops]
 for (int i=0; i<I_;i++)
 ^~~
 VITIS_LOOP_49_1: 
D:\sidejob\ethernet_NN\NN\hls_component\hls_component\hls\.autopilot\db\ComponentsStream.pp.0.cpp:21901:2: note: FIX-IT applied suggested code changes
D:\sidejob\ethernet_NN\NN\hls_component\hls_component\hls\.autopilot\db\ComponentsStream.pp.0.cpp:21912:2: warning: Added loop label VITIS_LOOP_60_1:   [xilinx-label-all-loops]
 for (int i=0; i<W_;i++)
 ^~~
 VITIS_LOOP_60_1: 
D:\sidejob\ethernet_NN\NN\hls_component\hls_component\hls\.autopilot\db\ComponentsStream.pp.0.cpp:21912:2: note: FIX-IT applied suggested code changes
D:\sidejob\ethernet_NN\NN\hls_component\hls_component\hls\.autopilot\db\ComponentsStream.pp.0.cpp:21923:2: warning: Added loop label VITIS_LOOP_71_1:   [xilinx-label-all-loops]
 for (int i=0; i<W_;i++)
 ^~~
 VITIS_LOOP_71_1: 
D:\sidejob\ethernet_NN\NN\hls_component\hls_component\hls\.autopilot\db\ComponentsStream.pp.0.cpp:21923:2: note: FIX-IT applied suggested code changes
D:\sidejob\ethernet_NN\NN\hls_component\hls_component\hls\.autopilot\db\ComponentsStream.pp.0.cpp:21934:2: warning: Added loop label VITIS_LOOP_82_1:   [xilinx-label-all-loops]
 for (int i=0; i<I_;i++)
 ^~~
 VITIS_LOOP_82_1: 
D:\sidejob\ethernet_NN\NN\hls_component\hls_component\hls\.autopilot\db\ComponentsStream.pp.0.cpp:21934:2: note: FIX-IT applied suggested code changes
D:\sidejob\ethernet_NN\NN\hls_component\hls_component\hls\.autopilot\db\ComponentsStream.pp.0.cpp:21945:2: warning: Added loop label VITIS_LOOP_93_1:   [xilinx-label-all-loops]
 for (int i=0; i<I_;i++)
 ^~~
 VITIS_LOOP_93_1: 
D:\sidejob\ethernet_NN\NN\hls_component\hls_component\hls\.autopilot\db\ComponentsStream.pp.0.cpp:21945:2: note: FIX-IT applied suggested code changes
D:\sidejob\ethernet_NN\NN\hls_component\hls_component\hls\.autopilot\db\ComponentsStream.pp.0.cpp:24305:12: warning: Added loop label VITIS_LOOP_26_1:   [xilinx-label-all-loops]
           for(int i = 0; i < W_-1; ++i) {
           ^~~
           VITIS_LOOP_26_1: 
D:\sidejob\ethernet_NN\NN\hls_component\hls_component\hls\.autopilot\db\ComponentsStream.pp.0.cpp:24305:12: note: FIX-IT applied suggested code changes
D:\sidejob\ethernet_NN\NN\hls_component\hls_component\hls\.autopilot\db\ComponentsStream.pp.0.cpp:24369:7: warning: Added loop label VITIS_LOOP_40_1:   [xilinx-label-all-loops]
      for(int pos = msbr - 1 ; pos >= -F-1; pos--) {
      ^~~
      VITIS_LOOP_40_1: 
D:\sidejob\ethernet_NN\NN\hls_component\hls_component\hls\.autopilot\db\ComponentsStream.pp.0.cpp:24369:7: note: FIX-IT applied suggested code changes
D:\sidejob\ethernet_NN\NN\hls_component\hls_component\hls\.autopilot\db\ComponentsStream.pp.0.cpp:24486:9: warning: Added loop label VITIS_LOOP_49_1:   [xilinx-label-all-loops]
        for(int pos = msbr - 1; pos >= 0; pos--) {
        ^~~
        VITIS_LOOP_49_1: 
D:\sidejob\ethernet_NN\NN\hls_component\hls_component\hls\.autopilot\db\ComponentsStream.pp.0.cpp:24486:9: note: FIX-IT applied suggested code changes
D:\sidejob\ethernet_NN\NN\hls_component\hls_component\hls\.autopilot\db\ComponentsStream.pp.0.cpp:24511:5: warning: Added loop label VITIS_LOOP_81_2:   [xilinx-label-all-loops]
    for(int pos = -1; pos >= -F-1; pos--) {
    ^~~
    VITIS_LOOP_81_2: 
D:\sidejob\ethernet_NN\NN\hls_component\hls_component\hls\.autopilot\db\ComponentsStream.pp.0.cpp:24511:5: note: FIX-IT applied suggested code changes
D:\sidejob\ethernet_NN\NN\hls_component\hls_component\hls\.autopilot\db\ComponentsStream.pp.0.cpp:24581:8: warning: Added loop label VITIS_LOOP_169_3:   [xilinx-label-all-loops]
       for(int i = 0; i < W - 1; ++i) {
       ^~~
       VITIS_LOOP_169_3: 
D:\sidejob\ethernet_NN\NN\hls_component\hls_component\hls\.autopilot\db\ComponentsStream.pp.0.cpp:24581:8: note: FIX-IT applied suggested code changes
D:\sidejob\ethernet_NN\NN\hls_component\hls_component\hls\.autopilot\db\ComponentsStream.pp.0.cpp:26814:2: warning: Added loop label VITIS_LOOP_18_1:   [xilinx-label-all-loops]
 for(unsigned char s = 0; s < sequence_len; s++){
 ^~~
 VITIS_LOOP_18_1: 
D:\sidejob\ethernet_NN\NN\hls_component\hls_component\hls\.autopilot\db\ComponentsStream.pp.0.cpp:26814:2: note: FIX-IT applied suggested code changes
D:\sidejob\ethernet_NN\NN\hls_component\hls_component\hls\.autopilot\db\ComponentsStream.pp.0.cpp:26829:5: warning: Added loop label VITIS_LOOP_33_1:   [xilinx-label-all-loops]
    for(unsigned char s = 0; s < sequence_len; s++){
    ^~~
    VITIS_LOOP_33_1: 
D:\sidejob\ethernet_NN\NN\hls_component\hls_component\hls\.autopilot\db\ComponentsStream.pp.0.cpp:26829:5: note: FIX-IT applied suggested code changes
D:\sidejob\ethernet_NN\NN\hls_component\hls_component\hls\.autopilot\db\ComponentsStream.pp.0.cpp:26846:5: warning: Added loop label VITIS_LOOP_50_1:   [xilinx-label-all-loops]
    for(unsigned char s = 0; s < sequence_len; s++){
    ^~~
    VITIS_LOOP_50_1: 
D:\sidejob\ethernet_NN\NN\hls_component\hls_component\hls\.autopilot\db\ComponentsStream.pp.0.cpp:26846:5: note: FIX-IT applied suggested code changes
D:\sidejob\ethernet_NN\NN\hls_component\hls_component\hls\.autopilot\db\ComponentsStream.pp.0.cpp:26851:9: warning: Added loop label VITIS_LOOP_55_2:   [xilinx-label-all-loops]
        for(unsigned c = 0; c < 18; c++){
        ^~~
        VITIS_LOOP_55_2: 
D:\sidejob\ethernet_NN\NN\hls_component\hls_component\hls\.autopilot\db\ComponentsStream.pp.0.cpp:26851:9: note: FIX-IT applied suggested code changes
D:\sidejob\ethernet_NN\NN\hls_component\hls_component\hls\.autopilot\db\ComponentsStream.pp.0.cpp:26862:5: warning: Added loop label VITIS_LOOP_66_1:   [xilinx-label-all-loops]
    for(unsigned char s = 0; s <sequence_len; s++){
    ^~~
    VITIS_LOOP_66_1: 
D:\sidejob\ethernet_NN\NN\hls_component\hls_component\hls\.autopilot\db\ComponentsStream.pp.0.cpp:26862:5: note: FIX-IT applied suggested code changes
D:\sidejob\ethernet_NN\NN\hls_component\hls_component\hls\.autopilot\db\ComponentsStream.pp.0.cpp:26866:9: warning: Added loop label VITIS_LOOP_70_2:   [xilinx-label-all-loops]
        for(unsigned char channel = 0; channel < 128/16; channel++){
        ^~~
        VITIS_LOOP_70_2: 
D:\sidejob\ethernet_NN\NN\hls_component\hls_component\hls\.autopilot\db\ComponentsStream.pp.0.cpp:26866:9: note: FIX-IT applied suggested code changes
D:\sidejob\ethernet_NN\NN\hls_component\hls_component\hls\.autopilot\db\ComponentsStream.pp.0.cpp:26869:13: warning: Added loop label VITIS_LOOP_73_3:   [xilinx-label-all-loops]
            for(unsigned char offset = 0; offset < 16; offset++){
            ^~~
            VITIS_LOOP_73_3: 
D:\sidejob\ethernet_NN\NN\hls_component\hls_component\hls\.autopilot\db\ComponentsStream.pp.0.cpp:26869:13: note: FIX-IT applied suggested code changes
D:\sidejob\ethernet_NN\NN\hls_component\hls_component\hls\.autopilot\db\ComponentsStream.pp.0.cpp:26873:17: warning: Added loop label VITIS_LOOP_77_4:   [xilinx-label-all-loops]
                for(unsigned char e = 0; e < 18; e++){
                ^~~
                VITIS_LOOP_77_4: 
D:\sidejob\ethernet_NN\NN\hls_component\hls_component\hls\.autopilot\db\ComponentsStream.pp.0.cpp:26873:17: note: FIX-IT applied suggested code changes
D:\sidejob\ethernet_NN\NN\hls_component\hls_component\hls\.autopilot\db\ComponentsStream.pp.0.cpp:26890:5: warning: Added loop label VITIS_LOOP_94_1:   [xilinx-label-all-loops]
    for(unsigned char s = 0; s <sequence_len; s++){
    ^~~
    VITIS_LOOP_94_1: 
D:\sidejob\ethernet_NN\NN\hls_component\hls_component\hls\.autopilot\db\ComponentsStream.pp.0.cpp:26890:5: note: FIX-IT applied suggested code changes
D:\sidejob\ethernet_NN\NN\hls_component\hls_component\hls\.autopilot\db\ComponentsStream.pp.0.cpp:26894:9: warning: Added loop label VITIS_LOOP_98_2:   [xilinx-label-all-loops]
        for(unsigned char channel = 0; channel < 128/16; channel++){
        ^~~
        VITIS_LOOP_98_2: 
D:\sidejob\ethernet_NN\NN\hls_component\hls_component\hls\.autopilot\db\ComponentsStream.pp.0.cpp:26894:9: note: FIX-IT applied suggested code changes
D:\sidejob\ethernet_NN\NN\hls_component\hls_component\hls\.autopilot\db\ComponentsStream.pp.0.cpp:26897:13: warning: Added loop label VITIS_LOOP_101_3:   [xilinx-label-all-loops]
            for(unsigned char offset = 0; offset < 16; offset++){
            ^~~
            VITIS_LOOP_101_3: 
D:\sidejob\ethernet_NN\NN\hls_component\hls_component\hls\.autopilot\db\ComponentsStream.pp.0.cpp:26897:13: note: FIX-IT applied suggested code changes
D:\sidejob\ethernet_NN\NN\hls_component\hls_component\hls\.autopilot\db\ComponentsStream.pp.0.cpp:26901:17: warning: Added loop label VITIS_LOOP_105_4:   [xilinx-label-all-loops]
                for(unsigned char e = 0; e < 18; e++){
                ^~~
                VITIS_LOOP_105_4: 
D:\sidejob\ethernet_NN\NN\hls_component\hls_component\hls\.autopilot\db\ComponentsStream.pp.0.cpp:26901:17: note: FIX-IT applied suggested code changes
D:\sidejob\ethernet_NN\NN\hls_component\hls_component\hls\.autopilot\db\ComponentsStream.pp.0.cpp:26919:5: warning: Added loop label VITIS_LOOP_123_1:   [xilinx-label-all-loops]
    for(unsigned char s = 0; s < sequence_len; s++){
    ^~~
    VITIS_LOOP_123_1: 
D:\sidejob\ethernet_NN\NN\hls_component\hls_component\hls\.autopilot\db\ComponentsStream.pp.0.cpp:26919:5: note: FIX-IT applied suggested code changes
D:\sidejob\ethernet_NN\NN\hls_component\hls_component\hls\.autopilot\db\ComponentsStream.pp.0.cpp:26923:9: warning: Added loop label VITIS_LOOP_127_2:   [xilinx-label-all-loops]
        for(unsigned char channel = 0; channel < 128/16; channel++){
        ^~~
        VITIS_LOOP_127_2: 
D:\sidejob\ethernet_NN\NN\hls_component\hls_component\hls\.autopilot\db\ComponentsStream.pp.0.cpp:26923:9: note: FIX-IT applied suggested code changes
D:\sidejob\ethernet_NN\NN\hls_component\hls_component\hls\.autopilot\db\ComponentsStream.pp.0.cpp:26928:9: warning: Added loop label VITIS_LOOP_132_3:   [xilinx-label-all-loops]
        for(unsigned k = 0; k < 6; k++){
        ^~~
        VITIS_LOOP_132_3: 
D:\sidejob\ethernet_NN\NN\hls_component\hls_component\hls\.autopilot\db\ComponentsStream.pp.0.cpp:26928:9: note: FIX-IT applied suggested code changes
D:\sidejob\ethernet_NN\NN\hls_component\hls_component\hls\.autopilot\db\ComponentsStream.pp.0.cpp:26936:17: warning: Added loop label VITIS_LOOP_140_4:   [xilinx-label-all-loops]
                for(unsigned char channel = 0; channel < 128/16; channel++){
                ^~~
                VITIS_LOOP_140_4: 
D:\sidejob\ethernet_NN\NN\hls_component\hls_component\hls\.autopilot\db\ComponentsStream.pp.0.cpp:26936:17: note: FIX-IT applied suggested code changes
D:\sidejob\ethernet_NN\NN\hls_component\hls_component\hls\.autopilot\db\ComponentsStream.pp.0.cpp:26937:21: warning: Added loop label VITIS_LOOP_141_5:   [xilinx-label-all-loops]
                    for(unsigned char offset = 0; offset < 16; offset ++){
                    ^~~
                    VITIS_LOOP_141_5: 
D:\sidejob\ethernet_NN\NN\hls_component\hls_component\hls\.autopilot\db\ComponentsStream.pp.0.cpp:26937:21: note: FIX-IT applied suggested code changes
D:\sidejob\ethernet_NN\NN\hls_component\hls_component\hls\.autopilot\db\ComponentsStream.pp.0.cpp:26943:17: warning: Added loop label VITIS_LOOP_147_6:   [xilinx-label-all-loops]
                for(unsigned char channel = 0; channel < 128/16; channel++){
                ^~~
                VITIS_LOOP_147_6: 
D:\sidejob\ethernet_NN\NN\hls_component\hls_component\hls\.autopilot\db\ComponentsStream.pp.0.cpp:26943:17: note: FIX-IT applied suggested code changes
D:\sidejob\ethernet_NN\NN\hls_component\hls_component\hls\.autopilot\db\ComponentsStream.pp.0.cpp:26958:5: warning: Added loop label VITIS_LOOP_162_1:   [xilinx-label-all-loops]
    for(unsigned char s = 0; s< sequence_len; s++){
    ^~~
    VITIS_LOOP_162_1: 
D:\sidejob\ethernet_NN\NN\hls_component\hls_component\hls\.autopilot\db\ComponentsStream.pp.0.cpp:26958:5: note: FIX-IT applied suggested code changes
D:\sidejob\ethernet_NN\NN\hls_component\hls_component\hls\.autopilot\db\ComponentsStream.pp.0.cpp:26959:9: warning: Added loop label VITIS_LOOP_163_2:   [xilinx-label-all-loops]
        for(unsigned c = 0; c < 6; c++){
        ^~~
        VITIS_LOOP_163_2: 
D:\sidejob\ethernet_NN\NN\hls_component\hls_component\hls\.autopilot\db\ComponentsStream.pp.0.cpp:26959:9: note: FIX-IT applied suggested code changes
D:\sidejob\ethernet_NN\NN\hls_component\hls_component\hls\.autopilot\db\ComponentsStream.pp.0.cpp:26965:5: warning: Added loop label VITIS_LOOP_169_3:   [xilinx-label-all-loops]
    for(unsigned char c = 0; c < 2; c++){
    ^~~
    VITIS_LOOP_169_3: 
D:\sidejob\ethernet_NN\NN\hls_component\hls_component\hls\.autopilot\db\ComponentsStream.pp.0.cpp:26965:5: note: FIX-IT applied suggested code changes
D:\sidejob\ethernet_NN\NN\hls_component\hls_component\hls\.autopilot\db\ComponentsStream.pp.0.cpp:26966:9: warning: Added loop label VITIS_LOOP_170_4:   [xilinx-label-all-loops]
        for(unsigned char s = 0; s < 7; s++){
        ^~~
        VITIS_LOOP_170_4: 
D:\sidejob\ethernet_NN\NN\hls_component\hls_component\hls\.autopilot\db\ComponentsStream.pp.0.cpp:26966:9: note: FIX-IT applied suggested code changes
D:\sidejob\ethernet_NN\NN\hls_component\hls_component\hls\.autopilot\db\ComponentsStream.pp.0.cpp:26977:5: warning: Added loop label VITIS_LOOP_181_1:   [xilinx-label-all-loops]
    for(unsigned char s = 0; s < sequence_len; s++){
    ^~~
    VITIS_LOOP_181_1: 
D:\sidejob\ethernet_NN\NN\hls_component\hls_component\hls\.autopilot\db\ComponentsStream.pp.0.cpp:26977:5: note: FIX-IT applied suggested code changes
D:\sidejob\ethernet_NN\NN\hls_component\hls_component\hls\.autopilot\db\ComponentsStream.pp.0.cpp:26981:9: warning: Added loop label VITIS_LOOP_185_2:   [xilinx-label-all-loops]
        for(unsigned char channel = 0; channel < 128/16; channel++){
        ^~~
        VITIS_LOOP_185_2: 
D:\sidejob\ethernet_NN\NN\hls_component\hls_component\hls\.autopilot\db\ComponentsStream.pp.0.cpp:26981:9: note: FIX-IT applied suggested code changes
D:\sidejob\ethernet_NN\NN\hls_component\hls_component\hls\.autopilot\db\ComponentsStream.pp.0.cpp:26986:9: warning: Added loop label VITIS_LOOP_190_3:   [xilinx-label-all-loops]
        for(unsigned k = 0; k < 8; k++){
        ^~~
        VITIS_LOOP_190_3: 
D:\sidejob\ethernet_NN\NN\hls_component\hls_component\hls\.autopilot\db\ComponentsStream.pp.0.cpp:26986:9: note: FIX-IT applied suggested code changes
D:\sidejob\ethernet_NN\NN\hls_component\hls_component\hls\.autopilot\db\ComponentsStream.pp.0.cpp:26994:17: warning: Added loop label VITIS_LOOP_198_4:   [xilinx-label-all-loops]
                for(unsigned char channel = 0; channel < 128/16; channel++){
                ^~~
                VITIS_LOOP_198_4: 
D:\sidejob\ethernet_NN\NN\hls_component\hls_component\hls\.autopilot\db\ComponentsStream.pp.0.cpp:26994:17: note: FIX-IT applied suggested code changes
D:\sidejob\ethernet_NN\NN\hls_component\hls_component\hls\.autopilot\db\ComponentsStream.pp.0.cpp:26995:21: warning: Added loop label VITIS_LOOP_199_5:   [xilinx-label-all-loops]
                    for(unsigned char offset = 0; offset < 16; offset ++){
                    ^~~
                    VITIS_LOOP_199_5: 
D:\sidejob\ethernet_NN\NN\hls_component\hls_component\hls\.autopilot\db\ComponentsStream.pp.0.cpp:26995:21: note: FIX-IT applied suggested code changes
D:\sidejob\ethernet_NN\NN\hls_component\hls_component\hls\.autopilot\db\ComponentsStream.pp.0.cpp:27001:17: warning: Added loop label VITIS_LOOP_205_6:   [xilinx-label-all-loops]
                for(unsigned char channel = 0; channel < 128/16; channel++){
                ^~~
                VITIS_LOOP_205_6: 
D:\sidejob\ethernet_NN\NN\hls_component\hls_component\hls\.autopilot\db\ComponentsStream.pp.0.cpp:27001:17: note: FIX-IT applied suggested code changes
D:\sidejob\ethernet_NN\NN\hls_component\hls_component\hls\.autopilot\db\ComponentsStream.pp.0.cpp:27016:5: warning: Added loop label VITIS_LOOP_220_1:   [xilinx-label-all-loops]
    for(unsigned char s = 0; s< sequence_len; s++){
    ^~~
    VITIS_LOOP_220_1: 
D:\sidejob\ethernet_NN\NN\hls_component\hls_component\hls\.autopilot\db\ComponentsStream.pp.0.cpp:27016:5: note: FIX-IT applied suggested code changes
D:\sidejob\ethernet_NN\NN\hls_component\hls_component\hls\.autopilot\db\ComponentsStream.pp.0.cpp:27017:9: warning: Added loop label VITIS_LOOP_221_2:   [xilinx-label-all-loops]
        for(unsigned c = 0; c < 8; c++){
        ^~~
        VITIS_LOOP_221_2: 
D:\sidejob\ethernet_NN\NN\hls_component\hls_component\hls\.autopilot\db\ComponentsStream.pp.0.cpp:27017:9: note: FIX-IT applied suggested code changes
D:\sidejob\ethernet_NN\NN\hls_component\hls_component\hls\.autopilot\db\ComponentsStream.pp.0.cpp:27023:5: warning: Added loop label VITIS_LOOP_227_3:   [xilinx-label-all-loops]
    for(unsigned char c = 0; c < 2; c++){
    ^~~
    VITIS_LOOP_227_3: 
D:\sidejob\ethernet_NN\NN\hls_component\hls_component\hls\.autopilot\db\ComponentsStream.pp.0.cpp:27023:5: note: FIX-IT applied suggested code changes
D:\sidejob\ethernet_NN\NN\hls_component\hls_component\hls\.autopilot\db\ComponentsStream.pp.0.cpp:27024:9: warning: Added loop label VITIS_LOOP_228_4:   [xilinx-label-all-loops]
        for(unsigned char s = 0; s < 6; s++){
        ^~~
        VITIS_LOOP_228_4: 
D:\sidejob\ethernet_NN\NN\hls_component\hls_component\hls\.autopilot\db\ComponentsStream.pp.0.cpp:27024:9: note: FIX-IT applied suggested code changes
D:\sidejob\ethernet_NN\NN\hls_component\hls_component\hls\.autopilot\db\ComponentsStream.pp.0.cpp:27035:5: warning: Added loop label VITIS_LOOP_239_1:   [xilinx-label-all-loops]
    for(unsigned char s = 0; s < sequence_len; s++){
    ^~~
    VITIS_LOOP_239_1: 
D:\sidejob\ethernet_NN\NN\hls_component\hls_component\hls\.autopilot\db\ComponentsStream.pp.0.cpp:27035:5: note: FIX-IT applied suggested code changes
D:\sidejob\ethernet_NN\NN\hls_component\hls_component\hls\.autopilot\db\ComponentsStream.pp.0.cpp:27039:9: warning: Added loop label VITIS_LOOP_243_2:   [xilinx-label-all-loops]
        for(unsigned char channel = 0; channel < 128/16; channel++){
        ^~~
        VITIS_LOOP_243_2: 
D:\sidejob\ethernet_NN\NN\hls_component\hls_component\hls\.autopilot\db\ComponentsStream.pp.0.cpp:27039:9: note: FIX-IT applied suggested code changes
D:\sidejob\ethernet_NN\NN\hls_component\hls_component\hls\.autopilot\db\ComponentsStream.pp.0.cpp:27044:9: warning: Added loop label VITIS_LOOP_248_3:   [xilinx-label-all-loops]
        for(unsigned k = 0; k < 10; k++){
        ^~~
        VITIS_LOOP_248_3: 
D:\sidejob\ethernet_NN\NN\hls_component\hls_component\hls\.autopilot\db\ComponentsStream.pp.0.cpp:27044:9: note: FIX-IT applied suggested code changes
D:\sidejob\ethernet_NN\NN\hls_component\hls_component\hls\.autopilot\db\ComponentsStream.pp.0.cpp:27052:17: warning: Added loop label VITIS_LOOP_256_4:   [xilinx-label-all-loops]
                for(unsigned char channel = 0; channel < 128/16; channel++){
                ^~~
                VITIS_LOOP_256_4: 
D:\sidejob\ethernet_NN\NN\hls_component\hls_component\hls\.autopilot\db\ComponentsStream.pp.0.cpp:27052:17: note: FIX-IT applied suggested code changes
D:\sidejob\ethernet_NN\NN\hls_component\hls_component\hls\.autopilot\db\ComponentsStream.pp.0.cpp:27053:21: warning: Added loop label VITIS_LOOP_257_5:   [xilinx-label-all-loops]
                    for(unsigned char offset = 0; offset < 16; offset ++){
                    ^~~
                    VITIS_LOOP_257_5: 
D:\sidejob\ethernet_NN\NN\hls_component\hls_component\hls\.autopilot\db\ComponentsStream.pp.0.cpp:27053:21: note: FIX-IT applied suggested code changes
D:\sidejob\ethernet_NN\NN\hls_component\hls_component\hls\.autopilot\db\ComponentsStream.pp.0.cpp:27059:17: warning: Added loop label VITIS_LOOP_263_6:   [xilinx-label-all-loops]
                for(unsigned char channel = 0; channel < 128/16; channel++){
                ^~~
                VITIS_LOOP_263_6: 
D:\sidejob\ethernet_NN\NN\hls_component\hls_component\hls\.autopilot\db\ComponentsStream.pp.0.cpp:27059:17: note: FIX-IT applied suggested code changes
D:\sidejob\ethernet_NN\NN\hls_component\hls_component\hls\.autopilot\db\ComponentsStream.pp.0.cpp:27074:5: warning: Added loop label VITIS_LOOP_278_1:   [xilinx-label-all-loops]
    for(unsigned char s = 0; s< sequence_len; s++){
    ^~~
    VITIS_LOOP_278_1: 
D:\sidejob\ethernet_NN\NN\hls_component\hls_component\hls\.autopilot\db\ComponentsStream.pp.0.cpp:27074:5: note: FIX-IT applied suggested code changes
D:\sidejob\ethernet_NN\NN\hls_component\hls_component\hls\.autopilot\db\ComponentsStream.pp.0.cpp:27075:9: warning: Added loop label VITIS_LOOP_279_2:   [xilinx-label-all-loops]
        for(unsigned c = 0; c < 10; c++){
        ^~~
        VITIS_LOOP_279_2: 
D:\sidejob\ethernet_NN\NN\hls_component\hls_component\hls\.autopilot\db\ComponentsStream.pp.0.cpp:27075:9: note: FIX-IT applied suggested code changes
D:\sidejob\ethernet_NN\NN\hls_component\hls_component\hls\.autopilot\db\ComponentsStream.pp.0.cpp:27080:5: warning: Added loop label VITIS_LOOP_284_3:   [xilinx-label-all-loops]
    for(unsigned char c = 0; c < 2; c++){
    ^~~
    VITIS_LOOP_284_3: 
D:\sidejob\ethernet_NN\NN\hls_component\hls_component\hls\.autopilot\db\ComponentsStream.pp.0.cpp:27080:5: note: FIX-IT applied suggested code changes
D:\sidejob\ethernet_NN\NN\hls_component\hls_component\hls\.autopilot\db\ComponentsStream.pp.0.cpp:27081:9: warning: Added loop label VITIS_LOOP_285_4:   [xilinx-label-all-loops]
        for(unsigned char s = 0; s < 5; s++){
        ^~~
        VITIS_LOOP_285_4: 
D:\sidejob\ethernet_NN\NN\hls_component\hls_component\hls\.autopilot\db\ComponentsStream.pp.0.cpp:27081:9: note: FIX-IT applied suggested code changes
D:\sidejob\ethernet_NN\NN\hls_component\hls_component\hls\.autopilot\db\ComponentsStream.pp.0.cpp:27093:5: warning: Added loop label VITIS_LOOP_297_1:   [xilinx-label-all-loops]
    for(unsigned char c = 0; c < 7; c++){
    ^~~
    VITIS_LOOP_297_1: 
D:\sidejob\ethernet_NN\NN\hls_component\hls_component\hls\.autopilot\db\ComponentsStream.pp.0.cpp:27093:5: note: FIX-IT applied suggested code changes
D:\sidejob\ethernet_NN\NN\hls_component\hls_component\hls\.autopilot\db\ComponentsStream.pp.0.cpp:27098:5: warning: Added loop label VITIS_LOOP_302_2:   [xilinx-label-all-loops]
    for(unsigned char c = 0; c < 6; c++){
    ^~~
    VITIS_LOOP_302_2: 
D:\sidejob\ethernet_NN\NN\hls_component\hls_component\hls\.autopilot\db\ComponentsStream.pp.0.cpp:27098:5: note: FIX-IT applied suggested code changes
D:\sidejob\ethernet_NN\NN\hls_component\hls_component\hls\.autopilot\db\ComponentsStream.pp.0.cpp:27103:5: warning: Added loop label VITIS_LOOP_307_3:   [xilinx-label-all-loops]
    for(unsigned char c = 0; c < 5; c++){
    ^~~
    VITIS_LOOP_307_3: 
D:\sidejob\ethernet_NN\NN\hls_component\hls_component\hls\.autopilot\db\ComponentsStream.pp.0.cpp:27103:5: note: FIX-IT applied suggested code changes
D:\sidejob\ethernet_NN\NN\hls_component\hls_component\hls\.autopilot\db\ComponentsStream.pp.0.cpp:27114:5: warning: Added loop label VITIS_LOOP_318_1:   [xilinx-label-all-loops]
    for(unsigned char channel = 0; channel < 2; channel++){
    ^~~
    VITIS_LOOP_318_1: 
D:\sidejob\ethernet_NN\NN\hls_component\hls_component\hls\.autopilot\db\ComponentsStream.pp.0.cpp:27114:5: note: FIX-IT applied suggested code changes
D:\sidejob\ethernet_NN\NN\hls_component\hls_component\hls\.autopilot\db\ComponentsStream.pp.0.cpp:27118:9: warning: Added loop label VITIS_LOOP_322_2:   [xilinx-label-all-loops]
        for(unsigned char e = 0; e < 36; e++){
        ^~~
        VITIS_LOOP_322_2: 
D:\sidejob\ethernet_NN\NN\hls_component\hls_component\hls\.autopilot\db\ComponentsStream.pp.0.cpp:27118:9: note: FIX-IT applied suggested code changes
D:\sidejob\ethernet_NN\NN\hls_component\hls_component\hls\.autopilot\db\ComponentsStream.pp.0.cpp:27131:5: warning: Added loop label VITIS_LOOP_335_1:   [xilinx-label-all-loops]
    for(unsigned char c = 0; c < 2; c++){
    ^~~
    VITIS_LOOP_335_1: 
D:\sidejob\ethernet_NN\NN\hls_component\hls_component\hls\.autopilot\db\ComponentsStream.pp.0.cpp:27131:5: note: FIX-IT applied suggested code changes
D:\sidejob\ethernet_NN\NN\hls_component\hls_component\hls\.autopilot\db\ComponentsStream.pp.0.cpp:27137:5: warning: Added loop label VITIS_LOOP_341_2:   [xilinx-label-all-loops]
    for(unsigned char c = 0; c < 2; c++){
    ^~~
    VITIS_LOOP_341_2: 
D:\sidejob\ethernet_NN\NN\hls_component\hls_component\hls\.autopilot\db\ComponentsStream.pp.0.cpp:27137:5: note: FIX-IT applied suggested code changes
D:\sidejob\ethernet_NN\NN\hls_component\hls_component\hls\.autopilot\db\ComponentsStream.pp.0.cpp:27148:5: warning: Added loop label VITIS_LOOP_352_1:   [xilinx-label-all-loops]
    for(unsigned char s = 0; s < sequence_len; s++){
    ^~~
    VITIS_LOOP_352_1: 
D:\sidejob\ethernet_NN\NN\hls_component\hls_component\hls\.autopilot\db\ComponentsStream.pp.0.cpp:27148:5: note: FIX-IT applied suggested code changes
D:\sidejob\ethernet_NN\NN\hls_component\hls_component\hls\.autopilot\db\ComponentsStream.pp.0.cpp:27151:2: warning: Added loop label VITIS_LOOP_355_2:   [xilinx-label-all-loops]
 for(unsigned char c = 0; c < 128/16; c++){
 ^~~
 VITIS_LOOP_355_2: 
D:\sidejob\ethernet_NN\NN\hls_component\hls_component\hls\.autopilot\db\ComponentsStream.pp.0.cpp:27151:2: note: FIX-IT applied suggested code changes
D:\sidejob\ethernet_NN\NN\hls_component\hls_component\hls\.autopilot\db\ComponentsStream.pp.0.cpp:27170:5: warning: Added loop label VITIS_LOOP_374_1:   [xilinx-label-all-loops]
    for(unsigned char s = 0; s < sequence_len; s++){
    ^~~
    VITIS_LOOP_374_1: 
D:\sidejob\ethernet_NN\NN\hls_component\hls_component\hls\.autopilot\db\ComponentsStream.pp.0.cpp:27170:5: note: FIX-IT applied suggested code changes
D:\sidejob\ethernet_NN\NN\hls_component\hls_component\hls\.autopilot\db\ComponentsStream.pp.0.cpp:27175:9: warning: Added loop label VITIS_LOOP_379_2:   [xilinx-label-all-loops]
        for(unsigned char col = 0; col < 8; col++){
        ^~~
        VITIS_LOOP_379_2: 
D:\sidejob\ethernet_NN\NN\hls_component\hls_component\hls\.autopilot\db\ComponentsStream.pp.0.cpp:27175:9: note: FIX-IT applied suggested code changes
D:\sidejob\ethernet_NN\NN\hls_component\hls_component\hls\.autopilot\db\ComponentsStream.pp.0.cpp:27179:13: warning: Added loop label VITIS_LOOP_383_3:   [xilinx-label-all-loops]
            for(unsigned char row = 0; row < 18; row++){
            ^~~
            VITIS_LOOP_383_3: 
D:\sidejob\ethernet_NN\NN\hls_component\hls_component\hls\.autopilot\db\ComponentsStream.pp.0.cpp:27179:13: note: FIX-IT applied suggested code changes
D:\sidejob\ethernet_NN\NN\hls_component\hls_component\hls\.autopilot\db\ComponentsStream.pp.0.cpp:27194:5: warning: Added loop label VITIS_LOOP_398_1:   [xilinx-label-all-loops]
    for(unsigned char col = 0; col < 12; col++){
    ^~~
    VITIS_LOOP_398_1: 
D:\sidejob\ethernet_NN\NN\hls_component\hls_component\hls\.autopilot\db\ComponentsStream.pp.0.cpp:27194:5: note: FIX-IT applied suggested code changes
D:\sidejob\ethernet_NN\NN\hls_component\hls_component\hls\.autopilot\db\ComponentsStream.pp.0.cpp:27196:9: warning: Added loop label VITIS_LOOP_400_2:   [xilinx-label-all-loops]
        for(unsigned row = 0; row < 8; row++){
        ^~~
        VITIS_LOOP_400_2: 
D:\sidejob\ethernet_NN\NN\hls_component\hls_component\hls\.autopilot\db\ComponentsStream.pp.0.cpp:27196:9: note: FIX-IT applied suggested code changes
