

================================================================
== Vitis HLS Report for 'conv2d_4_stream_layer_post_9u_s'
================================================================
* Date:           Fri Aug  1 07:20:06 2025

* Version:        2024.2 (Build 5238294 on Nov  8 2024)
* Project:        hls_component
* Solution:       hls (Vivado IP Flow Target)
* Product family: zynquplus
* Target device:  xczu19eg-ffvc1760-2-i


================================================================
== Performance Estimates
================================================================
+ Timing: 
    * Summary: 
    +--------+---------+----------+------------+
    |  Clock |  Target | Estimated| Uncertainty|
    +--------+---------+----------+------------+
    |ap_clk  |  3.57 ns|  2.319 ns|     0.96 ns|
    +--------+---------+----------+------------+

+ Latency: 
    * Summary: 
    +---------+---------+----------+----------+-----+-----+---------+
    |  Latency (cycles) |  Latency (absolute) |  Interval | Pipeline|
    |   min   |   max   |    min   |    max   | min | max |   Type  |
    +---------+---------+----------+----------+-----+-----+---------+
    |        1|        1|  3.571 ns|  3.571 ns|    1|    1|      yes|
    +---------+---------+----------+----------+-----+-----+---------+

    + Detail: 
        * Instance: 
        N/A

        * Loop: 
        N/A

============================================================
+ Verbose Summary: Synthesis Manager
============================================================
InlineROM: 1
ExposeGlobal: 0
============================================================
+ Verbose Summary: CDFG Model
============================================================
IsTopModel: 0
ResetActiveHigh: 1
IsCombinational: 2
IsDatapathOnly: 0
HasWiredReturn: 1
HasMFsm: 2
HasVarLatency: 0
IsPipeline: 1
IsRtlPipelined: 1
IsInstanceOverlapped: 0
IsDontTouch: 0
HasImplIP: 0
IsGatedGlobalClock: 0

+ Individual pipeline summary: 
  * Pipeline-0: initiation interval (II) = 1, depth = 2


============================================================
+ Verbose Summary: Schedule
============================================================
* Number of FSM states : 2
* Pipeline : 1
  Pipeline-0 : II = 1, D = 2, States = { 1 2 }
* Dataflow Pipeline: 0

* FSM state transitions: 
1 --> 2 
2 --> 

* FSM state operations: 

State 1 <SV = 0> <Delay = 2.31>
ST_1 : Operation 3 [1/1] ( I:1.30ns O:1.30ns )   --->   "%sum_out = read i32 @_ssdm_op_Read.ap_fifo.volatile.i32P0A, i32 %sum_out4_0_0" [./ComponentStream.h:223]   --->   Operation 3 'read' 'sum_out' <Predicate = true> <Delay = 1.30> <CoreInst = "FIFO_SRL">   --->   Core 80 'FIFO_SRL' <Latency = 0> <II = 1> <Delay = 1.83> <Storage> <Opcode : 'read' 'write' 'nbread' 'nbwrite'> <Ports = 0> <Width = 32> <Depth = 4> <FIFO>
ST_1 : Operation 4 [1/1] ( I:1.30ns O:1.30ns )   --->   "%p_013 = read i32 @_ssdm_op_Read.ap_fifo.volatile.i32P0A, i32 %sum_out4_0_1" [./ComponentStream.h:223]   --->   Operation 4 'read' 'p_013' <Predicate = true> <Delay = 1.30> <CoreInst = "FIFO_SRL">   --->   Core 80 'FIFO_SRL' <Latency = 0> <II = 1> <Delay = 1.83> <Storage> <Opcode : 'read' 'write' 'nbread' 'nbwrite'> <Ports = 0> <Width = 32> <Depth = 4> <FIFO>
ST_1 : Operation 5 [1/1] ( I:1.30ns O:1.30ns )   --->   "%p_014 = read i32 @_ssdm_op_Read.ap_fifo.volatile.i32P0A, i32 %sum_out4_0_2" [./ComponentStream.h:223]   --->   Operation 5 'read' 'p_014' <Predicate = true> <Delay = 1.30> <CoreInst = "FIFO_SRL">   --->   Core 80 'FIFO_SRL' <Latency = 0> <II = 1> <Delay = 1.83> <Storage> <Opcode : 'read' 'write' 'nbread' 'nbwrite'> <Ports = 0> <Width = 32> <Depth = 4> <FIFO>
ST_1 : Operation 6 [1/1] ( I:1.30ns O:1.30ns )   --->   "%p_015 = read i32 @_ssdm_op_Read.ap_fifo.volatile.i32P0A, i32 %sum_out4_0_3" [./ComponentStream.h:223]   --->   Operation 6 'read' 'p_015' <Predicate = true> <Delay = 1.30> <CoreInst = "FIFO_SRL">   --->   Core 80 'FIFO_SRL' <Latency = 0> <II = 1> <Delay = 1.83> <Storage> <Opcode : 'read' 'write' 'nbread' 'nbwrite'> <Ports = 0> <Width = 32> <Depth = 4> <FIFO>
ST_1 : Operation 7 [1/1] ( I:1.30ns O:1.30ns )   --->   "%sum_out_50 = read i32 @_ssdm_op_Read.ap_fifo.volatile.i32P0A, i32 %sum_out4_0_4" [./ComponentStream.h:223]   --->   Operation 7 'read' 'sum_out_50' <Predicate = true> <Delay = 1.30> <CoreInst = "FIFO_SRL">   --->   Core 80 'FIFO_SRL' <Latency = 0> <II = 1> <Delay = 1.83> <Storage> <Opcode : 'read' 'write' 'nbread' 'nbwrite'> <Ports = 0> <Width = 32> <Depth = 4> <FIFO>
ST_1 : Operation 8 [1/1] ( I:1.30ns O:1.30ns )   --->   "%p_017 = read i32 @_ssdm_op_Read.ap_fifo.volatile.i32P0A, i32 %sum_out4_0_5" [./ComponentStream.h:223]   --->   Operation 8 'read' 'p_017' <Predicate = true> <Delay = 1.30> <CoreInst = "FIFO_SRL">   --->   Core 80 'FIFO_SRL' <Latency = 0> <II = 1> <Delay = 1.83> <Storage> <Opcode : 'read' 'write' 'nbread' 'nbwrite'> <Ports = 0> <Width = 32> <Depth = 4> <FIFO>
ST_1 : Operation 9 [1/1] ( I:1.30ns O:1.30ns )   --->   "%p_018 = read i32 @_ssdm_op_Read.ap_fifo.volatile.i32P0A, i32 %sum_out4_0_6" [./ComponentStream.h:223]   --->   Operation 9 'read' 'p_018' <Predicate = true> <Delay = 1.30> <CoreInst = "FIFO_SRL">   --->   Core 80 'FIFO_SRL' <Latency = 0> <II = 1> <Delay = 1.83> <Storage> <Opcode : 'read' 'write' 'nbread' 'nbwrite'> <Ports = 0> <Width = 32> <Depth = 4> <FIFO>
ST_1 : Operation 10 [1/1] ( I:1.30ns O:1.30ns )   --->   "%p_019 = read i32 @_ssdm_op_Read.ap_fifo.volatile.i32P0A, i32 %sum_out4_0_7" [./ComponentStream.h:223]   --->   Operation 10 'read' 'p_019' <Predicate = true> <Delay = 1.30> <CoreInst = "FIFO_SRL">   --->   Core 80 'FIFO_SRL' <Latency = 0> <II = 1> <Delay = 1.83> <Storage> <Opcode : 'read' 'write' 'nbread' 'nbwrite'> <Ports = 0> <Width = 32> <Depth = 4> <FIFO>
ST_1 : Operation 11 [1/1] ( I:1.30ns O:1.30ns )   --->   "%sum_out_51 = read i32 @_ssdm_op_Read.ap_fifo.volatile.i32P0A, i32 %sum_out4_1_0" [./ComponentStream.h:223]   --->   Operation 11 'read' 'sum_out_51' <Predicate = true> <Delay = 1.30> <CoreInst = "FIFO_SRL">   --->   Core 80 'FIFO_SRL' <Latency = 0> <II = 1> <Delay = 1.83> <Storage> <Opcode : 'read' 'write' 'nbread' 'nbwrite'> <Ports = 0> <Width = 32> <Depth = 4> <FIFO>
ST_1 : Operation 12 [1/1] ( I:1.30ns O:1.30ns )   --->   "%sum_out_52 = read i32 @_ssdm_op_Read.ap_fifo.volatile.i32P0A, i32 %sum_out4_1_1" [./ComponentStream.h:223]   --->   Operation 12 'read' 'sum_out_52' <Predicate = true> <Delay = 1.30> <CoreInst = "FIFO_SRL">   --->   Core 80 'FIFO_SRL' <Latency = 0> <II = 1> <Delay = 1.83> <Storage> <Opcode : 'read' 'write' 'nbread' 'nbwrite'> <Ports = 0> <Width = 32> <Depth = 4> <FIFO>
ST_1 : Operation 13 [1/1] ( I:1.30ns O:1.30ns )   --->   "%p_022 = read i32 @_ssdm_op_Read.ap_fifo.volatile.i32P0A, i32 %sum_out4_1_2" [./ComponentStream.h:223]   --->   Operation 13 'read' 'p_022' <Predicate = true> <Delay = 1.30> <CoreInst = "FIFO_SRL">   --->   Core 80 'FIFO_SRL' <Latency = 0> <II = 1> <Delay = 1.83> <Storage> <Opcode : 'read' 'write' 'nbread' 'nbwrite'> <Ports = 0> <Width = 32> <Depth = 4> <FIFO>
ST_1 : Operation 14 [1/1] ( I:1.30ns O:1.30ns )   --->   "%p_023 = read i32 @_ssdm_op_Read.ap_fifo.volatile.i32P0A, i32 %sum_out4_1_3" [./ComponentStream.h:223]   --->   Operation 14 'read' 'p_023' <Predicate = true> <Delay = 1.30> <CoreInst = "FIFO_SRL">   --->   Core 80 'FIFO_SRL' <Latency = 0> <II = 1> <Delay = 1.83> <Storage> <Opcode : 'read' 'write' 'nbread' 'nbwrite'> <Ports = 0> <Width = 32> <Depth = 4> <FIFO>
ST_1 : Operation 15 [1/1] ( I:1.30ns O:1.30ns )   --->   "%sum_out_53 = read i32 @_ssdm_op_Read.ap_fifo.volatile.i32P0A, i32 %sum_out4_1_4" [./ComponentStream.h:223]   --->   Operation 15 'read' 'sum_out_53' <Predicate = true> <Delay = 1.30> <CoreInst = "FIFO_SRL">   --->   Core 80 'FIFO_SRL' <Latency = 0> <II = 1> <Delay = 1.83> <Storage> <Opcode : 'read' 'write' 'nbread' 'nbwrite'> <Ports = 0> <Width = 32> <Depth = 4> <FIFO>
ST_1 : Operation 16 [1/1] ( I:1.30ns O:1.30ns )   --->   "%sum_out_54 = read i32 @_ssdm_op_Read.ap_fifo.volatile.i32P0A, i32 %sum_out4_1_5" [./ComponentStream.h:223]   --->   Operation 16 'read' 'sum_out_54' <Predicate = true> <Delay = 1.30> <CoreInst = "FIFO_SRL">   --->   Core 80 'FIFO_SRL' <Latency = 0> <II = 1> <Delay = 1.83> <Storage> <Opcode : 'read' 'write' 'nbread' 'nbwrite'> <Ports = 0> <Width = 32> <Depth = 4> <FIFO>
ST_1 : Operation 17 [1/1] ( I:1.30ns O:1.30ns )   --->   "%p_026 = read i32 @_ssdm_op_Read.ap_fifo.volatile.i32P0A, i32 %sum_out4_1_6" [./ComponentStream.h:223]   --->   Operation 17 'read' 'p_026' <Predicate = true> <Delay = 1.30> <CoreInst = "FIFO_SRL">   --->   Core 80 'FIFO_SRL' <Latency = 0> <II = 1> <Delay = 1.83> <Storage> <Opcode : 'read' 'write' 'nbread' 'nbwrite'> <Ports = 0> <Width = 32> <Depth = 4> <FIFO>
ST_1 : Operation 18 [1/1] ( I:1.30ns O:1.30ns )   --->   "%p_027 = read i32 @_ssdm_op_Read.ap_fifo.volatile.i32P0A, i32 %sum_out4_1_7" [./ComponentStream.h:223]   --->   Operation 18 'read' 'p_027' <Predicate = true> <Delay = 1.30> <CoreInst = "FIFO_SRL">   --->   Core 80 'FIFO_SRL' <Latency = 0> <II = 1> <Delay = 1.83> <Storage> <Opcode : 'read' 'write' 'nbread' 'nbwrite'> <Ports = 0> <Width = 32> <Depth = 4> <FIFO>
ST_1 : Operation 19 [1/1] ( I:1.30ns O:1.30ns )   --->   "%sum_out_55 = read i32 @_ssdm_op_Read.ap_fifo.volatile.i32P0A, i32 %sum_out4_2_0" [./ComponentStream.h:223]   --->   Operation 19 'read' 'sum_out_55' <Predicate = true> <Delay = 1.30> <CoreInst = "FIFO_SRL">   --->   Core 80 'FIFO_SRL' <Latency = 0> <II = 1> <Delay = 1.83> <Storage> <Opcode : 'read' 'write' 'nbread' 'nbwrite'> <Ports = 0> <Width = 32> <Depth = 4> <FIFO>
ST_1 : Operation 20 [1/1] ( I:1.30ns O:1.30ns )   --->   "%sum_out_56 = read i32 @_ssdm_op_Read.ap_fifo.volatile.i32P0A, i32 %sum_out4_2_1" [./ComponentStream.h:223]   --->   Operation 20 'read' 'sum_out_56' <Predicate = true> <Delay = 1.30> <CoreInst = "FIFO_SRL">   --->   Core 80 'FIFO_SRL' <Latency = 0> <II = 1> <Delay = 1.83> <Storage> <Opcode : 'read' 'write' 'nbread' 'nbwrite'> <Ports = 0> <Width = 32> <Depth = 4> <FIFO>
ST_1 : Operation 21 [1/1] ( I:1.30ns O:1.30ns )   --->   "%sum_out_57 = read i32 @_ssdm_op_Read.ap_fifo.volatile.i32P0A, i32 %sum_out4_2_2" [./ComponentStream.h:223]   --->   Operation 21 'read' 'sum_out_57' <Predicate = true> <Delay = 1.30> <CoreInst = "FIFO_SRL">   --->   Core 80 'FIFO_SRL' <Latency = 0> <II = 1> <Delay = 1.83> <Storage> <Opcode : 'read' 'write' 'nbread' 'nbwrite'> <Ports = 0> <Width = 32> <Depth = 4> <FIFO>
ST_1 : Operation 22 [1/1] ( I:1.30ns O:1.30ns )   --->   "%p_031 = read i32 @_ssdm_op_Read.ap_fifo.volatile.i32P0A, i32 %sum_out4_2_3" [./ComponentStream.h:223]   --->   Operation 22 'read' 'p_031' <Predicate = true> <Delay = 1.30> <CoreInst = "FIFO_SRL">   --->   Core 80 'FIFO_SRL' <Latency = 0> <II = 1> <Delay = 1.83> <Storage> <Opcode : 'read' 'write' 'nbread' 'nbwrite'> <Ports = 0> <Width = 32> <Depth = 4> <FIFO>
ST_1 : Operation 23 [1/1] ( I:1.30ns O:1.30ns )   --->   "%sum_out_58 = read i32 @_ssdm_op_Read.ap_fifo.volatile.i32P0A, i32 %sum_out4_2_4" [./ComponentStream.h:223]   --->   Operation 23 'read' 'sum_out_58' <Predicate = true> <Delay = 1.30> <CoreInst = "FIFO_SRL">   --->   Core 80 'FIFO_SRL' <Latency = 0> <II = 1> <Delay = 1.83> <Storage> <Opcode : 'read' 'write' 'nbread' 'nbwrite'> <Ports = 0> <Width = 32> <Depth = 4> <FIFO>
ST_1 : Operation 24 [1/1] ( I:1.30ns O:1.30ns )   --->   "%sum_out_59 = read i32 @_ssdm_op_Read.ap_fifo.volatile.i32P0A, i32 %sum_out4_2_5" [./ComponentStream.h:223]   --->   Operation 24 'read' 'sum_out_59' <Predicate = true> <Delay = 1.30> <CoreInst = "FIFO_SRL">   --->   Core 80 'FIFO_SRL' <Latency = 0> <II = 1> <Delay = 1.83> <Storage> <Opcode : 'read' 'write' 'nbread' 'nbwrite'> <Ports = 0> <Width = 32> <Depth = 4> <FIFO>
ST_1 : Operation 25 [1/1] ( I:1.30ns O:1.30ns )   --->   "%sum_out_60 = read i32 @_ssdm_op_Read.ap_fifo.volatile.i32P0A, i32 %sum_out4_2_6" [./ComponentStream.h:223]   --->   Operation 25 'read' 'sum_out_60' <Predicate = true> <Delay = 1.30> <CoreInst = "FIFO_SRL">   --->   Core 80 'FIFO_SRL' <Latency = 0> <II = 1> <Delay = 1.83> <Storage> <Opcode : 'read' 'write' 'nbread' 'nbwrite'> <Ports = 0> <Width = 32> <Depth = 4> <FIFO>
ST_1 : Operation 26 [1/1] ( I:1.30ns O:1.30ns )   --->   "%p_035 = read i32 @_ssdm_op_Read.ap_fifo.volatile.i32P0A, i32 %sum_out4_2_7" [./ComponentStream.h:223]   --->   Operation 26 'read' 'p_035' <Predicate = true> <Delay = 1.30> <CoreInst = "FIFO_SRL">   --->   Core 80 'FIFO_SRL' <Latency = 0> <II = 1> <Delay = 1.83> <Storage> <Opcode : 'read' 'write' 'nbread' 'nbwrite'> <Ports = 0> <Width = 32> <Depth = 4> <FIFO>
ST_1 : Operation 27 [1/1] ( I:1.30ns O:1.30ns )   --->   "%sum_out_61 = read i32 @_ssdm_op_Read.ap_fifo.volatile.i32P0A, i32 %sum_out4_3_0" [./ComponentStream.h:223]   --->   Operation 27 'read' 'sum_out_61' <Predicate = true> <Delay = 1.30> <CoreInst = "FIFO_SRL">   --->   Core 80 'FIFO_SRL' <Latency = 0> <II = 1> <Delay = 1.83> <Storage> <Opcode : 'read' 'write' 'nbread' 'nbwrite'> <Ports = 0> <Width = 32> <Depth = 4> <FIFO>
ST_1 : Operation 28 [1/1] ( I:1.30ns O:1.30ns )   --->   "%sum_out_62 = read i32 @_ssdm_op_Read.ap_fifo.volatile.i32P0A, i32 %sum_out4_3_1" [./ComponentStream.h:223]   --->   Operation 28 'read' 'sum_out_62' <Predicate = true> <Delay = 1.30> <CoreInst = "FIFO_SRL">   --->   Core 80 'FIFO_SRL' <Latency = 0> <II = 1> <Delay = 1.83> <Storage> <Opcode : 'read' 'write' 'nbread' 'nbwrite'> <Ports = 0> <Width = 32> <Depth = 4> <FIFO>
ST_1 : Operation 29 [1/1] ( I:1.30ns O:1.30ns )   --->   "%sum_out_63 = read i32 @_ssdm_op_Read.ap_fifo.volatile.i32P0A, i32 %sum_out4_3_2" [./ComponentStream.h:223]   --->   Operation 29 'read' 'sum_out_63' <Predicate = true> <Delay = 1.30> <CoreInst = "FIFO_SRL">   --->   Core 80 'FIFO_SRL' <Latency = 0> <II = 1> <Delay = 1.83> <Storage> <Opcode : 'read' 'write' 'nbread' 'nbwrite'> <Ports = 0> <Width = 32> <Depth = 4> <FIFO>
ST_1 : Operation 30 [1/1] ( I:1.30ns O:1.30ns )   --->   "%sum_out_64 = read i32 @_ssdm_op_Read.ap_fifo.volatile.i32P0A, i32 %sum_out4_3_3" [./ComponentStream.h:223]   --->   Operation 30 'read' 'sum_out_64' <Predicate = true> <Delay = 1.30> <CoreInst = "FIFO_SRL">   --->   Core 80 'FIFO_SRL' <Latency = 0> <II = 1> <Delay = 1.83> <Storage> <Opcode : 'read' 'write' 'nbread' 'nbwrite'> <Ports = 0> <Width = 32> <Depth = 4> <FIFO>
ST_1 : Operation 31 [1/1] ( I:1.30ns O:1.30ns )   --->   "%sum_out_65 = read i32 @_ssdm_op_Read.ap_fifo.volatile.i32P0A, i32 %sum_out4_3_4" [./ComponentStream.h:223]   --->   Operation 31 'read' 'sum_out_65' <Predicate = true> <Delay = 1.30> <CoreInst = "FIFO_SRL">   --->   Core 80 'FIFO_SRL' <Latency = 0> <II = 1> <Delay = 1.83> <Storage> <Opcode : 'read' 'write' 'nbread' 'nbwrite'> <Ports = 0> <Width = 32> <Depth = 4> <FIFO>
ST_1 : Operation 32 [1/1] ( I:1.30ns O:1.30ns )   --->   "%sum_out_66 = read i32 @_ssdm_op_Read.ap_fifo.volatile.i32P0A, i32 %sum_out4_3_5" [./ComponentStream.h:223]   --->   Operation 32 'read' 'sum_out_66' <Predicate = true> <Delay = 1.30> <CoreInst = "FIFO_SRL">   --->   Core 80 'FIFO_SRL' <Latency = 0> <II = 1> <Delay = 1.83> <Storage> <Opcode : 'read' 'write' 'nbread' 'nbwrite'> <Ports = 0> <Width = 32> <Depth = 4> <FIFO>
ST_1 : Operation 33 [1/1] ( I:1.30ns O:1.30ns )   --->   "%sum_out_67 = read i32 @_ssdm_op_Read.ap_fifo.volatile.i32P0A, i32 %sum_out4_3_6" [./ComponentStream.h:223]   --->   Operation 33 'read' 'sum_out_67' <Predicate = true> <Delay = 1.30> <CoreInst = "FIFO_SRL">   --->   Core 80 'FIFO_SRL' <Latency = 0> <II = 1> <Delay = 1.83> <Storage> <Opcode : 'read' 'write' 'nbread' 'nbwrite'> <Ports = 0> <Width = 32> <Depth = 4> <FIFO>
ST_1 : Operation 34 [1/1] ( I:1.30ns O:1.30ns )   --->   "%sum_out_68 = read i32 @_ssdm_op_Read.ap_fifo.volatile.i32P0A, i32 %sum_out4_3_7" [./ComponentStream.h:223]   --->   Operation 34 'read' 'sum_out_68' <Predicate = true> <Delay = 1.30> <CoreInst = "FIFO_SRL">   --->   Core 80 'FIFO_SRL' <Latency = 0> <II = 1> <Delay = 1.83> <Storage> <Opcode : 'read' 'write' 'nbread' 'nbwrite'> <Ports = 0> <Width = 32> <Depth = 4> <FIFO>
ST_1 : Operation 35 [1/1] ( I:1.30ns O:1.30ns )   --->   "%sum_out_69 = read i32 @_ssdm_op_Read.ap_fifo.volatile.i32P0A, i32 %sum_out4_4_0" [./ComponentStream.h:223]   --->   Operation 35 'read' 'sum_out_69' <Predicate = true> <Delay = 1.30> <CoreInst = "FIFO_SRL">   --->   Core 80 'FIFO_SRL' <Latency = 0> <II = 1> <Delay = 1.83> <Storage> <Opcode : 'read' 'write' 'nbread' 'nbwrite'> <Ports = 0> <Width = 32> <Depth = 4> <FIFO>
ST_1 : Operation 36 [1/1] ( I:1.30ns O:1.30ns )   --->   "%sum_out_70 = read i32 @_ssdm_op_Read.ap_fifo.volatile.i32P0A, i32 %sum_out4_4_1" [./ComponentStream.h:223]   --->   Operation 36 'read' 'sum_out_70' <Predicate = true> <Delay = 1.30> <CoreInst = "FIFO_SRL">   --->   Core 80 'FIFO_SRL' <Latency = 0> <II = 1> <Delay = 1.83> <Storage> <Opcode : 'read' 'write' 'nbread' 'nbwrite'> <Ports = 0> <Width = 32> <Depth = 4> <FIFO>
ST_1 : Operation 37 [1/1] ( I:1.30ns O:1.30ns )   --->   "%sum_out_71 = read i32 @_ssdm_op_Read.ap_fifo.volatile.i32P0A, i32 %sum_out4_4_2" [./ComponentStream.h:223]   --->   Operation 37 'read' 'sum_out_71' <Predicate = true> <Delay = 1.30> <CoreInst = "FIFO_SRL">   --->   Core 80 'FIFO_SRL' <Latency = 0> <II = 1> <Delay = 1.83> <Storage> <Opcode : 'read' 'write' 'nbread' 'nbwrite'> <Ports = 0> <Width = 32> <Depth = 4> <FIFO>
ST_1 : Operation 38 [1/1] ( I:1.30ns O:1.30ns )   --->   "%sum_out_72 = read i32 @_ssdm_op_Read.ap_fifo.volatile.i32P0A, i32 %sum_out4_4_3" [./ComponentStream.h:223]   --->   Operation 38 'read' 'sum_out_72' <Predicate = true> <Delay = 1.30> <CoreInst = "FIFO_SRL">   --->   Core 80 'FIFO_SRL' <Latency = 0> <II = 1> <Delay = 1.83> <Storage> <Opcode : 'read' 'write' 'nbread' 'nbwrite'> <Ports = 0> <Width = 32> <Depth = 4> <FIFO>
ST_1 : Operation 39 [1/1] ( I:1.30ns O:1.30ns )   --->   "%sum_out_73 = read i32 @_ssdm_op_Read.ap_fifo.volatile.i32P0A, i32 %sum_out4_4_4" [./ComponentStream.h:223]   --->   Operation 39 'read' 'sum_out_73' <Predicate = true> <Delay = 1.30> <CoreInst = "FIFO_SRL">   --->   Core 80 'FIFO_SRL' <Latency = 0> <II = 1> <Delay = 1.83> <Storage> <Opcode : 'read' 'write' 'nbread' 'nbwrite'> <Ports = 0> <Width = 32> <Depth = 4> <FIFO>
ST_1 : Operation 40 [1/1] ( I:1.30ns O:1.30ns )   --->   "%sum_out_74 = read i32 @_ssdm_op_Read.ap_fifo.volatile.i32P0A, i32 %sum_out4_4_5" [./ComponentStream.h:223]   --->   Operation 40 'read' 'sum_out_74' <Predicate = true> <Delay = 1.30> <CoreInst = "FIFO_SRL">   --->   Core 80 'FIFO_SRL' <Latency = 0> <II = 1> <Delay = 1.83> <Storage> <Opcode : 'read' 'write' 'nbread' 'nbwrite'> <Ports = 0> <Width = 32> <Depth = 4> <FIFO>
ST_1 : Operation 41 [1/1] ( I:1.30ns O:1.30ns )   --->   "%sum_out_75 = read i32 @_ssdm_op_Read.ap_fifo.volatile.i32P0A, i32 %sum_out4_4_6" [./ComponentStream.h:223]   --->   Operation 41 'read' 'sum_out_75' <Predicate = true> <Delay = 1.30> <CoreInst = "FIFO_SRL">   --->   Core 80 'FIFO_SRL' <Latency = 0> <II = 1> <Delay = 1.83> <Storage> <Opcode : 'read' 'write' 'nbread' 'nbwrite'> <Ports = 0> <Width = 32> <Depth = 4> <FIFO>
ST_1 : Operation 42 [1/1] ( I:1.30ns O:1.30ns )   --->   "%sum_out_76 = read i32 @_ssdm_op_Read.ap_fifo.volatile.i32P0A, i32 %sum_out4_4_7" [./ComponentStream.h:223]   --->   Operation 42 'read' 'sum_out_76' <Predicate = true> <Delay = 1.30> <CoreInst = "FIFO_SRL">   --->   Core 80 'FIFO_SRL' <Latency = 0> <II = 1> <Delay = 1.83> <Storage> <Opcode : 'read' 'write' 'nbread' 'nbwrite'> <Ports = 0> <Width = 32> <Depth = 4> <FIFO>
ST_1 : Operation 43 [1/1] ( I:1.30ns O:1.30ns )   --->   "%sum_out_77 = read i32 @_ssdm_op_Read.ap_fifo.volatile.i32P0A, i32 %sum_out4_5_0" [./ComponentStream.h:223]   --->   Operation 43 'read' 'sum_out_77' <Predicate = true> <Delay = 1.30> <CoreInst = "FIFO_SRL">   --->   Core 80 'FIFO_SRL' <Latency = 0> <II = 1> <Delay = 1.83> <Storage> <Opcode : 'read' 'write' 'nbread' 'nbwrite'> <Ports = 0> <Width = 32> <Depth = 4> <FIFO>
ST_1 : Operation 44 [1/1] ( I:1.30ns O:1.30ns )   --->   "%sum_out_78 = read i32 @_ssdm_op_Read.ap_fifo.volatile.i32P0A, i32 %sum_out4_5_1" [./ComponentStream.h:223]   --->   Operation 44 'read' 'sum_out_78' <Predicate = true> <Delay = 1.30> <CoreInst = "FIFO_SRL">   --->   Core 80 'FIFO_SRL' <Latency = 0> <II = 1> <Delay = 1.83> <Storage> <Opcode : 'read' 'write' 'nbread' 'nbwrite'> <Ports = 0> <Width = 32> <Depth = 4> <FIFO>
ST_1 : Operation 45 [1/1] ( I:1.30ns O:1.30ns )   --->   "%sum_out_79 = read i32 @_ssdm_op_Read.ap_fifo.volatile.i32P0A, i32 %sum_out4_5_2" [./ComponentStream.h:223]   --->   Operation 45 'read' 'sum_out_79' <Predicate = true> <Delay = 1.30> <CoreInst = "FIFO_SRL">   --->   Core 80 'FIFO_SRL' <Latency = 0> <II = 1> <Delay = 1.83> <Storage> <Opcode : 'read' 'write' 'nbread' 'nbwrite'> <Ports = 0> <Width = 32> <Depth = 4> <FIFO>
ST_1 : Operation 46 [1/1] ( I:1.30ns O:1.30ns )   --->   "%sum_out_80 = read i32 @_ssdm_op_Read.ap_fifo.volatile.i32P0A, i32 %sum_out4_5_3" [./ComponentStream.h:223]   --->   Operation 46 'read' 'sum_out_80' <Predicate = true> <Delay = 1.30> <CoreInst = "FIFO_SRL">   --->   Core 80 'FIFO_SRL' <Latency = 0> <II = 1> <Delay = 1.83> <Storage> <Opcode : 'read' 'write' 'nbread' 'nbwrite'> <Ports = 0> <Width = 32> <Depth = 4> <FIFO>
ST_1 : Operation 47 [1/1] ( I:1.30ns O:1.30ns )   --->   "%sum_out_81 = read i32 @_ssdm_op_Read.ap_fifo.volatile.i32P0A, i32 %sum_out4_5_4" [./ComponentStream.h:223]   --->   Operation 47 'read' 'sum_out_81' <Predicate = true> <Delay = 1.30> <CoreInst = "FIFO_SRL">   --->   Core 80 'FIFO_SRL' <Latency = 0> <II = 1> <Delay = 1.83> <Storage> <Opcode : 'read' 'write' 'nbread' 'nbwrite'> <Ports = 0> <Width = 32> <Depth = 4> <FIFO>
ST_1 : Operation 48 [1/1] ( I:1.30ns O:1.30ns )   --->   "%sum_out_82 = read i32 @_ssdm_op_Read.ap_fifo.volatile.i32P0A, i32 %sum_out4_5_5" [./ComponentStream.h:223]   --->   Operation 48 'read' 'sum_out_82' <Predicate = true> <Delay = 1.30> <CoreInst = "FIFO_SRL">   --->   Core 80 'FIFO_SRL' <Latency = 0> <II = 1> <Delay = 1.83> <Storage> <Opcode : 'read' 'write' 'nbread' 'nbwrite'> <Ports = 0> <Width = 32> <Depth = 4> <FIFO>
ST_1 : Operation 49 [1/1] ( I:1.30ns O:1.30ns )   --->   "%sum_out_83 = read i32 @_ssdm_op_Read.ap_fifo.volatile.i32P0A, i32 %sum_out4_5_6" [./ComponentStream.h:223]   --->   Operation 49 'read' 'sum_out_83' <Predicate = true> <Delay = 1.30> <CoreInst = "FIFO_SRL">   --->   Core 80 'FIFO_SRL' <Latency = 0> <II = 1> <Delay = 1.83> <Storage> <Opcode : 'read' 'write' 'nbread' 'nbwrite'> <Ports = 0> <Width = 32> <Depth = 4> <FIFO>
ST_1 : Operation 50 [1/1] ( I:1.30ns O:1.30ns )   --->   "%sum_out_84 = read i32 @_ssdm_op_Read.ap_fifo.volatile.i32P0A, i32 %sum_out4_5_7" [./ComponentStream.h:223]   --->   Operation 50 'read' 'sum_out_84' <Predicate = true> <Delay = 1.30> <CoreInst = "FIFO_SRL">   --->   Core 80 'FIFO_SRL' <Latency = 0> <II = 1> <Delay = 1.83> <Storage> <Opcode : 'read' 'write' 'nbread' 'nbwrite'> <Ports = 0> <Width = 32> <Depth = 4> <FIFO>
ST_1 : Operation 51 [1/1] ( I:1.30ns O:1.30ns )   --->   "%p_060 = read i32 @_ssdm_op_Read.ap_fifo.volatile.i32P0A, i32 %sum_out4_6_0" [./ComponentStream.h:223]   --->   Operation 51 'read' 'p_060' <Predicate = true> <Delay = 1.30> <CoreInst = "FIFO_SRL">   --->   Core 80 'FIFO_SRL' <Latency = 0> <II = 1> <Delay = 1.83> <Storage> <Opcode : 'read' 'write' 'nbread' 'nbwrite'> <Ports = 0> <Width = 32> <Depth = 4> <FIFO>
ST_1 : Operation 52 [1/1] ( I:1.30ns O:1.30ns )   --->   "%sum_out_85 = read i32 @_ssdm_op_Read.ap_fifo.volatile.i32P0A, i32 %sum_out4_6_1" [./ComponentStream.h:223]   --->   Operation 52 'read' 'sum_out_85' <Predicate = true> <Delay = 1.30> <CoreInst = "FIFO_SRL">   --->   Core 80 'FIFO_SRL' <Latency = 0> <II = 1> <Delay = 1.83> <Storage> <Opcode : 'read' 'write' 'nbread' 'nbwrite'> <Ports = 0> <Width = 32> <Depth = 4> <FIFO>
ST_1 : Operation 53 [1/1] ( I:1.30ns O:1.30ns )   --->   "%sum_out_86 = read i32 @_ssdm_op_Read.ap_fifo.volatile.i32P0A, i32 %sum_out4_6_2" [./ComponentStream.h:223]   --->   Operation 53 'read' 'sum_out_86' <Predicate = true> <Delay = 1.30> <CoreInst = "FIFO_SRL">   --->   Core 80 'FIFO_SRL' <Latency = 0> <II = 1> <Delay = 1.83> <Storage> <Opcode : 'read' 'write' 'nbread' 'nbwrite'> <Ports = 0> <Width = 32> <Depth = 4> <FIFO>
ST_1 : Operation 54 [1/1] ( I:1.30ns O:1.30ns )   --->   "%sum_out_87 = read i32 @_ssdm_op_Read.ap_fifo.volatile.i32P0A, i32 %sum_out4_6_3" [./ComponentStream.h:223]   --->   Operation 54 'read' 'sum_out_87' <Predicate = true> <Delay = 1.30> <CoreInst = "FIFO_SRL">   --->   Core 80 'FIFO_SRL' <Latency = 0> <II = 1> <Delay = 1.83> <Storage> <Opcode : 'read' 'write' 'nbread' 'nbwrite'> <Ports = 0> <Width = 32> <Depth = 4> <FIFO>
ST_1 : Operation 55 [1/1] ( I:1.30ns O:1.30ns )   --->   "%p_064 = read i32 @_ssdm_op_Read.ap_fifo.volatile.i32P0A, i32 %sum_out4_6_4" [./ComponentStream.h:223]   --->   Operation 55 'read' 'p_064' <Predicate = true> <Delay = 1.30> <CoreInst = "FIFO_SRL">   --->   Core 80 'FIFO_SRL' <Latency = 0> <II = 1> <Delay = 1.83> <Storage> <Opcode : 'read' 'write' 'nbread' 'nbwrite'> <Ports = 0> <Width = 32> <Depth = 4> <FIFO>
ST_1 : Operation 56 [1/1] ( I:1.30ns O:1.30ns )   --->   "%sum_out_88 = read i32 @_ssdm_op_Read.ap_fifo.volatile.i32P0A, i32 %sum_out4_6_5" [./ComponentStream.h:223]   --->   Operation 56 'read' 'sum_out_88' <Predicate = true> <Delay = 1.30> <CoreInst = "FIFO_SRL">   --->   Core 80 'FIFO_SRL' <Latency = 0> <II = 1> <Delay = 1.83> <Storage> <Opcode : 'read' 'write' 'nbread' 'nbwrite'> <Ports = 0> <Width = 32> <Depth = 4> <FIFO>
ST_1 : Operation 57 [1/1] ( I:1.30ns O:1.30ns )   --->   "%sum_out_89 = read i32 @_ssdm_op_Read.ap_fifo.volatile.i32P0A, i32 %sum_out4_6_6" [./ComponentStream.h:223]   --->   Operation 57 'read' 'sum_out_89' <Predicate = true> <Delay = 1.30> <CoreInst = "FIFO_SRL">   --->   Core 80 'FIFO_SRL' <Latency = 0> <II = 1> <Delay = 1.83> <Storage> <Opcode : 'read' 'write' 'nbread' 'nbwrite'> <Ports = 0> <Width = 32> <Depth = 4> <FIFO>
ST_1 : Operation 58 [1/1] ( I:1.30ns O:1.30ns )   --->   "%sum_out_90 = read i32 @_ssdm_op_Read.ap_fifo.volatile.i32P0A, i32 %sum_out4_6_7" [./ComponentStream.h:223]   --->   Operation 58 'read' 'sum_out_90' <Predicate = true> <Delay = 1.30> <CoreInst = "FIFO_SRL">   --->   Core 80 'FIFO_SRL' <Latency = 0> <II = 1> <Delay = 1.83> <Storage> <Opcode : 'read' 'write' 'nbread' 'nbwrite'> <Ports = 0> <Width = 32> <Depth = 4> <FIFO>
ST_1 : Operation 59 [1/1] ( I:1.30ns O:1.30ns )   --->   "%p_068 = read i32 @_ssdm_op_Read.ap_fifo.volatile.i32P0A, i32 %sum_out4_7_0" [./ComponentStream.h:223]   --->   Operation 59 'read' 'p_068' <Predicate = true> <Delay = 1.30> <CoreInst = "FIFO_SRL">   --->   Core 80 'FIFO_SRL' <Latency = 0> <II = 1> <Delay = 1.83> <Storage> <Opcode : 'read' 'write' 'nbread' 'nbwrite'> <Ports = 0> <Width = 32> <Depth = 4> <FIFO>
ST_1 : Operation 60 [1/1] ( I:1.30ns O:1.30ns )   --->   "%p_069 = read i32 @_ssdm_op_Read.ap_fifo.volatile.i32P0A, i32 %sum_out4_7_1" [./ComponentStream.h:223]   --->   Operation 60 'read' 'p_069' <Predicate = true> <Delay = 1.30> <CoreInst = "FIFO_SRL">   --->   Core 80 'FIFO_SRL' <Latency = 0> <II = 1> <Delay = 1.83> <Storage> <Opcode : 'read' 'write' 'nbread' 'nbwrite'> <Ports = 0> <Width = 32> <Depth = 4> <FIFO>
ST_1 : Operation 61 [1/1] ( I:1.30ns O:1.30ns )   --->   "%sum_out_91 = read i32 @_ssdm_op_Read.ap_fifo.volatile.i32P0A, i32 %sum_out4_7_2" [./ComponentStream.h:223]   --->   Operation 61 'read' 'sum_out_91' <Predicate = true> <Delay = 1.30> <CoreInst = "FIFO_SRL">   --->   Core 80 'FIFO_SRL' <Latency = 0> <II = 1> <Delay = 1.83> <Storage> <Opcode : 'read' 'write' 'nbread' 'nbwrite'> <Ports = 0> <Width = 32> <Depth = 4> <FIFO>
ST_1 : Operation 62 [1/1] ( I:1.30ns O:1.30ns )   --->   "%sum_out_92 = read i32 @_ssdm_op_Read.ap_fifo.volatile.i32P0A, i32 %sum_out4_7_3" [./ComponentStream.h:223]   --->   Operation 62 'read' 'sum_out_92' <Predicate = true> <Delay = 1.30> <CoreInst = "FIFO_SRL">   --->   Core 80 'FIFO_SRL' <Latency = 0> <II = 1> <Delay = 1.83> <Storage> <Opcode : 'read' 'write' 'nbread' 'nbwrite'> <Ports = 0> <Width = 32> <Depth = 4> <FIFO>
ST_1 : Operation 63 [1/1] ( I:1.30ns O:1.30ns )   --->   "%p_072 = read i32 @_ssdm_op_Read.ap_fifo.volatile.i32P0A, i32 %sum_out4_7_4" [./ComponentStream.h:223]   --->   Operation 63 'read' 'p_072' <Predicate = true> <Delay = 1.30> <CoreInst = "FIFO_SRL">   --->   Core 80 'FIFO_SRL' <Latency = 0> <II = 1> <Delay = 1.83> <Storage> <Opcode : 'read' 'write' 'nbread' 'nbwrite'> <Ports = 0> <Width = 32> <Depth = 4> <FIFO>
ST_1 : Operation 64 [1/1] ( I:1.30ns O:1.30ns )   --->   "%p_073 = read i32 @_ssdm_op_Read.ap_fifo.volatile.i32P0A, i32 %sum_out4_7_5" [./ComponentStream.h:223]   --->   Operation 64 'read' 'p_073' <Predicate = true> <Delay = 1.30> <CoreInst = "FIFO_SRL">   --->   Core 80 'FIFO_SRL' <Latency = 0> <II = 1> <Delay = 1.83> <Storage> <Opcode : 'read' 'write' 'nbread' 'nbwrite'> <Ports = 0> <Width = 32> <Depth = 4> <FIFO>
ST_1 : Operation 65 [1/1] ( I:1.30ns O:1.30ns )   --->   "%sum_out_93 = read i32 @_ssdm_op_Read.ap_fifo.volatile.i32P0A, i32 %sum_out4_7_6" [./ComponentStream.h:223]   --->   Operation 65 'read' 'sum_out_93' <Predicate = true> <Delay = 1.30> <CoreInst = "FIFO_SRL">   --->   Core 80 'FIFO_SRL' <Latency = 0> <II = 1> <Delay = 1.83> <Storage> <Opcode : 'read' 'write' 'nbread' 'nbwrite'> <Ports = 0> <Width = 32> <Depth = 4> <FIFO>
ST_1 : Operation 66 [1/1] ( I:1.30ns O:1.30ns )   --->   "%sum_out_94 = read i32 @_ssdm_op_Read.ap_fifo.volatile.i32P0A, i32 %sum_out4_7_7" [./ComponentStream.h:223]   --->   Operation 66 'read' 'sum_out_94' <Predicate = true> <Delay = 1.30> <CoreInst = "FIFO_SRL">   --->   Core 80 'FIFO_SRL' <Latency = 0> <II = 1> <Delay = 1.83> <Storage> <Opcode : 'read' 'write' 'nbread' 'nbwrite'> <Ports = 0> <Width = 32> <Depth = 4> <FIFO>
ST_1 : Operation 67 [1/1] ( I:1.30ns O:1.30ns )   --->   "%p_076 = read i32 @_ssdm_op_Read.ap_fifo.volatile.i32P0A, i32 %sum_out4_8_0" [./ComponentStream.h:223]   --->   Operation 67 'read' 'p_076' <Predicate = true> <Delay = 1.30> <CoreInst = "FIFO_SRL">   --->   Core 80 'FIFO_SRL' <Latency = 0> <II = 1> <Delay = 1.83> <Storage> <Opcode : 'read' 'write' 'nbread' 'nbwrite'> <Ports = 0> <Width = 32> <Depth = 4> <FIFO>
ST_1 : Operation 68 [1/1] ( I:1.30ns O:1.30ns )   --->   "%p_077 = read i32 @_ssdm_op_Read.ap_fifo.volatile.i32P0A, i32 %sum_out4_8_1" [./ComponentStream.h:223]   --->   Operation 68 'read' 'p_077' <Predicate = true> <Delay = 1.30> <CoreInst = "FIFO_SRL">   --->   Core 80 'FIFO_SRL' <Latency = 0> <II = 1> <Delay = 1.83> <Storage> <Opcode : 'read' 'write' 'nbread' 'nbwrite'> <Ports = 0> <Width = 32> <Depth = 4> <FIFO>
ST_1 : Operation 69 [1/1] ( I:1.30ns O:1.30ns )   --->   "%p_078 = read i32 @_ssdm_op_Read.ap_fifo.volatile.i32P0A, i32 %sum_out4_8_2" [./ComponentStream.h:223]   --->   Operation 69 'read' 'p_078' <Predicate = true> <Delay = 1.30> <CoreInst = "FIFO_SRL">   --->   Core 80 'FIFO_SRL' <Latency = 0> <II = 1> <Delay = 1.83> <Storage> <Opcode : 'read' 'write' 'nbread' 'nbwrite'> <Ports = 0> <Width = 32> <Depth = 4> <FIFO>
ST_1 : Operation 70 [1/1] ( I:1.30ns O:1.30ns )   --->   "%sum_out_95 = read i32 @_ssdm_op_Read.ap_fifo.volatile.i32P0A, i32 %sum_out4_8_3" [./ComponentStream.h:223]   --->   Operation 70 'read' 'sum_out_95' <Predicate = true> <Delay = 1.30> <CoreInst = "FIFO_SRL">   --->   Core 80 'FIFO_SRL' <Latency = 0> <II = 1> <Delay = 1.83> <Storage> <Opcode : 'read' 'write' 'nbread' 'nbwrite'> <Ports = 0> <Width = 32> <Depth = 4> <FIFO>
ST_1 : Operation 71 [1/1] ( I:1.30ns O:1.30ns )   --->   "%p_080 = read i32 @_ssdm_op_Read.ap_fifo.volatile.i32P0A, i32 %sum_out4_8_4" [./ComponentStream.h:223]   --->   Operation 71 'read' 'p_080' <Predicate = true> <Delay = 1.30> <CoreInst = "FIFO_SRL">   --->   Core 80 'FIFO_SRL' <Latency = 0> <II = 1> <Delay = 1.83> <Storage> <Opcode : 'read' 'write' 'nbread' 'nbwrite'> <Ports = 0> <Width = 32> <Depth = 4> <FIFO>
ST_1 : Operation 72 [1/1] ( I:1.30ns O:1.30ns )   --->   "%p_081 = read i32 @_ssdm_op_Read.ap_fifo.volatile.i32P0A, i32 %sum_out4_8_5" [./ComponentStream.h:223]   --->   Operation 72 'read' 'p_081' <Predicate = true> <Delay = 1.30> <CoreInst = "FIFO_SRL">   --->   Core 80 'FIFO_SRL' <Latency = 0> <II = 1> <Delay = 1.83> <Storage> <Opcode : 'read' 'write' 'nbread' 'nbwrite'> <Ports = 0> <Width = 32> <Depth = 4> <FIFO>
ST_1 : Operation 73 [1/1] ( I:1.30ns O:1.30ns )   --->   "%p_082 = read i32 @_ssdm_op_Read.ap_fifo.volatile.i32P0A, i32 %sum_out4_8_6" [./ComponentStream.h:223]   --->   Operation 73 'read' 'p_082' <Predicate = true> <Delay = 1.30> <CoreInst = "FIFO_SRL">   --->   Core 80 'FIFO_SRL' <Latency = 0> <II = 1> <Delay = 1.83> <Storage> <Opcode : 'read' 'write' 'nbread' 'nbwrite'> <Ports = 0> <Width = 32> <Depth = 4> <FIFO>
ST_1 : Operation 74 [1/1] ( I:1.30ns O:1.30ns )   --->   "%sum_out_96 = read i32 @_ssdm_op_Read.ap_fifo.volatile.i32P0A, i32 %sum_out4_8_7" [./ComponentStream.h:223]   --->   Operation 74 'read' 'sum_out_96' <Predicate = true> <Delay = 1.30> <CoreInst = "FIFO_SRL">   --->   Core 80 'FIFO_SRL' <Latency = 0> <II = 1> <Delay = 1.83> <Storage> <Opcode : 'read' 'write' 'nbread' 'nbwrite'> <Ports = 0> <Width = 32> <Depth = 4> <FIFO>
ST_1 : Operation 75 [1/1] (1.01ns)   --->   "%add_ln231_1 = add i32 %sum_out_57, i32 %sum_out_64" [./ComponentStream.h:231]   --->   Operation 75 'add' 'add_ln231_1' <Predicate = true> <Delay = 1.01> <CoreInst = "Adder">   --->   Core 1 'Adder' <Latency = 0> <II = 1> <Delay = 1.01> <FuncUnit> <Opcode : 'add' 'sub'> <InPorts = 2> <OutPorts = 1>
ST_1 : Operation 76 [1/1] (1.01ns)   --->   "%add_ln231_4 = add i32 %sum_out_63, i32 %sum_out_72" [./ComponentStream.h:231]   --->   Operation 76 'add' 'add_ln231_4' <Predicate = true> <Delay = 1.01> <CoreInst = "Adder">   --->   Core 1 'Adder' <Latency = 0> <II = 1> <Delay = 1.01> <FuncUnit> <Opcode : 'add' 'sub'> <InPorts = 2> <OutPorts = 1>
ST_1 : Operation 77 [1/1] (1.01ns)   --->   "%add_ln231_7 = add i32 %sum_out_71, i32 %sum_out_80" [./ComponentStream.h:231]   --->   Operation 77 'add' 'add_ln231_7' <Predicate = true> <Delay = 1.01> <CoreInst = "Adder">   --->   Core 1 'Adder' <Latency = 0> <II = 1> <Delay = 1.01> <FuncUnit> <Opcode : 'add' 'sub'> <InPorts = 2> <OutPorts = 1>
ST_1 : Operation 78 [1/1] (1.01ns)   --->   "%add_ln231_10 = add i32 %sum_out_79, i32 %sum_out_87" [./ComponentStream.h:231]   --->   Operation 78 'add' 'add_ln231_10' <Predicate = true> <Delay = 1.01> <CoreInst = "Adder">   --->   Core 1 'Adder' <Latency = 0> <II = 1> <Delay = 1.01> <FuncUnit> <Opcode : 'add' 'sub'> <InPorts = 2> <OutPorts = 1>
ST_1 : Operation 79 [1/1] (1.01ns)   --->   "%add_ln231_13 = add i32 %sum_out_86, i32 %sum_out_92" [./ComponentStream.h:231]   --->   Operation 79 'add' 'add_ln231_13' <Predicate = true> <Delay = 1.01> <CoreInst = "Adder">   --->   Core 1 'Adder' <Latency = 0> <II = 1> <Delay = 1.01> <FuncUnit> <Opcode : 'add' 'sub'> <InPorts = 2> <OutPorts = 1>
ST_1 : Operation 80 [1/1] (1.01ns)   --->   "%add_ln231_16 = add i32 %sum_out_91, i32 %sum_out_95" [./ComponentStream.h:231]   --->   Operation 80 'add' 'add_ln231_16' <Predicate = true> <Delay = 1.01> <CoreInst = "Adder">   --->   Core 1 'Adder' <Latency = 0> <II = 1> <Delay = 1.01> <FuncUnit> <Opcode : 'add' 'sub'> <InPorts = 2> <OutPorts = 1>
ST_1 : Operation 81 [1/1] (1.01ns)   --->   "%add_ln231_19 = add i32 %sum_out_60, i32 %sum_out_68" [./ComponentStream.h:231]   --->   Operation 81 'add' 'add_ln231_19' <Predicate = true> <Delay = 1.01> <CoreInst = "Adder">   --->   Core 1 'Adder' <Latency = 0> <II = 1> <Delay = 1.01> <FuncUnit> <Opcode : 'add' 'sub'> <InPorts = 2> <OutPorts = 1>
ST_1 : Operation 82 [1/1] (1.01ns)   --->   "%add_ln231_22 = add i32 %sum_out_67, i32 %sum_out_76" [./ComponentStream.h:231]   --->   Operation 82 'add' 'add_ln231_22' <Predicate = true> <Delay = 1.01> <CoreInst = "Adder">   --->   Core 1 'Adder' <Latency = 0> <II = 1> <Delay = 1.01> <FuncUnit> <Opcode : 'add' 'sub'> <InPorts = 2> <OutPorts = 1>
ST_1 : Operation 83 [1/1] (1.01ns)   --->   "%add_ln231_25 = add i32 %sum_out_75, i32 %sum_out_84" [./ComponentStream.h:231]   --->   Operation 83 'add' 'add_ln231_25' <Predicate = true> <Delay = 1.01> <CoreInst = "Adder">   --->   Core 1 'Adder' <Latency = 0> <II = 1> <Delay = 1.01> <FuncUnit> <Opcode : 'add' 'sub'> <InPorts = 2> <OutPorts = 1>
ST_1 : Operation 84 [1/1] (1.01ns)   --->   "%add_ln231_28 = add i32 %sum_out_83, i32 %sum_out_90" [./ComponentStream.h:231]   --->   Operation 84 'add' 'add_ln231_28' <Predicate = true> <Delay = 1.01> <CoreInst = "Adder">   --->   Core 1 'Adder' <Latency = 0> <II = 1> <Delay = 1.01> <FuncUnit> <Opcode : 'add' 'sub'> <InPorts = 2> <OutPorts = 1>
ST_1 : Operation 85 [1/1] (1.01ns)   --->   "%add_ln231_31 = add i32 %sum_out_89, i32 %sum_out_94" [./ComponentStream.h:231]   --->   Operation 85 'add' 'add_ln231_31' <Predicate = true> <Delay = 1.01> <CoreInst = "Adder">   --->   Core 1 'Adder' <Latency = 0> <II = 1> <Delay = 1.01> <FuncUnit> <Opcode : 'add' 'sub'> <InPorts = 2> <OutPorts = 1>
ST_1 : Operation 86 [1/1] (1.01ns)   --->   "%add_ln231_34 = add i32 %sum_out_93, i32 %sum_out_96" [./ComponentStream.h:231]   --->   Operation 86 'add' 'add_ln231_34' <Predicate = true> <Delay = 1.01> <CoreInst = "Adder">   --->   Core 1 'Adder' <Latency = 0> <II = 1> <Delay = 1.01> <FuncUnit> <Opcode : 'add' 'sub'> <InPorts = 2> <OutPorts = 1>

State 2 <SV = 1> <Delay = 2.03>
ST_2 : Operation 87 [1/1] (0.00ns)   --->   "%specinterface_ln0 = specinterface void @_ssdm_op_SpecInterface, i32 %conv_out4_1_5, void @empty_2, i32 0, i32 0, void @empty_3, i32 0, i32 0, void @empty_3, void @empty_3, void @empty_3, i32 0, i32 0, i32 0, i32 0, void @empty_3, void @empty_3, i32 4294967295, i32 0, i32 0"   --->   Operation 87 'specinterface' 'specinterface_ln0' <Predicate = true> <Delay = 0.00>
ST_2 : Operation 88 [1/1] (0.00ns)   --->   "%specinterface_ln0 = specinterface void @_ssdm_op_SpecInterface, i32 %conv_out4_1_4, void @empty_2, i32 0, i32 0, void @empty_3, i32 0, i32 0, void @empty_3, void @empty_3, void @empty_3, i32 0, i32 0, i32 0, i32 0, void @empty_3, void @empty_3, i32 4294967295, i32 0, i32 0"   --->   Operation 88 'specinterface' 'specinterface_ln0' <Predicate = true> <Delay = 0.00>
ST_2 : Operation 89 [1/1] (0.00ns)   --->   "%specinterface_ln0 = specinterface void @_ssdm_op_SpecInterface, i32 %conv_out4_1_3, void @empty_2, i32 0, i32 0, void @empty_3, i32 0, i32 0, void @empty_3, void @empty_3, void @empty_3, i32 0, i32 0, i32 0, i32 0, void @empty_3, void @empty_3, i32 4294967295, i32 0, i32 0"   --->   Operation 89 'specinterface' 'specinterface_ln0' <Predicate = true> <Delay = 0.00>
ST_2 : Operation 90 [1/1] (0.00ns)   --->   "%specinterface_ln0 = specinterface void @_ssdm_op_SpecInterface, i32 %conv_out4_1_2, void @empty_2, i32 0, i32 0, void @empty_3, i32 0, i32 0, void @empty_3, void @empty_3, void @empty_3, i32 0, i32 0, i32 0, i32 0, void @empty_3, void @empty_3, i32 4294967295, i32 0, i32 0"   --->   Operation 90 'specinterface' 'specinterface_ln0' <Predicate = true> <Delay = 0.00>
ST_2 : Operation 91 [1/1] (0.00ns)   --->   "%specinterface_ln0 = specinterface void @_ssdm_op_SpecInterface, i32 %conv_out4_1_1, void @empty_2, i32 0, i32 0, void @empty_3, i32 0, i32 0, void @empty_3, void @empty_3, void @empty_3, i32 0, i32 0, i32 0, i32 0, void @empty_3, void @empty_3, i32 4294967295, i32 0, i32 0"   --->   Operation 91 'specinterface' 'specinterface_ln0' <Predicate = true> <Delay = 0.00>
ST_2 : Operation 92 [1/1] (0.00ns)   --->   "%specinterface_ln0 = specinterface void @_ssdm_op_SpecInterface, i32 %conv_out4_1_0, void @empty_2, i32 0, i32 0, void @empty_3, i32 0, i32 0, void @empty_3, void @empty_3, void @empty_3, i32 0, i32 0, i32 0, i32 0, void @empty_3, void @empty_3, i32 4294967295, i32 0, i32 0"   --->   Operation 92 'specinterface' 'specinterface_ln0' <Predicate = true> <Delay = 0.00>
ST_2 : Operation 93 [1/1] (0.00ns)   --->   "%specinterface_ln0 = specinterface void @_ssdm_op_SpecInterface, i32 %conv_out4_0_5, void @empty_2, i32 0, i32 0, void @empty_3, i32 0, i32 0, void @empty_3, void @empty_3, void @empty_3, i32 0, i32 0, i32 0, i32 0, void @empty_3, void @empty_3, i32 4294967295, i32 0, i32 0"   --->   Operation 93 'specinterface' 'specinterface_ln0' <Predicate = true> <Delay = 0.00>
ST_2 : Operation 94 [1/1] (0.00ns)   --->   "%specinterface_ln0 = specinterface void @_ssdm_op_SpecInterface, i32 %conv_out4_0_4, void @empty_2, i32 0, i32 0, void @empty_3, i32 0, i32 0, void @empty_3, void @empty_3, void @empty_3, i32 0, i32 0, i32 0, i32 0, void @empty_3, void @empty_3, i32 4294967295, i32 0, i32 0"   --->   Operation 94 'specinterface' 'specinterface_ln0' <Predicate = true> <Delay = 0.00>
ST_2 : Operation 95 [1/1] (0.00ns)   --->   "%specinterface_ln0 = specinterface void @_ssdm_op_SpecInterface, i32 %conv_out4_0_3, void @empty_2, i32 0, i32 0, void @empty_3, i32 0, i32 0, void @empty_3, void @empty_3, void @empty_3, i32 0, i32 0, i32 0, i32 0, void @empty_3, void @empty_3, i32 4294967295, i32 0, i32 0"   --->   Operation 95 'specinterface' 'specinterface_ln0' <Predicate = true> <Delay = 0.00>
ST_2 : Operation 96 [1/1] (0.00ns)   --->   "%specinterface_ln0 = specinterface void @_ssdm_op_SpecInterface, i32 %conv_out4_0_2, void @empty_2, i32 0, i32 0, void @empty_3, i32 0, i32 0, void @empty_3, void @empty_3, void @empty_3, i32 0, i32 0, i32 0, i32 0, void @empty_3, void @empty_3, i32 4294967295, i32 0, i32 0"   --->   Operation 96 'specinterface' 'specinterface_ln0' <Predicate = true> <Delay = 0.00>
ST_2 : Operation 97 [1/1] (0.00ns)   --->   "%specinterface_ln0 = specinterface void @_ssdm_op_SpecInterface, i32 %conv_out4_0_1, void @empty_2, i32 0, i32 0, void @empty_3, i32 0, i32 0, void @empty_3, void @empty_3, void @empty_3, i32 0, i32 0, i32 0, i32 0, void @empty_3, void @empty_3, i32 4294967295, i32 0, i32 0"   --->   Operation 97 'specinterface' 'specinterface_ln0' <Predicate = true> <Delay = 0.00>
ST_2 : Operation 98 [1/1] (0.00ns)   --->   "%specinterface_ln0 = specinterface void @_ssdm_op_SpecInterface, i32 %conv_out4_0_0, void @empty_2, i32 0, i32 0, void @empty_3, i32 0, i32 0, void @empty_3, void @empty_3, void @empty_3, i32 0, i32 0, i32 0, i32 0, void @empty_3, void @empty_3, i32 4294967295, i32 0, i32 0"   --->   Operation 98 'specinterface' 'specinterface_ln0' <Predicate = true> <Delay = 0.00>
ST_2 : Operation 99 [1/1] (0.00ns)   --->   "%specinterface_ln0 = specinterface void @_ssdm_op_SpecInterface, i32 %sum_out4_8_7, void @empty_2, i32 0, i32 0, void @empty_3, i32 0, i32 0, void @empty_3, void @empty_3, void @empty_3, i32 0, i32 0, i32 0, i32 0, void @empty_3, void @empty_3, i32 4294967295, i32 0, i32 0"   --->   Operation 99 'specinterface' 'specinterface_ln0' <Predicate = true> <Delay = 0.00>
ST_2 : Operation 100 [1/1] (0.00ns)   --->   "%specinterface_ln0 = specinterface void @_ssdm_op_SpecInterface, i32 %sum_out4_8_6, void @empty_2, i32 0, i32 0, void @empty_3, i32 0, i32 0, void @empty_3, void @empty_3, void @empty_3, i32 0, i32 0, i32 0, i32 0, void @empty_3, void @empty_3, i32 4294967295, i32 0, i32 0"   --->   Operation 100 'specinterface' 'specinterface_ln0' <Predicate = true> <Delay = 0.00>
ST_2 : Operation 101 [1/1] (0.00ns)   --->   "%specinterface_ln0 = specinterface void @_ssdm_op_SpecInterface, i32 %sum_out4_8_5, void @empty_2, i32 0, i32 0, void @empty_3, i32 0, i32 0, void @empty_3, void @empty_3, void @empty_3, i32 0, i32 0, i32 0, i32 0, void @empty_3, void @empty_3, i32 4294967295, i32 0, i32 0"   --->   Operation 101 'specinterface' 'specinterface_ln0' <Predicate = true> <Delay = 0.00>
ST_2 : Operation 102 [1/1] (0.00ns)   --->   "%specinterface_ln0 = specinterface void @_ssdm_op_SpecInterface, i32 %sum_out4_8_4, void @empty_2, i32 0, i32 0, void @empty_3, i32 0, i32 0, void @empty_3, void @empty_3, void @empty_3, i32 0, i32 0, i32 0, i32 0, void @empty_3, void @empty_3, i32 4294967295, i32 0, i32 0"   --->   Operation 102 'specinterface' 'specinterface_ln0' <Predicate = true> <Delay = 0.00>
ST_2 : Operation 103 [1/1] (0.00ns)   --->   "%specinterface_ln0 = specinterface void @_ssdm_op_SpecInterface, i32 %sum_out4_8_3, void @empty_2, i32 0, i32 0, void @empty_3, i32 0, i32 0, void @empty_3, void @empty_3, void @empty_3, i32 0, i32 0, i32 0, i32 0, void @empty_3, void @empty_3, i32 4294967295, i32 0, i32 0"   --->   Operation 103 'specinterface' 'specinterface_ln0' <Predicate = true> <Delay = 0.00>
ST_2 : Operation 104 [1/1] (0.00ns)   --->   "%specinterface_ln0 = specinterface void @_ssdm_op_SpecInterface, i32 %sum_out4_8_2, void @empty_2, i32 0, i32 0, void @empty_3, i32 0, i32 0, void @empty_3, void @empty_3, void @empty_3, i32 0, i32 0, i32 0, i32 0, void @empty_3, void @empty_3, i32 4294967295, i32 0, i32 0"   --->   Operation 104 'specinterface' 'specinterface_ln0' <Predicate = true> <Delay = 0.00>
ST_2 : Operation 105 [1/1] (0.00ns)   --->   "%specinterface_ln0 = specinterface void @_ssdm_op_SpecInterface, i32 %sum_out4_8_1, void @empty_2, i32 0, i32 0, void @empty_3, i32 0, i32 0, void @empty_3, void @empty_3, void @empty_3, i32 0, i32 0, i32 0, i32 0, void @empty_3, void @empty_3, i32 4294967295, i32 0, i32 0"   --->   Operation 105 'specinterface' 'specinterface_ln0' <Predicate = true> <Delay = 0.00>
ST_2 : Operation 106 [1/1] (0.00ns)   --->   "%specinterface_ln0 = specinterface void @_ssdm_op_SpecInterface, i32 %sum_out4_8_0, void @empty_2, i32 0, i32 0, void @empty_3, i32 0, i32 0, void @empty_3, void @empty_3, void @empty_3, i32 0, i32 0, i32 0, i32 0, void @empty_3, void @empty_3, i32 4294967295, i32 0, i32 0"   --->   Operation 106 'specinterface' 'specinterface_ln0' <Predicate = true> <Delay = 0.00>
ST_2 : Operation 107 [1/1] (0.00ns)   --->   "%specinterface_ln0 = specinterface void @_ssdm_op_SpecInterface, i32 %sum_out4_7_7, void @empty_2, i32 0, i32 0, void @empty_3, i32 0, i32 0, void @empty_3, void @empty_3, void @empty_3, i32 0, i32 0, i32 0, i32 0, void @empty_3, void @empty_3, i32 4294967295, i32 0, i32 0"   --->   Operation 107 'specinterface' 'specinterface_ln0' <Predicate = true> <Delay = 0.00>
ST_2 : Operation 108 [1/1] (0.00ns)   --->   "%specinterface_ln0 = specinterface void @_ssdm_op_SpecInterface, i32 %sum_out4_7_6, void @empty_2, i32 0, i32 0, void @empty_3, i32 0, i32 0, void @empty_3, void @empty_3, void @empty_3, i32 0, i32 0, i32 0, i32 0, void @empty_3, void @empty_3, i32 4294967295, i32 0, i32 0"   --->   Operation 108 'specinterface' 'specinterface_ln0' <Predicate = true> <Delay = 0.00>
ST_2 : Operation 109 [1/1] (0.00ns)   --->   "%specinterface_ln0 = specinterface void @_ssdm_op_SpecInterface, i32 %sum_out4_7_5, void @empty_2, i32 0, i32 0, void @empty_3, i32 0, i32 0, void @empty_3, void @empty_3, void @empty_3, i32 0, i32 0, i32 0, i32 0, void @empty_3, void @empty_3, i32 4294967295, i32 0, i32 0"   --->   Operation 109 'specinterface' 'specinterface_ln0' <Predicate = true> <Delay = 0.00>
ST_2 : Operation 110 [1/1] (0.00ns)   --->   "%specinterface_ln0 = specinterface void @_ssdm_op_SpecInterface, i32 %sum_out4_7_4, void @empty_2, i32 0, i32 0, void @empty_3, i32 0, i32 0, void @empty_3, void @empty_3, void @empty_3, i32 0, i32 0, i32 0, i32 0, void @empty_3, void @empty_3, i32 4294967295, i32 0, i32 0"   --->   Operation 110 'specinterface' 'specinterface_ln0' <Predicate = true> <Delay = 0.00>
ST_2 : Operation 111 [1/1] (0.00ns)   --->   "%specinterface_ln0 = specinterface void @_ssdm_op_SpecInterface, i32 %sum_out4_7_3, void @empty_2, i32 0, i32 0, void @empty_3, i32 0, i32 0, void @empty_3, void @empty_3, void @empty_3, i32 0, i32 0, i32 0, i32 0, void @empty_3, void @empty_3, i32 4294967295, i32 0, i32 0"   --->   Operation 111 'specinterface' 'specinterface_ln0' <Predicate = true> <Delay = 0.00>
ST_2 : Operation 112 [1/1] (0.00ns)   --->   "%specinterface_ln0 = specinterface void @_ssdm_op_SpecInterface, i32 %sum_out4_7_2, void @empty_2, i32 0, i32 0, void @empty_3, i32 0, i32 0, void @empty_3, void @empty_3, void @empty_3, i32 0, i32 0, i32 0, i32 0, void @empty_3, void @empty_3, i32 4294967295, i32 0, i32 0"   --->   Operation 112 'specinterface' 'specinterface_ln0' <Predicate = true> <Delay = 0.00>
ST_2 : Operation 113 [1/1] (0.00ns)   --->   "%specinterface_ln0 = specinterface void @_ssdm_op_SpecInterface, i32 %sum_out4_7_1, void @empty_2, i32 0, i32 0, void @empty_3, i32 0, i32 0, void @empty_3, void @empty_3, void @empty_3, i32 0, i32 0, i32 0, i32 0, void @empty_3, void @empty_3, i32 4294967295, i32 0, i32 0"   --->   Operation 113 'specinterface' 'specinterface_ln0' <Predicate = true> <Delay = 0.00>
ST_2 : Operation 114 [1/1] (0.00ns)   --->   "%specinterface_ln0 = specinterface void @_ssdm_op_SpecInterface, i32 %sum_out4_7_0, void @empty_2, i32 0, i32 0, void @empty_3, i32 0, i32 0, void @empty_3, void @empty_3, void @empty_3, i32 0, i32 0, i32 0, i32 0, void @empty_3, void @empty_3, i32 4294967295, i32 0, i32 0"   --->   Operation 114 'specinterface' 'specinterface_ln0' <Predicate = true> <Delay = 0.00>
ST_2 : Operation 115 [1/1] (0.00ns)   --->   "%specinterface_ln0 = specinterface void @_ssdm_op_SpecInterface, i32 %sum_out4_6_7, void @empty_2, i32 0, i32 0, void @empty_3, i32 0, i32 0, void @empty_3, void @empty_3, void @empty_3, i32 0, i32 0, i32 0, i32 0, void @empty_3, void @empty_3, i32 4294967295, i32 0, i32 0"   --->   Operation 115 'specinterface' 'specinterface_ln0' <Predicate = true> <Delay = 0.00>
ST_2 : Operation 116 [1/1] (0.00ns)   --->   "%specinterface_ln0 = specinterface void @_ssdm_op_SpecInterface, i32 %sum_out4_6_6, void @empty_2, i32 0, i32 0, void @empty_3, i32 0, i32 0, void @empty_3, void @empty_3, void @empty_3, i32 0, i32 0, i32 0, i32 0, void @empty_3, void @empty_3, i32 4294967295, i32 0, i32 0"   --->   Operation 116 'specinterface' 'specinterface_ln0' <Predicate = true> <Delay = 0.00>
ST_2 : Operation 117 [1/1] (0.00ns)   --->   "%specinterface_ln0 = specinterface void @_ssdm_op_SpecInterface, i32 %sum_out4_6_5, void @empty_2, i32 0, i32 0, void @empty_3, i32 0, i32 0, void @empty_3, void @empty_3, void @empty_3, i32 0, i32 0, i32 0, i32 0, void @empty_3, void @empty_3, i32 4294967295, i32 0, i32 0"   --->   Operation 117 'specinterface' 'specinterface_ln0' <Predicate = true> <Delay = 0.00>
ST_2 : Operation 118 [1/1] (0.00ns)   --->   "%specinterface_ln0 = specinterface void @_ssdm_op_SpecInterface, i32 %sum_out4_6_4, void @empty_2, i32 0, i32 0, void @empty_3, i32 0, i32 0, void @empty_3, void @empty_3, void @empty_3, i32 0, i32 0, i32 0, i32 0, void @empty_3, void @empty_3, i32 4294967295, i32 0, i32 0"   --->   Operation 118 'specinterface' 'specinterface_ln0' <Predicate = true> <Delay = 0.00>
ST_2 : Operation 119 [1/1] (0.00ns)   --->   "%specinterface_ln0 = specinterface void @_ssdm_op_SpecInterface, i32 %sum_out4_6_3, void @empty_2, i32 0, i32 0, void @empty_3, i32 0, i32 0, void @empty_3, void @empty_3, void @empty_3, i32 0, i32 0, i32 0, i32 0, void @empty_3, void @empty_3, i32 4294967295, i32 0, i32 0"   --->   Operation 119 'specinterface' 'specinterface_ln0' <Predicate = true> <Delay = 0.00>
ST_2 : Operation 120 [1/1] (0.00ns)   --->   "%specinterface_ln0 = specinterface void @_ssdm_op_SpecInterface, i32 %sum_out4_6_2, void @empty_2, i32 0, i32 0, void @empty_3, i32 0, i32 0, void @empty_3, void @empty_3, void @empty_3, i32 0, i32 0, i32 0, i32 0, void @empty_3, void @empty_3, i32 4294967295, i32 0, i32 0"   --->   Operation 120 'specinterface' 'specinterface_ln0' <Predicate = true> <Delay = 0.00>
ST_2 : Operation 121 [1/1] (0.00ns)   --->   "%specinterface_ln0 = specinterface void @_ssdm_op_SpecInterface, i32 %sum_out4_6_1, void @empty_2, i32 0, i32 0, void @empty_3, i32 0, i32 0, void @empty_3, void @empty_3, void @empty_3, i32 0, i32 0, i32 0, i32 0, void @empty_3, void @empty_3, i32 4294967295, i32 0, i32 0"   --->   Operation 121 'specinterface' 'specinterface_ln0' <Predicate = true> <Delay = 0.00>
ST_2 : Operation 122 [1/1] (0.00ns)   --->   "%specinterface_ln0 = specinterface void @_ssdm_op_SpecInterface, i32 %sum_out4_6_0, void @empty_2, i32 0, i32 0, void @empty_3, i32 0, i32 0, void @empty_3, void @empty_3, void @empty_3, i32 0, i32 0, i32 0, i32 0, void @empty_3, void @empty_3, i32 4294967295, i32 0, i32 0"   --->   Operation 122 'specinterface' 'specinterface_ln0' <Predicate = true> <Delay = 0.00>
ST_2 : Operation 123 [1/1] (0.00ns)   --->   "%specinterface_ln0 = specinterface void @_ssdm_op_SpecInterface, i32 %sum_out4_5_7, void @empty_2, i32 0, i32 0, void @empty_3, i32 0, i32 0, void @empty_3, void @empty_3, void @empty_3, i32 0, i32 0, i32 0, i32 0, void @empty_3, void @empty_3, i32 4294967295, i32 0, i32 0"   --->   Operation 123 'specinterface' 'specinterface_ln0' <Predicate = true> <Delay = 0.00>
ST_2 : Operation 124 [1/1] (0.00ns)   --->   "%specinterface_ln0 = specinterface void @_ssdm_op_SpecInterface, i32 %sum_out4_5_6, void @empty_2, i32 0, i32 0, void @empty_3, i32 0, i32 0, void @empty_3, void @empty_3, void @empty_3, i32 0, i32 0, i32 0, i32 0, void @empty_3, void @empty_3, i32 4294967295, i32 0, i32 0"   --->   Operation 124 'specinterface' 'specinterface_ln0' <Predicate = true> <Delay = 0.00>
ST_2 : Operation 125 [1/1] (0.00ns)   --->   "%specinterface_ln0 = specinterface void @_ssdm_op_SpecInterface, i32 %sum_out4_5_5, void @empty_2, i32 0, i32 0, void @empty_3, i32 0, i32 0, void @empty_3, void @empty_3, void @empty_3, i32 0, i32 0, i32 0, i32 0, void @empty_3, void @empty_3, i32 4294967295, i32 0, i32 0"   --->   Operation 125 'specinterface' 'specinterface_ln0' <Predicate = true> <Delay = 0.00>
ST_2 : Operation 126 [1/1] (0.00ns)   --->   "%specinterface_ln0 = specinterface void @_ssdm_op_SpecInterface, i32 %sum_out4_5_4, void @empty_2, i32 0, i32 0, void @empty_3, i32 0, i32 0, void @empty_3, void @empty_3, void @empty_3, i32 0, i32 0, i32 0, i32 0, void @empty_3, void @empty_3, i32 4294967295, i32 0, i32 0"   --->   Operation 126 'specinterface' 'specinterface_ln0' <Predicate = true> <Delay = 0.00>
ST_2 : Operation 127 [1/1] (0.00ns)   --->   "%specinterface_ln0 = specinterface void @_ssdm_op_SpecInterface, i32 %sum_out4_5_3, void @empty_2, i32 0, i32 0, void @empty_3, i32 0, i32 0, void @empty_3, void @empty_3, void @empty_3, i32 0, i32 0, i32 0, i32 0, void @empty_3, void @empty_3, i32 4294967295, i32 0, i32 0"   --->   Operation 127 'specinterface' 'specinterface_ln0' <Predicate = true> <Delay = 0.00>
ST_2 : Operation 128 [1/1] (0.00ns)   --->   "%specinterface_ln0 = specinterface void @_ssdm_op_SpecInterface, i32 %sum_out4_5_2, void @empty_2, i32 0, i32 0, void @empty_3, i32 0, i32 0, void @empty_3, void @empty_3, void @empty_3, i32 0, i32 0, i32 0, i32 0, void @empty_3, void @empty_3, i32 4294967295, i32 0, i32 0"   --->   Operation 128 'specinterface' 'specinterface_ln0' <Predicate = true> <Delay = 0.00>
ST_2 : Operation 129 [1/1] (0.00ns)   --->   "%specinterface_ln0 = specinterface void @_ssdm_op_SpecInterface, i32 %sum_out4_5_1, void @empty_2, i32 0, i32 0, void @empty_3, i32 0, i32 0, void @empty_3, void @empty_3, void @empty_3, i32 0, i32 0, i32 0, i32 0, void @empty_3, void @empty_3, i32 4294967295, i32 0, i32 0"   --->   Operation 129 'specinterface' 'specinterface_ln0' <Predicate = true> <Delay = 0.00>
ST_2 : Operation 130 [1/1] (0.00ns)   --->   "%specinterface_ln0 = specinterface void @_ssdm_op_SpecInterface, i32 %sum_out4_5_0, void @empty_2, i32 0, i32 0, void @empty_3, i32 0, i32 0, void @empty_3, void @empty_3, void @empty_3, i32 0, i32 0, i32 0, i32 0, void @empty_3, void @empty_3, i32 4294967295, i32 0, i32 0"   --->   Operation 130 'specinterface' 'specinterface_ln0' <Predicate = true> <Delay = 0.00>
ST_2 : Operation 131 [1/1] (0.00ns)   --->   "%specinterface_ln0 = specinterface void @_ssdm_op_SpecInterface, i32 %sum_out4_4_7, void @empty_2, i32 0, i32 0, void @empty_3, i32 0, i32 0, void @empty_3, void @empty_3, void @empty_3, i32 0, i32 0, i32 0, i32 0, void @empty_3, void @empty_3, i32 4294967295, i32 0, i32 0"   --->   Operation 131 'specinterface' 'specinterface_ln0' <Predicate = true> <Delay = 0.00>
ST_2 : Operation 132 [1/1] (0.00ns)   --->   "%specinterface_ln0 = specinterface void @_ssdm_op_SpecInterface, i32 %sum_out4_4_6, void @empty_2, i32 0, i32 0, void @empty_3, i32 0, i32 0, void @empty_3, void @empty_3, void @empty_3, i32 0, i32 0, i32 0, i32 0, void @empty_3, void @empty_3, i32 4294967295, i32 0, i32 0"   --->   Operation 132 'specinterface' 'specinterface_ln0' <Predicate = true> <Delay = 0.00>
ST_2 : Operation 133 [1/1] (0.00ns)   --->   "%specinterface_ln0 = specinterface void @_ssdm_op_SpecInterface, i32 %sum_out4_4_5, void @empty_2, i32 0, i32 0, void @empty_3, i32 0, i32 0, void @empty_3, void @empty_3, void @empty_3, i32 0, i32 0, i32 0, i32 0, void @empty_3, void @empty_3, i32 4294967295, i32 0, i32 0"   --->   Operation 133 'specinterface' 'specinterface_ln0' <Predicate = true> <Delay = 0.00>
ST_2 : Operation 134 [1/1] (0.00ns)   --->   "%specinterface_ln0 = specinterface void @_ssdm_op_SpecInterface, i32 %sum_out4_4_4, void @empty_2, i32 0, i32 0, void @empty_3, i32 0, i32 0, void @empty_3, void @empty_3, void @empty_3, i32 0, i32 0, i32 0, i32 0, void @empty_3, void @empty_3, i32 4294967295, i32 0, i32 0"   --->   Operation 134 'specinterface' 'specinterface_ln0' <Predicate = true> <Delay = 0.00>
ST_2 : Operation 135 [1/1] (0.00ns)   --->   "%specinterface_ln0 = specinterface void @_ssdm_op_SpecInterface, i32 %sum_out4_4_3, void @empty_2, i32 0, i32 0, void @empty_3, i32 0, i32 0, void @empty_3, void @empty_3, void @empty_3, i32 0, i32 0, i32 0, i32 0, void @empty_3, void @empty_3, i32 4294967295, i32 0, i32 0"   --->   Operation 135 'specinterface' 'specinterface_ln0' <Predicate = true> <Delay = 0.00>
ST_2 : Operation 136 [1/1] (0.00ns)   --->   "%specinterface_ln0 = specinterface void @_ssdm_op_SpecInterface, i32 %sum_out4_4_2, void @empty_2, i32 0, i32 0, void @empty_3, i32 0, i32 0, void @empty_3, void @empty_3, void @empty_3, i32 0, i32 0, i32 0, i32 0, void @empty_3, void @empty_3, i32 4294967295, i32 0, i32 0"   --->   Operation 136 'specinterface' 'specinterface_ln0' <Predicate = true> <Delay = 0.00>
ST_2 : Operation 137 [1/1] (0.00ns)   --->   "%specinterface_ln0 = specinterface void @_ssdm_op_SpecInterface, i32 %sum_out4_4_1, void @empty_2, i32 0, i32 0, void @empty_3, i32 0, i32 0, void @empty_3, void @empty_3, void @empty_3, i32 0, i32 0, i32 0, i32 0, void @empty_3, void @empty_3, i32 4294967295, i32 0, i32 0"   --->   Operation 137 'specinterface' 'specinterface_ln0' <Predicate = true> <Delay = 0.00>
ST_2 : Operation 138 [1/1] (0.00ns)   --->   "%specinterface_ln0 = specinterface void @_ssdm_op_SpecInterface, i32 %sum_out4_4_0, void @empty_2, i32 0, i32 0, void @empty_3, i32 0, i32 0, void @empty_3, void @empty_3, void @empty_3, i32 0, i32 0, i32 0, i32 0, void @empty_3, void @empty_3, i32 4294967295, i32 0, i32 0"   --->   Operation 138 'specinterface' 'specinterface_ln0' <Predicate = true> <Delay = 0.00>
ST_2 : Operation 139 [1/1] (0.00ns)   --->   "%specinterface_ln0 = specinterface void @_ssdm_op_SpecInterface, i32 %sum_out4_3_7, void @empty_2, i32 0, i32 0, void @empty_3, i32 0, i32 0, void @empty_3, void @empty_3, void @empty_3, i32 0, i32 0, i32 0, i32 0, void @empty_3, void @empty_3, i32 4294967295, i32 0, i32 0"   --->   Operation 139 'specinterface' 'specinterface_ln0' <Predicate = true> <Delay = 0.00>
ST_2 : Operation 140 [1/1] (0.00ns)   --->   "%specinterface_ln0 = specinterface void @_ssdm_op_SpecInterface, i32 %sum_out4_3_6, void @empty_2, i32 0, i32 0, void @empty_3, i32 0, i32 0, void @empty_3, void @empty_3, void @empty_3, i32 0, i32 0, i32 0, i32 0, void @empty_3, void @empty_3, i32 4294967295, i32 0, i32 0"   --->   Operation 140 'specinterface' 'specinterface_ln0' <Predicate = true> <Delay = 0.00>
ST_2 : Operation 141 [1/1] (0.00ns)   --->   "%specinterface_ln0 = specinterface void @_ssdm_op_SpecInterface, i32 %sum_out4_3_5, void @empty_2, i32 0, i32 0, void @empty_3, i32 0, i32 0, void @empty_3, void @empty_3, void @empty_3, i32 0, i32 0, i32 0, i32 0, void @empty_3, void @empty_3, i32 4294967295, i32 0, i32 0"   --->   Operation 141 'specinterface' 'specinterface_ln0' <Predicate = true> <Delay = 0.00>
ST_2 : Operation 142 [1/1] (0.00ns)   --->   "%specinterface_ln0 = specinterface void @_ssdm_op_SpecInterface, i32 %sum_out4_3_4, void @empty_2, i32 0, i32 0, void @empty_3, i32 0, i32 0, void @empty_3, void @empty_3, void @empty_3, i32 0, i32 0, i32 0, i32 0, void @empty_3, void @empty_3, i32 4294967295, i32 0, i32 0"   --->   Operation 142 'specinterface' 'specinterface_ln0' <Predicate = true> <Delay = 0.00>
ST_2 : Operation 143 [1/1] (0.00ns)   --->   "%specinterface_ln0 = specinterface void @_ssdm_op_SpecInterface, i32 %sum_out4_3_3, void @empty_2, i32 0, i32 0, void @empty_3, i32 0, i32 0, void @empty_3, void @empty_3, void @empty_3, i32 0, i32 0, i32 0, i32 0, void @empty_3, void @empty_3, i32 4294967295, i32 0, i32 0"   --->   Operation 143 'specinterface' 'specinterface_ln0' <Predicate = true> <Delay = 0.00>
ST_2 : Operation 144 [1/1] (0.00ns)   --->   "%specinterface_ln0 = specinterface void @_ssdm_op_SpecInterface, i32 %sum_out4_3_2, void @empty_2, i32 0, i32 0, void @empty_3, i32 0, i32 0, void @empty_3, void @empty_3, void @empty_3, i32 0, i32 0, i32 0, i32 0, void @empty_3, void @empty_3, i32 4294967295, i32 0, i32 0"   --->   Operation 144 'specinterface' 'specinterface_ln0' <Predicate = true> <Delay = 0.00>
ST_2 : Operation 145 [1/1] (0.00ns)   --->   "%specinterface_ln0 = specinterface void @_ssdm_op_SpecInterface, i32 %sum_out4_3_1, void @empty_2, i32 0, i32 0, void @empty_3, i32 0, i32 0, void @empty_3, void @empty_3, void @empty_3, i32 0, i32 0, i32 0, i32 0, void @empty_3, void @empty_3, i32 4294967295, i32 0, i32 0"   --->   Operation 145 'specinterface' 'specinterface_ln0' <Predicate = true> <Delay = 0.00>
ST_2 : Operation 146 [1/1] (0.00ns)   --->   "%specinterface_ln0 = specinterface void @_ssdm_op_SpecInterface, i32 %sum_out4_3_0, void @empty_2, i32 0, i32 0, void @empty_3, i32 0, i32 0, void @empty_3, void @empty_3, void @empty_3, i32 0, i32 0, i32 0, i32 0, void @empty_3, void @empty_3, i32 4294967295, i32 0, i32 0"   --->   Operation 146 'specinterface' 'specinterface_ln0' <Predicate = true> <Delay = 0.00>
ST_2 : Operation 147 [1/1] (0.00ns)   --->   "%specinterface_ln0 = specinterface void @_ssdm_op_SpecInterface, i32 %sum_out4_2_7, void @empty_2, i32 0, i32 0, void @empty_3, i32 0, i32 0, void @empty_3, void @empty_3, void @empty_3, i32 0, i32 0, i32 0, i32 0, void @empty_3, void @empty_3, i32 4294967295, i32 0, i32 0"   --->   Operation 147 'specinterface' 'specinterface_ln0' <Predicate = true> <Delay = 0.00>
ST_2 : Operation 148 [1/1] (0.00ns)   --->   "%specinterface_ln0 = specinterface void @_ssdm_op_SpecInterface, i32 %sum_out4_2_6, void @empty_2, i32 0, i32 0, void @empty_3, i32 0, i32 0, void @empty_3, void @empty_3, void @empty_3, i32 0, i32 0, i32 0, i32 0, void @empty_3, void @empty_3, i32 4294967295, i32 0, i32 0"   --->   Operation 148 'specinterface' 'specinterface_ln0' <Predicate = true> <Delay = 0.00>
ST_2 : Operation 149 [1/1] (0.00ns)   --->   "%specinterface_ln0 = specinterface void @_ssdm_op_SpecInterface, i32 %sum_out4_2_5, void @empty_2, i32 0, i32 0, void @empty_3, i32 0, i32 0, void @empty_3, void @empty_3, void @empty_3, i32 0, i32 0, i32 0, i32 0, void @empty_3, void @empty_3, i32 4294967295, i32 0, i32 0"   --->   Operation 149 'specinterface' 'specinterface_ln0' <Predicate = true> <Delay = 0.00>
ST_2 : Operation 150 [1/1] (0.00ns)   --->   "%specinterface_ln0 = specinterface void @_ssdm_op_SpecInterface, i32 %sum_out4_2_4, void @empty_2, i32 0, i32 0, void @empty_3, i32 0, i32 0, void @empty_3, void @empty_3, void @empty_3, i32 0, i32 0, i32 0, i32 0, void @empty_3, void @empty_3, i32 4294967295, i32 0, i32 0"   --->   Operation 150 'specinterface' 'specinterface_ln0' <Predicate = true> <Delay = 0.00>
ST_2 : Operation 151 [1/1] (0.00ns)   --->   "%specinterface_ln0 = specinterface void @_ssdm_op_SpecInterface, i32 %sum_out4_2_3, void @empty_2, i32 0, i32 0, void @empty_3, i32 0, i32 0, void @empty_3, void @empty_3, void @empty_3, i32 0, i32 0, i32 0, i32 0, void @empty_3, void @empty_3, i32 4294967295, i32 0, i32 0"   --->   Operation 151 'specinterface' 'specinterface_ln0' <Predicate = true> <Delay = 0.00>
ST_2 : Operation 152 [1/1] (0.00ns)   --->   "%specinterface_ln0 = specinterface void @_ssdm_op_SpecInterface, i32 %sum_out4_2_2, void @empty_2, i32 0, i32 0, void @empty_3, i32 0, i32 0, void @empty_3, void @empty_3, void @empty_3, i32 0, i32 0, i32 0, i32 0, void @empty_3, void @empty_3, i32 4294967295, i32 0, i32 0"   --->   Operation 152 'specinterface' 'specinterface_ln0' <Predicate = true> <Delay = 0.00>
ST_2 : Operation 153 [1/1] (0.00ns)   --->   "%specinterface_ln0 = specinterface void @_ssdm_op_SpecInterface, i32 %sum_out4_2_1, void @empty_2, i32 0, i32 0, void @empty_3, i32 0, i32 0, void @empty_3, void @empty_3, void @empty_3, i32 0, i32 0, i32 0, i32 0, void @empty_3, void @empty_3, i32 4294967295, i32 0, i32 0"   --->   Operation 153 'specinterface' 'specinterface_ln0' <Predicate = true> <Delay = 0.00>
ST_2 : Operation 154 [1/1] (0.00ns)   --->   "%specinterface_ln0 = specinterface void @_ssdm_op_SpecInterface, i32 %sum_out4_2_0, void @empty_2, i32 0, i32 0, void @empty_3, i32 0, i32 0, void @empty_3, void @empty_3, void @empty_3, i32 0, i32 0, i32 0, i32 0, void @empty_3, void @empty_3, i32 4294967295, i32 0, i32 0"   --->   Operation 154 'specinterface' 'specinterface_ln0' <Predicate = true> <Delay = 0.00>
ST_2 : Operation 155 [1/1] (0.00ns)   --->   "%specinterface_ln0 = specinterface void @_ssdm_op_SpecInterface, i32 %sum_out4_1_7, void @empty_2, i32 0, i32 0, void @empty_3, i32 0, i32 0, void @empty_3, void @empty_3, void @empty_3, i32 0, i32 0, i32 0, i32 0, void @empty_3, void @empty_3, i32 4294967295, i32 0, i32 0"   --->   Operation 155 'specinterface' 'specinterface_ln0' <Predicate = true> <Delay = 0.00>
ST_2 : Operation 156 [1/1] (0.00ns)   --->   "%specinterface_ln0 = specinterface void @_ssdm_op_SpecInterface, i32 %sum_out4_1_6, void @empty_2, i32 0, i32 0, void @empty_3, i32 0, i32 0, void @empty_3, void @empty_3, void @empty_3, i32 0, i32 0, i32 0, i32 0, void @empty_3, void @empty_3, i32 4294967295, i32 0, i32 0"   --->   Operation 156 'specinterface' 'specinterface_ln0' <Predicate = true> <Delay = 0.00>
ST_2 : Operation 157 [1/1] (0.00ns)   --->   "%specinterface_ln0 = specinterface void @_ssdm_op_SpecInterface, i32 %sum_out4_1_5, void @empty_2, i32 0, i32 0, void @empty_3, i32 0, i32 0, void @empty_3, void @empty_3, void @empty_3, i32 0, i32 0, i32 0, i32 0, void @empty_3, void @empty_3, i32 4294967295, i32 0, i32 0"   --->   Operation 157 'specinterface' 'specinterface_ln0' <Predicate = true> <Delay = 0.00>
ST_2 : Operation 158 [1/1] (0.00ns)   --->   "%specinterface_ln0 = specinterface void @_ssdm_op_SpecInterface, i32 %sum_out4_1_4, void @empty_2, i32 0, i32 0, void @empty_3, i32 0, i32 0, void @empty_3, void @empty_3, void @empty_3, i32 0, i32 0, i32 0, i32 0, void @empty_3, void @empty_3, i32 4294967295, i32 0, i32 0"   --->   Operation 158 'specinterface' 'specinterface_ln0' <Predicate = true> <Delay = 0.00>
ST_2 : Operation 159 [1/1] (0.00ns)   --->   "%specinterface_ln0 = specinterface void @_ssdm_op_SpecInterface, i32 %sum_out4_1_3, void @empty_2, i32 0, i32 0, void @empty_3, i32 0, i32 0, void @empty_3, void @empty_3, void @empty_3, i32 0, i32 0, i32 0, i32 0, void @empty_3, void @empty_3, i32 4294967295, i32 0, i32 0"   --->   Operation 159 'specinterface' 'specinterface_ln0' <Predicate = true> <Delay = 0.00>
ST_2 : Operation 160 [1/1] (0.00ns)   --->   "%specinterface_ln0 = specinterface void @_ssdm_op_SpecInterface, i32 %sum_out4_1_2, void @empty_2, i32 0, i32 0, void @empty_3, i32 0, i32 0, void @empty_3, void @empty_3, void @empty_3, i32 0, i32 0, i32 0, i32 0, void @empty_3, void @empty_3, i32 4294967295, i32 0, i32 0"   --->   Operation 160 'specinterface' 'specinterface_ln0' <Predicate = true> <Delay = 0.00>
ST_2 : Operation 161 [1/1] (0.00ns)   --->   "%specinterface_ln0 = specinterface void @_ssdm_op_SpecInterface, i32 %sum_out4_1_1, void @empty_2, i32 0, i32 0, void @empty_3, i32 0, i32 0, void @empty_3, void @empty_3, void @empty_3, i32 0, i32 0, i32 0, i32 0, void @empty_3, void @empty_3, i32 4294967295, i32 0, i32 0"   --->   Operation 161 'specinterface' 'specinterface_ln0' <Predicate = true> <Delay = 0.00>
ST_2 : Operation 162 [1/1] (0.00ns)   --->   "%specinterface_ln0 = specinterface void @_ssdm_op_SpecInterface, i32 %sum_out4_1_0, void @empty_2, i32 0, i32 0, void @empty_3, i32 0, i32 0, void @empty_3, void @empty_3, void @empty_3, i32 0, i32 0, i32 0, i32 0, void @empty_3, void @empty_3, i32 4294967295, i32 0, i32 0"   --->   Operation 162 'specinterface' 'specinterface_ln0' <Predicate = true> <Delay = 0.00>
ST_2 : Operation 163 [1/1] (0.00ns)   --->   "%specinterface_ln0 = specinterface void @_ssdm_op_SpecInterface, i32 %sum_out4_0_7, void @empty_2, i32 0, i32 0, void @empty_3, i32 0, i32 0, void @empty_3, void @empty_3, void @empty_3, i32 0, i32 0, i32 0, i32 0, void @empty_3, void @empty_3, i32 4294967295, i32 0, i32 0"   --->   Operation 163 'specinterface' 'specinterface_ln0' <Predicate = true> <Delay = 0.00>
ST_2 : Operation 164 [1/1] (0.00ns)   --->   "%specinterface_ln0 = specinterface void @_ssdm_op_SpecInterface, i32 %sum_out4_0_6, void @empty_2, i32 0, i32 0, void @empty_3, i32 0, i32 0, void @empty_3, void @empty_3, void @empty_3, i32 0, i32 0, i32 0, i32 0, void @empty_3, void @empty_3, i32 4294967295, i32 0, i32 0"   --->   Operation 164 'specinterface' 'specinterface_ln0' <Predicate = true> <Delay = 0.00>
ST_2 : Operation 165 [1/1] (0.00ns)   --->   "%specinterface_ln0 = specinterface void @_ssdm_op_SpecInterface, i32 %sum_out4_0_5, void @empty_2, i32 0, i32 0, void @empty_3, i32 0, i32 0, void @empty_3, void @empty_3, void @empty_3, i32 0, i32 0, i32 0, i32 0, void @empty_3, void @empty_3, i32 4294967295, i32 0, i32 0"   --->   Operation 165 'specinterface' 'specinterface_ln0' <Predicate = true> <Delay = 0.00>
ST_2 : Operation 166 [1/1] (0.00ns)   --->   "%specinterface_ln0 = specinterface void @_ssdm_op_SpecInterface, i32 %sum_out4_0_4, void @empty_2, i32 0, i32 0, void @empty_3, i32 0, i32 0, void @empty_3, void @empty_3, void @empty_3, i32 0, i32 0, i32 0, i32 0, void @empty_3, void @empty_3, i32 4294967295, i32 0, i32 0"   --->   Operation 166 'specinterface' 'specinterface_ln0' <Predicate = true> <Delay = 0.00>
ST_2 : Operation 167 [1/1] (0.00ns)   --->   "%specinterface_ln0 = specinterface void @_ssdm_op_SpecInterface, i32 %sum_out4_0_3, void @empty_2, i32 0, i32 0, void @empty_3, i32 0, i32 0, void @empty_3, void @empty_3, void @empty_3, i32 0, i32 0, i32 0, i32 0, void @empty_3, void @empty_3, i32 4294967295, i32 0, i32 0"   --->   Operation 167 'specinterface' 'specinterface_ln0' <Predicate = true> <Delay = 0.00>
ST_2 : Operation 168 [1/1] (0.00ns)   --->   "%specinterface_ln0 = specinterface void @_ssdm_op_SpecInterface, i32 %sum_out4_0_2, void @empty_2, i32 0, i32 0, void @empty_3, i32 0, i32 0, void @empty_3, void @empty_3, void @empty_3, i32 0, i32 0, i32 0, i32 0, void @empty_3, void @empty_3, i32 4294967295, i32 0, i32 0"   --->   Operation 168 'specinterface' 'specinterface_ln0' <Predicate = true> <Delay = 0.00>
ST_2 : Operation 169 [1/1] (0.00ns)   --->   "%specinterface_ln0 = specinterface void @_ssdm_op_SpecInterface, i32 %sum_out4_0_1, void @empty_2, i32 0, i32 0, void @empty_3, i32 0, i32 0, void @empty_3, void @empty_3, void @empty_3, i32 0, i32 0, i32 0, i32 0, void @empty_3, void @empty_3, i32 4294967295, i32 0, i32 0"   --->   Operation 169 'specinterface' 'specinterface_ln0' <Predicate = true> <Delay = 0.00>
ST_2 : Operation 170 [1/1] (0.00ns)   --->   "%specinterface_ln0 = specinterface void @_ssdm_op_SpecInterface, i32 %sum_out4_0_0, void @empty_2, i32 0, i32 0, void @empty_3, i32 0, i32 0, void @empty_3, void @empty_3, void @empty_3, i32 0, i32 0, i32 0, i32 0, void @empty_3, void @empty_3, i32 4294967295, i32 0, i32 0"   --->   Operation 170 'specinterface' 'specinterface_ln0' <Predicate = true> <Delay = 0.00>
ST_2 : Operation 171 [1/1] (0.00ns)   --->   "%specpipeline_ln218 = specpipeline void @_ssdm_op_SpecPipeline, i32 1, i32 0, i32 0, i32 0, void @empty_3" [./ComponentStream.h:218]   --->   Operation 171 'specpipeline' 'specpipeline_ln218' <Predicate = true> <Delay = 0.00>
ST_2 : Operation 172 [1/1] (0.00ns) (grouped into TernaryAdder)   --->   "%add_ln231 = add i32 %sum_out_52, i32 %sum_out" [./ComponentStream.h:231]   --->   Operation 172 'add' 'add_ln231' <Predicate = true> <Delay = 0.00> <CoreInst = "TAddSub">   --->   Core 10 'TAddSub' <Latency = 0> <II = 1> <Delay = 0.36> <IPBlock> <Opcode : '' 'add' 'sub'> <InPorts = 3> <OutPorts = 1> <Sync> <CReg>
ST_2 : Operation 173 [1/1] (0.73ns) (root node of TernaryAdder)   --->   "%add_ln231_2 = add i32 %add_ln231_1, i32 %add_ln231" [./ComponentStream.h:231]   --->   Operation 173 'add' 'add_ln231_2' <Predicate = true> <Delay = 0.73> <CoreInst = "TAddSub">   --->   Core 10 'TAddSub' <Latency = 0> <II = 1> <Delay = 0.36> <IPBlock> <Opcode : '' 'add' 'sub'> <InPorts = 3> <OutPorts = 1> <Sync> <CReg>
ST_2 : Operation 174 [1/1] ( I:1.30ns O:1.30ns )   --->   "%write_ln230 = write void @_ssdm_op_Write.ap_fifo.volatile.i32P0A, i32 %conv_out4_0_0, i32 %add_ln231_2" [./ComponentStream.h:230]   --->   Operation 174 'write' 'write_ln230' <Predicate = true> <Delay = 1.30> <CoreInst = "FIFO_SRL">   --->   Core 80 'FIFO_SRL' <Latency = 0> <II = 1> <Delay = 1.83> <Storage> <Opcode : 'read' 'write' 'nbread' 'nbwrite'> <Ports = 0> <Width = 32> <Depth = 4> <FIFO>
ST_2 : Operation 175 [1/1] (0.00ns) (grouped into TernaryAdder)   --->   "%add_ln231_3 = add i32 %sum_out_56, i32 %sum_out_51" [./ComponentStream.h:231]   --->   Operation 175 'add' 'add_ln231_3' <Predicate = true> <Delay = 0.00> <CoreInst = "TAddSub">   --->   Core 10 'TAddSub' <Latency = 0> <II = 1> <Delay = 0.36> <IPBlock> <Opcode : '' 'add' 'sub'> <InPorts = 3> <OutPorts = 1> <Sync> <CReg>
ST_2 : Operation 176 [1/1] (0.73ns) (root node of TernaryAdder)   --->   "%add_ln231_5 = add i32 %add_ln231_4, i32 %add_ln231_3" [./ComponentStream.h:231]   --->   Operation 176 'add' 'add_ln231_5' <Predicate = true> <Delay = 0.73> <CoreInst = "TAddSub">   --->   Core 10 'TAddSub' <Latency = 0> <II = 1> <Delay = 0.36> <IPBlock> <Opcode : '' 'add' 'sub'> <InPorts = 3> <OutPorts = 1> <Sync> <CReg>
ST_2 : Operation 177 [1/1] ( I:1.30ns O:1.30ns )   --->   "%write_ln230 = write void @_ssdm_op_Write.ap_fifo.volatile.i32P0A, i32 %conv_out4_0_1, i32 %add_ln231_5" [./ComponentStream.h:230]   --->   Operation 177 'write' 'write_ln230' <Predicate = true> <Delay = 1.30> <CoreInst = "FIFO_SRL">   --->   Core 80 'FIFO_SRL' <Latency = 0> <II = 1> <Delay = 1.83> <Storage> <Opcode : 'read' 'write' 'nbread' 'nbwrite'> <Ports = 0> <Width = 32> <Depth = 4> <FIFO>
ST_2 : Operation 178 [1/1] (0.00ns) (grouped into TernaryAdder)   --->   "%add_ln231_6 = add i32 %sum_out_62, i32 %sum_out_55" [./ComponentStream.h:231]   --->   Operation 178 'add' 'add_ln231_6' <Predicate = true> <Delay = 0.00> <CoreInst = "TAddSub">   --->   Core 10 'TAddSub' <Latency = 0> <II = 1> <Delay = 0.36> <IPBlock> <Opcode : '' 'add' 'sub'> <InPorts = 3> <OutPorts = 1> <Sync> <CReg>
ST_2 : Operation 179 [1/1] (0.73ns) (root node of TernaryAdder)   --->   "%add_ln231_8 = add i32 %add_ln231_7, i32 %add_ln231_6" [./ComponentStream.h:231]   --->   Operation 179 'add' 'add_ln231_8' <Predicate = true> <Delay = 0.73> <CoreInst = "TAddSub">   --->   Core 10 'TAddSub' <Latency = 0> <II = 1> <Delay = 0.36> <IPBlock> <Opcode : '' 'add' 'sub'> <InPorts = 3> <OutPorts = 1> <Sync> <CReg>
ST_2 : Operation 180 [1/1] ( I:1.30ns O:1.30ns )   --->   "%write_ln230 = write void @_ssdm_op_Write.ap_fifo.volatile.i32P0A, i32 %conv_out4_0_2, i32 %add_ln231_8" [./ComponentStream.h:230]   --->   Operation 180 'write' 'write_ln230' <Predicate = true> <Delay = 1.30> <CoreInst = "FIFO_SRL">   --->   Core 80 'FIFO_SRL' <Latency = 0> <II = 1> <Delay = 1.83> <Storage> <Opcode : 'read' 'write' 'nbread' 'nbwrite'> <Ports = 0> <Width = 32> <Depth = 4> <FIFO>
ST_2 : Operation 181 [1/1] (0.00ns) (grouped into TernaryAdder)   --->   "%add_ln231_9 = add i32 %sum_out_70, i32 %sum_out_61" [./ComponentStream.h:231]   --->   Operation 181 'add' 'add_ln231_9' <Predicate = true> <Delay = 0.00> <CoreInst = "TAddSub">   --->   Core 10 'TAddSub' <Latency = 0> <II = 1> <Delay = 0.36> <IPBlock> <Opcode : '' 'add' 'sub'> <InPorts = 3> <OutPorts = 1> <Sync> <CReg>
ST_2 : Operation 182 [1/1] (0.73ns) (root node of TernaryAdder)   --->   "%add_ln231_11 = add i32 %add_ln231_10, i32 %add_ln231_9" [./ComponentStream.h:231]   --->   Operation 182 'add' 'add_ln231_11' <Predicate = true> <Delay = 0.73> <CoreInst = "TAddSub">   --->   Core 10 'TAddSub' <Latency = 0> <II = 1> <Delay = 0.36> <IPBlock> <Opcode : '' 'add' 'sub'> <InPorts = 3> <OutPorts = 1> <Sync> <CReg>
ST_2 : Operation 183 [1/1] ( I:1.30ns O:1.30ns )   --->   "%write_ln230 = write void @_ssdm_op_Write.ap_fifo.volatile.i32P0A, i32 %conv_out4_0_3, i32 %add_ln231_11" [./ComponentStream.h:230]   --->   Operation 183 'write' 'write_ln230' <Predicate = true> <Delay = 1.30> <CoreInst = "FIFO_SRL">   --->   Core 80 'FIFO_SRL' <Latency = 0> <II = 1> <Delay = 1.83> <Storage> <Opcode : 'read' 'write' 'nbread' 'nbwrite'> <Ports = 0> <Width = 32> <Depth = 4> <FIFO>
ST_2 : Operation 184 [1/1] (0.00ns) (grouped into TernaryAdder)   --->   "%add_ln231_12 = add i32 %sum_out_78, i32 %sum_out_69" [./ComponentStream.h:231]   --->   Operation 184 'add' 'add_ln231_12' <Predicate = true> <Delay = 0.00> <CoreInst = "TAddSub">   --->   Core 10 'TAddSub' <Latency = 0> <II = 1> <Delay = 0.36> <IPBlock> <Opcode : '' 'add' 'sub'> <InPorts = 3> <OutPorts = 1> <Sync> <CReg>
ST_2 : Operation 185 [1/1] (0.73ns) (root node of TernaryAdder)   --->   "%add_ln231_14 = add i32 %add_ln231_13, i32 %add_ln231_12" [./ComponentStream.h:231]   --->   Operation 185 'add' 'add_ln231_14' <Predicate = true> <Delay = 0.73> <CoreInst = "TAddSub">   --->   Core 10 'TAddSub' <Latency = 0> <II = 1> <Delay = 0.36> <IPBlock> <Opcode : '' 'add' 'sub'> <InPorts = 3> <OutPorts = 1> <Sync> <CReg>
ST_2 : Operation 186 [1/1] ( I:1.30ns O:1.30ns )   --->   "%write_ln230 = write void @_ssdm_op_Write.ap_fifo.volatile.i32P0A, i32 %conv_out4_0_4, i32 %add_ln231_14" [./ComponentStream.h:230]   --->   Operation 186 'write' 'write_ln230' <Predicate = true> <Delay = 1.30> <CoreInst = "FIFO_SRL">   --->   Core 80 'FIFO_SRL' <Latency = 0> <II = 1> <Delay = 1.83> <Storage> <Opcode : 'read' 'write' 'nbread' 'nbwrite'> <Ports = 0> <Width = 32> <Depth = 4> <FIFO>
ST_2 : Operation 187 [1/1] (0.00ns) (grouped into TernaryAdder)   --->   "%add_ln231_15 = add i32 %sum_out_85, i32 %sum_out_77" [./ComponentStream.h:231]   --->   Operation 187 'add' 'add_ln231_15' <Predicate = true> <Delay = 0.00> <CoreInst = "TAddSub">   --->   Core 10 'TAddSub' <Latency = 0> <II = 1> <Delay = 0.36> <IPBlock> <Opcode : '' 'add' 'sub'> <InPorts = 3> <OutPorts = 1> <Sync> <CReg>
ST_2 : Operation 188 [1/1] (0.73ns) (root node of TernaryAdder)   --->   "%add_ln231_17 = add i32 %add_ln231_16, i32 %add_ln231_15" [./ComponentStream.h:231]   --->   Operation 188 'add' 'add_ln231_17' <Predicate = true> <Delay = 0.73> <CoreInst = "TAddSub">   --->   Core 10 'TAddSub' <Latency = 0> <II = 1> <Delay = 0.36> <IPBlock> <Opcode : '' 'add' 'sub'> <InPorts = 3> <OutPorts = 1> <Sync> <CReg>
ST_2 : Operation 189 [1/1] ( I:1.30ns O:1.30ns )   --->   "%write_ln230 = write void @_ssdm_op_Write.ap_fifo.volatile.i32P0A, i32 %conv_out4_0_5, i32 %add_ln231_17" [./ComponentStream.h:230]   --->   Operation 189 'write' 'write_ln230' <Predicate = true> <Delay = 1.30> <CoreInst = "FIFO_SRL">   --->   Core 80 'FIFO_SRL' <Latency = 0> <II = 1> <Delay = 1.83> <Storage> <Opcode : 'read' 'write' 'nbread' 'nbwrite'> <Ports = 0> <Width = 32> <Depth = 4> <FIFO>
ST_2 : Operation 190 [1/1] (0.00ns) (grouped into TernaryAdder)   --->   "%add_ln231_18 = add i32 %sum_out_54, i32 %sum_out_50" [./ComponentStream.h:231]   --->   Operation 190 'add' 'add_ln231_18' <Predicate = true> <Delay = 0.00> <CoreInst = "TAddSub">   --->   Core 10 'TAddSub' <Latency = 0> <II = 1> <Delay = 0.36> <IPBlock> <Opcode : '' 'add' 'sub'> <InPorts = 3> <OutPorts = 1> <Sync> <CReg>
ST_2 : Operation 191 [1/1] (0.73ns) (root node of TernaryAdder)   --->   "%add_ln231_20 = add i32 %add_ln231_19, i32 %add_ln231_18" [./ComponentStream.h:231]   --->   Operation 191 'add' 'add_ln231_20' <Predicate = true> <Delay = 0.73> <CoreInst = "TAddSub">   --->   Core 10 'TAddSub' <Latency = 0> <II = 1> <Delay = 0.36> <IPBlock> <Opcode : '' 'add' 'sub'> <InPorts = 3> <OutPorts = 1> <Sync> <CReg>
ST_2 : Operation 192 [1/1] ( I:1.30ns O:1.30ns )   --->   "%write_ln230 = write void @_ssdm_op_Write.ap_fifo.volatile.i32P0A, i32 %conv_out4_1_0, i32 %add_ln231_20" [./ComponentStream.h:230]   --->   Operation 192 'write' 'write_ln230' <Predicate = true> <Delay = 1.30> <CoreInst = "FIFO_SRL">   --->   Core 80 'FIFO_SRL' <Latency = 0> <II = 1> <Delay = 1.83> <Storage> <Opcode : 'read' 'write' 'nbread' 'nbwrite'> <Ports = 0> <Width = 32> <Depth = 4> <FIFO>
ST_2 : Operation 193 [1/1] (0.00ns) (grouped into TernaryAdder)   --->   "%add_ln231_21 = add i32 %sum_out_59, i32 %sum_out_53" [./ComponentStream.h:231]   --->   Operation 193 'add' 'add_ln231_21' <Predicate = true> <Delay = 0.00> <CoreInst = "TAddSub">   --->   Core 10 'TAddSub' <Latency = 0> <II = 1> <Delay = 0.36> <IPBlock> <Opcode : '' 'add' 'sub'> <InPorts = 3> <OutPorts = 1> <Sync> <CReg>
ST_2 : Operation 194 [1/1] (0.73ns) (root node of TernaryAdder)   --->   "%add_ln231_23 = add i32 %add_ln231_22, i32 %add_ln231_21" [./ComponentStream.h:231]   --->   Operation 194 'add' 'add_ln231_23' <Predicate = true> <Delay = 0.73> <CoreInst = "TAddSub">   --->   Core 10 'TAddSub' <Latency = 0> <II = 1> <Delay = 0.36> <IPBlock> <Opcode : '' 'add' 'sub'> <InPorts = 3> <OutPorts = 1> <Sync> <CReg>
ST_2 : Operation 195 [1/1] ( I:1.30ns O:1.30ns )   --->   "%write_ln230 = write void @_ssdm_op_Write.ap_fifo.volatile.i32P0A, i32 %conv_out4_1_1, i32 %add_ln231_23" [./ComponentStream.h:230]   --->   Operation 195 'write' 'write_ln230' <Predicate = true> <Delay = 1.30> <CoreInst = "FIFO_SRL">   --->   Core 80 'FIFO_SRL' <Latency = 0> <II = 1> <Delay = 1.83> <Storage> <Opcode : 'read' 'write' 'nbread' 'nbwrite'> <Ports = 0> <Width = 32> <Depth = 4> <FIFO>
ST_2 : Operation 196 [1/1] (0.00ns) (grouped into TernaryAdder)   --->   "%add_ln231_24 = add i32 %sum_out_66, i32 %sum_out_58" [./ComponentStream.h:231]   --->   Operation 196 'add' 'add_ln231_24' <Predicate = true> <Delay = 0.00> <CoreInst = "TAddSub">   --->   Core 10 'TAddSub' <Latency = 0> <II = 1> <Delay = 0.36> <IPBlock> <Opcode : '' 'add' 'sub'> <InPorts = 3> <OutPorts = 1> <Sync> <CReg>
ST_2 : Operation 197 [1/1] (0.73ns) (root node of TernaryAdder)   --->   "%add_ln231_26 = add i32 %add_ln231_25, i32 %add_ln231_24" [./ComponentStream.h:231]   --->   Operation 197 'add' 'add_ln231_26' <Predicate = true> <Delay = 0.73> <CoreInst = "TAddSub">   --->   Core 10 'TAddSub' <Latency = 0> <II = 1> <Delay = 0.36> <IPBlock> <Opcode : '' 'add' 'sub'> <InPorts = 3> <OutPorts = 1> <Sync> <CReg>
ST_2 : Operation 198 [1/1] ( I:1.30ns O:1.30ns )   --->   "%write_ln230 = write void @_ssdm_op_Write.ap_fifo.volatile.i32P0A, i32 %conv_out4_1_2, i32 %add_ln231_26" [./ComponentStream.h:230]   --->   Operation 198 'write' 'write_ln230' <Predicate = true> <Delay = 1.30> <CoreInst = "FIFO_SRL">   --->   Core 80 'FIFO_SRL' <Latency = 0> <II = 1> <Delay = 1.83> <Storage> <Opcode : 'read' 'write' 'nbread' 'nbwrite'> <Ports = 0> <Width = 32> <Depth = 4> <FIFO>
ST_2 : Operation 199 [1/1] (0.00ns) (grouped into TernaryAdder)   --->   "%add_ln231_27 = add i32 %sum_out_74, i32 %sum_out_65" [./ComponentStream.h:231]   --->   Operation 199 'add' 'add_ln231_27' <Predicate = true> <Delay = 0.00> <CoreInst = "TAddSub">   --->   Core 10 'TAddSub' <Latency = 0> <II = 1> <Delay = 0.36> <IPBlock> <Opcode : '' 'add' 'sub'> <InPorts = 3> <OutPorts = 1> <Sync> <CReg>
ST_2 : Operation 200 [1/1] (0.73ns) (root node of TernaryAdder)   --->   "%add_ln231_29 = add i32 %add_ln231_28, i32 %add_ln231_27" [./ComponentStream.h:231]   --->   Operation 200 'add' 'add_ln231_29' <Predicate = true> <Delay = 0.73> <CoreInst = "TAddSub">   --->   Core 10 'TAddSub' <Latency = 0> <II = 1> <Delay = 0.36> <IPBlock> <Opcode : '' 'add' 'sub'> <InPorts = 3> <OutPorts = 1> <Sync> <CReg>
ST_2 : Operation 201 [1/1] ( I:1.30ns O:1.30ns )   --->   "%write_ln230 = write void @_ssdm_op_Write.ap_fifo.volatile.i32P0A, i32 %conv_out4_1_3, i32 %add_ln231_29" [./ComponentStream.h:230]   --->   Operation 201 'write' 'write_ln230' <Predicate = true> <Delay = 1.30> <CoreInst = "FIFO_SRL">   --->   Core 80 'FIFO_SRL' <Latency = 0> <II = 1> <Delay = 1.83> <Storage> <Opcode : 'read' 'write' 'nbread' 'nbwrite'> <Ports = 0> <Width = 32> <Depth = 4> <FIFO>
ST_2 : Operation 202 [1/1] (0.00ns) (grouped into TernaryAdder)   --->   "%add_ln231_30 = add i32 %sum_out_82, i32 %sum_out_73" [./ComponentStream.h:231]   --->   Operation 202 'add' 'add_ln231_30' <Predicate = true> <Delay = 0.00> <CoreInst = "TAddSub">   --->   Core 10 'TAddSub' <Latency = 0> <II = 1> <Delay = 0.36> <IPBlock> <Opcode : '' 'add' 'sub'> <InPorts = 3> <OutPorts = 1> <Sync> <CReg>
ST_2 : Operation 203 [1/1] (0.73ns) (root node of TernaryAdder)   --->   "%add_ln231_32 = add i32 %add_ln231_31, i32 %add_ln231_30" [./ComponentStream.h:231]   --->   Operation 203 'add' 'add_ln231_32' <Predicate = true> <Delay = 0.73> <CoreInst = "TAddSub">   --->   Core 10 'TAddSub' <Latency = 0> <II = 1> <Delay = 0.36> <IPBlock> <Opcode : '' 'add' 'sub'> <InPorts = 3> <OutPorts = 1> <Sync> <CReg>
ST_2 : Operation 204 [1/1] ( I:1.30ns O:1.30ns )   --->   "%write_ln230 = write void @_ssdm_op_Write.ap_fifo.volatile.i32P0A, i32 %conv_out4_1_4, i32 %add_ln231_32" [./ComponentStream.h:230]   --->   Operation 204 'write' 'write_ln230' <Predicate = true> <Delay = 1.30> <CoreInst = "FIFO_SRL">   --->   Core 80 'FIFO_SRL' <Latency = 0> <II = 1> <Delay = 1.83> <Storage> <Opcode : 'read' 'write' 'nbread' 'nbwrite'> <Ports = 0> <Width = 32> <Depth = 4> <FIFO>
ST_2 : Operation 205 [1/1] (0.00ns) (grouped into TernaryAdder)   --->   "%add_ln231_33 = add i32 %sum_out_88, i32 %sum_out_81" [./ComponentStream.h:231]   --->   Operation 205 'add' 'add_ln231_33' <Predicate = true> <Delay = 0.00> <CoreInst = "TAddSub">   --->   Core 10 'TAddSub' <Latency = 0> <II = 1> <Delay = 0.36> <IPBlock> <Opcode : '' 'add' 'sub'> <InPorts = 3> <OutPorts = 1> <Sync> <CReg>
ST_2 : Operation 206 [1/1] (0.73ns) (root node of TernaryAdder)   --->   "%add_ln231_35 = add i32 %add_ln231_34, i32 %add_ln231_33" [./ComponentStream.h:231]   --->   Operation 206 'add' 'add_ln231_35' <Predicate = true> <Delay = 0.73> <CoreInst = "TAddSub">   --->   Core 10 'TAddSub' <Latency = 0> <II = 1> <Delay = 0.36> <IPBlock> <Opcode : '' 'add' 'sub'> <InPorts = 3> <OutPorts = 1> <Sync> <CReg>
ST_2 : Operation 207 [1/1] ( I:1.30ns O:1.30ns )   --->   "%write_ln230 = write void @_ssdm_op_Write.ap_fifo.volatile.i32P0A, i32 %conv_out4_1_5, i32 %add_ln231_35" [./ComponentStream.h:230]   --->   Operation 207 'write' 'write_ln230' <Predicate = true> <Delay = 1.30> <CoreInst = "FIFO_SRL">   --->   Core 80 'FIFO_SRL' <Latency = 0> <II = 1> <Delay = 1.83> <Storage> <Opcode : 'read' 'write' 'nbread' 'nbwrite'> <Ports = 0> <Width = 32> <Depth = 4> <FIFO>
ST_2 : Operation 208 [1/1] (0.00ns)   --->   "%ret_ln234 = ret" [./ComponentStream.h:234]   --->   Operation 208 'ret' 'ret_ln234' <Predicate = true> <Delay = 0.00>


============================================================
+ Verbose Summary: Timing violations
============================================================
Target clock period: 3.571ns, clock uncertainty: 0.964ns.

 <State 1>: 2.319ns
The critical path consists of the following:
	fifo read operation ('sum_out', ./ComponentStream.h:223) on port 'sum_out4_2_2' (./ComponentStream.h:223) [188]  (1.303 ns)
	'add' operation 32 bit ('add_ln231_1', ./ComponentStream.h:231) [243]  (1.016 ns)

 <State 2>: 2.034ns
The critical path consists of the following:
	'add' operation 32 bit ('add_ln231', ./ComponentStream.h:231) [242]  (0.000 ns)
	'add' operation 32 bit ('add_ln231_2', ./ComponentStream.h:231) [244]  (0.731 ns)
	fifo write operation ('write_ln230', ./ComponentStream.h:230) on port 'conv_out4_0_0' (./ComponentStream.h:230) [245]  (1.303 ns)


============================================================
+ Verbose Summary: Binding
============================================================
N/A
* FSMD analyzer results:
  - Output states:
 - Input state : 
  - Chain level:
	State 1
	State 2


============================================================
+ Verbose Summary: Datapath Resource usage 
============================================================
N/A
