
*** Running vivado
    with args -log xxv_ethernet_x0y4.vds -m64 -product Vivado -mode batch -messageDb vivado.pb -notrace -source xxv_ethernet_x0y4.tcl



****** Vivado v2024.2 (64-bit)
  **** SW Build 5239630 on Fri Nov 08 22:35:27 MST 2024
  **** IP Build 5239520 on Sun Nov 10 16:12:51 MST 2024
  **** SharedData Build 5239561 on Fri Nov 08 14:39:27 MST 2024
  **** Start of session at: Sun Dec  8 03:51:58 2024
    ** Copyright 1986-2022 Xilinx, Inc. All Rights Reserved.
    ** Copyright 2022-2024 Advanced Micro Devices, Inc. All Rights Reserved.

source xxv_ethernet_x0y4.tcl -notrace
INFO: [IP_Flow 19-6924] IPCACHE: Running cache check for IP inst: xxv_ethernet_x0y4
INFO: [IP_Flow 19-6922] IPCACHE: Exporting cached entry 5e142033155bb8e2 to dir: D:/sidejob/ethernet_NN/kitsum_1024B_xy_20231211/kits_prj.runs/xxv_ethernet_x0y4_synth_1
INFO: [IP_Flow 19-6928] IPCACHE: copied cached file d:/sidejob/ethernet_NN/kitsum_1024B_xy_20231211/kits_prj.cache/ip/2024.2/5/e/5e142033155bb8e2/xxv_ethernet_x0y4.dcp to D:/sidejob/ethernet_NN/kitsum_1024B_xy_20231211/kits_prj.runs/xxv_ethernet_x0y4_synth_1/xxv_ethernet_x0y4.dcp.
INFO: [IP_Flow 19-6928] IPCACHE: copied cached file d:/sidejob/ethernet_NN/kitsum_1024B_xy_20231211/kits_prj.cache/ip/2024.2/5/e/5e142033155bb8e2/xxv_ethernet_x0y4_sim_netlist.v to D:/sidejob/ethernet_NN/kitsum_1024B_xy_20231211/kits_prj.runs/xxv_ethernet_x0y4_synth_1/xxv_ethernet_x0y4_sim_netlist.v.
INFO: [IP_Flow 19-6928] IPCACHE: copied cached file d:/sidejob/ethernet_NN/kitsum_1024B_xy_20231211/kits_prj.cache/ip/2024.2/5/e/5e142033155bb8e2/xxv_ethernet_x0y4_sim_netlist.vhdl to D:/sidejob/ethernet_NN/kitsum_1024B_xy_20231211/kits_prj.runs/xxv_ethernet_x0y4_synth_1/xxv_ethernet_x0y4_sim_netlist.vhdl.
INFO: [IP_Flow 19-6928] IPCACHE: copied cached file d:/sidejob/ethernet_NN/kitsum_1024B_xy_20231211/kits_prj.cache/ip/2024.2/5/e/5e142033155bb8e2/xxv_ethernet_x0y4_stub.v to D:/sidejob/ethernet_NN/kitsum_1024B_xy_20231211/kits_prj.runs/xxv_ethernet_x0y4_synth_1/xxv_ethernet_x0y4_stub.v.
INFO: [IP_Flow 19-6928] IPCACHE: copied cached file d:/sidejob/ethernet_NN/kitsum_1024B_xy_20231211/kits_prj.cache/ip/2024.2/5/e/5e142033155bb8e2/xxv_ethernet_x0y4_stub.vhdl to D:/sidejob/ethernet_NN/kitsum_1024B_xy_20231211/kits_prj.runs/xxv_ethernet_x0y4_synth_1/xxv_ethernet_x0y4_stub.vhdl.
INFO: [IP_Flow 19-4838] Using cached IP synthesis design for IP xxv_ethernet_x0y4, cache-ID = 5e142033155bb8e2.
config_ip_cache: Time (s): cpu = 00:00:01 ; elapsed = 00:00:06 . Memory (MB): peak = 500.105 ; gain = 44.512
INFO: [Common 17-206] Exiting Vivado at Sun Dec  8 03:52:16 2024...
