
*** Running vivado
    with args -log ila_axis_64.vds -m64 -product Vivado -mode batch -messageDb vivado.pb -notrace -source ila_axis_64.tcl



****** Vivado v2024.2 (64-bit)
  **** SW Build 5239630 on Fri Nov 08 22:35:27 MST 2024
  **** IP Build 5239520 on Sun Nov 10 16:12:51 MST 2024
  **** SharedData Build 5239561 on Fri Nov 08 14:39:27 MST 2024
  **** Start of session at: Wed Dec  4 09:01:34 2024
    ** Copyright 1986-2022 Xilinx, Inc. All Rights Reserved.
    ** Copyright 2022-2024 Advanced Micro Devices, Inc. All Rights Reserved.

source ila_axis_64.tcl -notrace
INFO: [IP_Flow 19-6924] IPCACHE: Running cache check for IP inst: ila_axis_64
INFO: [IP_Flow 19-6922] IPCACHE: Exporting cached entry 5ee0ea93466c07d9 to dir: D:/sidejob/kitsum_1024B_xy_20231211/kits_prj.runs/ila_axis_64_synth_1
INFO: [IP_Flow 19-6928] IPCACHE: copied cached file d:/sidejob/kitsum_1024B_xy_20231211/kits_prj.cache/ip/2024.2/5/e/5ee0ea93466c07d9/ila_axis_64_1.dcp to D:/sidejob/kitsum_1024B_xy_20231211/kits_prj.runs/ila_axis_64_synth_1/ila_axis_64.dcp.
INFO: [IP_Flow 19-6928] IPCACHE: copied cached file d:/sidejob/kitsum_1024B_xy_20231211/kits_prj.cache/ip/2024.2/5/e/5ee0ea93466c07d9/ila_axis_64_1_sim_netlist.v to D:/sidejob/kitsum_1024B_xy_20231211/kits_prj.runs/ila_axis_64_synth_1/ila_axis_64_sim_netlist.v.
INFO: [IP_Flow 19-6928] IPCACHE: copied cached file d:/sidejob/kitsum_1024B_xy_20231211/kits_prj.cache/ip/2024.2/5/e/5ee0ea93466c07d9/ila_axis_64_1_sim_netlist.vhdl to D:/sidejob/kitsum_1024B_xy_20231211/kits_prj.runs/ila_axis_64_synth_1/ila_axis_64_sim_netlist.vhdl.
INFO: [IP_Flow 19-6928] IPCACHE: copied cached file d:/sidejob/kitsum_1024B_xy_20231211/kits_prj.cache/ip/2024.2/5/e/5ee0ea93466c07d9/ila_axis_64_1_stub.v to D:/sidejob/kitsum_1024B_xy_20231211/kits_prj.runs/ila_axis_64_synth_1/ila_axis_64_stub.v.
INFO: [IP_Flow 19-6928] IPCACHE: copied cached file d:/sidejob/kitsum_1024B_xy_20231211/kits_prj.cache/ip/2024.2/5/e/5ee0ea93466c07d9/ila_axis_64_1_stub.vhdl to D:/sidejob/kitsum_1024B_xy_20231211/kits_prj.runs/ila_axis_64_synth_1/ila_axis_64_stub.vhdl.
INFO: [IP_Flow 19-4838] Using cached IP synthesis design for IP ila_axis_64, cache-ID = 5ee0ea93466c07d9.
config_ip_cache: Time (s): cpu = 00:00:05 ; elapsed = 00:00:07 . Memory (MB): peak = 460.863 ; gain = 0.000
INFO: [Common 17-206] Exiting Vivado at Wed Dec  4 09:01:51 2024...
